WARNING: ignoring environment value of R_HOME
[[1]]
 [1] "GenomicRanges" "GenomeInfoDb"  "IRanges"       "S4Vectors"    
 [5] "BiocGenerics"  "parallel"      "stats4"        "stats"        
 [9] "graphics"      "grDevices"     "utils"         "datasets"     
[13] "methods"       "base"         

[[2]]
 [1] "GenomicRanges" "GenomeInfoDb"  "IRanges"       "S4Vectors"    
 [5] "BiocGenerics"  "parallel"      "stats4"        "stats"        
 [9] "graphics"      "grDevices"     "utils"         "datasets"     
[13] "methods"       "base"         

[[3]]
 [1] "GenomicRanges" "GenomeInfoDb"  "IRanges"       "S4Vectors"    
 [5] "BiocGenerics"  "parallel"      "stats4"        "stats"        
 [9] "graphics"      "grDevices"     "utils"         "datasets"     
[13] "methods"       "base"         

[[4]]
 [1] "GenomicRanges" "GenomeInfoDb"  "IRanges"       "S4Vectors"    
 [5] "BiocGenerics"  "parallel"      "stats4"        "stats"        
 [9] "graphics"      "grDevices"     "utils"         "datasets"     
[13] "methods"       "base"         

[[5]]
 [1] "GenomicRanges" "GenomeInfoDb"  "IRanges"       "S4Vectors"    
 [5] "BiocGenerics"  "parallel"      "stats4"        "stats"        
 [9] "graphics"      "grDevices"     "utils"         "datasets"     
[13] "methods"       "base"         

[[6]]
 [1] "GenomicRanges" "GenomeInfoDb"  "IRanges"       "S4Vectors"    
 [5] "BiocGenerics"  "parallel"      "stats4"        "stats"        
 [9] "graphics"      "grDevices"     "utils"         "datasets"     
[13] "methods"       "base"         

[[7]]
 [1] "GenomicRanges" "GenomeInfoDb"  "IRanges"       "S4Vectors"    
 [5] "BiocGenerics"  "parallel"      "stats4"        "stats"        
 [9] "graphics"      "grDevices"     "utils"         "datasets"     
[13] "methods"       "base"         

[[8]]
 [1] "GenomicRanges" "GenomeInfoDb"  "IRanges"       "S4Vectors"    
 [5] "BiocGenerics"  "parallel"      "stats4"        "stats"        
 [9] "graphics"      "grDevices"     "utils"         "datasets"     
[13] "methods"       "base"         

[[9]]
 [1] "GenomicRanges" "GenomeInfoDb"  "IRanges"       "S4Vectors"    
 [5] "BiocGenerics"  "parallel"      "stats4"        "stats"        
 [9] "graphics"      "grDevices"     "utils"         "datasets"     
[13] "methods"       "base"         

[[10]]
 [1] "GenomicRanges" "GenomeInfoDb"  "IRanges"       "S4Vectors"    
 [5] "BiocGenerics"  "parallel"      "stats4"        "stats"        
 [9] "graphics"      "grDevices"     "utils"         "datasets"     
[13] "methods"       "base"         

[[11]]
 [1] "GenomicRanges" "GenomeInfoDb"  "IRanges"       "S4Vectors"    
 [5] "BiocGenerics"  "parallel"      "stats4"        "stats"        
 [9] "graphics"      "grDevices"     "utils"         "datasets"     
[13] "methods"       "base"         

[[12]]
 [1] "GenomicRanges" "GenomeInfoDb"  "IRanges"       "S4Vectors"    
 [5] "BiocGenerics"  "parallel"      "stats4"        "stats"        
 [9] "graphics"      "grDevices"     "utils"         "datasets"     
[13] "methods"       "base"         

[[13]]
 [1] "GenomicRanges" "GenomeInfoDb"  "IRanges"       "S4Vectors"    
 [5] "BiocGenerics"  "parallel"      "stats4"        "stats"        
 [9] "graphics"      "grDevices"     "utils"         "datasets"     
[13] "methods"       "base"         

[[14]]
 [1] "GenomicRanges" "GenomeInfoDb"  "IRanges"       "S4Vectors"    
 [5] "BiocGenerics"  "parallel"      "stats4"        "stats"        
 [9] "graphics"      "grDevices"     "utils"         "datasets"     
[13] "methods"       "base"         

[[15]]
 [1] "GenomicRanges" "GenomeInfoDb"  "IRanges"       "S4Vectors"    
 [5] "BiocGenerics"  "parallel"      "stats4"        "stats"        
 [9] "graphics"      "grDevices"     "utils"         "datasets"     
[13] "methods"       "base"         

[[16]]
 [1] "GenomicRanges" "GenomeInfoDb"  "IRanges"       "S4Vectors"    
 [5] "BiocGenerics"  "parallel"      "stats4"        "stats"        
 [9] "graphics"      "grDevices"     "utils"         "datasets"     
[13] "methods"       "base"         

[[17]]
 [1] "GenomicRanges" "GenomeInfoDb"  "IRanges"       "S4Vectors"    
 [5] "BiocGenerics"  "parallel"      "stats4"        "stats"        
 [9] "graphics"      "grDevices"     "utils"         "datasets"     
[13] "methods"       "base"         

[[18]]
 [1] "GenomicRanges" "GenomeInfoDb"  "IRanges"       "S4Vectors"    
 [5] "BiocGenerics"  "parallel"      "stats4"        "stats"        
 [9] "graphics"      "grDevices"     "utils"         "datasets"     
[13] "methods"       "base"         

[[19]]
 [1] "GenomicRanges" "GenomeInfoDb"  "IRanges"       "S4Vectors"    
 [5] "BiocGenerics"  "parallel"      "stats4"        "stats"        
 [9] "graphics"      "grDevices"     "utils"         "datasets"     
[13] "methods"       "base"         

[[20]]
 [1] "GenomicRanges" "GenomeInfoDb"  "IRanges"       "S4Vectors"    
 [5] "BiocGenerics"  "parallel"      "stats4"        "stats"        
 [9] "graphics"      "grDevices"     "utils"         "datasets"     
[13] "methods"       "base"         

[[21]]
 [1] "GenomicRanges" "GenomeInfoDb"  "IRanges"       "S4Vectors"    
 [5] "BiocGenerics"  "parallel"      "stats4"        "stats"        
 [9] "graphics"      "grDevices"     "utils"         "datasets"     
[13] "methods"       "base"         

[[22]]
 [1] "GenomicRanges" "GenomeInfoDb"  "IRanges"       "S4Vectors"    
 [5] "BiocGenerics"  "parallel"      "stats4"        "stats"        
 [9] "graphics"      "grDevices"     "utils"         "datasets"     
[13] "methods"       "base"         

[[23]]
 [1] "GenomicRanges" "GenomeInfoDb"  "IRanges"       "S4Vectors"    
 [5] "BiocGenerics"  "parallel"      "stats4"        "stats"        
 [9] "graphics"      "grDevices"     "utils"         "datasets"     
[13] "methods"       "base"         

[[24]]
 [1] "GenomicRanges" "GenomeInfoDb"  "IRanges"       "S4Vectors"    
 [5] "BiocGenerics"  "parallel"      "stats4"        "stats"        
 [9] "graphics"      "grDevices"     "utils"         "datasets"     
[13] "methods"       "base"         

[[25]]
 [1] "GenomicRanges" "GenomeInfoDb"  "IRanges"       "S4Vectors"    
 [5] "BiocGenerics"  "parallel"      "stats4"        "stats"        
 [9] "graphics"      "grDevices"     "utils"         "datasets"     
[13] "methods"       "base"         

[[26]]
 [1] "GenomicRanges" "GenomeInfoDb"  "IRanges"       "S4Vectors"    
 [5] "BiocGenerics"  "parallel"      "stats4"        "stats"        
 [9] "graphics"      "grDevices"     "utils"         "datasets"     
[13] "methods"       "base"         

[[27]]
 [1] "GenomicRanges" "GenomeInfoDb"  "IRanges"       "S4Vectors"    
 [5] "BiocGenerics"  "parallel"      "stats4"        "stats"        
 [9] "graphics"      "grDevices"     "utils"         "datasets"     
[13] "methods"       "base"         

[[28]]
 [1] "GenomicRanges" "GenomeInfoDb"  "IRanges"       "S4Vectors"    
 [5] "BiocGenerics"  "parallel"      "stats4"        "stats"        
 [9] "graphics"      "grDevices"     "utils"         "datasets"     
[13] "methods"       "base"         

[[29]]
 [1] "GenomicRanges" "GenomeInfoDb"  "IRanges"       "S4Vectors"    
 [5] "BiocGenerics"  "parallel"      "stats4"        "stats"        
 [9] "graphics"      "grDevices"     "utils"         "datasets"     
[13] "methods"       "base"         

[[30]]
 [1] "GenomicRanges" "GenomeInfoDb"  "IRanges"       "S4Vectors"    
 [5] "BiocGenerics"  "parallel"      "stats4"        "stats"        
 [9] "graphics"      "grDevices"     "utils"         "datasets"     
[13] "methods"       "base"         

[[31]]
 [1] "GenomicRanges" "GenomeInfoDb"  "IRanges"       "S4Vectors"    
 [5] "BiocGenerics"  "parallel"      "stats4"        "stats"        
 [9] "graphics"      "grDevices"     "utils"         "datasets"     
[13] "methods"       "base"         

[[32]]
 [1] "GenomicRanges" "GenomeInfoDb"  "IRanges"       "S4Vectors"    
 [5] "BiocGenerics"  "parallel"      "stats4"        "stats"        
 [9] "graphics"      "grDevices"     "utils"         "datasets"     
[13] "methods"       "base"         

[[33]]
 [1] "GenomicRanges" "GenomeInfoDb"  "IRanges"       "S4Vectors"    
 [5] "BiocGenerics"  "parallel"      "stats4"        "stats"        
 [9] "graphics"      "grDevices"     "utils"         "datasets"     
[13] "methods"       "base"         

[[34]]
 [1] "GenomicRanges" "GenomeInfoDb"  "IRanges"       "S4Vectors"    
 [5] "BiocGenerics"  "parallel"      "stats4"        "stats"        
 [9] "graphics"      "grDevices"     "utils"         "datasets"     
[13] "methods"       "base"         

[[35]]
 [1] "GenomicRanges" "GenomeInfoDb"  "IRanges"       "S4Vectors"    
 [5] "BiocGenerics"  "parallel"      "stats4"        "stats"        
 [9] "graphics"      "grDevices"     "utils"         "datasets"     
[13] "methods"       "base"         

[[36]]
 [1] "GenomicRanges" "GenomeInfoDb"  "IRanges"       "S4Vectors"    
 [5] "BiocGenerics"  "parallel"      "stats4"        "stats"        
 [9] "graphics"      "grDevices"     "utils"         "datasets"     
[13] "methods"       "base"         

[[37]]
 [1] "GenomicRanges" "GenomeInfoDb"  "IRanges"       "S4Vectors"    
 [5] "BiocGenerics"  "parallel"      "stats4"        "stats"        
 [9] "graphics"      "grDevices"     "utils"         "datasets"     
[13] "methods"       "base"         

[[38]]
 [1] "GenomicRanges" "GenomeInfoDb"  "IRanges"       "S4Vectors"    
 [5] "BiocGenerics"  "parallel"      "stats4"        "stats"        
 [9] "graphics"      "grDevices"     "utils"         "datasets"     
[13] "methods"       "base"         

[[39]]
 [1] "GenomicRanges" "GenomeInfoDb"  "IRanges"       "S4Vectors"    
 [5] "BiocGenerics"  "parallel"      "stats4"        "stats"        
 [9] "graphics"      "grDevices"     "utils"         "datasets"     
[13] "methods"       "base"         

[[40]]
 [1] "GenomicRanges" "GenomeInfoDb"  "IRanges"       "S4Vectors"    
 [5] "BiocGenerics"  "parallel"      "stats4"        "stats"        
 [9] "graphics"      "grDevices"     "utils"         "datasets"     
[13] "methods"       "base"         

[[41]]
 [1] "GenomicRanges" "GenomeInfoDb"  "IRanges"       "S4Vectors"    
 [5] "BiocGenerics"  "parallel"      "stats4"        "stats"        
 [9] "graphics"      "grDevices"     "utils"         "datasets"     
[13] "methods"       "base"         

[[42]]
 [1] "GenomicRanges" "GenomeInfoDb"  "IRanges"       "S4Vectors"    
 [5] "BiocGenerics"  "parallel"      "stats4"        "stats"        
 [9] "graphics"      "grDevices"     "utils"         "datasets"     
[13] "methods"       "base"         

[[43]]
 [1] "GenomicRanges" "GenomeInfoDb"  "IRanges"       "S4Vectors"    
 [5] "BiocGenerics"  "parallel"      "stats4"        "stats"        
 [9] "graphics"      "grDevices"     "utils"         "datasets"     
[13] "methods"       "base"         

[[44]]
 [1] "GenomicRanges" "GenomeInfoDb"  "IRanges"       "S4Vectors"    
 [5] "BiocGenerics"  "parallel"      "stats4"        "stats"        
 [9] "graphics"      "grDevices"     "utils"         "datasets"     
[13] "methods"       "base"         

[[45]]
 [1] "GenomicRanges" "GenomeInfoDb"  "IRanges"       "S4Vectors"    
 [5] "BiocGenerics"  "parallel"      "stats4"        "stats"        
 [9] "graphics"      "grDevices"     "utils"         "datasets"     
[13] "methods"       "base"         

[[46]]
 [1] "GenomicRanges" "GenomeInfoDb"  "IRanges"       "S4Vectors"    
 [5] "BiocGenerics"  "parallel"      "stats4"        "stats"        
 [9] "graphics"      "grDevices"     "utils"         "datasets"     
[13] "methods"       "base"         

[[47]]
 [1] "GenomicRanges" "GenomeInfoDb"  "IRanges"       "S4Vectors"    
 [5] "BiocGenerics"  "parallel"      "stats4"        "stats"        
 [9] "graphics"      "grDevices"     "utils"         "datasets"     
[13] "methods"       "base"         

[[48]]
 [1] "GenomicRanges" "GenomeInfoDb"  "IRanges"       "S4Vectors"    
 [5] "BiocGenerics"  "parallel"      "stats4"        "stats"        
 [9] "graphics"      "grDevices"     "utils"         "datasets"     
[13] "methods"       "base"         

[[1]]
 [1] "dplyr"         "GenomicRanges" "GenomeInfoDb"  "IRanges"      
 [5] "S4Vectors"     "BiocGenerics"  "parallel"      "stats4"       
 [9] "stats"         "graphics"      "grDevices"     "utils"        
[13] "datasets"      "methods"       "base"         

[[2]]
 [1] "dplyr"         "GenomicRanges" "GenomeInfoDb"  "IRanges"      
 [5] "S4Vectors"     "BiocGenerics"  "parallel"      "stats4"       
 [9] "stats"         "graphics"      "grDevices"     "utils"        
[13] "datasets"      "methods"       "base"         

[[3]]
 [1] "dplyr"         "GenomicRanges" "GenomeInfoDb"  "IRanges"      
 [5] "S4Vectors"     "BiocGenerics"  "parallel"      "stats4"       
 [9] "stats"         "graphics"      "grDevices"     "utils"        
[13] "datasets"      "methods"       "base"         

[[4]]
 [1] "dplyr"         "GenomicRanges" "GenomeInfoDb"  "IRanges"      
 [5] "S4Vectors"     "BiocGenerics"  "parallel"      "stats4"       
 [9] "stats"         "graphics"      "grDevices"     "utils"        
[13] "datasets"      "methods"       "base"         

[[5]]
 [1] "dplyr"         "GenomicRanges" "GenomeInfoDb"  "IRanges"      
 [5] "S4Vectors"     "BiocGenerics"  "parallel"      "stats4"       
 [9] "stats"         "graphics"      "grDevices"     "utils"        
[13] "datasets"      "methods"       "base"         

[[6]]
 [1] "dplyr"         "GenomicRanges" "GenomeInfoDb"  "IRanges"      
 [5] "S4Vectors"     "BiocGenerics"  "parallel"      "stats4"       
 [9] "stats"         "graphics"      "grDevices"     "utils"        
[13] "datasets"      "methods"       "base"         

[[7]]
 [1] "dplyr"         "GenomicRanges" "GenomeInfoDb"  "IRanges"      
 [5] "S4Vectors"     "BiocGenerics"  "parallel"      "stats4"       
 [9] "stats"         "graphics"      "grDevices"     "utils"        
[13] "datasets"      "methods"       "base"         

[[8]]
 [1] "dplyr"         "GenomicRanges" "GenomeInfoDb"  "IRanges"      
 [5] "S4Vectors"     "BiocGenerics"  "parallel"      "stats4"       
 [9] "stats"         "graphics"      "grDevices"     "utils"        
[13] "datasets"      "methods"       "base"         

[[9]]
 [1] "dplyr"         "GenomicRanges" "GenomeInfoDb"  "IRanges"      
 [5] "S4Vectors"     "BiocGenerics"  "parallel"      "stats4"       
 [9] "stats"         "graphics"      "grDevices"     "utils"        
[13] "datasets"      "methods"       "base"         

[[10]]
 [1] "dplyr"         "GenomicRanges" "GenomeInfoDb"  "IRanges"      
 [5] "S4Vectors"     "BiocGenerics"  "parallel"      "stats4"       
 [9] "stats"         "graphics"      "grDevices"     "utils"        
[13] "datasets"      "methods"       "base"         

[[11]]
 [1] "dplyr"         "GenomicRanges" "GenomeInfoDb"  "IRanges"      
 [5] "S4Vectors"     "BiocGenerics"  "parallel"      "stats4"       
 [9] "stats"         "graphics"      "grDevices"     "utils"        
[13] "datasets"      "methods"       "base"         

[[12]]
 [1] "dplyr"         "GenomicRanges" "GenomeInfoDb"  "IRanges"      
 [5] "S4Vectors"     "BiocGenerics"  "parallel"      "stats4"       
 [9] "stats"         "graphics"      "grDevices"     "utils"        
[13] "datasets"      "methods"       "base"         

[[13]]
 [1] "dplyr"         "GenomicRanges" "GenomeInfoDb"  "IRanges"      
 [5] "S4Vectors"     "BiocGenerics"  "parallel"      "stats4"       
 [9] "stats"         "graphics"      "grDevices"     "utils"        
[13] "datasets"      "methods"       "base"         

[[14]]
 [1] "dplyr"         "GenomicRanges" "GenomeInfoDb"  "IRanges"      
 [5] "S4Vectors"     "BiocGenerics"  "parallel"      "stats4"       
 [9] "stats"         "graphics"      "grDevices"     "utils"        
[13] "datasets"      "methods"       "base"         

[[15]]
 [1] "dplyr"         "GenomicRanges" "GenomeInfoDb"  "IRanges"      
 [5] "S4Vectors"     "BiocGenerics"  "parallel"      "stats4"       
 [9] "stats"         "graphics"      "grDevices"     "utils"        
[13] "datasets"      "methods"       "base"         

[[16]]
 [1] "dplyr"         "GenomicRanges" "GenomeInfoDb"  "IRanges"      
 [5] "S4Vectors"     "BiocGenerics"  "parallel"      "stats4"       
 [9] "stats"         "graphics"      "grDevices"     "utils"        
[13] "datasets"      "methods"       "base"         

[[17]]
 [1] "dplyr"         "GenomicRanges" "GenomeInfoDb"  "IRanges"      
 [5] "S4Vectors"     "BiocGenerics"  "parallel"      "stats4"       
 [9] "stats"         "graphics"      "grDevices"     "utils"        
[13] "datasets"      "methods"       "base"         

[[18]]
 [1] "dplyr"         "GenomicRanges" "GenomeInfoDb"  "IRanges"      
 [5] "S4Vectors"     "BiocGenerics"  "parallel"      "stats4"       
 [9] "stats"         "graphics"      "grDevices"     "utils"        
[13] "datasets"      "methods"       "base"         

[[19]]
 [1] "dplyr"         "GenomicRanges" "GenomeInfoDb"  "IRanges"      
 [5] "S4Vectors"     "BiocGenerics"  "parallel"      "stats4"       
 [9] "stats"         "graphics"      "grDevices"     "utils"        
[13] "datasets"      "methods"       "base"         

[[20]]
 [1] "dplyr"         "GenomicRanges" "GenomeInfoDb"  "IRanges"      
 [5] "S4Vectors"     "BiocGenerics"  "parallel"      "stats4"       
 [9] "stats"         "graphics"      "grDevices"     "utils"        
[13] "datasets"      "methods"       "base"         

[[21]]
 [1] "dplyr"         "GenomicRanges" "GenomeInfoDb"  "IRanges"      
 [5] "S4Vectors"     "BiocGenerics"  "parallel"      "stats4"       
 [9] "stats"         "graphics"      "grDevices"     "utils"        
[13] "datasets"      "methods"       "base"         

[[22]]
 [1] "dplyr"         "GenomicRanges" "GenomeInfoDb"  "IRanges"      
 [5] "S4Vectors"     "BiocGenerics"  "parallel"      "stats4"       
 [9] "stats"         "graphics"      "grDevices"     "utils"        
[13] "datasets"      "methods"       "base"         

[[23]]
 [1] "dplyr"         "GenomicRanges" "GenomeInfoDb"  "IRanges"      
 [5] "S4Vectors"     "BiocGenerics"  "parallel"      "stats4"       
 [9] "stats"         "graphics"      "grDevices"     "utils"        
[13] "datasets"      "methods"       "base"         

[[24]]
 [1] "dplyr"         "GenomicRanges" "GenomeInfoDb"  "IRanges"      
 [5] "S4Vectors"     "BiocGenerics"  "parallel"      "stats4"       
 [9] "stats"         "graphics"      "grDevices"     "utils"        
[13] "datasets"      "methods"       "base"         

[[25]]
 [1] "dplyr"         "GenomicRanges" "GenomeInfoDb"  "IRanges"      
 [5] "S4Vectors"     "BiocGenerics"  "parallel"      "stats4"       
 [9] "stats"         "graphics"      "grDevices"     "utils"        
[13] "datasets"      "methods"       "base"         

[[26]]
 [1] "dplyr"         "GenomicRanges" "GenomeInfoDb"  "IRanges"      
 [5] "S4Vectors"     "BiocGenerics"  "parallel"      "stats4"       
 [9] "stats"         "graphics"      "grDevices"     "utils"        
[13] "datasets"      "methods"       "base"         

[[27]]
 [1] "dplyr"         "GenomicRanges" "GenomeInfoDb"  "IRanges"      
 [5] "S4Vectors"     "BiocGenerics"  "parallel"      "stats4"       
 [9] "stats"         "graphics"      "grDevices"     "utils"        
[13] "datasets"      "methods"       "base"         

[[28]]
 [1] "dplyr"         "GenomicRanges" "GenomeInfoDb"  "IRanges"      
 [5] "S4Vectors"     "BiocGenerics"  "parallel"      "stats4"       
 [9] "stats"         "graphics"      "grDevices"     "utils"        
[13] "datasets"      "methods"       "base"         

[[29]]
 [1] "dplyr"         "GenomicRanges" "GenomeInfoDb"  "IRanges"      
 [5] "S4Vectors"     "BiocGenerics"  "parallel"      "stats4"       
 [9] "stats"         "graphics"      "grDevices"     "utils"        
[13] "datasets"      "methods"       "base"         

[[30]]
 [1] "dplyr"         "GenomicRanges" "GenomeInfoDb"  "IRanges"      
 [5] "S4Vectors"     "BiocGenerics"  "parallel"      "stats4"       
 [9] "stats"         "graphics"      "grDevices"     "utils"        
[13] "datasets"      "methods"       "base"         

[[31]]
 [1] "dplyr"         "GenomicRanges" "GenomeInfoDb"  "IRanges"      
 [5] "S4Vectors"     "BiocGenerics"  "parallel"      "stats4"       
 [9] "stats"         "graphics"      "grDevices"     "utils"        
[13] "datasets"      "methods"       "base"         

[[32]]
 [1] "dplyr"         "GenomicRanges" "GenomeInfoDb"  "IRanges"      
 [5] "S4Vectors"     "BiocGenerics"  "parallel"      "stats4"       
 [9] "stats"         "graphics"      "grDevices"     "utils"        
[13] "datasets"      "methods"       "base"         

[[33]]
 [1] "dplyr"         "GenomicRanges" "GenomeInfoDb"  "IRanges"      
 [5] "S4Vectors"     "BiocGenerics"  "parallel"      "stats4"       
 [9] "stats"         "graphics"      "grDevices"     "utils"        
[13] "datasets"      "methods"       "base"         

[[34]]
 [1] "dplyr"         "GenomicRanges" "GenomeInfoDb"  "IRanges"      
 [5] "S4Vectors"     "BiocGenerics"  "parallel"      "stats4"       
 [9] "stats"         "graphics"      "grDevices"     "utils"        
[13] "datasets"      "methods"       "base"         

[[35]]
 [1] "dplyr"         "GenomicRanges" "GenomeInfoDb"  "IRanges"      
 [5] "S4Vectors"     "BiocGenerics"  "parallel"      "stats4"       
 [9] "stats"         "graphics"      "grDevices"     "utils"        
[13] "datasets"      "methods"       "base"         

[[36]]
 [1] "dplyr"         "GenomicRanges" "GenomeInfoDb"  "IRanges"      
 [5] "S4Vectors"     "BiocGenerics"  "parallel"      "stats4"       
 [9] "stats"         "graphics"      "grDevices"     "utils"        
[13] "datasets"      "methods"       "base"         

[[37]]
 [1] "dplyr"         "GenomicRanges" "GenomeInfoDb"  "IRanges"      
 [5] "S4Vectors"     "BiocGenerics"  "parallel"      "stats4"       
 [9] "stats"         "graphics"      "grDevices"     "utils"        
[13] "datasets"      "methods"       "base"         

[[38]]
 [1] "dplyr"         "GenomicRanges" "GenomeInfoDb"  "IRanges"      
 [5] "S4Vectors"     "BiocGenerics"  "parallel"      "stats4"       
 [9] "stats"         "graphics"      "grDevices"     "utils"        
[13] "datasets"      "methods"       "base"         

[[39]]
 [1] "dplyr"         "GenomicRanges" "GenomeInfoDb"  "IRanges"      
 [5] "S4Vectors"     "BiocGenerics"  "parallel"      "stats4"       
 [9] "stats"         "graphics"      "grDevices"     "utils"        
[13] "datasets"      "methods"       "base"         

[[40]]
 [1] "dplyr"         "GenomicRanges" "GenomeInfoDb"  "IRanges"      
 [5] "S4Vectors"     "BiocGenerics"  "parallel"      "stats4"       
 [9] "stats"         "graphics"      "grDevices"     "utils"        
[13] "datasets"      "methods"       "base"         

[[41]]
 [1] "dplyr"         "GenomicRanges" "GenomeInfoDb"  "IRanges"      
 [5] "S4Vectors"     "BiocGenerics"  "parallel"      "stats4"       
 [9] "stats"         "graphics"      "grDevices"     "utils"        
[13] "datasets"      "methods"       "base"         

[[42]]
 [1] "dplyr"         "GenomicRanges" "GenomeInfoDb"  "IRanges"      
 [5] "S4Vectors"     "BiocGenerics"  "parallel"      "stats4"       
 [9] "stats"         "graphics"      "grDevices"     "utils"        
[13] "datasets"      "methods"       "base"         

[[43]]
 [1] "dplyr"         "GenomicRanges" "GenomeInfoDb"  "IRanges"      
 [5] "S4Vectors"     "BiocGenerics"  "parallel"      "stats4"       
 [9] "stats"         "graphics"      "grDevices"     "utils"        
[13] "datasets"      "methods"       "base"         

[[44]]
 [1] "dplyr"         "GenomicRanges" "GenomeInfoDb"  "IRanges"      
 [5] "S4Vectors"     "BiocGenerics"  "parallel"      "stats4"       
 [9] "stats"         "graphics"      "grDevices"     "utils"        
[13] "datasets"      "methods"       "base"         

[[45]]
 [1] "dplyr"         "GenomicRanges" "GenomeInfoDb"  "IRanges"      
 [5] "S4Vectors"     "BiocGenerics"  "parallel"      "stats4"       
 [9] "stats"         "graphics"      "grDevices"     "utils"        
[13] "datasets"      "methods"       "base"         

[[46]]
 [1] "dplyr"         "GenomicRanges" "GenomeInfoDb"  "IRanges"      
 [5] "S4Vectors"     "BiocGenerics"  "parallel"      "stats4"       
 [9] "stats"         "graphics"      "grDevices"     "utils"        
[13] "datasets"      "methods"       "base"         

[[47]]
 [1] "dplyr"         "GenomicRanges" "GenomeInfoDb"  "IRanges"      
 [5] "S4Vectors"     "BiocGenerics"  "parallel"      "stats4"       
 [9] "stats"         "graphics"      "grDevices"     "utils"        
[13] "datasets"      "methods"       "base"         

[[48]]
 [1] "dplyr"         "GenomicRanges" "GenomeInfoDb"  "IRanges"      
 [5] "S4Vectors"     "BiocGenerics"  "parallel"      "stats4"       
 [9] "stats"         "graphics"      "grDevices"     "utils"        
[13] "datasets"      "methods"       "base"         

