N E X T F L O W  ~  version 19.03.0-edge
Launching `/gpfs/projects/bsc83/Projects/Ebola/code/ebola/BroadAnnotation/04_benchmark_n_samples.nf` [scruffy_pike] - revision: 6accb38d2e
WARN: There's no process matching config selector: stringtie
==============================================
Quantification and Filtering
==============================================
WARN: Access to undefined parameter `mrnas_predicted` -- Initialise it to a default value eg. `params.mrnas_predicted = some_value`
[tissue_effect, 02_spleen_wholeblood_lymphnode, /gpfs/projects/bsc83/Data/Ebola/00_RawData/BroadTranscriptomesComplete/stringtie2-gtfs/benchmark_subsets/tissue_effect/02_spleen_wholeblood_lymphnode]
[tissue_effect, 01_spleen_wholeblood, /gpfs/projects/bsc83/Data/Ebola/00_RawData/BroadTranscriptomesComplete/stringtie2-gtfs/benchmark_subsets/tissue_effect/01_spleen_wholeblood]
[tissue_effect, 00_spleen, /gpfs/projects/bsc83/Data/Ebola/00_RawData/BroadTranscriptomesComplete/stringtie2-gtfs/benchmark_subsets/tissue_effect/00_spleen]
executor >  local (3)
[63/6b5deb] process > StringTie_Merge_Reference_Guided [  0%] 0 of 3

executor >  local (3)
[63/6b5deb] process > StringTie_Merge_Reference_Guided [ 33%] 1 of 3

executor >  local (4)
[63/6b5deb] process > StringTie_Merge_Reference_Guided [ 33%] 1 of 3
[4d/d0341d] process > gffCompare2                      [  0%] 0 of 1

executor >  local (4)
[63/6b5deb] process > StringTie_Merge_Reference_Guided [ 33%] 1 of 3
[4d/d0341d] process > gffCompare2                      [100%] 1 of 1

executor >  local (5)
[ac/15cecc] process > StringTie_Merge_Reference_Guided [ 67%] 2 of 3
[6a/6217b4] process > gffCompare2                      [ 50%] 1 of 2

executor >  local (5)
[ac/15cecc] process > StringTie_Merge_Reference_Guided [ 67%] 2 of 3
[6a/6217b4] process > gffCompare2                      [100%] 2 of 2

executor >  local (6)
[54/e519ec] process > StringTie_Merge_Reference_Guided [100%] 3 of 3 ✔
[ce/470dfd] process > gffCompare2                      [ 67%] 2 of 3

executor >  local (6)
[54/e519ec] process > StringTie_Merge_Reference_Guided [100%] 3 of 3 ✔
[ce/470dfd] process > gffCompare2                      [100%] 3 of 3 ✔
Completed at: 23-Oct-2020 13:10:33
Duration    : 4m 29s
CPU hours   : 0.1
Succeeded   : 6

