N E X T F L O W  ~  version 19.03.0-edge
Launching `/gpfs/projects/bsc83/Projects/Ebola/code/ebola/BroadAnnotation/99_cpc2.nf` [berserk_newton] - revision: e8c2f9d705
WARN: There's no process matching config selector: gffCompare
==============================================
Quantification and Filtering
==============================================
WARN: Access to undefined parameter `mrnas_predicted` -- Initialise it to a default value eg. `params.mrnas_predicted = some_value`
executor >  local (1)
[14/774b79] process > prefilter [  0%] 0 of 1

executor >  local (2)
[14/774b79] process > prefilter           [100%] 1 of 1 ✔
[6b/8f2eb6] process > mergeWithAnnotation [  0%] 0 of 1

executor >  local (24)
[14/774b79] process > prefilter            [100%] 1 of 1 ✔
[6b/8f2eb6] process > mergeWithAnnotation  [100%] 1 of 1 ✔
[0b/a7a1ec] process > expression_stringtie [  0%] 0 of 22
WARN: Input tuple does not match input set cardinality declared by process `expression_stringtie` -- offending value: [A0366_S59_L001_deduplicated, /gpfs/projects/bsc83/Data/Ebola/00_RawData/BroadTranscriptomesComplete/bams/A0366_S59_L001_deduplicated.bam]

executor >  local (50)
[14/774b79] process > prefilter            [100%] 1 of 1 ✔
[6b/8f2eb6] process > mergeWithAnnotation  [100%] 1 of 1 ✔
[3b/a463dd] process > expression_stringtie [  0%] 0 of 48
WARN: Input tuple does not match input set cardinality declared by process `expression_stringtie` -- offending value: [A0366_S59_L001_deduplicated, /gpfs/projects/bsc83/Data/Ebola/00_RawData/BroadTranscriptomesComplete/bams/A0366_S59_L001_deduplicated.bam]

executor >  local (51)
[14/774b79] process > prefilter            [100%] 1 of 1 ✔
[6b/8f2eb6] process > mergeWithAnnotation  [100%] 1 of 1 ✔
[85/03ec38] process > expression_stringtie [  0%] 0 of 49
WARN: Input tuple does not match input set cardinality declared by process `expression_stringtie` -- offending value: [A0366_S59_L001_deduplicated, /gpfs/projects/bsc83/Data/Ebola/00_RawData/BroadTranscriptomesComplete/bams/A0366_S59_L001_deduplicated.bam]
Oops .. something went wrong

executor >  local (51)
[14/774b79] process > prefilter            [100%] 1 of 1 ✔
[6b/8f2eb6] process > mergeWithAnnotation  [100%] 1 of 1 ✔
[19/8081ed] process > expression_stringtie [ 47%] 23 of 49, failed: 23
WARN: Input tuple does not match input set cardinality declared by process `expression_stringtie` -- offending value: [A0366_S59_L001_deduplicated, /gpfs/projects/bsc83/Data/Ebola/00_RawData/BroadTranscriptomesComplete/bams/A0366_S59_L001_deduplicated.bam]
WARN: Killing pending tasks (45)
ERROR ~ Error executing process > 'expression_stringtie (75)'

Caused by:
  Process `expression_stringtie (75)` terminated with an error exit status (1)

Command executed:

  # Calc the counts for the umi_dedup
  stringtie -eB  --fr -G ref_novel_ribodepleted.gtf input.2 -A null.gene_abundances.tsv
  mv t_data.ctab null_t_data.ctab

Command exit status:
  1

Command output:
  (empty)

Command error:
  WARNING: seccomp requested but not enabled, seccomp library is missing or too old
  Error reading from file input.2!

Work dir:
  /gpfs/projects/bsc83/Data/Ebola/work/66/d88c8463f14a2d3a7a414df6ef153e

Tip: you can replicate the issue by changing to the process work dir and entering the command `bash .command.run`

 -- Check '.nextflow.log' file for details

executor >  local (51)
[14/774b79] process > prefilter            [100%] 1 of 1 ✔
[6b/8f2eb6] process > mergeWithAnnotation  [100%] 1 of 1 ✔
[85/03ec38] process > expression_stringtie [100%] 49 of 49, failed: 49
WARN: Input tuple does not match input set cardinality declared by process `expression_stringtie` -- offending value: [A0366_S59_L001_deduplicated, /gpfs/projects/bsc83/Data/Ebola/00_RawData/BroadTranscriptomesComplete/bams/A0366_S59_L001_deduplicated.bam]
WARN: Killing pending tasks (45)
ERROR ~ Error executing process > 'expression_stringtie (75)'

Caused by:
  Process `expression_stringtie (75)` terminated with an error exit status (1)

Command executed:

  # Calc the counts for the umi_dedup
  stringtie -eB  --fr -G ref_novel_ribodepleted.gtf input.2 -A null.gene_abundances.tsv
  mv t_data.ctab null_t_data.ctab

Command exit status:
  1

Command output:
  (empty)

Command error:
  WARNING: seccomp requested but not enabled, seccomp library is missing or too old
  Error reading from file input.2!

Work dir:
  /gpfs/projects/bsc83/Data/Ebola/work/66/d88c8463f14a2d3a7a414df6ef153e

Tip: you can replicate the issue by changing to the process work dir and entering the command `bash .command.run`

 -- Check '.nextflow.log' file for details
