N E X T F L O W  ~  version 19.03.0-edge
Launching `/gpfs/projects/bsc83/Projects/Ebola/code/ebola/BroadAnnotation/03_rerun_assembly.nf` [trusting_brahmagupta] - revision: 266abf98cc
==============================================
Quantification and Filtering
==============================================
WARN: Access to undefined parameter `lnc_novel_compared_to_ref` -- Initialise it to a default value eg. `params.lnc_novel_compared_to_ref = some_value`
WARN: Access to undefined parameter `mrnas_predicted` -- Initialise it to a default value eg. `params.mrnas_predicted = some_value`
executor >  local (28)
[51/0501f4] process > DeNovoAssembly [  0%] 0 of 28

executor >  local (48)
[90/e2523d] process > DeNovoAssembly [  0%] 0 of 48

executor >  local (49)
[6e/17014f] process > DeNovoAssembly [  0%] 0 of 49

executor >  local (49)
[88/2d26ec] process > DeNovoAssembly [  2%] 1 of 49

executor >  local (50)
[4d/6d55a7] process > DeNovoAssembly [  4%] 2 of 50

executor >  local (51)
[74/98b5e6] process > DeNovoAssembly [  6%] 3 of 51

executor >  local (52)
[80/14d0d8] process > DeNovoAssembly [  8%] 4 of 52

executor >  local (53)
[ec/56d027] process > DeNovoAssembly [  9%] 5 of 53

executor >  local (54)
[c6/1ecc94] process > DeNovoAssembly [ 11%] 6 of 54

executor >  local (55)
[02/207389] process > DeNovoAssembly [ 13%] 7 of 55

executor >  local (56)
[62/c94c84] process > DeNovoAssembly [ 14%] 8 of 56

executor >  local (57)
[e3/4553e2] process > DeNovoAssembly [ 16%] 9 of 57

executor >  local (58)
[8e/b366da] process > DeNovoAssembly [ 17%] 10 of 58

executor >  local (59)
[42/f5f44f] process > DeNovoAssembly [ 19%] 11 of 59

executor >  local (60)
[3e/00581a] process > DeNovoAssembly [ 20%] 12 of 60

executor >  local (61)
[63/966a2b] process > DeNovoAssembly [ 21%] 13 of 61

executor >  local (62)
[85/3cfea5] process > DeNovoAssembly [ 23%] 14 of 62

executor >  local (63)
[59/768313] process > DeNovoAssembly [ 24%] 15 of 63

executor >  local (64)
[c6/21e2f1] process > DeNovoAssembly [ 25%] 16 of 64

executor >  local (65)
[e8/9c255b] process > DeNovoAssembly [ 26%] 17 of 65

executor >  local (66)
[d9/322605] process > DeNovoAssembly [ 27%] 18 of 66

executor >  local (67)
[bd/ea4e5a] process > DeNovoAssembly [ 28%] 19 of 67

executor >  local (68)
[9a/7c5417] process > DeNovoAssembly [ 29%] 20 of 68

executor >  local (69)
[41/c6de52] process > DeNovoAssembly [ 30%] 21 of 69

executor >  local (70)
[41/8722e8] process > DeNovoAssembly [ 31%] 22 of 70

executor >  local (71)
[1a/199b64] process > DeNovoAssembly [ 32%] 23 of 71

executor >  local (72)
[db/264069] process > DeNovoAssembly [ 33%] 24 of 72

executor >  local (73)
[af/8fa97a] process > DeNovoAssembly [ 34%] 25 of 73

executor >  local (74)
[ee/84fc0f] process > DeNovoAssembly [ 35%] 26 of 74

executor >  local (75)
[01/fffae0] process > DeNovoAssembly [ 36%] 27 of 75

executor >  local (76)
[91/a053d4] process > DeNovoAssembly [ 37%] 28 of 76

executor >  local (77)
[3f/66d15e] process > DeNovoAssembly [ 38%] 29 of 77

executor >  local (78)
[f1/825fda] process > DeNovoAssembly [ 38%] 30 of 78

executor >  local (79)
[e1/a7daad] process > DeNovoAssembly [ 39%] 31 of 79

executor >  local (80)
[09/e03b3a] process > DeNovoAssembly [ 40%] 32 of 80

executor >  local (81)
[1d/05e55b] process > DeNovoAssembly [ 41%] 33 of 81

executor >  local (82)
[43/c7f606] process > DeNovoAssembly [ 41%] 34 of 82

executor >  local (83)
[19/d43949] process > DeNovoAssembly [ 42%] 35 of 83

executor >  local (84)
[63/f086ae] process > DeNovoAssembly [ 43%] 36 of 84

executor >  local (85)
[2c/5a540a] process > DeNovoAssembly [ 44%] 37 of 85

executor >  local (86)
[66/502f4e] process > DeNovoAssembly [ 44%] 38 of 86

executor >  local (87)
[5b/3d7f6b] process > DeNovoAssembly [ 45%] 39 of 87

executor >  local (88)
[cd/070c74] process > DeNovoAssembly [ 45%] 40 of 88

executor >  local (89)
[cf/957b40] process > DeNovoAssembly [ 46%] 41 of 89

executor >  local (90)
[91/22460d] process > DeNovoAssembly [ 47%] 42 of 90

executor >  local (91)
[3a/887a39] process > DeNovoAssembly [ 47%] 43 of 91

executor >  local (92)
[04/ee2e22] process > DeNovoAssembly [ 48%] 44 of 92

executor >  local (93)
[f8/b8d994] process > DeNovoAssembly [ 48%] 45 of 93

executor >  local (94)
[04/55a48b] process > DeNovoAssembly [ 49%] 46 of 94

executor >  local (95)
[60/d0f7a4] process > DeNovoAssembly [ 49%] 47 of 95

executor >  local (96)
[29/437300] process > DeNovoAssembly [ 50%] 48 of 96

executor >  local (97)
[cf/2af1ff] process > DeNovoAssembly [ 51%] 49 of 97

executor >  local (98)
[1e/6e1b55] process > DeNovoAssembly [ 51%] 50 of 98

executor >  local (99)
[9c/733062] process > DeNovoAssembly [ 52%] 51 of 99

executor >  local (100)
[c6/b14262] process > DeNovoAssembly [ 52%] 52 of 100

executor >  local (101)
[1a/21e9d9] process > DeNovoAssembly [ 52%] 53 of 101

executor >  local (102)
[98/34142f] process > DeNovoAssembly [ 53%] 54 of 102

executor >  local (103)
[35/fed8d0] process > DeNovoAssembly [ 53%] 55 of 103

executor >  local (104)
[e3/4553e2] process > DeNovoAssembly [ 54%] 56 of 104

executor >  local (105)
[6c/9f6620] process > DeNovoAssembly [ 54%] 57 of 105

executor >  local (106)
[a5/fe9ad6] process > DeNovoAssembly [ 55%] 58 of 106

executor >  local (107)
[17/79a5ad] process > DeNovoAssembly [ 55%] 59 of 107

executor >  local (108)
[b3/d4c022] process > DeNovoAssembly [ 56%] 60 of 108

executor >  local (109)
[29/679392] process > DeNovoAssembly [ 56%] 61 of 109

executor >  local (110)
[db/ce9d07] process > DeNovoAssembly [ 56%] 62 of 110

executor >  local (111)
[1d/8c0cd1] process > DeNovoAssembly [ 57%] 63 of 111

executor >  local (112)
[e4/dc64fb] process > DeNovoAssembly [ 57%] 64 of 112

executor >  local (112)
[1d/05e55b] process > DeNovoAssembly [ 58%] 65 of 112

executor >  local (113)
[0e/5e8045] process > DeNovoAssembly [ 58%] 65 of 113

executor >  local (114)
[d2/efbd9b] process > DeNovoAssembly [ 58%] 66 of 114

executor >  local (115)
[1b/656758] process > DeNovoAssembly [ 58%] 67 of 115

executor >  local (116)
[42/fff1ae] process > DeNovoAssembly [ 59%] 68 of 116

executor >  local (117)
[88/1d3da9] process > DeNovoAssembly [ 59%] 69 of 117

executor >  local (118)
[09/e03b3a] process > DeNovoAssembly [ 59%] 70 of 118

executor >  local (119)
[c9/298f48] process > DeNovoAssembly [ 60%] 71 of 119

executor >  local (120)
[44/22621e] process > DeNovoAssembly [ 60%] 72 of 120

executor >  local (121)
[74/38a923] process > DeNovoAssembly [ 60%] 73 of 121

executor >  local (122)
[29/437300] process > DeNovoAssembly [ 61%] 74 of 122

executor >  local (123)
[85/3cfea5] process > DeNovoAssembly [ 61%] 75 of 123

executor >  local (125)
[5f/228086] process > DeNovoAssembly [ 62%] 77 of 125

executor >  local (126)
[38/e1135b] process > DeNovoAssembly [ 62%] 78 of 126

executor >  local (127)
[ee/c986cc] process > DeNovoAssembly [ 62%] 79 of 127

executor >  local (128)
[cd/6f50f8] process > DeNovoAssembly [ 63%] 80 of 128

executor >  local (129)
[c9/ceea09] process > DeNovoAssembly [ 63%] 81 of 129

executor >  local (130)
[c6/b14262] process > DeNovoAssembly [ 63%] 82 of 130

executor >  local (131)
[c9/ceea09] process > DeNovoAssembly [ 63%] 83 of 131

executor >  local (132)
[d1/133c5d] process > DeNovoAssembly [ 64%] 84 of 132

executor >  local (133)
[66/502f4e] process > DeNovoAssembly [ 64%] 85 of 133

executor >  local (134)
[c1/9d63a4] process > DeNovoAssembly [ 64%] 86 of 134

executor >  local (135)
[54/192650] process > DeNovoAssembly [ 64%] 87 of 135

executor >  local (136)
[5a/9eebff] process > DeNovoAssembly [ 65%] 88 of 136

executor >  local (137)
[fe/f01637] process > DeNovoAssembly [ 65%] 89 of 137

executor >  local (137)
[8e/b366da] process > DeNovoAssembly [ 66%] 90 of 137

executor >  local (138)
[69/e8b652] process > DeNovoAssembly [ 65%] 90 of 138

executor >  local (139)
[ed/c0603d] process > DeNovoAssembly [ 65%] 91 of 139

executor >  local (140)
[8c/fa843d] process > DeNovoAssembly [ 66%] 92 of 140

executor >  local (141)
[ff/a3420d] process > DeNovoAssembly [ 66%] 93 of 141

executor >  local (142)
[c6/68f692] process > DeNovoAssembly [ 66%] 94 of 142

executor >  local (143)
[85/38d487] process > DeNovoAssembly [ 66%] 95 of 143

executor >  local (144)
[99/b8b5b0] process > DeNovoAssembly [ 67%] 96 of 144

executor >  local (145)
[fa/60a5fa] process > DeNovoAssembly [ 67%] 97 of 145

executor >  local (146)
[93/63c216] process > DeNovoAssembly [ 67%] 98 of 146

executor >  local (147)
[34/05b410] process > DeNovoAssembly [ 67%] 99 of 147

executor >  local (148)
[63/6d9b74] process > DeNovoAssembly [ 68%] 100 of 148

executor >  local (149)
[a3/88ba25] process > DeNovoAssembly [ 68%] 101 of 149

executor >  local (150)
[17/79a5ad] process > DeNovoAssembly [ 68%] 102 of 150

executor >  local (151)
[74/38a923] process > DeNovoAssembly [ 68%] 103 of 151

executor >  local (152)
[93/63c216] process > DeNovoAssembly [ 68%] 104 of 152

executor >  local (153)
[9c/733062] process > DeNovoAssembly [ 69%] 105 of 153

executor >  local (154)
[e0/4c9093] process > DeNovoAssembly [ 69%] 106 of 154

executor >  local (155)
[e8/8decee] process > DeNovoAssembly [ 69%] 107 of 155

executor >  local (156)
[36/1a0e10] process > DeNovoAssembly [ 69%] 108 of 156

executor >  local (157)
[73/9b103e] process > DeNovoAssembly [ 69%] 109 of 157

executor >  local (158)
[2c/5a540a] process > DeNovoAssembly [ 70%] 110 of 158

executor >  local (159)
[36/19303d] process > DeNovoAssembly [ 70%] 111 of 159

executor >  local (160)
[c2/ed1b7d] process > DeNovoAssembly [ 70%] 112 of 160

executor >  local (161)
[3f/66d15e] process > DeNovoAssembly [ 70%] 113 of 161

executor >  local (162)
[a2/ce7457] process > DeNovoAssembly [ 70%] 114 of 162

executor >  local (163)
[37/83bae8] process > DeNovoAssembly [ 71%] 115 of 163

executor >  local (164)
[89/0d28d0] process > DeNovoAssembly [ 71%] 116 of 164

executor >  local (165)
[6f/1db8b9] process > DeNovoAssembly [ 71%] 117 of 165

executor >  local (166)
[b6/7f29ca] process > DeNovoAssembly [ 71%] 118 of 166

executor >  local (167)
[3b/f1ab9a] process > DeNovoAssembly [ 71%] 119 of 167

executor >  local (168)
[96/105111] process > DeNovoAssembly [ 71%] 120 of 168

executor >  local (169)
[ee/c986cc] process > DeNovoAssembly [ 72%] 121 of 169

executor >  local (170)
[a5/fe9ad6] process > DeNovoAssembly [ 72%] 122 of 170

executor >  local (171)
[cd/6f50f8] process > DeNovoAssembly [ 72%] 123 of 171

executor >  local (172)
[ba/5d6e43] process > DeNovoAssembly [ 72%] 124 of 172

executor >  local (173)
[94/2adb24] process > DeNovoAssembly [ 72%] 125 of 173

executor >  local (174)
[df/6f9c01] process > DeNovoAssembly [ 72%] 126 of 174

executor >  local (175)
[36/6728f8] process > DeNovoAssembly [ 73%] 127 of 175

executor >  local (176)
[c3/1eb890] process > DeNovoAssembly [ 73%] 128 of 176

executor >  local (176)
[c1/9d63a4] process > DeNovoAssembly [ 73%] 129 of 176

executor >  local (177)
[7c/9828c0] process > DeNovoAssembly [ 73%] 129 of 177

executor >  local (178)
[33/14042a] process > DeNovoAssembly [ 73%] 130 of 178

executor >  local (179)
[5a/1f1e95] process > DeNovoAssembly [ 73%] 131 of 179

executor >  local (180)
[6c/9f6620] process > DeNovoAssembly [ 73%] 132 of 180

executor >  local (181)
[d0/9eb266] process > DeNovoAssembly [ 73%] 133 of 181

executor >  local (182)
[9a/4aff6d] process > DeNovoAssembly [ 74%] 134 of 182

executor >  local (183)
[df/bbb820] process > DeNovoAssembly [ 74%] 135 of 183

executor >  local (184)
[33/14042a] process > DeNovoAssembly [ 74%] 136 of 184

executor >  local (185)
[d0/9eb266] process > DeNovoAssembly [ 74%] 137 of 185

executor >  local (186)
[e0/174bdb] process > DeNovoAssembly [ 74%] 138 of 186

executor >  local (187)
[99/b8b5b0] process > DeNovoAssembly [ 74%] 139 of 187

executor >  local (188)
[85/38d487] process > DeNovoAssembly [ 74%] 140 of 188

executor >  local (189)
[4b/3e6cf9] process > DeNovoAssembly [ 75%] 141 of 189

executor >  local (190)
[10/683eff] process > DeNovoAssembly [ 75%] 142 of 190

executor >  local (191)
[7d/01430a] process > DeNovoAssembly [ 75%] 143 of 191

executor >  local (192)
[93/d24ad5] process > DeNovoAssembly [ 75%] 144 of 192

executor >  local (193)
[d8/e8fbc2] process > DeNovoAssembly [ 75%] 145 of 193

executor >  local (194)
[c9/298f48] process > DeNovoAssembly [ 75%] 146 of 194

executor >  local (195)
[a8/f532bf] process > DeNovoAssembly [ 75%] 147 of 195

executor >  local (196)
[bc/af78bf] process > DeNovoAssembly [ 76%] 148 of 196

executor >  local (197)
[36/6728f8] process > DeNovoAssembly [ 76%] 149 of 197

executor >  local (198)
[a6/f18bcb] process > DeNovoAssembly [ 76%] 150 of 198

executor >  local (199)
[a1/9e9cea] process > DeNovoAssembly [ 76%] 151 of 199

executor >  local (200)
[ef/5412a5] process > DeNovoAssembly [ 76%] 152 of 200

executor >  local (201)
[3b/f1ab9a] process > DeNovoAssembly [ 76%] 153 of 201

executor >  local (202)
[ea/e5604b] process > DeNovoAssembly [ 76%] 154 of 202

executor >  local (203)
[a8/f532bf] process > DeNovoAssembly [ 76%] 155 of 203

executor >  local (204)
[79/5dd7cb] process > DeNovoAssembly [ 76%] 156 of 204

executor >  local (205)
[db/ce9d07] process > DeNovoAssembly [ 77%] 157 of 205

executor >  local (206)
[d7/5426af] process > DeNovoAssembly [ 77%] 158 of 206

executor >  local (207)
[05/c7e3cc] process > DeNovoAssembly [ 77%] 159 of 207

executor >  local (207)
[35/869e66] process > DeNovoAssembly [ 77%] 160 of 207

executor >  local (207)
[32/aa63ad] process > DeNovoAssembly [ 78%] 161 of 207

executor >  local (207)
[d1/d243b9] process > DeNovoAssembly [ 78%] 162 of 207

executor >  local (207)
[df/6f9c01] process > DeNovoAssembly [ 79%] 163 of 207

executor >  local (207)
[36/19303d] process > DeNovoAssembly [ 79%] 164 of 207

executor >  local (207)
[89/0d28d0] process > DeNovoAssembly [ 80%] 165 of 207

executor >  local (207)
[96/105111] process > DeNovoAssembly [ 80%] 166 of 207

executor >  local (207)
[6f/1db8b9] process > DeNovoAssembly [ 81%] 167 of 207

executor >  local (207)
[0c/90216d] process > DeNovoAssembly [ 82%] 169 of 207

executor >  local (207)
[ed/c0603d] process > DeNovoAssembly [ 82%] 170 of 207

executor >  local (207)
[fe/f01637] process > DeNovoAssembly [ 83%] 171 of 207

executor >  local (207)
[84/5e29db] process > DeNovoAssembly [ 83%] 172 of 207

executor >  local (207)
[63/6d9b74] process > DeNovoAssembly [ 84%] 173 of 207

executor >  local (207)
[20/ba50d6] process > DeNovoAssembly [ 84%] 174 of 207

executor >  local (207)
[8d/9cb79d] process > DeNovoAssembly [ 85%] 175 of 207

executor >  local (207)
[a3/88ba25] process > DeNovoAssembly [ 85%] 176 of 207

executor >  local (207)
[25/3b94c1] process > DeNovoAssembly [ 86%] 177 of 207

executor >  local (207)
[ba/5d6e43] process > DeNovoAssembly [ 86%] 178 of 207

executor >  local (207)
[94/2adb24] process > DeNovoAssembly [ 86%] 179 of 207

executor >  local (207)
[73/9b103e] process > DeNovoAssembly [ 87%] 180 of 207

executor >  local (207)
[c2/ed1b7d] process > DeNovoAssembly [ 87%] 181 of 207

executor >  local (207)
[5d/31ca22] process > DeNovoAssembly [ 88%] 182 of 207

executor >  local (207)
[79/5dd7cb] process > DeNovoAssembly [ 88%] 183 of 207

executor >  local (207)
[7d/01430a] process > DeNovoAssembly [ 89%] 184 of 207

executor >  local (207)
[37/83bae8] process > DeNovoAssembly [ 89%] 185 of 207

executor >  local (207)
[4b/3e6cf9] process > DeNovoAssembly [ 90%] 186 of 207

executor >  local (207)
[93/d24ad5] process > DeNovoAssembly [ 90%] 187 of 207

executor >  local (207)
[d6/30f732] process > DeNovoAssembly [ 91%] 188 of 207

executor >  local (207)
[c3/1eb890] process > DeNovoAssembly [ 91%] 189 of 207

executor >  local (207)
[bc/af78bf] process > DeNovoAssembly [ 92%] 190 of 207

executor >  local (207)
[a0/804eec] process > DeNovoAssembly [ 92%] 191 of 207

executor >  local (207)
[24/f0430b] process > DeNovoAssembly [ 93%] 192 of 207

executor >  local (207)
[e0/174bdb] process > DeNovoAssembly [ 93%] 193 of 207

executor >  local (207)
[10/683eff] process > DeNovoAssembly [ 94%] 194 of 207

executor >  local (207)
[b6/7f29ca] process > DeNovoAssembly [ 94%] 195 of 207

executor >  local (207)
[a2/ce7457] process > DeNovoAssembly [ 95%] 196 of 207

executor >  local (207)
[2f/bc1258] process > DeNovoAssembly [ 96%] 198 of 207

executor >  local (207)
[48/723b7c] process > DeNovoAssembly [ 96%] 199 of 207

executor >  local (207)
[df/bbb820] process > DeNovoAssembly [ 97%] 200 of 207

executor >  local (207)
[a6/f18bcb] process > DeNovoAssembly [ 97%] 201 of 207

executor >  local (207)
[9e/ac9ca2] process > DeNovoAssembly [ 98%] 202 of 207

executor >  local (207)
[ef/5412a5] process > DeNovoAssembly [ 98%] 203 of 207

executor >  local (207)
[d8/e8fbc2] process > DeNovoAssembly [ 99%] 205 of 207

executor >  local (207)
[ea/e5604b] process > DeNovoAssembly [100%] 206 of 207

executor >  local (207)
[f5/4bb4bd] process > DeNovoAssembly [100%] 207 of 207 ✔
Oops .. something went wrong
Oops .. something went wrong

executor >  local (207)
[f5/4bb4bd] process > DeNovoAssembly [100%] 207 of 207 ✔
ERROR ~ Error executing process > 'StringTie_Merge_Reference_Guided'

Caused by:
  Process `StringTie_Merge_Reference_Guided` input file name collision -- There are multiple input files for each of the following file names: A0121_S163_L002_deduplicated.stringtie.gtf, A0253_S22_L001_deduplicated.stringtie.gtf, RA0449_PBMC_D003_S8_deduplicated.stringtie.gtf, A0338_S89_L001_deduplicated.stringtie.gtf, A0347_S80_L001_deduplicated.stringtie.gtf, A0037_S181_L002_deduplicated.stringtie.gtf, A0052_S177_L002_deduplicated.stringtie.gtf, A0297_S14_L001_deduplicated.stringtie.gtf, A0301_S189_L002_deduplicated.stringtie.gtf, A0359_S66_L001_deduplicated.stringtie.gtf, A0289_S125_L002_deduplicated.stringtie.gtf, A0206_S144_L002_deduplicated.stringtie.gtf, A0211_S106_L002_deduplicated.stringtie.gtf, A0349_S78_L001_deduplicated.stringtie.gtf, A0352_S75_L001_deduplicated.stringtie.gtf, A0022_S185_L002_deduplicated.stringtie.gtf, A0306_S11_L001_deduplicated.stringtie.gtf, A0341_S86_L001_deduplicated.stringtie.gtf, A0274_S129_L002_deduplicated.stringtie.gtf, H2O_QIA_S97_L002_deduplicated.stringtie.gtf, A0310_S46_L001_deduplicated.stringtie.gtf, A0373_S52_L001_deduplicated.stringtie.gtf, A0362_S63_L001_deduplicated.stringtie.gtf, A0321_S35_L001_deduplicated.stringtie.gtf, A0164_S153_L002_deduplicated.stringtie.gtf, A0319_S37_L001_deduplicated.stringtie.gtf, A0107_S166_L002_deduplicated.stringtie.gtf, A0246_S135_L002_deduplicated.stringtie.gtf, A0329_S27_L001_deduplicated.stringtie.gtf, A0303_S187_L002_deduplicated.stringtie.gtf, A0318_S38_L001_deduplicated.stringtie.gtf, H2O_KFF-190812_S14_deduplicated.stringtie.gtf, RA0700-Liver_S9_deduplicated.stringtie.gtf, NTC_H2O-G1_S25_L001_deduplicated.stringtie.gtf, A0316_S40_L001_deduplicated.stringtie.gtf, A0260_S132_L002_deduplicated.stringtie.gtf, A0351_S76_L001_deduplicated.stringtie.gtf, A0339_S88_L001_deduplicated.stringtie.gtf, RA1803-D006_S4_L001_deduplicated.stringtie.gtf, RA1082-Blood-BL_S5_deduplicated.stringtie.gtf, A0340_S87_L001_deduplicated.stringtie.gtf, RA0452_PBMC_D005_S10_deduplicated.stringtie.gtf, A0372_S53_L001_deduplicated.stringtie.gtf, RA1819_WB_D-28_S1_deduplicated.stringtie.gtf, RA1779-Liver_S7_deduplicated.stringtie.gtf, A0361_S64_L001_deduplicated.stringtie.gtf, A0162_S155_L002_deduplicated.stringtie.gtf, A0281_S20_L001_deduplicated.stringtie.gtf, A0307_S48_L001_deduplicated.stringtie.gtf, A0009_S139_L002_deduplicated.stringtie.gtf, RA0223-Liver_S8_deduplicated.stringtie.gtf, A0024_S183_L002_deduplicated.stringtie.gtf, A0248_S133_L002_deduplicated.stringtie.gtf, A0204_S146_L002_deduplicated.stringtie.gtf, A0092_S170_L002_deduplicated.stringtie.gtf, A0197_S107_L002_deduplicated.stringtie.gtf, A0134_S161_L002_deduplicated.stringtie.gtf, A0276_S127_L002_deduplicated.stringtie.gtf, A0336_S91_L001_deduplicated.stringtie.gtf, A0267_S21_L001_deduplicated.stringtie.gtf, A0312_S44_L001_deduplicated.stringtie.gtf, A0371_S54_L001_deduplicated.stringtie.gtf, A0360_S65_L001_deduplicated.stringtie.gtf, A0323_S33_L001_deduplicated.stringtie.gtf, A0191_S148_L002_deduplicated.stringtie.gtf, A0001_S121_L002_deduplicated.stringtie.gtf, A0093_S169_L002_deduplicated.stringtie.gtf, A0328_S28_L001_deduplicated.stringtie.gtf, A0298_S192_L002_deduplicated.stringtie.gtf, A0317_S39_L001_deduplicated.stringtie.gtf, A0305_S12_L001_deduplicated.stringtie.gtf, A0155_S110_L002_deduplicated.stringtie.gtf, A0320_S36_L001_deduplicated.stringtie.gtf, A0290_S124_L002_deduplicated.stringtie.gtf, A0008_S140_L002_deduplicated.stringtie.gtf, A0106_S167_L002_deduplicated.stringtie.gtf, RA0452-D005_S7_L001_deduplicated.stringtie.gtf, A0239_S23_L001_deduplicated.stringtie.gtf, A0335_S92_L001_deduplicated.stringtie.gtf, A0346_S81_L001_deduplicated.stringtie.gtf, RA0700-Blood-D7-NEC_S2_deduplicated.stringtie.gtf, A0192_S147_L002_deduplicated.stringtie.gtf, A0050_S179_L002_deduplicated.stringtie.gtf, A0368_S57_L001_deduplicated.stringtie.gtf, A0332_S95_L001_deduplicated.stringtie.gtf, RA1818-Blood-D6-NEC_S1_deduplicated.stringtie.gtf, A0326_S30_L001_deduplicated.stringtie.gtf, A0315_S41_L001_deduplicated.stringtie.gtf, A0357_S68_L001_deduplicated.stringtie.gtf, H2O_KFF_S3_L001_deduplicated.stringtie.gtf, A0219_S142_L002_deduplicated.stringtie.gtf, NTC_H2O-J2_S123_L002_deduplicated.stringtie.gtf, A0015_S120_L002_deduplicated.stringtie.gtf, RA0700-Blood-BL_S3_deduplicated.stringtie.gtf, A0348_S79_L001_deduplicated.stringtie.gtf, H2O_LC-190814_S15_deduplicated.stringtie.gtf, RA1819_WB_D000_S3_deduplicated.stringtie.gtf, A0085_S115_L002_deduplicated.stringtie.gtf, A0355_S70_L001_deduplicated.stringtie.gtf, A0218_S143_L002_deduplicated.stringtie.gtf, A0099_S114_L002_deduplicated.stringtie.gtf, A0094_S168_L002_deduplicated.stringtie.gtf, H2O_LC_S98_L002_deduplicated.stringtie.gtf, A0374_S51_L001_deduplicated.stringtie.gtf, A0363_S62_L001_deduplicated.stringtie.gtf, A0023_S184_L002_deduplicated.stringtie.gtf, NTC_H2O-M1_S122_L002_deduplicated.stringtie.gtf, RA0717-Liver_S10_deduplicated.stringtie.gtf, A0135_S160_L002_deduplicated.stringtie.gtf, A0071_S116_L002_deduplicated.stringtie.gtf, A0344_S83_L001_deduplicated.stringtie.gtf, A0354_S71_L001_deduplicated.stringtie.gtf, A0038_S180_L002_deduplicated.stringtie.gtf, A0365_S60_L001_deduplicated.stringtie.gtf, A0108_S165_L002_deduplicated.stringtie.gtf, A0080_S171_L002_deduplicated.stringtie.gtf, A0327_S29_L001_deduplicated.stringtie.gtf, A0232_S138_L002_deduplicated.stringtie.gtf, A0122_S162_L002_deduplicated.stringtie.gtf, A0010_S19_L001_deduplicated.stringtie.gtf, NTC-H2O-H1_S73_L001_deduplicated.stringtie.gtf, NTC_H2O-M2_S18_L001_deduplicated.stringtie.gtf, A0302_S188_L002_deduplicated.stringtie.gtf, A0178_S150_L002_deduplicated.stringtie.gtf, A0150_S156_L002_deduplicated.stringtie.gtf, A0036_S182_L002_deduplicated.stringtie.gtf, A0183_S108_L002_deduplicated.stringtie.gtf, A0288_S126_L002_deduplicated.stringtie.gtf, A0370_S55_L001_deduplicated.stringtie.gtf, RA1325-D006_S5_L001_deduplicated.stringtie.gtf, RA1856_WB_D000_S6_deduplicated.stringtie.gtf, A0163_S154_L002_deduplicated.stringtie.gtf, A0079_S172_L002_deduplicated.stringtie.gtf, A0375_S50_L001_deduplicated.stringtie.gtf, RA1856_WB_D-14_S5_deduplicated.stringtie.gtf, A0364_S61_L001_deduplicated.stringtie.gtf, H2O_QIA-190813_S16_deduplicated.stringtie.gtf, A0141_S111_L002_deduplicated.stringtie.gtf, RA0717-D004_S104_L002_deduplicated.stringtie.gtf, A0051_S178_L002_deduplicated.stringtie.gtf, A0247_S134_L002_deduplicated.stringtie.gtf, A0313_S43_L001_deduplicated.stringtie.gtf, A0324_S32_L001_deduplicated.stringtie.gtf, A0029_S119_L002_deduplicated.stringtie.gtf, A0113_S113_L002_deduplicated.stringtie.gtf, NTC_H2O-B1_S17_L001_deduplicated.stringtie.gtf, A0367_S58_L001_deduplicated.stringtie.gtf, A0356_S69_L001_deduplicated.stringtie.gtf, A0299_S191_L002_deduplicated.stringtie.gtf, RA1325_PBMC_D006_S12_deduplicated.stringtie.gtf, A0190_S149_L002_deduplicated.stringtie.gtf, NTC_H2O-H2_S72_L001_deduplicated.stringtie.gtf, RA1074-D006_S6_L001_deduplicated.stringtie.gtf, RA1803-Liver_S12_deduplicated.stringtie.gtf, A0205_S145_L002_deduplicated.stringtie.gtf, A0043_S118_L002_deduplicated.stringtie.gtf, A0350_S77_L001_deduplicated.stringtie.gtf, RA1082-Blood-D0_S4_deduplicated.stringtie.gtf, A0057_S117_L002_deduplicated.stringtie.gtf, RA1074_PBMC_D006_S11_deduplicated.stringtie.gtf, A0261_S131_L002_deduplicated.stringtie.gtf, A0309_S10_L001_deduplicated.stringtie.gtf, A0169_S109_L002_deduplicated.stringtie.gtf, RA0449-D003_S105_L002_deduplicated.stringtie.gtf, A0064_S176_L002_deduplicated.stringtie.gtf, A0127_S112_L002_deduplicated.stringtie.gtf, RA1819_WB_D-14_S2_deduplicated.stringtie.gtf, A0148_S158_L002_deduplicated.stringtie.gtf, NTC_H2O-H3_S49_L001_deduplicated.stringtie.gtf, NTC_H2O-I1_S186_L002_deduplicated.stringtie.gtf, A0078_S173_L002_deduplicated.stringtie.gtf, RA0717_PBMC_D004_S9_deduplicated.stringtie.gtf, A0149_S157_L002_deduplicated.stringtie.gtf, A0262_S130_L002_deduplicated.stringtie.gtf, A0330_S26_L001_deduplicated.stringtie.gtf, A0233_S137_L002_deduplicated.stringtie.gtf, A0065_S175_L002_deduplicated.stringtie.gtf, RA0850-Liver_S11_deduplicated.stringtie.gtf, A0304_S13_L001_deduplicated.stringtie.gtf, A0300_S190_L002_deduplicated.stringtie.gtf, A0177_S151_L002_deduplicated.stringtie.gtf, A0369_S56_L001_deduplicated.stringtie.gtf, A0358_S67_L001_deduplicated.stringtie.gtf, A0308_S47_L001_deduplicated.stringtie.gtf, A0337_S90_L001_deduplicated.stringtie.gtf, RA0223_PBMC_D003_S7_deduplicated.stringtie.gtf, RA1856_WB_D-28_S4_deduplicated.stringtie.gtf, A0136_S159_L002_deduplicated.stringtie.gtf, A0366_S59_L001_deduplicated.stringtie.gtf, A0334_S93_L001_deduplicated.stringtie.gtf, A0225_S24_L001_deduplicated.stringtie.gtf, A0120_S164_L002_deduplicated.stringtie.gtf, A0345_S82_L001_deduplicated.stringtie.gtf, A0314_S42_L001_deduplicated.stringtie.gtf, A0066_S174_L002_deduplicated.stringtie.gtf, A0234_S136_L002_deduplicated.stringtie.gtf, A0331_S96_L001_deduplicated.stringtie.gtf, A0325_S31_L001_deduplicated.stringtie.gtf, A0220_S141_L002_deduplicated.stringtie.gtf, RA1803_PBMC_D006_S13_deduplicated.stringtie.gtf, A0353_S74_L001_deduplicated.stringtie.gtf, A0342_S85_L001_deduplicated.stringtie.gtf, A0295_S16_L001_deduplicated.stringtie.gtf, A0311_S45_L001_deduplicated.stringtie.gtf, A0176_S152_L002_deduplicated.stringtie.gtf, A0322_S34_L001_deduplicated.stringtie.gtf


Tip: you can try to figure out what's wrong by changing to the process work dir and showing the script file named `.command.sh`

 -- Check '.nextflow.log' file for details
