N E X T F L O W  ~  version 19.03.0-edge
Launching `/gpfs/projects/bsc83/Projects/Ebola/code/ebola/BroadAnnotation/01_prediction.nf` [nice_lavoisier] - revision: aafd4f038c
WARN: There's no process matching config selector: runRSeQC
==============================================
Merge stringtie assemblies and perform prediction
==============================================
==============================================
lncRNA Annotation w/ FeelNC
==============================================
executor >  local (1)
[f5/cb23ef] process > ChangeChromosome [  0%] 0 of 1
Oops .. something went wrong

executor >  local (1)
[f5/cb23ef] process > ChangeChromosome [100%] 1 of 1, failed: 1 ✘
ERROR ~ Error executing process > 'ChangeChromosome (1)'

Caused by:
  Process `ChangeChromosome (1)` terminated with an error exit status (2)

Command executed:

  Rscript convert_annotation.R stringtie_merged_reference_guided.gtf "stringtie_merged_reference_guided_ensembl.gtf"

Command exit status:
  2

Command output:
  Fatal error: cannot open file 'convert_annotation.R': No such file or directory

Command error:
  WARNING: seccomp requested but not enabled, seccomp library is missing or too old

Work dir:
  /gpfs/projects/bsc83/Data/Ebola/work/f5/cb23efaa040200cb13634d8f96997c

Tip: view the complete command output by changing to the process work dir and entering the command `cat .command.out`

 -- Check '.nextflow.log' file for details
