N E X T F L O W  ~  version 19.03.0-edge
Launching `/gpfs/projects/bsc83/Projects/Ebola/code/ebola/BroadAnnotation/99_cpc2.nf` [focused_perlman] - revision: 15338e8b12
WARN: There's no process matching config selector: gffCompare
==============================================
Quantification and Filtering
==============================================
WARN: Access to undefined parameter `mrnas_predicted` -- Initialise it to a default value eg. `params.mrnas_predicted = some_value`
executor >  local (1)
[0d/c1cf8b] process > getFinalAnnotation [  0%] 0 of 1
Oops .. something went wrong

executor >  local (1)
[0d/c1cf8b] process > getFinalAnnotation [100%] 1 of 1, failed: 1 ✘
ERROR ~ Error executing process > 'getFinalAnnotation (1)'

Caused by:
  Process `getFinalAnnotation (1)` terminated with an error exit status (1)

Command executed:

  Rscript 03_concordant_and_merge.R cpc2_pred.txt cpat_pred.ORF_prob.tsv CNCI2.index candidates.gtf rheMac10_EBOV-Kikwit_UCSC.gtf rheMac10_EBOV_and_novel.gtf rheMac10_EBOV_and_novel_genenames.gtf

Command exit status:
  1

Command output:
  [99856] "ENSMMUG00000008967.4" "ENSMMUG00000008967.4" "ENSMMUG00000008967.4"
  [99859] "ENSMMUG00000008967.4" "ENSMMUG00000008967.4" "ENSMMUG00000008967.4"
  [99862] "ENSMMUG00000008967.4" "ENSMMUG00000008967.4" "ENSMMUG00000008967.4"
  [99865] "ENSMMUG00000008967.4" "ENSMMUG00000008967.4" "ENSMMUG00000008967.4"
  [99868] "ENSMMUG00000008967.4" "ENSMMUG00000008967.4" "ENSMMUG00000008967.4"
  [99871] "ENSMMUG00000008967.4" "ENSMMUG00000008967.4" "ENSMMUG00000008967.4"
  [99874] "ENSMMUG00000008967.4" "ENSMMUG00000008967.4" "ENSMMUG00000008967.4"
  [99877] "ENSMMUG00000008967.4" "ENSMMUG00000008967.4" "ENSMMUG00000008967.4"
  [99880] "ENSMMUG00000008967.4" "ENSMMUG00000008967.4" "ENSMMUG00000008967.4"
  [99883] "ENSMMUG00000008967.4" "ENSMMUG00000008967.4" "ENSMMUG00000008967.4"
  [99886] "ENSMMUG00000008967.4" "ENSMMUG00000008967.4" "ENSMMUG00000008967.4"
  [99889] "ENSMMUG00000008967.4" "ENSMMUG00000008967.4" "ENSMMUG00000008967.4"
  [99892] "ENSMMUG00000008967.4" "ENSMMUG00000008967.4" "ENSMMUG00000063853.1"
  [99895] "ENSMMUG00000063853.1" "ENSMMUG00000063853.1" "ENSMMUG00000058261.1"
  [99898] "ENSMMUG00000058261.1" "ENSMMUG00000058261.1" "ENSMMUG00000058261.1"
  [99901] "ENSMMUG00000058261.1" "ENSMMUG00000058261.1" "ENSMMUG00000058261.1"
  [99904] "ENSMMUG00000058261.1" "ENSMMUG00000058261.1" "ENSMMUG00000058261.1"
  [99907] "ENSMMUG00000017674.4" "ENSMMUG00000017674.4" "ENSMMUG00000017674.4"
  [99910] "ENSMMUG00000017674.4" "ENSMMUG00000017674.4" "ENSMMUG00000017674.4"
  [99913] "ENSMMUG00000017674.4" "ENSMMUG00000017674.4" "ENSMMUG00000017674.4"
  [99916] "ENSMMUG00000017674.4" "ENSMMUG00000017674.4" "ENSMMUG00000017674.4"
  [99919] "ENSMMUG00000017674.4" "ENSMMUG00000017674.4" "ENSMMUG00000017674.4"
  [99922] "ENSMMUG00000017674.4" "ENSMMUG00000017674.4" "ENSMMUG00000017674.4"
  [99925] "ENSMMUG00000017674.4" "ENSMMUG00000017674.4" "ENSMMUG00000017674.4"
  [99928] "ENSMMUG00000017674.4" "ENSMMUG00000017674.4" "ENSMMUG00000017674.4"
  [99931] "ENSMMUG00000017674.4" "ENSMMUG00000017674.4" "ENSMMUG00000017674.4"
  [99934] "ENSMMUG00000017674.4" "ENSMMUG00000017674.4" "ENSMMUG00000017674.4"
  [99937] "ENSMMUG00000017674.4" "ENSMMUG00000017674.4" "ENSMMUG00000017674.4"
  [99940] "ENSMMUG00000017674.4" "ENSMMUG00000017674.4" "ENSMMUG00000017674.4"
  [99943] "ENSMMUG00000017674.4" "ENSMMUG00000017674.4" "ENSMMUG00000017674.4"
  [99946] "ENSMMUG00000017674.4" "ENSMMUG00000017674.4" "ENSMMUG00000017674.4"
  [99949] "ENSMMUG00000017674.4" "ENSMMUG00000017674.4" "ENSMMUG00000017674.4"
  [99952] "ENSMMUG00000017674.4" "ENSMMUG00000017674.4" "ENSMMUG00000017674.4"
  [99955] "ENSMMUG00000017674.4" "ENSMMUG00000017674.4" "ENSMMUG00000017674.4"
  [99958] "ENSMMUG00000017674.4" "ENSMMUG00000017674.4" "ENSMMUG00000017674.4"
  [99961] "ENSMMUG00000017674.4" "ENSMMUG00000017674.4" "ENSMMUG00000017674.4"
  [99964] "ENSMMUG00000017674.4" "ENSMMUG00000017674.4" "ENSMMUG00000017674.4"
  [99967] "ENSMMUG00000017674.4" "ENSMMUG00000017674.4" "ENSMMUG00000017674.4"
  [99970] "ENSMMUG00000017674.4" "ENSMMUG00000017674.4" "ENSMMUG00000051252.1"
  [99973] "ENSMMUG00000051252.1" "ENSMMUG00000026815.3" "ENSMMUG00000026815.3"
  [99976] "ENSMMUG00000050852.1" "ENSMMUG00000050852.1" "ENSMMUG00000021535.4"
  [99979] "ENSMMUG00000021535.4" "ENSMMUG00000021535.4" "ENSMMUG00000021535.4"
  [99982] "ENSMMUG00000021535.4" "ENSMMUG00000021535.4" "ENSMMUG00000021535.4"
  [99985] "ENSMMUG00000021535.4" "ENSMMUG00000021535.4" "ENSMMUG00000021535.4"
  [99988] "ENSMMUG00000021535.4" "ENSMMUG00000021535.4" "ENSMMUG00000021535.4"
  [99991] "ENSMMUG00000021535.4" "ENSMMUG00000021535.4" "ENSMMUG00000021535.4"
  [99994] "ENSMMUG00000021535.4" "ENSMMUG00000021535.4" "ENSMMUG00000021535.4"
  [99997] "ENSMMUG00000021535.4" "ENSMMUG00000021535.4" "ENSMMUG00000021535.4"
   [ reached getOption("max.print") -- omitted 1300912 entries ]
  [1] "---1 "

Command error:
      union, unique, unsplit, which, which.max, which.min
  
  Loading required package: S4Vectors
  
  Attaching package: ‘S4Vectors’
  
  The following object is masked from ‘package:base’:
  
      expand.grid
  
  Loading required package: IRanges
  Loading required package: GenomeInfoDb
  
  Attaching package: ‘dplyr’
  
  The following objects are masked from ‘package:GenomicRanges’:
  
      intersect, setdiff, union
  
  The following object is masked from ‘package:GenomeInfoDb’:
  
      intersect
  
  The following objects are masked from ‘package:IRanges’:
  
      collapse, desc, intersect, setdiff, slice, union
  
  The following objects are masked from ‘package:S4Vectors’:
  
      first, intersect, rename, setdiff, setequal, union
  
  The following objects are masked from ‘package:BiocGenerics’:
  
      combine, intersect, setdiff, union
  
  The following objects are masked from ‘package:stats’:
  
      filter, lag
  
  The following objects are masked from ‘package:base’:
  
      intersect, setdiff, setequal, union
  
  `summarise()` ungrouping output (override with `.groups` argument)
  `summarise()` ungrouping output (override with `.groups` argument)
  `summarise()` ungrouping output (override with `.groups` argument)
  Error in `[[<-`(`*tmp*`, name, value = "-unknown") : 
    1 elements in value to replace 0 elements
  Calls: $<- -> $<- -> [[<- -> [[<-
  Execution halted

Work dir:
  /gpfs/projects/bsc83/Data/Ebola/work/0d/c1cf8ba7ede72d232af7ce717819a8

Tip: when you have fixed the problem you can continue the execution appending to the nextflow command line the option `-resume`

 -- Check '.nextflow.log' file for details
