N E X T F L O W  ~  version 19.03.0-edge
Launching `/gpfs/projects/bsc83/Projects/Ebola/code/ebola/BroadAnnotation/05_requantify_broad.nf` [goofy_heisenberg] - revision: bffe802961
WARN: There's no process matching config selector: runRSeQC
==============================================
Merge stringtie assemblies and perform prediction
==============================================
WARN: The `into` operator should be used to connect two or more target channels -- consider to replace it with `.set { bams }`
WARN: Input `set` must define at least two component -- Check process `stringtie`
executor >  local (25)
[f5/10dbd9] process > stringtie [  0%] 0 of 25

executor >  local (48)
[85/fb4610] process > stringtie [  0%] 0 of 48

executor >  local (49)
[26/9eff8a] process > stringtie [  2%] 1 of 49

executor >  local (50)
[f5/98b252] process > stringtie [  4%] 2 of 50

executor >  local (51)
[18/983547] process > stringtie [  6%] 3 of 51

executor >  local (52)
[70/a87044] process > stringtie [  8%] 4 of 52

executor >  local (53)
[39/09918f] process > stringtie [  9%] 5 of 53

executor >  local (54)
[3a/53233d] process > stringtie [ 11%] 6 of 54

executor >  local (55)
[69/6ec2f6] process > stringtie [ 13%] 7 of 55

executor >  local (56)
[99/790ce5] process > stringtie [ 14%] 8 of 56

executor >  local (57)
[37/10eb1c] process > stringtie [ 16%] 9 of 57

executor >  local (58)
[f8/675b6a] process > stringtie [ 17%] 10 of 58

executor >  local (58)
[c0/8a029e] process > stringtie [ 19%] 11 of 58

executor >  local (59)
[ca/802486] process > stringtie [ 19%] 11 of 59

executor >  local (60)
[52/696554] process > stringtie [ 20%] 12 of 60

executor >  local (61)
[8d/11b0c9] process > stringtie [ 21%] 13 of 61

executor >  local (62)
[36/300c0f] process > stringtie [ 23%] 14 of 62

executor >  local (63)
[99/80af02] process > stringtie [ 24%] 15 of 63

executor >  local (64)
[69/6ec2f6] process > stringtie [ 25%] 16 of 64

executor >  local (65)
[6e/ba242c] process > stringtie [ 26%] 17 of 65

executor >  local (66)
[04/3bb229] process > stringtie [ 27%] 18 of 66

executor >  local (67)
[39/7211f8] process > stringtie [ 28%] 19 of 67

executor >  local (68)
[60/c0e881] process > stringtie [ 29%] 20 of 68

executor >  local (69)
[3f/ea26ff] process > stringtie [ 30%] 21 of 69

executor >  local (70)
[c8/8853cd] process > stringtie [ 31%] 22 of 70

executor >  local (71)
[54/02897f] process > stringtie [ 32%] 23 of 71

executor >  local (72)
[0f/c1faf8] process > stringtie [ 33%] 24 of 72

executor >  local (73)
[07/ee8225] process > stringtie [ 34%] 25 of 73

executor >  local (74)
[0d/38fb1b] process > stringtie [ 35%] 26 of 74

executor >  local (75)
[89/4a4a4c] process > stringtie [ 36%] 27 of 75

executor >  local (76)
[9a/4b5507] process > stringtie [ 37%] 28 of 76

executor >  local (77)
[ba/f6a793] process > stringtie [ 38%] 29 of 77

executor >  local (78)
[22/c1468f] process > stringtie [ 38%] 30 of 78

executor >  local (79)
[9f/097c90] process > stringtie [ 39%] 31 of 79

executor >  local (80)
[1e/dd036c] process > stringtie [ 40%] 32 of 80

executor >  local (81)
[6c/efd12c] process > stringtie [ 41%] 33 of 81

executor >  local (83)
[01/d1ea09] process > stringtie [ 42%] 35 of 83

executor >  local (84)
[74/d44313] process > stringtie [ 43%] 36 of 84

executor >  local (85)
[bd/01b9fe] process > stringtie [ 44%] 37 of 85

executor >  local (86)
[02/1210d9] process > stringtie [ 44%] 38 of 86

executor >  local (87)
[35/871729] process > stringtie [ 45%] 39 of 87

executor >  local (88)
[ed/5464ea] process > stringtie [ 45%] 40 of 88

executor >  local (89)
[84/4648e3] process > stringtie [ 46%] 41 of 89

executor >  local (90)
[60/c0e881] process > stringtie [ 47%] 42 of 90

executor >  local (91)
[bc/d9af98] process > stringtie [ 47%] 43 of 91

executor >  local (92)
[3a/53233d] process > stringtie [ 48%] 44 of 92

executor >  local (93)
[97/50526c] process > stringtie [ 48%] 45 of 93

executor >  local (94)
[e3/125c99] process > stringtie [ 49%] 46 of 94

executor >  local (95)
[0e/808b22] process > stringtie [ 49%] 47 of 95

executor >  local (96)
[29/c11ce1] process > stringtie [ 50%] 48 of 96

executor >  local (97)
[ac/461cbf] process > stringtie [ 51%] 49 of 97

executor >  local (98)
[1e/103dca] process > stringtie [ 51%] 50 of 98

executor >  local (99)
[6d/29399e] process > stringtie [ 52%] 51 of 99

executor >  local (100)
[94/3b32e0] process > stringtie [ 52%] 52 of 100

executor >  local (101)
[39/09918f] process > stringtie [ 52%] 53 of 101

executor >  local (102)
[14/84a753] process > stringtie [ 53%] 54 of 102

executor >  local (103)
[94/d2fd3a] process > stringtie [ 53%] 55 of 103

executor >  local (104)
[d8/d300a5] process > stringtie [ 54%] 56 of 104

executor >  local (105)
[45/b41cba] process > stringtie [ 54%] 57 of 105

executor >  local (106)
[61/019457] process > stringtie [ 55%] 58 of 106

executor >  local (107)
[a3/ca895d] process > stringtie [ 55%] 59 of 107

executor >  local (108)
[85/484384] process > stringtie [ 56%] 60 of 108

executor >  local (109)
[3f/ea26ff] process > stringtie [ 56%] 61 of 109

executor >  local (110)
[5d/99d499] process > stringtie [ 56%] 62 of 110

executor >  local (111)
[dd/533e48] process > stringtie [ 57%] 63 of 111

executor >  local (112)
[39/7211f8] process > stringtie [ 57%] 64 of 112

executor >  local (113)
[6e/59d01d] process > stringtie [ 58%] 65 of 113

executor >  local (114)
[3b/421dfd] process > stringtie [ 58%] 66 of 114

executor >  local (115)
[f8/675b6a] process > stringtie [ 58%] 67 of 115

executor >  local (116)
[07/ee8225] process > stringtie [ 59%] 68 of 116

executor >  local (117)
[16/0e61ce] process > stringtie [ 59%] 69 of 117

executor >  local (118)
[36/300c0f] process > stringtie [ 59%] 70 of 118

executor >  local (119)
[fc/85afc6] process > stringtie [ 60%] 71 of 119

executor >  local (120)
[99/790ce5] process > stringtie [ 60%] 72 of 120

executor >  local (121)
[ca/802486] process > stringtie [ 60%] 73 of 121

executor >  local (122)
[e6/f1e51e] process > stringtie [ 61%] 74 of 122

executor >  local (123)
[6e/35a5cb] process > stringtie [ 61%] 75 of 123

executor >  local (124)
[fe/84954b] process > stringtie [ 61%] 76 of 124

executor >  local (125)
[94/3b32e0] process > stringtie [ 62%] 77 of 125

executor >  local (126)
[48/4783f9] process > stringtie [ 62%] 78 of 126

executor >  local (127)
[ba/f6a793] process > stringtie [ 62%] 79 of 127

executor >  local (128)
[77/687ee1] process > stringtie [ 63%] 80 of 128

executor >  local (129)
[37/10eb1c] process > stringtie [ 63%] 81 of 129

executor >  local (130)
[02/1210d9] process > stringtie [ 63%] 82 of 130

executor >  local (131)
[7d/f8edfd] process > stringtie [ 63%] 83 of 131

executor >  local (132)
[c8/f0f1a4] process > stringtie [ 64%] 84 of 132

executor >  local (133)
[c8/8853cd] process > stringtie [ 64%] 85 of 133

executor >  local (134)
[a9/fccadc] process > stringtie [ 64%] 86 of 134

executor >  local (135)
[97/50526c] process > stringtie [ 64%] 87 of 135

executor >  local (136)
[d3/291281] process > stringtie [ 65%] 88 of 136

executor >  local (137)
[29/c11ce1] process > stringtie [ 65%] 89 of 137

executor >  local (138)
[ed/5464ea] process > stringtie [ 65%] 90 of 138

executor >  local (139)
[4e/c4ab45] process > stringtie [ 65%] 91 of 139

executor >  local (140)
[e2/209284] process > stringtie [ 66%] 92 of 140

executor >  local (141)
[99/80af02] process > stringtie [ 66%] 93 of 141

executor >  local (142)
[fe/84954b] process > stringtie [ 66%] 94 of 142

executor >  local (143)
[cd/67577f] process > stringtie [ 66%] 95 of 143

executor >  local (144)
[e1/7918af] process > stringtie [ 67%] 96 of 144

executor >  local (145)
[fd/313ba5] process > stringtie [ 67%] 97 of 145

executor >  local (146)
[c8/edae89] process > stringtie [ 67%] 98 of 146

executor >  local (147)
[e9/ba3228] process > stringtie [ 67%] 99 of 147

executor >  local (148)
[c2/2a8f5f] process > stringtie [ 68%] 100 of 148

executor >  local (149)
[7e/f00ee6] process > stringtie [ 68%] 101 of 149

executor >  local (150)
[9f/ba72ae] process > stringtie [ 68%] 102 of 150

executor >  local (151)
[d1/2d5cc3] process > stringtie [ 68%] 103 of 151

executor >  local (152)
[74/d44313] process > stringtie [ 68%] 104 of 152

executor >  local (153)
[f7/d2ac07] process > stringtie [ 69%] 105 of 153

executor >  local (154)
[8e/f6ad66] process > stringtie [ 69%] 106 of 154

executor >  local (155)
[7e/b78d9c] process > stringtie [ 69%] 107 of 155

executor >  local (156)
[e3/76e52b] process > stringtie [ 69%] 108 of 156

executor >  local (158)
[84/4648e3] process > stringtie [ 70%] 110 of 158

executor >  local (159)
[7d/24de11] process > stringtie [ 70%] 111 of 159

executor >  local (160)
[0b/3138ac] process > stringtie [ 70%] 112 of 160

executor >  local (161)
[0d/9347df] process > stringtie [ 70%] 113 of 161

executor >  local (162)
[f3/01a64d] process > stringtie [ 70%] 114 of 162

executor >  local (163)
[90/c95c23] process > stringtie [ 71%] 115 of 163

executor >  local (164)
[fd/1a76ae] process > stringtie [ 71%] 116 of 164

executor >  local (165)
[a1/bea653] process > stringtie [ 71%] 117 of 165

executor >  local (166)
[6c/41c6b8] process > stringtie [ 71%] 118 of 166

executor >  local (167)
[af/f5c0fe] process > stringtie [ 71%] 119 of 167

executor >  local (168)
[13/4e8cd5] process > stringtie [ 71%] 120 of 168

executor >  local (169)
[fc/53c710] process > stringtie [ 72%] 121 of 169

executor >  local (170)
[e2/77f4bc] process > stringtie [ 72%] 122 of 170

executor >  local (171)
[45/b41cba] process > stringtie [ 72%] 123 of 171

executor >  local (172)
[d3/bedb51] process > stringtie [ 72%] 124 of 172

executor >  local (173)
[47/3f2c2c] process > stringtie [ 72%] 125 of 173

executor >  local (175)
[34/5ebf4e] process > stringtie [ 73%] 127 of 175

executor >  local (176)
[3a/2191cd] process > stringtie [ 73%] 128 of 176

executor >  local (177)
[b9/2afa41] process > stringtie [ 73%] 129 of 177

executor >  local (178)
[cd/67577f] process > stringtie [ 73%] 130 of 178

executor >  local (179)
[1f/c16090] process > stringtie [ 73%] 131 of 179

executor >  local (180)
[c5/105d11] process > stringtie [ 73%] 132 of 180

executor >  local (181)
[b9/2afa41] process > stringtie [ 73%] 133 of 181

executor >  local (182)
[a2/07b6c0] process > stringtie [ 74%] 134 of 182

executor >  local (183)
[d1/821319] process > stringtie [ 74%] 135 of 183

executor >  local (184)
[19/0cf758] process > stringtie [ 74%] 136 of 184

executor >  local (185)
[51/e9993f] process > stringtie [ 74%] 137 of 185

executor >  local (186)
[ff/a665a8] process > stringtie [ 74%] 138 of 186

executor >  local (187)
[e2/b115f3] process > stringtie [ 74%] 139 of 187

executor >  local (188)
[fc/fc1ee3] process > stringtie [ 74%] 140 of 188

executor >  local (189)
[06/eea2e6] process > stringtie [ 75%] 141 of 189

executor >  local (190)
[09/537ca8] process > stringtie [ 75%] 142 of 190

executor >  local (191)
[8f/5e8eaf] process > stringtie [ 75%] 143 of 191

executor >  local (193)
[e2/209284] process > stringtie [ 75%] 145 of 193

executor >  local (194)
[48/4783f9] process > stringtie [ 75%] 146 of 194

executor >  local (195)
[74/c8bb7d] process > stringtie [ 75%] 147 of 195

executor >  local (197)
[3b/421dfd] process > stringtie [ 76%] 149 of 197

executor >  local (198)
[a6/69279a] process > stringtie [ 76%] 150 of 198

executor >  local (199)
[e3/125c99] process > stringtie [ 76%] 151 of 199

executor >  local (200)
[38/26e18d] process > stringtie [ 76%] 152 of 200

executor >  local (201)
[64/32dcd6] process > stringtie [ 76%] 152 of 201

executor >  local (201)
[22/3cbc2f] process > stringtie [ 76%] 153 of 201

executor >  local (202)
[7e/b78d9c] process > stringtie [ 76%] 154 of 202

executor >  local (203)
[00/cef1a2] process > stringtie [ 76%] 155 of 203

executor >  local (204)
[d3/326743] process > stringtie [ 76%] 156 of 204

executor >  local (205)
[e3/76e52b] process > stringtie [ 77%] 157 of 205

executor >  local (206)
[f7/d2ac07] process > stringtie [ 77%] 158 of 206

executor >  local (207)
[fc/7a2088] process > stringtie [ 77%] 159 of 207

executor >  local (207)
[c1/acab8a] process > stringtie [ 77%] 160 of 207

executor >  local (207)
[2c/2a2e93] process > stringtie [ 78%] 161 of 207

executor >  local (207)
[0b/3138ac] process > stringtie [ 78%] 162 of 207

executor >  local (207)
[2c/0ecee6] process > stringtie [ 79%] 163 of 207

executor >  local (207)
[59/150b48] process > stringtie [ 79%] 164 of 207

executor >  local (207)
[e2/77f4bc] process > stringtie [ 80%] 165 of 207

executor >  local (207)
[d9/157e63] process > stringtie [ 80%] 166 of 207

executor >  local (207)
[90/c95c23] process > stringtie [ 81%] 167 of 207

executor >  local (207)
[c2/2a8f5f] process > stringtie [ 81%] 168 of 207

executor >  local (207)
[d1/6ca990] process > stringtie [ 82%] 169 of 207

executor >  local (207)
[d1/2d5cc3] process > stringtie [ 82%] 170 of 207

executor >  local (207)
[a9/fccadc] process > stringtie [ 83%] 171 of 207

executor >  local (207)
[aa/7f71db] process > stringtie [ 83%] 172 of 207

executor >  local (207)
[28/f16702] process > stringtie [ 84%] 173 of 207

executor >  local (207)
[a2/07b6c0] process > stringtie [ 84%] 174 of 207

executor >  local (207)
[7c/1d038e] process > stringtie [ 85%] 175 of 207

executor >  local (207)
[3b/413fac] process > stringtie [ 85%] 176 of 207

executor >  local (207)
[72/0ddd9a] process > stringtie [ 86%] 177 of 207

executor >  local (207)
[c3/1573cd] process > stringtie [ 86%] 178 of 207

executor >  local (207)
[af/1d58d2] process > stringtie [ 86%] 179 of 207

executor >  local (207)
[13/4e8cd5] process > stringtie [ 87%] 180 of 207

executor >  local (207)
[af/f5c0fe] process > stringtie [ 87%] 181 of 207

executor >  local (207)
[c7/3be373] process > stringtie [ 88%] 182 of 207

executor >  local (207)
[34/5ebf4e] process > stringtie [ 88%] 183 of 207

executor >  local (207)
[c1/43aa9b] process > stringtie [ 89%] 184 of 207

executor >  local (207)
[8f/5e8eaf] process > stringtie [ 89%] 185 of 207

executor >  local (207)
[da/4c41df] process > stringtie [ 90%] 186 of 207

executor >  local (207)
[64/32dcd6] process > stringtie [ 90%] 187 of 207

executor >  local (207)
[4d/c3be11] process > stringtie [ 91%] 188 of 207

executor >  local (207)
[fb/3d059d] process > stringtie [ 91%] 189 of 207

executor >  local (207)
[c1/e68bb6] process > stringtie [ 92%] 190 of 207

executor >  local (207)
[46/fea37e] process > stringtie [ 92%] 191 of 207

executor >  local (207)
[d0/843b29] process > stringtie [ 93%] 192 of 207

executor >  local (207)
[af/79f8e6] process > stringtie [ 93%] 193 of 207

executor >  local (207)
[b7/a21d72] process > stringtie [ 94%] 194 of 207

executor >  local (207)
[3d/47d31c] process > stringtie [ 94%] 195 of 207

executor >  local (207)
[82/a0ff14] process > stringtie [ 95%] 196 of 207

executor >  local (207)
[20/5fcc4f] process > stringtie [ 95%] 197 of 207

executor >  local (207)
[d5/c292c3] process > stringtie [ 96%] 198 of 207

executor >  local (207)
[cf/c39408] process > stringtie [ 96%] 199 of 207

executor >  local (207)
[80/56dc1c] process > stringtie [ 97%] 200 of 207

executor >  local (207)
[90/1911b5] process > stringtie [ 97%] 201 of 207

executor >  local (207)
[c4/df99dd] process > stringtie [ 98%] 202 of 207

executor >  local (207)
[de/9f6fd2] process > stringtie [ 98%] 203 of 207

executor >  local (207)
[8a/63086a] process > stringtie [ 99%] 204 of 207

executor >  local (207)
[6f/818353] process > stringtie [ 99%] 205 of 207

executor >  local (207)
[86/cf6bd8] process > stringtie [100%] 206 of 207
Done!

executor >  local (207)
[86/ee8678] process > stringtie [100%] 207 of 207 ✔
Completed at: 19-Oct-2020 11:53:58
Duration    : 11m 42s
CPU hours   : 8.2
Succeeded   : 207

