N E X T F L O W  ~  version 19.03.0-edge
Launching `/gpfs/projects/bsc83/Projects/Ebola/code/ebola/BroadAnnotation/02_prediction.nf` [goofy_gilbert] - revision: f1bd69972f
WARN: There's no process matching config selector: gffCompare
==============================================
Quantification and Filtering
==============================================
WARN: Access to undefined parameter `mrnas_predicted` -- Initialise it to a default value eg. `params.mrnas_predicted = some_value`
executor >  local (1)
[46/1ca469] process > getFinalAnnotation [  0%] 0 of 1

executor >  local (1)
[46/1ca469] process > getFinalAnnotation [  0%] 0 of 1 ✔

executor >  local (17)
[46/1ca469] process > getFinalAnnotation [100%] 1 of 1 ✔
[cc/b6fdbe] process > stringtie          [  0%] 0 of 16

executor >  local (49)
[46/1ca469] process > getFinalAnnotation [100%] 1 of 1 ✔
[38/1ac2a3] process > stringtie          [  0%] 0 of 48

executor >  local (50)
[46/1ca469] process > getFinalAnnotation [100%] 1 of 1 ✔
[f6/0b9115] process > stringtie          [  2%] 1 of 49

executor >  local (51)
[46/1ca469] process > getFinalAnnotation [100%] 1 of 1 ✔
[19/672409] process > stringtie          [  4%] 2 of 50

executor >  local (53)
[46/1ca469] process > getFinalAnnotation [100%] 1 of 1 ✔
[ee/a512c2] process > stringtie          [  8%] 4 of 52

executor >  local (54)
[46/1ca469] process > getFinalAnnotation [100%] 1 of 1 ✔
[77/411708] process > stringtie          [  9%] 5 of 53

executor >  local (55)
[46/1ca469] process > getFinalAnnotation [100%] 1 of 1 ✔
[46/c2517b] process > stringtie          [ 11%] 6 of 54

executor >  local (56)
[46/1ca469] process > getFinalAnnotation [100%] 1 of 1 ✔
[c0/84b6d2] process > stringtie          [ 13%] 7 of 55

executor >  local (57)
[46/1ca469] process > getFinalAnnotation [100%] 1 of 1 ✔
[b6/83dbe1] process > stringtie          [ 14%] 8 of 56

executor >  local (58)
[46/1ca469] process > getFinalAnnotation [100%] 1 of 1 ✔
[3b/e2c6c1] process > stringtie          [ 16%] 9 of 57

executor >  local (59)
[46/1ca469] process > getFinalAnnotation [100%] 1 of 1 ✔
[d4/61a3a8] process > stringtie          [ 17%] 10 of 58

executor >  local (60)
[46/1ca469] process > getFinalAnnotation [100%] 1 of 1 ✔
[12/c55ff2] process > stringtie          [ 19%] 11 of 59

executor >  local (61)
[46/1ca469] process > getFinalAnnotation [100%] 1 of 1 ✔
[2e/1b1883] process > stringtie          [ 20%] 12 of 60

executor >  local (62)
[46/1ca469] process > getFinalAnnotation [100%] 1 of 1 ✔
[76/d6dc28] process > stringtie          [ 21%] 13 of 61

executor >  local (63)
[46/1ca469] process > getFinalAnnotation [100%] 1 of 1 ✔
[f5/6fd5ee] process > stringtie          [ 23%] 14 of 62

executor >  local (64)
[46/1ca469] process > getFinalAnnotation [100%] 1 of 1 ✔
[4c/81146a] process > stringtie          [ 24%] 15 of 63

executor >  local (65)
[46/1ca469] process > getFinalAnnotation [100%] 1 of 1 ✔
[1a/9b2e71] process > stringtie          [ 25%] 16 of 64

executor >  local (67)
[46/1ca469] process > getFinalAnnotation [100%] 1 of 1 ✔
[db/eab371] process > stringtie          [ 27%] 18 of 66

executor >  local (68)
[46/1ca469] process > getFinalAnnotation [100%] 1 of 1 ✔
[49/4a24ce] process > stringtie          [ 28%] 19 of 67

executor >  local (68)
[46/1ca469] process > getFinalAnnotation [100%] 1 of 1 ✔
[90/200f7e] process > stringtie          [ 30%] 20 of 67

executor >  local (69)
[46/1ca469] process > getFinalAnnotation [100%] 1 of 1 ✔
[ea/1ab03f] process > stringtie          [ 29%] 20 of 68

executor >  local (70)
[46/1ca469] process > getFinalAnnotation [100%] 1 of 1 ✔
[42/6a7fce] process > stringtie          [ 30%] 21 of 69

executor >  local (71)
[46/1ca469] process > getFinalAnnotation [100%] 1 of 1 ✔
[88/b2be53] process > stringtie          [ 31%] 22 of 70

executor >  local (72)
[46/1ca469] process > getFinalAnnotation [100%] 1 of 1 ✔
[cc/db5d97] process > stringtie          [ 32%] 23 of 71

executor >  local (73)
[46/1ca469] process > getFinalAnnotation [100%] 1 of 1 ✔
[eb/394f75] process > stringtie          [ 33%] 24 of 72

executor >  local (74)
[46/1ca469] process > getFinalAnnotation [100%] 1 of 1 ✔
[cb/237c48] process > stringtie          [ 34%] 25 of 73

executor >  local (75)
[46/1ca469] process > getFinalAnnotation [100%] 1 of 1 ✔
[8c/27ffa4] process > stringtie          [ 35%] 26 of 74

executor >  local (76)
[46/1ca469] process > getFinalAnnotation [100%] 1 of 1 ✔
[49/cbfbdf] process > stringtie          [ 36%] 27 of 75

executor >  local (77)
[46/1ca469] process > getFinalAnnotation [100%] 1 of 1 ✔
[3e/78efb9] process > stringtie          [ 37%] 28 of 76

executor >  local (78)
[46/1ca469] process > getFinalAnnotation [100%] 1 of 1 ✔
[a0/e6d2e8] process > stringtie          [ 38%] 29 of 77

executor >  local (79)
[46/1ca469] process > getFinalAnnotation [100%] 1 of 1 ✔
[38/a62ff8] process > stringtie          [ 38%] 30 of 78

executor >  local (80)
[46/1ca469] process > getFinalAnnotation [100%] 1 of 1 ✔
[d3/28ac9d] process > stringtie          [ 39%] 31 of 79

executor >  local (81)
[46/1ca469] process > getFinalAnnotation [100%] 1 of 1 ✔
[d2/0f47c9] process > stringtie          [ 40%] 32 of 80

executor >  local (82)
[46/1ca469] process > getFinalAnnotation [100%] 1 of 1 ✔
[7a/e42c30] process > stringtie          [ 41%] 33 of 81

executor >  local (83)
[46/1ca469] process > getFinalAnnotation [100%] 1 of 1 ✔
[81/f832f6] process > stringtie          [ 41%] 34 of 82

executor >  local (84)
[46/1ca469] process > getFinalAnnotation [100%] 1 of 1 ✔
[96/2d45b3] process > stringtie          [ 42%] 35 of 83

executor >  local (85)
[46/1ca469] process > getFinalAnnotation [100%] 1 of 1 ✔
[b1/e3e80f] process > stringtie          [ 43%] 36 of 84

executor >  local (86)
[46/1ca469] process > getFinalAnnotation [100%] 1 of 1 ✔
[f3/e235b6] process > stringtie          [ 44%] 37 of 85

executor >  local (87)
[46/1ca469] process > getFinalAnnotation [100%] 1 of 1 ✔
[12/cd6cf9] process > stringtie          [ 44%] 38 of 86

executor >  local (88)
[46/1ca469] process > getFinalAnnotation [100%] 1 of 1 ✔
[b1/c627c3] process > stringtie          [ 45%] 39 of 87

executor >  local (89)
[46/1ca469] process > getFinalAnnotation [100%] 1 of 1 ✔
[cc/c6ee74] process > stringtie          [ 45%] 40 of 88

executor >  local (90)
[46/1ca469] process > getFinalAnnotation [100%] 1 of 1 ✔
[1d/5a6360] process > stringtie          [ 46%] 41 of 89

executor >  local (91)
[46/1ca469] process > getFinalAnnotation [100%] 1 of 1 ✔
[77/411708] process > stringtie          [ 47%] 42 of 90

executor >  local (93)
[46/1ca469] process > getFinalAnnotation [100%] 1 of 1 ✔
[0e/f3773e] process > stringtie          [ 48%] 44 of 92

executor >  local (94)
[46/1ca469] process > getFinalAnnotation [100%] 1 of 1 ✔
[d4/aa83e9] process > stringtie          [ 48%] 45 of 93

executor >  local (95)
[46/1ca469] process > getFinalAnnotation [100%] 1 of 1 ✔
[ac/96a492] process > stringtie          [ 49%] 46 of 94

executor >  local (96)
[46/1ca469] process > getFinalAnnotation [100%] 1 of 1 ✔
[90/4f6f3b] process > stringtie          [ 49%] 47 of 95

executor >  local (97)
[46/1ca469] process > getFinalAnnotation [100%] 1 of 1 ✔
[a4/d06eb2] process > stringtie          [ 50%] 48 of 96

executor >  local (98)
[46/1ca469] process > getFinalAnnotation [100%] 1 of 1 ✔
[7e/c61662] process > stringtie          [ 51%] 49 of 97

executor >  local (99)
[46/1ca469] process > getFinalAnnotation [100%] 1 of 1 ✔
[bf/7cfd90] process > stringtie          [ 51%] 50 of 98

executor >  local (100)
[46/1ca469] process > getFinalAnnotation [100%] 1 of 1 ✔
[60/d86807] process > stringtie          [ 52%] 51 of 99

executor >  local (101)
[46/1ca469] process > getFinalAnnotation [100%] 1 of 1 ✔
[5a/29a0f8] process > stringtie          [ 52%] 52 of 100

executor >  local (102)
[46/1ca469] process > getFinalAnnotation [100%] 1 of 1 ✔
[9a/989417] process > stringtie          [ 52%] 53 of 101

executor >  local (103)
[46/1ca469] process > getFinalAnnotation [100%] 1 of 1 ✔
[cc/b6fdbe] process > stringtie          [ 53%] 54 of 102

executor >  local (104)
[46/1ca469] process > getFinalAnnotation [100%] 1 of 1 ✔
[69/6ca9ee] process > stringtie          [ 53%] 55 of 103

executor >  local (105)
[46/1ca469] process > getFinalAnnotation [100%] 1 of 1 ✔
[27/179406] process > stringtie          [ 54%] 56 of 104

executor >  local (106)
[46/1ca469] process > getFinalAnnotation [100%] 1 of 1 ✔
[04/58ea4d] process > stringtie          [ 54%] 57 of 105

executor >  local (107)
[46/1ca469] process > getFinalAnnotation [100%] 1 of 1 ✔
[51/4a838b] process > stringtie          [ 55%] 58 of 106

executor >  local (108)
[46/1ca469] process > getFinalAnnotation [100%] 1 of 1 ✔
[7e/019c25] process > stringtie          [ 55%] 59 of 107

executor >  local (109)
[46/1ca469] process > getFinalAnnotation [100%] 1 of 1 ✔
[16/143867] process > stringtie          [ 56%] 60 of 108

executor >  local (110)
[46/1ca469] process > getFinalAnnotation [100%] 1 of 1 ✔
[c8/156f5e] process > stringtie          [ 56%] 61 of 109

executor >  local (111)
[46/1ca469] process > getFinalAnnotation [100%] 1 of 1 ✔
[b4/1509f5] process > stringtie          [ 56%] 62 of 110

executor >  local (112)
[46/1ca469] process > getFinalAnnotation [100%] 1 of 1 ✔
[69/6ca9ee] process > stringtie          [ 57%] 63 of 111

executor >  local (113)
[46/1ca469] process > getFinalAnnotation [100%] 1 of 1 ✔
[dc/88deed] process > stringtie          [ 57%] 64 of 112

executor >  local (114)
[46/1ca469] process > getFinalAnnotation [100%] 1 of 1 ✔
[65/8b1035] process > stringtie          [ 58%] 65 of 113

executor >  local (115)
[46/1ca469] process > getFinalAnnotation [100%] 1 of 1 ✔
[cc/ba84c7] process > stringtie          [ 58%] 66 of 114

executor >  local (116)
[46/1ca469] process > getFinalAnnotation [100%] 1 of 1 ✔
[2f/1c52d0] process > stringtie          [ 58%] 67 of 115

executor >  local (117)
[46/1ca469] process > getFinalAnnotation [100%] 1 of 1 ✔
[f9/f299f2] process > stringtie          [ 59%] 68 of 116

executor >  local (118)
[46/1ca469] process > getFinalAnnotation [100%] 1 of 1 ✔
[a5/70b5b4] process > stringtie          [ 59%] 69 of 117

executor >  local (120)
[46/1ca469] process > getFinalAnnotation [100%] 1 of 1 ✔
[27/27309c] process > stringtie          [ 60%] 71 of 119

executor >  local (121)
[46/1ca469] process > getFinalAnnotation [100%] 1 of 1 ✔
[eb/79b73c] process > stringtie          [ 60%] 72 of 120

executor >  local (122)
[46/1ca469] process > getFinalAnnotation [100%] 1 of 1 ✔
[2e/1b1883] process > stringtie          [ 60%] 73 of 121

executor >  local (123)
[46/1ca469] process > getFinalAnnotation [100%] 1 of 1 ✔
[96/2d45b3] process > stringtie          [ 61%] 74 of 122

executor >  local (124)
[46/1ca469] process > getFinalAnnotation [100%] 1 of 1 ✔
[b9/de63ce] process > stringtie          [ 60%] 74 of 123

executor >  local (124)
[46/1ca469] process > getFinalAnnotation [100%] 1 of 1 ✔
[d2/0f47c9] process > stringtie          [ 61%] 75 of 123

executor >  local (125)
[46/1ca469] process > getFinalAnnotation [100%] 1 of 1 ✔
[c8/992781] process > stringtie          [ 61%] 76 of 124

executor >  local (126)
[46/1ca469] process > getFinalAnnotation [100%] 1 of 1 ✔
[f4/0c11c1] process > stringtie          [ 62%] 77 of 125

executor >  local (127)
[46/1ca469] process > getFinalAnnotation [100%] 1 of 1 ✔
[8f/b2ef73] process > stringtie          [ 62%] 78 of 126

executor >  local (128)
[46/1ca469] process > getFinalAnnotation [100%] 1 of 1 ✔
[5d/7273ba] process > stringtie          [ 62%] 79 of 127

executor >  local (129)
[46/1ca469] process > getFinalAnnotation [100%] 1 of 1 ✔
[42/6a7fce] process > stringtie          [ 63%] 80 of 128

executor >  local (130)
[46/1ca469] process > getFinalAnnotation [100%] 1 of 1 ✔
[7e/f3c7f7] process > stringtie          [ 63%] 81 of 129

executor >  local (131)
[46/1ca469] process > getFinalAnnotation [100%] 1 of 1 ✔
[d7/00dd81] process > stringtie          [ 63%] 82 of 130

executor >  local (132)
[46/1ca469] process > getFinalAnnotation [100%] 1 of 1 ✔
[49/4a24ce] process > stringtie          [ 63%] 83 of 131

executor >  local (133)
[46/1ca469] process > getFinalAnnotation [100%] 1 of 1 ✔
[51/9ecda8] process > stringtie          [ 64%] 84 of 132

executor >  local (134)
[46/1ca469] process > getFinalAnnotation [100%] 1 of 1 ✔
[c8/554310] process > stringtie          [ 64%] 85 of 133

executor >  local (135)
[46/1ca469] process > getFinalAnnotation [100%] 1 of 1 ✔
[dc/3848db] process > stringtie          [ 64%] 86 of 134

executor >  local (136)
[46/1ca469] process > getFinalAnnotation [100%] 1 of 1 ✔
[8f/77cdbf] process > stringtie          [ 64%] 87 of 135

executor >  local (137)
[46/1ca469] process > getFinalAnnotation [100%] 1 of 1 ✔
[29/b56015] process > stringtie          [ 65%] 88 of 136

executor >  local (138)
[46/1ca469] process > getFinalAnnotation [100%] 1 of 1 ✔
[50/d87032] process > stringtie          [ 65%] 89 of 137

executor >  local (139)
[46/1ca469] process > getFinalAnnotation [100%] 1 of 1 ✔
[d2/8d0e68] process > stringtie          [ 65%] 90 of 138

executor >  local (140)
[46/1ca469] process > getFinalAnnotation [100%] 1 of 1 ✔
[8f/77cdbf] process > stringtie          [ 65%] 91 of 139

executor >  local (141)
[46/1ca469] process > getFinalAnnotation [100%] 1 of 1 ✔
[e7/d7aa02] process > stringtie          [ 66%] 92 of 140

executor >  local (142)
[46/1ca469] process > getFinalAnnotation [100%] 1 of 1 ✔
[a7/0600a0] process > stringtie          [ 66%] 93 of 141

executor >  local (143)
[46/1ca469] process > getFinalAnnotation [100%] 1 of 1 ✔
[88/b2be53] process > stringtie          [ 66%] 94 of 142

executor >  local (144)
[46/1ca469] process > getFinalAnnotation [100%] 1 of 1 ✔
[49/0341c1] process > stringtie          [ 66%] 95 of 143

executor >  local (145)
[46/1ca469] process > getFinalAnnotation [100%] 1 of 1 ✔
[cc/ba84c7] process > stringtie          [ 67%] 96 of 144

executor >  local (146)
[46/1ca469] process > getFinalAnnotation [100%] 1 of 1 ✔
[a5/70b5b4] process > stringtie          [ 67%] 97 of 145

executor >  local (147)
[46/1ca469] process > getFinalAnnotation [100%] 1 of 1 ✔
[a4/d06eb2] process > stringtie          [ 67%] 98 of 146

executor >  local (148)
[46/1ca469] process > getFinalAnnotation [100%] 1 of 1 ✔
[eb/394f75] process > stringtie          [ 67%] 99 of 147

executor >  local (149)
[46/1ca469] process > getFinalAnnotation [100%] 1 of 1 ✔
[25/80e013] process > stringtie          [ 68%] 100 of 148

executor >  local (150)
[46/1ca469] process > getFinalAnnotation [100%] 1 of 1 ✔
[c8/156f5e] process > stringtie          [ 68%] 101 of 149

executor >  local (151)
[46/1ca469] process > getFinalAnnotation [100%] 1 of 1 ✔
[20/73a12d] process > stringtie          [ 68%] 102 of 150

executor >  local (152)
[46/1ca469] process > getFinalAnnotation [100%] 1 of 1 ✔
[b8/597a4a] process > stringtie          [ 68%] 103 of 151

executor >  local (153)
[46/1ca469] process > getFinalAnnotation [100%] 1 of 1 ✔
[a8/79f58d] process > stringtie          [ 68%] 104 of 152

executor >  local (154)
[46/1ca469] process > getFinalAnnotation [100%] 1 of 1 ✔
[5e/75b4c4] process > stringtie          [ 69%] 105 of 153

executor >  local (155)
[46/1ca469] process > getFinalAnnotation [100%] 1 of 1 ✔
[b9/631420] process > stringtie          [ 69%] 106 of 154

executor >  local (156)
[46/1ca469] process > getFinalAnnotation [100%] 1 of 1 ✔
[5e/debc09] process > stringtie          [ 69%] 107 of 155

executor >  local (157)
[46/1ca469] process > getFinalAnnotation [100%] 1 of 1 ✔
[59/27a035] process > stringtie          [ 69%] 108 of 156

executor >  local (158)
[46/1ca469] process > getFinalAnnotation [100%] 1 of 1 ✔
[51/5f6eb7] process > stringtie          [ 69%] 109 of 157

executor >  local (159)
[46/1ca469] process > getFinalAnnotation [100%] 1 of 1 ✔
[83/705fce] process > stringtie          [ 70%] 110 of 158

executor >  local (160)
[46/1ca469] process > getFinalAnnotation [100%] 1 of 1 ✔
[6c/d6c223] process > stringtie          [ 70%] 111 of 159

executor >  local (161)
[46/1ca469] process > getFinalAnnotation [100%] 1 of 1 ✔
[5f/7362a4] process > stringtie          [ 70%] 112 of 160

executor >  local (162)
[46/1ca469] process > getFinalAnnotation [100%] 1 of 1 ✔
[68/8e9ef1] process > stringtie          [ 70%] 112 of 161

executor >  local (162)
[46/1ca469] process > getFinalAnnotation [100%] 1 of 1 ✔
[f9/f299f2] process > stringtie          [ 70%] 113 of 161

executor >  local (163)
[46/1ca469] process > getFinalAnnotation [100%] 1 of 1 ✔
[07/198009] process > stringtie          [ 70%] 114 of 162

executor >  local (164)
[46/1ca469] process > getFinalAnnotation [100%] 1 of 1 ✔
[b4/1509f5] process > stringtie          [ 71%] 115 of 163

executor >  local (165)
[46/1ca469] process > getFinalAnnotation [100%] 1 of 1 ✔
[60/d86807] process > stringtie          [ 71%] 116 of 164

executor >  local (166)
[46/1ca469] process > getFinalAnnotation [100%] 1 of 1 ✔
[1c/8ceb56] process > stringtie          [ 71%] 117 of 165

executor >  local (167)
[46/1ca469] process > getFinalAnnotation [100%] 1 of 1 ✔
[8f/b2ef73] process > stringtie          [ 71%] 118 of 166

executor >  local (168)
[46/1ca469] process > getFinalAnnotation [100%] 1 of 1 ✔
[ea/e3a2a7] process > stringtie          [ 71%] 119 of 167

executor >  local (169)
[46/1ca469] process > getFinalAnnotation [100%] 1 of 1 ✔
[c5/456ca6] process > stringtie          [ 71%] 120 of 168

executor >  local (170)
[46/1ca469] process > getFinalAnnotation [100%] 1 of 1 ✔
[b4/ed5a8c] process > stringtie          [ 72%] 121 of 169

executor >  local (171)
[46/1ca469] process > getFinalAnnotation [100%] 1 of 1 ✔
[25/80e013] process > stringtie          [ 72%] 122 of 170

executor >  local (172)
[46/1ca469] process > getFinalAnnotation [100%] 1 of 1 ✔
[50/bc25e5] process > stringtie          [ 71%] 122 of 171

executor >  local (172)
[46/1ca469] process > getFinalAnnotation [100%] 1 of 1 ✔
[04/58ea4d] process > stringtie          [ 72%] 123 of 171

executor >  local (173)
[46/1ca469] process > getFinalAnnotation [100%] 1 of 1 ✔
[7e/019c25] process > stringtie          [ 72%] 124 of 172

executor >  local (174)
[46/1ca469] process > getFinalAnnotation [100%] 1 of 1 ✔
[86/e2a331] process > stringtie          [ 72%] 125 of 173

executor >  local (175)
[46/1ca469] process > getFinalAnnotation [100%] 1 of 1 ✔
[94/2e5ccc] process > stringtie          [ 72%] 126 of 174

executor >  local (176)
[46/1ca469] process > getFinalAnnotation [100%] 1 of 1 ✔
[b9/de63ce] process > stringtie          [ 73%] 127 of 175

executor >  local (177)
[46/1ca469] process > getFinalAnnotation [100%] 1 of 1 ✔
[27/179406] process > stringtie          [ 73%] 128 of 176

executor >  local (178)
[46/1ca469] process > getFinalAnnotation [100%] 1 of 1 ✔
[00/3d6221] process > stringtie          [ 73%] 129 of 177

executor >  local (179)
[46/1ca469] process > getFinalAnnotation [100%] 1 of 1 ✔
[2f/1c52d0] process > stringtie          [ 73%] 130 of 178

executor >  local (180)
[46/1ca469] process > getFinalAnnotation [100%] 1 of 1 ✔
[f5/fd2700] process > stringtie          [ 73%] 131 of 179

executor >  local (181)
[46/1ca469] process > getFinalAnnotation [100%] 1 of 1 ✔
[3e/2f8af6] process > stringtie          [ 73%] 132 of 180

executor >  local (182)
[46/1ca469] process > getFinalAnnotation [100%] 1 of 1 ✔
[05/1398cc] process > stringtie          [ 73%] 133 of 181

executor >  local (183)
[46/1ca469] process > getFinalAnnotation [100%] 1 of 1 ✔
[29/8ae450] process > stringtie          [ 74%] 134 of 182

executor >  local (184)
[46/1ca469] process > getFinalAnnotation [100%] 1 of 1 ✔
[13/ecd43b] process > stringtie          [ 74%] 135 of 183

executor >  local (185)
[46/1ca469] process > getFinalAnnotation [100%] 1 of 1 ✔
[e9/5edb4c] process > stringtie          [ 74%] 136 of 184

executor >  local (186)
[46/1ca469] process > getFinalAnnotation [100%] 1 of 1 ✔
[dc/88deed] process > stringtie          [ 74%] 137 of 185

executor >  local (187)
[46/1ca469] process > getFinalAnnotation [100%] 1 of 1 ✔
[76/db109a] process > stringtie          [ 74%] 138 of 186

executor >  local (188)
[46/1ca469] process > getFinalAnnotation [100%] 1 of 1 ✔
[4d/586335] process > stringtie          [ 74%] 139 of 187

executor >  local (189)
[46/1ca469] process > getFinalAnnotation [100%] 1 of 1 ✔
[5d/7273ba] process > stringtie          [ 74%] 140 of 188

executor >  local (190)
[46/1ca469] process > getFinalAnnotation [100%] 1 of 1 ✔
[49/0341c1] process > stringtie          [ 75%] 141 of 189

executor >  local (191)
[46/1ca469] process > getFinalAnnotation [100%] 1 of 1 ✔
[f6/d18998] process > stringtie          [ 75%] 142 of 190

executor >  local (192)
[46/1ca469] process > getFinalAnnotation [100%] 1 of 1 ✔
[b3/467d1f] process > stringtie          [ 75%] 143 of 191

executor >  local (193)
[46/1ca469] process > getFinalAnnotation [100%] 1 of 1 ✔
[ab/33fb97] process > stringtie          [ 75%] 144 of 192

executor >  local (194)
[46/1ca469] process > getFinalAnnotation [100%] 1 of 1 ✔
[d7/00dd81] process > stringtie          [ 75%] 145 of 193

executor >  local (195)
[46/1ca469] process > getFinalAnnotation [100%] 1 of 1 ✔
[61/844c9c] process > stringtie          [ 75%] 146 of 194

executor >  local (196)
[46/1ca469] process > getFinalAnnotation [100%] 1 of 1 ✔
[51/9ecda8] process > stringtie          [ 75%] 147 of 195

executor >  local (197)
[46/1ca469] process > getFinalAnnotation [100%] 1 of 1 ✔
[fd/a0c07a] process > stringtie          [ 76%] 148 of 196

executor >  local (198)
[46/1ca469] process > getFinalAnnotation [100%] 1 of 1 ✔
[5b/0362f1] process > stringtie          [ 76%] 149 of 197

executor >  local (199)
[46/1ca469] process > getFinalAnnotation [100%] 1 of 1 ✔
[93/051753] process > stringtie          [ 76%] 150 of 198

executor >  local (200)
[46/1ca469] process > getFinalAnnotation [100%] 1 of 1 ✔
[7e/f3c7f7] process > stringtie          [ 76%] 151 of 199

executor >  local (201)
[46/1ca469] process > getFinalAnnotation [100%] 1 of 1 ✔
[0c/c538b8] process > stringtie          [ 76%] 152 of 200

executor >  local (202)
[46/1ca469] process > getFinalAnnotation [100%] 1 of 1 ✔
[02/742761] process > stringtie          [ 76%] 153 of 201

executor >  local (203)
[46/1ca469] process > getFinalAnnotation [100%] 1 of 1 ✔
[f9/a809be] process > stringtie          [ 76%] 154 of 202

executor >  local (204)
[46/1ca469] process > getFinalAnnotation [100%] 1 of 1 ✔
[ba/3bad6d] process > stringtie          [ 76%] 155 of 203

executor >  local (205)
[46/1ca469] process > getFinalAnnotation [100%] 1 of 1 ✔
[e7/9cc046] process > stringtie          [ 76%] 156 of 204

executor >  local (206)
[46/1ca469] process > getFinalAnnotation [100%] 1 of 1 ✔
[ed/ce63e6] process > stringtie          [ 77%] 157 of 205

executor >  local (207)
[46/1ca469] process > getFinalAnnotation [100%] 1 of 1 ✔
[8d/8ec8a4] process > stringtie          [ 77%] 158 of 206

executor >  local (208)
[46/1ca469] process > getFinalAnnotation [100%] 1 of 1 ✔
[51/4a877e] process > stringtie          [ 77%] 159 of 207

executor >  local (208)
[46/1ca469] process > getFinalAnnotation [100%] 1 of 1 ✔
[1c/b17007] process > stringtie          [ 77%] 160 of 207

executor >  local (208)
[46/1ca469] process > getFinalAnnotation [100%] 1 of 1 ✔
[01/1c8580] process > stringtie          [ 78%] 161 of 207

executor >  local (208)
[46/1ca469] process > getFinalAnnotation [100%] 1 of 1 ✔
[36/91e039] process > stringtie          [ 78%] 162 of 207

executor >  local (208)
[46/1ca469] process > getFinalAnnotation [100%] 1 of 1 ✔
[68/8e9ef1] process > stringtie          [ 79%] 163 of 207

executor >  local (208)
[46/1ca469] process > getFinalAnnotation [100%] 1 of 1 ✔
[04/24d5cc] process > stringtie          [ 79%] 164 of 207

executor >  local (208)
[46/1ca469] process > getFinalAnnotation [100%] 1 of 1 ✔
[25/97cdd7] process > stringtie          [ 80%] 165 of 207

executor >  local (208)
[46/1ca469] process > getFinalAnnotation [100%] 1 of 1 ✔
[4f/20ad74] process > stringtie          [ 80%] 166 of 207

executor >  local (208)
[46/1ca469] process > getFinalAnnotation [100%] 1 of 1 ✔
[e7/d7aa02] process > stringtie          [ 81%] 167 of 207

executor >  local (208)
[46/1ca469] process > getFinalAnnotation [100%] 1 of 1 ✔
[50/d87032] process > stringtie          [ 81%] 168 of 207

executor >  local (208)
[46/1ca469] process > getFinalAnnotation [100%] 1 of 1 ✔
[3c/50bd2c] process > stringtie          [ 82%] 169 of 207

executor >  local (208)
[46/1ca469] process > getFinalAnnotation [100%] 1 of 1 ✔
[0a/46db1e] process > stringtie          [ 82%] 170 of 207

executor >  local (208)
[46/1ca469] process > getFinalAnnotation [100%] 1 of 1 ✔
[66/0e4ffa] process > stringtie          [ 83%] 171 of 207

executor >  local (208)
[46/1ca469] process > getFinalAnnotation [100%] 1 of 1 ✔
[8b/1ed4cf] process > stringtie          [ 84%] 173 of 207

executor >  local (208)
[46/1ca469] process > getFinalAnnotation [100%] 1 of 1 ✔
[30/d335aa] process > stringtie          [ 84%] 174 of 207

executor >  local (208)
[46/1ca469] process > getFinalAnnotation [100%] 1 of 1 ✔
[5e/0acbe7] process > stringtie          [ 85%] 175 of 207

executor >  local (208)
[46/1ca469] process > getFinalAnnotation [100%] 1 of 1 ✔
[86/384891] process > stringtie          [ 85%] 176 of 207

executor >  local (208)
[46/1ca469] process > getFinalAnnotation [100%] 1 of 1 ✔
[d6/12bde9] process > stringtie          [ 86%] 177 of 207

executor >  local (208)
[46/1ca469] process > getFinalAnnotation [100%] 1 of 1 ✔
[20/9ac8cc] process > stringtie          [ 86%] 178 of 207

executor >  local (208)
[46/1ca469] process > getFinalAnnotation [100%] 1 of 1 ✔
[c6/0759b7] process > stringtie          [ 86%] 179 of 207

executor >  local (208)
[46/1ca469] process > getFinalAnnotation [100%] 1 of 1 ✔
[50/bc25e5] process > stringtie          [ 87%] 180 of 207

executor >  local (208)
[46/1ca469] process > getFinalAnnotation [100%] 1 of 1 ✔
[8d/8ec8a4] process > stringtie          [ 87%] 181 of 207

executor >  local (208)
[46/1ca469] process > getFinalAnnotation [100%] 1 of 1 ✔
[9b/88b355] process > stringtie          [ 88%] 182 of 207

executor >  local (208)
[46/1ca469] process > getFinalAnnotation [100%] 1 of 1 ✔
[68/4d9988] process > stringtie          [ 88%] 183 of 207

executor >  local (208)
[46/1ca469] process > getFinalAnnotation [100%] 1 of 1 ✔
[a9/d66ec8] process > stringtie          [ 89%] 184 of 207

executor >  local (208)
[46/1ca469] process > getFinalAnnotation [100%] 1 of 1 ✔
[7b/b27222] process > stringtie          [ 89%] 185 of 207

executor >  local (208)
[46/1ca469] process > getFinalAnnotation [100%] 1 of 1 ✔
[ef/d3c4d8] process > stringtie          [ 90%] 186 of 207

executor >  local (208)
[46/1ca469] process > getFinalAnnotation [100%] 1 of 1 ✔
[86/e2a331] process > stringtie          [ 90%] 187 of 207

executor >  local (208)
[46/1ca469] process > getFinalAnnotation [100%] 1 of 1 ✔
[5e/75b4c4] process > stringtie          [ 91%] 188 of 207

executor >  local (208)
[46/1ca469] process > getFinalAnnotation [100%] 1 of 1 ✔
[5b/0362f1] process > stringtie          [ 91%] 189 of 207

executor >  local (208)
[46/1ca469] process > getFinalAnnotation [100%] 1 of 1 ✔
[2b/5d9988] process > stringtie          [ 92%] 190 of 207

executor >  local (208)
[46/1ca469] process > getFinalAnnotation [100%] 1 of 1 ✔
[26/0ea09c] process > stringtie          [ 92%] 191 of 207

executor >  local (208)
[46/1ca469] process > getFinalAnnotation [100%] 1 of 1 ✔
[31/9d3603] process > stringtie          [ 93%] 192 of 207

executor >  local (208)
[46/1ca469] process > getFinalAnnotation [100%] 1 of 1 ✔
[18/8ca59b] process > stringtie          [ 93%] 193 of 207

executor >  local (208)
[46/1ca469] process > getFinalAnnotation [100%] 1 of 1 ✔
[15/61c85f] process > stringtie          [ 94%] 194 of 207

executor >  local (208)
[46/1ca469] process > getFinalAnnotation [100%] 1 of 1 ✔
[d6/6aac5c] process > stringtie          [ 94%] 195 of 207

executor >  local (208)
[46/1ca469] process > getFinalAnnotation [100%] 1 of 1 ✔
[22/953733] process > stringtie          [ 95%] 196 of 207

executor >  local (208)
[46/1ca469] process > getFinalAnnotation [100%] 1 of 1 ✔
[fb/32cd41] process > stringtie          [ 95%] 197 of 207

executor >  local (208)
[46/1ca469] process > getFinalAnnotation [100%] 1 of 1 ✔
[ef/24da73] process > stringtie          [ 96%] 198 of 207

executor >  local (208)
[46/1ca469] process > getFinalAnnotation [100%] 1 of 1 ✔
[ab/7b149c] process > stringtie          [ 96%] 199 of 207

executor >  local (208)
[46/1ca469] process > getFinalAnnotation [100%] 1 of 1 ✔
[e8/dcd538] process > stringtie          [ 97%] 200 of 207

executor >  local (208)
[46/1ca469] process > getFinalAnnotation [100%] 1 of 1 ✔
[be/9e749d] process > stringtie          [ 97%] 201 of 207

executor >  local (208)
[46/1ca469] process > getFinalAnnotation [100%] 1 of 1 ✔
[11/5eabaa] process > stringtie          [ 98%] 202 of 207

executor >  local (208)
[46/1ca469] process > getFinalAnnotation [100%] 1 of 1 ✔
[6f/5dffc5] process > stringtie          [ 98%] 203 of 207

executor >  local (208)
[46/1ca469] process > getFinalAnnotation [100%] 1 of 1 ✔
[f7/680ba3] process > stringtie          [ 99%] 204 of 207

executor >  local (208)
[46/1ca469] process > getFinalAnnotation [100%] 1 of 1 ✔
[85/48e43f] process > stringtie          [ 99%] 205 of 207

executor >  local (208)
[46/1ca469] process > getFinalAnnotation [100%] 1 of 1 ✔
[ba/3bad6d] process > stringtie          [100%] 206 of 207

executor >  local (208)
[46/1ca469] process > getFinalAnnotation [100%] 1 of 1 ✔
[02/742761] process > stringtie          [100%] 207 of 207 ✔
Done!

executor >  local (208)
[46/1ca469] process > getFinalAnnotation [100%] 1 of 1 ✔
[02/742761] process > stringtie          [100%] 207 of 207 ✔
Completed at: 21-Oct-2020 10:51:48
Duration    : 15m 16s
CPU hours   : 8.5
Succeeded   : 208

