N E X T F L O W  ~  version 19.03.0-edge
Launching `/gpfs/projects/bsc83/Projects/Ebola/code/ebola/BroadAnnotation/01_prediction.nf` [irreverent_becquerel] - revision: aafd4f038c
WARN: There's no process matching config selector: runRSeQC
==============================================
Merge stringtie assemblies and perform prediction
==============================================
==============================================
lncRNA Annotation w/ FeelNC
==============================================
executor >  local (1)
[96/0825af] process > ChangeChromosome [  0%] 0 of 1
Oops .. something went wrong

executor >  local (1)
[96/0825af] process > ChangeChromosome [100%] 1 of 1, failed: 1 ✘
ERROR ~ Error executing process > 'ChangeChromosome (1)'

Caused by:
  Process `ChangeChromosome (1)` terminated with an error exit status (1)

Command executed:

  Rscript convert_annotation.R stringtie_merged_reference_guided.gtf "stringtie_merged_reference_guided_ensembl.gtf"

Command exit status:
  1

Command output:
  (empty)

Command error:
  WARNING: seccomp requested but not enabled, seccomp library is missing or too old
  Loading required package: GenomicRanges
  Loading required package: stats4
  Loading required package: BiocGenerics
  Loading required package: parallel
  
  Attaching package: ‘BiocGenerics’
  
  The following objects are masked from ‘package:parallel’:
  
      clusterApply, clusterApplyLB, clusterCall, clusterEvalQ,
      clusterExport, clusterMap, parApply, parCapply, parLapply,
      parLapplyLB, parRapply, parSapply, parSapplyLB
  
  The following objects are masked from ‘package:stats’:
  
      IQR, mad, sd, var, xtabs
  
  The following objects are masked from ‘package:base’:
  
      anyDuplicated, append, as.data.frame, basename, cbind, colnames,
      dirname, do.call, duplicated, eval, evalq, Filter, Find, get, grep,
      grepl, intersect, is.unsorted, lapply, Map, mapply, match, mget,
      order, paste, pmax, pmax.int, pmin, pmin.int, Position, rank,
      rbind, Reduce, rownames, sapply, setdiff, sort, table, tapply,
      union, unique, unsplit, which, which.max, which.min
  
  Loading required package: S4Vectors
  
  Attaching package: ‘S4Vectors’
  
  The following object is masked from ‘package:base’:
  
      expand.grid
  
  Loading required package: IRanges
  Loading required package: GenomeInfoDb
  Error in mapSeqlevels(x_seqlevels, value, drop = FALSE) : 
    supplied seqname style "stringtie_merged_reference_guided_ensembl.gtf" is not supported
  Calls: seqlevelsStyle<- ... seqlevelsStyle<- -> .replace_seqlevels_style -> mapSeqlevels
  Execution halted

Work dir:
  /gpfs/projects/bsc83/Data/Ebola/work/96/0825afdca7cb1766a9c83e753b68d1

Tip: when you have fixed the problem you can continue the execution appending to the nextflow command line the option `-resume`

 -- Check '.nextflow.log' file for details
