N E X T F L O W  ~  version 19.03.0-edge
Launching `/gpfs/projects/bsc83/Projects/Ebola/code/ebola/BroadAnnotation/01_prediction.nf` [compassionate_volta] - revision: aafd4f038c
WARN: There's no process matching config selector: runRSeQC
==============================================
Merge stringtie assemblies and perform prediction
==============================================
==============================================
lncRNA Annotation w/ FeelNC
==============================================
executor >  local (1)
[3f/e1e6b9] process > ChangeChromosome [  0%] 0 of 1
Oops .. something went wrong

executor >  local (1)
[3f/e1e6b9] process > ChangeChromosome [100%] 1 of 1, failed: 1 ✘
ERROR ~ Error executing process > 'ChangeChromosome (1)'

Caused by:
  Process `ChangeChromosome (1)` terminated with an error exit status (127)

Command executed:

  Rscript convert_annotation.R stringtie_merged_reference_guided.gtf "stringtie_merged_reference_guided_ensembl.gtf"

Command exit status:
  127

Command output:
  (empty)

Command error:
  WARNING: seccomp requested but not enabled, seccomp library is missing or too old
  .command.sh: line 2: Rscript: command not found

Work dir:
  /gpfs/projects/bsc83/Data/Ebola/work/3f/e1e6b9a646f1fdff313bc2f5ac10fd

Tip: view the complete command output by changing to the process work dir and entering the command `cat .command.out`

 -- Check '.nextflow.log' file for details
