N E X T F L O W  ~  version 19.03.0-edge
Launching `/gpfs/projects/bsc83/Projects/Ebola/code/ebola/BroadAnnotation/05_requantify_broad.nf` [amazing_caravaggio] - revision: f13d415e8e
WARN: There's no process matching config selector: runRSeQC
==============================================
Merge stringtie assemblies and perform prediction
==============================================
WARN: The `into` operator should be used to connect two or more target channels -- consider to replace it with `.set { bams }`
WARN: Input `set` must define at least two component -- Check process `stringtie`
executor >  local (23)
[fa/59c3ce] process > stringtie [  0%] 0 of 23

executor >  local (48)
[c9/e04c0e] process > stringtie [  0%] 0 of 48

executor >  local (49)
[33/634914] process > stringtie [  2%] 1 of 49

executor >  local (50)
[51/a6bfa3] process > stringtie [  4%] 2 of 50

executor >  local (51)
[90/f131ae] process > stringtie [  6%] 3 of 51

executor >  local (52)
[2e/0bf382] process > stringtie [  8%] 4 of 52

executor >  local (53)
[95/ce0ac6] process > stringtie [  9%] 5 of 53

executor >  local (54)
[45/04fd14] process > stringtie [ 11%] 6 of 54

executor >  local (55)
[f0/b4de58] process > stringtie [ 13%] 7 of 55

executor >  local (56)
[7f/d17b42] process > stringtie [ 14%] 8 of 56

executor >  local (57)
[33/30019e] process > stringtie [ 16%] 9 of 57

executor >  local (58)
[b3/9fd582] process > stringtie [ 17%] 10 of 58

executor >  local (59)
[60/5135ce] process > stringtie [ 19%] 11 of 59

executor >  local (60)
[2e/a621e0] process > stringtie [ 20%] 12 of 60

executor >  local (61)
[ed/46ed28] process > stringtie [ 21%] 13 of 61

executor >  local (62)
[ae/99bd41] process > stringtie [ 23%] 14 of 62

executor >  local (63)
[9e/bda86d] process > stringtie [ 24%] 15 of 63

executor >  local (64)
[12/d008c1] process > stringtie [ 25%] 16 of 64

executor >  local (65)
[88/3daec6] process > stringtie [ 26%] 17 of 65

executor >  local (66)
[07/b6aa9c] process > stringtie [ 27%] 18 of 66

executor >  local (67)
[aa/970328] process > stringtie [ 28%] 19 of 67

executor >  local (68)
[02/e92bf7] process > stringtie [ 29%] 20 of 68

executor >  local (69)
[4d/6f0c8a] process > stringtie [ 30%] 21 of 69

executor >  local (70)
[1c/595cbc] process > stringtie [ 31%] 22 of 70

executor >  local (71)
[87/e89239] process > stringtie [ 32%] 23 of 71

executor >  local (72)
[33/d6a258] process > stringtie [ 33%] 24 of 72

executor >  local (73)
[de/16561f] process > stringtie [ 34%] 25 of 73

executor >  local (74)
[17/aaa91c] process > stringtie [ 35%] 26 of 74

executor >  local (75)
[3a/d61730] process > stringtie [ 36%] 27 of 75

executor >  local (76)
[f9/f6e4e5] process > stringtie [ 37%] 28 of 76

executor >  local (77)
[88/b8d679] process > stringtie [ 38%] 29 of 77

executor >  local (78)
[6f/d75f4a] process > stringtie [ 38%] 30 of 78

executor >  local (80)
[13/328b9f] process > stringtie [ 40%] 32 of 80

executor >  local (81)
[cc/09f7e5] process > stringtie [ 41%] 33 of 81

executor >  local (82)
[c2/a8f63c] process > stringtie [ 41%] 34 of 82

executor >  local (83)
[f2/07f1dc] process > stringtie [ 42%] 35 of 83

executor >  local (84)
[99/2881f8] process > stringtie [ 43%] 36 of 84

executor >  local (86)
[c9/e04c0e] process > stringtie [ 44%] 38 of 86

executor >  local (87)
[37/dd8269] process > stringtie [ 45%] 39 of 87

executor >  local (89)
[7d/d55f96] process > stringtie [ 46%] 41 of 89

executor >  local (90)
[42/16927b] process > stringtie [ 47%] 42 of 90

executor >  local (91)
[91/cef40e] process > stringtie [ 47%] 43 of 91

executor >  local (92)
[53/1fdb62] process > stringtie [ 48%] 44 of 92

executor >  local (94)
[d0/a97302] process > stringtie [ 49%] 46 of 94

executor >  local (95)
[6d/ad0980] process > stringtie [ 49%] 47 of 95

executor >  local (96)
[86/fd7b07] process > stringtie [ 50%] 48 of 96

executor >  local (97)
[dd/89efcd] process > stringtie [ 51%] 49 of 97

executor >  local (98)
[d0/876789] process > stringtie [ 51%] 50 of 98

executor >  local (99)
[ed/8df5f4] process > stringtie [ 52%] 51 of 99

executor >  local (101)
[f3/c6b6bd] process > stringtie [ 52%] 53 of 101

executor >  local (102)
[67/e77a9c] process > stringtie [ 53%] 54 of 102

executor >  local (103)
[00/c57281] process > stringtie [ 53%] 55 of 103

executor >  local (104)
[b1/40bd5e] process > stringtie [ 54%] 56 of 104

executor >  local (105)
[dd/0d546a] process > stringtie [ 54%] 57 of 105

executor >  local (106)
[6a/07de5c] process > stringtie [ 55%] 58 of 106

executor >  local (107)
[c5/d3963c] process > stringtie [ 55%] 59 of 107

executor >  local (108)
[7c/011116] process > stringtie [ 56%] 60 of 108

executor >  local (109)
[bd/f4abe3] process > stringtie [ 56%] 61 of 109

executor >  local (110)
[c5/4be961] process > stringtie [ 56%] 62 of 110

executor >  local (111)
[1c/595cbc] process > stringtie [ 57%] 63 of 111

executor >  local (112)
[43/4f598a] process > stringtie [ 56%] 63 of 112

executor >  local (112)
[45/04fd14] process > stringtie [ 57%] 64 of 112

executor >  local (113)
[f0/b4de58] process > stringtie [ 58%] 65 of 113

executor >  local (114)
[c8/081cd8] process > stringtie [ 58%] 66 of 114

executor >  local (116)
[55/7e1b6e] process > stringtie [ 59%] 68 of 116

executor >  local (117)
[3e/47e93b] process > stringtie [ 59%] 69 of 117

executor >  local (118)
[43/3a4030] process > stringtie [ 59%] 70 of 118

executor >  local (119)
[a8/4fe009] process > stringtie [ 60%] 71 of 119

executor >  local (120)
[03/a8b5d4] process > stringtie [ 60%] 72 of 120

executor >  local (121)
[a2/f6f42e] process > stringtie [ 60%] 73 of 121

executor >  local (122)
[92/e4f153] process > stringtie [ 61%] 74 of 122

executor >  local (123)
[ed/46ed28] process > stringtie [ 61%] 75 of 123

executor >  local (124)
[3f/bd2723] process > stringtie [ 61%] 76 of 124

executor >  local (125)
[de/25b4f2] process > stringtie [ 62%] 77 of 125

executor >  local (126)
[60/6ea4ad] process > stringtie [ 62%] 78 of 126

executor >  local (127)
[00/c57281] process > stringtie [ 62%] 79 of 127

executor >  local (128)
[f9/6783a5] process > stringtie [ 63%] 80 of 128

executor >  local (129)
[ac/b0207d] process > stringtie [ 63%] 81 of 129

executor >  local (130)
[ea/77652a] process > stringtie [ 63%] 82 of 130

executor >  local (131)
[85/6a9c8b] process > stringtie [ 63%] 83 of 131

executor >  local (132)
[cc/09f7e5] process > stringtie [ 64%] 84 of 132

executor >  local (133)
[07/b6aa9c] process > stringtie [ 64%] 85 of 133

executor >  local (134)
[87/e431b8] process > stringtie [ 64%] 86 of 134

executor >  local (135)
[87/e431b8] process > stringtie [ 64%] 87 of 135

executor >  local (136)
[ce/abab1f] process > stringtie [ 65%] 88 of 136

executor >  local (137)
[dd/0d546a] process > stringtie [ 65%] 89 of 137

executor >  local (138)
[cb/afe191] process > stringtie [ 65%] 90 of 138

executor >  local (139)
[80/c7aeae] process > stringtie [ 65%] 91 of 139

executor >  local (140)
[1b/6e4ac1] process > stringtie [ 66%] 92 of 140

executor >  local (141)
[ea/b633d4] process > stringtie [ 66%] 93 of 141

executor >  local (142)
[eb/70200a] process > stringtie [ 65%] 93 of 142

executor >  local (142)
[6d/ad0980] process > stringtie [ 66%] 94 of 142

executor >  local (143)
[1c/6be9cc] process > stringtie [ 66%] 95 of 143

executor >  local (144)
[c9/79e579] process > stringtie [ 67%] 96 of 144

executor >  local (146)
[3c/ee5244] process > stringtie [ 67%] 98 of 146

executor >  local (147)
[3c/4f5e39] process > stringtie [ 67%] 99 of 147

executor >  local (148)
[7d/d55f96] process > stringtie [ 68%] 100 of 148

executor >  local (149)
[14/4a4e39] process > stringtie [ 68%] 101 of 149

executor >  local (150)
[ea/898b14] process > stringtie [ 68%] 102 of 150

executor >  local (151)
[d2/22707b] process > stringtie [ 68%] 103 of 151

executor >  local (152)
[74/5f0a08] process > stringtie [ 68%] 104 of 152

executor >  local (153)
[ed/8df5f4] process > stringtie [ 69%] 105 of 153

executor >  local (154)
[bd/f4abe3] process > stringtie [ 69%] 106 of 154

executor >  local (155)
[f4/4e73a0] process > stringtie [ 69%] 107 of 155

executor >  local (156)
[c2/a8f63c] process > stringtie [ 69%] 108 of 156

executor >  local (157)
[fa/d12a4c] process > stringtie [ 69%] 109 of 157

executor >  local (158)
[57/62f922] process > stringtie [ 70%] 110 of 158

executor >  local (159)
[f3/c6b6bd] process > stringtie [ 70%] 111 of 159

executor >  local (161)
[55/7e1b6e] process > stringtie [ 70%] 113 of 161

executor >  local (162)
[f6/436a6b] process > stringtie [ 70%] 114 of 162

executor >  local (163)
[13/93f74b] process > stringtie [ 71%] 115 of 163

executor >  local (164)
[ea/b2e6f9] process > stringtie [ 71%] 116 of 164

executor >  local (165)
[55/6c735b] process > stringtie [ 71%] 117 of 165

executor >  local (166)
[ba/868e91] process > stringtie [ 71%] 118 of 166

executor >  local (167)
[91/cef40e] process > stringtie [ 71%] 119 of 167

executor >  local (168)
[16/7ae24e] process > stringtie [ 71%] 120 of 168

executor >  local (169)
[4e/4f18c7] process > stringtie [ 72%] 121 of 169

executor >  local (170)
[a3/e70bb5] process > stringtie [ 72%] 122 of 170

executor >  local (171)
[ca/57f2d3] process > stringtie [ 72%] 123 of 171

executor >  local (172)
[f6/753d5a] process > stringtie [ 72%] 124 of 172

executor >  local (173)
[1c/6be9cc] process > stringtie [ 72%] 125 of 173

executor >  local (174)
[43/3a4030] process > stringtie [ 72%] 126 of 174

executor >  local (175)
[d7/e4a7e0] process > stringtie [ 73%] 127 of 175

executor >  local (176)
[7a/3e4dbb] process > stringtie [ 73%] 128 of 176

executor >  local (177)
[bd/f92b25] process > stringtie [ 73%] 129 of 177

executor >  local (178)
[14/4a4e39] process > stringtie [ 73%] 130 of 178

executor >  local (180)
[69/e5eeb0] process > stringtie [ 73%] 132 of 180

executor >  local (181)
[f4/4e73a0] process > stringtie [ 73%] 133 of 181

executor >  local (182)
[49/f29969] process > stringtie [ 74%] 134 of 182

executor >  local (183)
[3c/4f5e39] process > stringtie [ 74%] 135 of 183

executor >  local (184)
[fc/866b1a] process > stringtie [ 74%] 136 of 184

executor >  local (185)
[be/37ca2f] process > stringtie [ 74%] 137 of 185

executor >  local (186)
[46/1a1d45] process > stringtie [ 74%] 138 of 186

executor >  local (187)
[46/1a1d45] process > stringtie [ 74%] 139 of 187

executor >  local (188)
[1a/a7d211] process > stringtie [ 74%] 140 of 188

executor >  local (189)
[c6/f61fbb] process > stringtie [ 75%] 141 of 189

executor >  local (190)
[eb/70200a] process > stringtie [ 75%] 142 of 190

executor >  local (191)
[27/c123ca] process > stringtie [ 75%] 143 of 191

executor >  local (192)
[5f/784e38] process > stringtie [ 75%] 144 of 192

executor >  local (193)
[cb/afe191] process > stringtie [ 75%] 145 of 193

executor >  local (194)
[5f/784e38] process > stringtie [ 75%] 146 of 194

executor >  local (195)
[91/99f616] process > stringtie [ 75%] 147 of 195

executor >  local (196)
[ac/b0207d] process > stringtie [ 76%] 148 of 196

executor >  local (197)
[0f/9ace99] process > stringtie [ 76%] 149 of 197

executor >  local (198)
[49/f29969] process > stringtie [ 76%] 150 of 198

executor >  local (199)
[66/6e2f0e] process > stringtie [ 76%] 151 of 199

executor >  local (200)
[38/d668b2] process > stringtie [ 76%] 151 of 200

executor >  local (201)
[b2/5fdb02] process > stringtie [ 76%] 153 of 201

executor >  local (202)
[67/95e1df] process > stringtie [ 76%] 154 of 202

executor >  local (204)
[2f/c41a89] process > stringtie [ 76%] 156 of 204

executor >  local (205)
[f1/0fd7e8] process > stringtie [ 77%] 157 of 205

executor >  local (206)
[9f/6e6a51] process > stringtie [ 76%] 157 of 206

executor >  local (206)
[3f/bd2723] process > stringtie [ 77%] 158 of 206

executor >  local (207)
[8b/9796b5] process > stringtie [ 77%] 159 of 207

executor >  local (207)
[a2/f6f42e] process > stringtie [ 77%] 160 of 207

executor >  local (207)
[ea/b2e6f9] process > stringtie [ 78%] 161 of 207

executor >  local (207)
[df/7abe03] process > stringtie [ 78%] 162 of 207

executor >  local (207)
[fa/d12a4c] process > stringtie [ 79%] 163 of 207

executor >  local (207)
[47/dcfd1d] process > stringtie [ 79%] 164 of 207

executor >  local (207)
[1b/6e4ac1] process > stringtie [ 80%] 165 of 207

executor >  local (207)
[ca/57f2d3] process > stringtie [ 80%] 166 of 207

executor >  local (207)
[e3/d2b2a6] process > stringtie [ 81%] 167 of 207

executor >  local (207)
[73/a3cf44] process > stringtie [ 81%] 168 of 207

executor >  local (207)
[a9/142460] process > stringtie [ 82%] 169 of 207

executor >  local (207)
[a6/1b608a] process > stringtie [ 83%] 171 of 207

executor >  local (207)
[74/5f0a08] process > stringtie [ 83%] 172 of 207

executor >  local (207)
[8b/9796b5] process > stringtie [ 84%] 173 of 207

executor >  local (207)
[0d/624da4] process > stringtie [ 84%] 174 of 207

executor >  local (207)
[fc/d48551] process > stringtie [ 85%] 176 of 207

executor >  local (207)
[c9/79e579] process > stringtie [ 86%] 177 of 207

executor >  local (207)
[7a/3e4dbb] process > stringtie [ 86%] 178 of 207

executor >  local (207)
[f6/436a6b] process > stringtie [ 86%] 179 of 207

executor >  local (207)
[8e/98a042] process > stringtie [ 87%] 180 of 207

executor >  local (207)
[57/62f922] process > stringtie [ 87%] 181 of 207

executor >  local (207)
[f6/753d5a] process > stringtie [ 88%] 182 of 207

executor >  local (207)
[a6/e07ed4] process > stringtie [ 88%] 183 of 207

executor >  local (207)
[91/a5519e] process > stringtie [ 89%] 184 of 207

executor >  local (207)
[f1/0fd7e8] process > stringtie [ 90%] 186 of 207

executor >  local (207)
[45/0635f7] process > stringtie [ 90%] 187 of 207

executor >  local (207)
[af/61684c] process > stringtie [ 91%] 188 of 207

executor >  local (207)
[11/fd27f7] process > stringtie [ 91%] 189 of 207

executor >  local (207)
[a9/eb7da4] process > stringtie [ 92%] 190 of 207

executor >  local (207)
[80/e137b1] process > stringtie [ 92%] 191 of 207

executor >  local (207)
[38/d668b2] process > stringtie [ 93%] 192 of 207

executor >  local (207)
[c6/f61fbb] process > stringtie [ 93%] 193 of 207

executor >  local (207)
[ca/e3be97] process > stringtie [ 94%] 194 of 207

executor >  local (207)
[4e/4f18c7] process > stringtie [ 94%] 195 of 207

executor >  local (207)
[d7/e4a7e0] process > stringtie [ 95%] 196 of 207

executor >  local (207)
[96/150c3a] process > stringtie [ 95%] 197 of 207

executor >  local (207)
[9f/6e6a51] process > stringtie [ 96%] 198 of 207

executor >  local (207)
[2f/c41a89] process > stringtie [ 96%] 199 of 207

executor >  local (207)
[30/d3bd82] process > stringtie [ 97%] 200 of 207

executor >  local (207)
[ad/ee2b15] process > stringtie [ 97%] 201 of 207

executor >  local (207)
[e3/103a81] process > stringtie [ 98%] 202 of 207

executor >  local (207)
[78/ce401d] process > stringtie [ 98%] 203 of 207

executor >  local (207)
[bf/ccee30] process > stringtie [ 99%] 204 of 207

executor >  local (207)
[55/6c735b] process > stringtie [ 99%] 205 of 207

executor >  local (207)
[27/c123ca] process > stringtie [100%] 206 of 207
Done!

executor >  local (207)
[b2/5fdb02] process > stringtie [100%] 207 of 207 ✔

executor >  local (207)
[b2/5fdb02] process > stringtie [100%] 207 of 207 ✔
Completed at: 20-Oct-2020 17:56:52
Duration    : 4m 52s
CPU hours   : 3.3
Succeeded   : 207

