N E X T F L O W  ~  version 19.03.0-edge
Launching `/gpfs/projects/bsc83/Projects/Ebola/code/ebola/BroadAnnotation/03_rerun_assembly.nf` [tiny_bardeen] - revision: f6c5917780
WARN: There's no process matching config selector: gffCompare
==============================================
Quantification and Filtering
==============================================
WARN: Access to undefined parameter `mrnas_predicted` -- Initialise it to a default value eg. `params.mrnas_predicted = some_value`
executor >  local (33)
[4c/e2a411] process > DeNovoAssembly [  0%] 0 of 33

executor >  local (48)
[8b/686e64] process > DeNovoAssembly [  0%] 0 of 47
[c2/528c44] process > prefilter      [  0%] 0 of 1

executor >  local (49)
[4e/f2e38a] process > DeNovoAssembly [  0%] 0 of 48
[c2/528c44] process > prefilter      [  0%] 0 of 1
Oops .. something went wrong
Oops .. something went wrong

executor >  local (49)
[d3/565a34] process > DeNovoAssembly [ 38%] 18 of 48, failed: 18
[c2/528c44] process > prefilter      [  0%] 0 of 1
WARN: Killing pending tasks (48)
ERROR ~ Error executing process > 'DeNovoAssembly (NTC_H2O-M2_S18_L001_deduplicated)'

Caused by:
  Missing value declared as output parameter: dataset_name

Command executed:

  stringtie NTC_H2O-M2_S18_L001_deduplicated.bam -G rheMac10_EBOV-Kikwit_UCSC.gtf -o NTC_H2O-M2_S18_L001_deduplicated.stringtie.gtf --fr -p 1

Command exit status:
  0

Command output:
  (empty)

Command error:
  WARNING: seccomp requested but not enabled, seccomp library is missing or too old

Work dir:
  /gpfs/projects/bsc83/Data/Ebola/work/87/6f079652aba3c42eb6a10c3ab28a9e

Tip: when you have fixed the problem you can continue the execution appending to the nextflow command line the option `-resume`

 -- Check '.nextflow.log' file for details

executor >  local (49)
[4e/f2e38a] process > DeNovoAssembly [100%] 48 of 48, failed: 48
[c2/528c44] process > prefilter      [100%] 1 of 1, failed: 1
WARN: Killing pending tasks (48)
ERROR ~ Error executing process > 'DeNovoAssembly (NTC_H2O-M2_S18_L001_deduplicated)'

Caused by:
  Missing value declared as output parameter: dataset_name

Command executed:

  stringtie NTC_H2O-M2_S18_L001_deduplicated.bam -G rheMac10_EBOV-Kikwit_UCSC.gtf -o NTC_H2O-M2_S18_L001_deduplicated.stringtie.gtf --fr -p 1

Command exit status:
  0

Command output:
  (empty)

Command error:
  WARNING: seccomp requested but not enabled, seccomp library is missing or too old

Work dir:
  /gpfs/projects/bsc83/Data/Ebola/work/87/6f079652aba3c42eb6a10c3ab28a9e

Tip: when you have fixed the problem you can continue the execution appending to the nextflow command line the option `-resume`

 -- Check '.nextflow.log' file for details
