N E X T F L O W  ~  version 19.03.0-edge
Launching `/gpfs/projects/bsc83/Projects/Ebola/code/ebola/BroadAnnotation/05_requantify_broad.nf` [wise_bose] - revision: 209422cad6
WARN: There's no process matching config selector: runRSeQC
==============================================
Merge stringtie assemblies and perform prediction
==============================================
WARN: The `into` operator should be used to connect two or more target channels -- consider to replace it with `.set { bams }`
WARN: Input `set` must define at least two component -- Check process `stringtie`
executor >  local (22)
[98/244233] process > stringtie [  0%] 0 of 22

executor >  local (48)
[34/a0c896] process > stringtie [  0%] 0 of 48

executor >  local (49)
[fb/e9e4f7] process > stringtie [  2%] 1 of 49

executor >  local (50)
[2a/c1e10d] process > stringtie [  4%] 2 of 50

executor >  local (51)
[c1/07fef1] process > stringtie [  6%] 3 of 51

executor >  local (52)
[2c/5a5540] process > stringtie [  8%] 4 of 52

executor >  local (53)
[ef/342f8e] process > stringtie [  9%] 5 of 53

executor >  local (54)
[16/f057c0] process > stringtie [ 11%] 6 of 54

executor >  local (55)
[0b/aa71ca] process > stringtie [ 13%] 7 of 55

executor >  local (56)
[e3/9c9a35] process > stringtie [ 14%] 8 of 56

executor >  local (57)
[78/7d1636] process > stringtie [ 16%] 9 of 57

executor >  local (58)
[73/57f364] process > stringtie [ 17%] 10 of 58

executor >  local (59)
[ff/08f206] process > stringtie [ 19%] 11 of 59

executor >  local (60)
[78/899c2b] process > stringtie [ 20%] 12 of 60

executor >  local (61)
[68/007038] process > stringtie [ 21%] 13 of 61

executor >  local (62)
[ef/d85f00] process > stringtie [ 23%] 14 of 62

executor >  local (63)
[63/ab8db5] process > stringtie [ 24%] 15 of 63

executor >  local (64)
[8e/141988] process > stringtie [ 25%] 16 of 64

executor >  local (65)
[28/43faaa] process > stringtie [ 26%] 17 of 65

executor >  local (66)
[d3/4751c4] process > stringtie [ 27%] 18 of 66

executor >  local (67)
[d3/8cfc6f] process > stringtie [ 28%] 19 of 67

executor >  local (68)
[86/1e501a] process > stringtie [ 29%] 20 of 68

executor >  local (69)
[d3/371b8e] process > stringtie [ 30%] 21 of 69

executor >  local (70)
[35/ee4413] process > stringtie [ 31%] 22 of 70

executor >  local (71)
[e3/175e20] process > stringtie [ 32%] 23 of 71

executor >  local (72)
[68/8dec77] process > stringtie [ 33%] 24 of 72

executor >  local (73)
[0b/275e22] process > stringtie [ 34%] 25 of 73

executor >  local (74)
[23/298f53] process > stringtie [ 35%] 26 of 74

executor >  local (75)
[f2/8a21a0] process > stringtie [ 36%] 27 of 75

executor >  local (76)
[34/992e56] process > stringtie [ 37%] 28 of 76

executor >  local (77)
[28/21b441] process > stringtie [ 38%] 29 of 77

executor >  local (78)
[c6/9130dd] process > stringtie [ 38%] 30 of 78

executor >  local (79)
[07/289604] process > stringtie [ 39%] 31 of 79

executor >  local (80)
[53/cd63bb] process > stringtie [ 40%] 32 of 80

executor >  local (81)
[87/e2f08e] process > stringtie [ 41%] 33 of 81

executor >  local (82)
[be/ca91bb] process > stringtie [ 41%] 34 of 82

executor >  local (83)
[86/594039] process > stringtie [ 42%] 35 of 83

executor >  local (84)
[64/612778] process > stringtie [ 43%] 36 of 84

executor >  local (85)
[45/a03e43] process > stringtie [ 44%] 37 of 85

executor >  local (86)
[d8/9c0389] process > stringtie [ 44%] 38 of 86

executor >  local (87)
[88/49cf22] process > stringtie [ 45%] 39 of 87

executor >  local (88)
[87/4b531f] process > stringtie [ 45%] 40 of 88

executor >  local (89)
[5a/c8b4ba] process > stringtie [ 46%] 41 of 89

executor >  local (90)
[df/eb0814] process > stringtie [ 47%] 42 of 90

executor >  local (91)
[2a/c1e10d] process > stringtie [ 47%] 43 of 91

executor >  local (92)
[fe/91a0bf] process > stringtie [ 48%] 44 of 92

executor >  local (93)
[8e/a1fdb3] process > stringtie [ 48%] 45 of 93

executor >  local (94)
[60/a264d1] process > stringtie [ 49%] 46 of 94

executor >  local (95)
[b2/5c2736] process > stringtie [ 49%] 47 of 95

executor >  local (96)
[78/7d1636] process > stringtie [ 50%] 48 of 96

executor >  local (98)
[90/970dd3] process > stringtie [ 51%] 50 of 98

executor >  local (99)
[f2/8a21a0] process > stringtie [ 52%] 51 of 99

executor >  local (100)
[34/992e56] process > stringtie [ 52%] 52 of 100

executor >  local (101)
[63/bd5f73] process > stringtie [ 52%] 53 of 101

executor >  local (102)
[9b/9b6b59] process > stringtie [ 53%] 54 of 102

executor >  local (103)
[97/719433] process > stringtie [ 52%] 54 of 103

executor >  local (103)
[68/8dec77] process > stringtie [ 53%] 55 of 103

executor >  local (104)
[d0/ff56c6] process > stringtie [ 54%] 56 of 104

executor >  local (105)
[a0/7039f8] process > stringtie [ 54%] 57 of 105

executor >  local (106)
[61/3cc82a] process > stringtie [ 55%] 58 of 106

executor >  local (107)
[d0/ff56c6] process > stringtie [ 55%] 59 of 107

executor >  local (108)
[f1/420184] process > stringtie [ 56%] 60 of 108

executor >  local (109)
[22/674092] process > stringtie [ 56%] 61 of 109

executor >  local (110)
[ca/90d64a] process > stringtie [ 56%] 62 of 110

executor >  local (111)
[fa/2a3c09] process > stringtie [ 57%] 63 of 111

executor >  local (112)
[68/007038] process > stringtie [ 57%] 64 of 112

executor >  local (114)
[d3/4751c4] process > stringtie [ 58%] 66 of 114

executor >  local (115)
[e7/0d87a0] process > stringtie [ 58%] 67 of 115

executor >  local (116)
[f7/74b200] process > stringtie [ 59%] 68 of 116

executor >  local (117)
[63/09252a] process > stringtie [ 59%] 69 of 117

executor >  local (118)
[73/036990] process > stringtie [ 59%] 70 of 118

executor >  local (119)
[73/57f364] process > stringtie [ 60%] 71 of 119

executor >  local (120)
[d0/f81e97] process > stringtie [ 60%] 72 of 120

executor >  local (121)
[05/4a910f] process > stringtie [ 60%] 73 of 121

executor >  local (122)
[97/719433] process > stringtie [ 61%] 74 of 122

executor >  local (123)
[f0/c2b661] process > stringtie [ 61%] 75 of 123

executor >  local (124)
[a8/453f51] process > stringtie [ 61%] 76 of 124

executor >  local (125)
[81/02c58b] process > stringtie [ 62%] 77 of 125

executor >  local (126)
[79/a69e48] process > stringtie [ 61%] 77 of 126

executor >  local (126)
[c7/0ba2b0] process > stringtie [ 62%] 78 of 126

executor >  local (127)
[79/a69e48] process > stringtie [ 62%] 79 of 127

executor >  local (128)
[44/79195b] process > stringtie [ 63%] 80 of 128

executor >  local (129)
[ef/d85f00] process > stringtie [ 63%] 81 of 129

executor >  local (130)
[d1/e53694] process > stringtie [ 63%] 82 of 130

executor >  local (131)
[63/93a6d5] process > stringtie [ 63%] 83 of 131

executor >  local (132)
[05/96cd8f] process > stringtie [ 64%] 84 of 132

executor >  local (133)
[e7/ea6d28] process > stringtie [ 64%] 85 of 133

executor >  local (134)
[f3/8ca612] process > stringtie [ 64%] 86 of 134

executor >  local (135)
[86/1e501a] process > stringtie [ 64%] 87 of 135

executor >  local (136)
[e3/175e20] process > stringtie [ 65%] 88 of 136

executor >  local (137)
[54/178c54] process > stringtie [ 65%] 89 of 137

executor >  local (138)
[87/e2f08e] process > stringtie [ 65%] 90 of 138

executor >  local (139)
[09/5a3cc3] process > stringtie [ 65%] 91 of 139

executor >  local (140)
[d3/8cfc6f] process > stringtie [ 66%] 92 of 140

executor >  local (141)
[e4/fe3598] process > stringtie [ 65%] 92 of 141

executor >  local (141)
[22/fd22ae] process > stringtie [ 66%] 93 of 141

executor >  local (142)
[ce/402bd5] process > stringtie [ 66%] 94 of 142

executor >  local (143)
[35/ee4413] process > stringtie [ 66%] 95 of 143

executor >  local (144)
[8e/a1fdb3] process > stringtie [ 67%] 96 of 144

executor >  local (145)
[40/60a42d] process > stringtie [ 67%] 97 of 145

executor >  local (146)
[55/0d75d8] process > stringtie [ 67%] 98 of 146

executor >  local (147)
[c6/9130dd] process > stringtie [ 67%] 99 of 147

executor >  local (148)
[6f/3431c7] process > stringtie [ 68%] 100 of 148

executor >  local (149)
[63/93a6d5] process > stringtie [ 68%] 101 of 149

executor >  local (150)
[d3/371b8e] process > stringtie [ 68%] 102 of 150

executor >  local (152)
[95/014d77] process > stringtie [ 68%] 104 of 152

executor >  local (153)
[28/21b441] process > stringtie [ 69%] 105 of 153

executor >  local (154)
[93/8f3cef] process > stringtie [ 69%] 106 of 154

executor >  local (155)
[30/d08776] process > stringtie [ 69%] 107 of 155

executor >  local (156)
[d0/c3f2bf] process > stringtie [ 69%] 108 of 156

executor >  local (157)
[4b/38187c] process > stringtie [ 69%] 109 of 157

executor >  local (158)
[2a/7ead69] process > stringtie [ 70%] 110 of 158

executor >  local (159)
[7b/b0daa9] process > stringtie [ 70%] 111 of 159

executor >  local (160)
[1a/a9c51d] process > stringtie [ 70%] 112 of 160

executor >  local (161)
[d8/9c0389] process > stringtie [ 70%] 113 of 161

executor >  local (162)
[96/9845d8] process > stringtie [ 70%] 114 of 162

executor >  local (163)
[df/aee34b] process > stringtie [ 71%] 115 of 163

executor >  local (164)
[d5/35da02] process > stringtie [ 71%] 116 of 164

executor >  local (165)
[fb/fc2d96] process > stringtie [ 71%] 117 of 165

executor >  local (166)
[96/47ca4f] process > stringtie [ 71%] 118 of 166

executor >  local (167)
[d5/b09821] process > stringtie [ 71%] 119 of 167

executor >  local (168)
[c8/385024] process > stringtie [ 71%] 119 of 168

executor >  local (168)
[80/37eea6] process > stringtie [ 71%] 120 of 168

executor >  local (169)
[31/709a8f] process > stringtie [ 72%] 121 of 169

executor >  local (170)
[e8/2e2154] process > stringtie [ 72%] 122 of 170

executor >  local (171)
[fa/29c280] process > stringtie [ 72%] 123 of 171

executor >  local (172)
[44/357ede] process > stringtie [ 72%] 124 of 172

executor >  local (173)
[6f/3f2d4c] process > stringtie [ 72%] 125 of 173

executor >  local (174)
[d8/dd7086] process > stringtie [ 72%] 126 of 174

executor >  local (175)
[ca/c2cf1c] process > stringtie [ 73%] 127 of 175

executor >  local (176)
[48/f969bf] process > stringtie [ 73%] 128 of 176

executor >  local (177)
[63/09252a] process > stringtie [ 73%] 129 of 177

executor >  local (178)
[06/60e09b] process > stringtie [ 73%] 130 of 178

executor >  local (179)
[72/749125] process > stringtie [ 73%] 131 of 179

executor >  local (180)
[e4/2cde4e] process > stringtie [ 73%] 132 of 180

executor >  local (181)
[ca/90d64a] process > stringtie [ 73%] 133 of 181

executor >  local (183)
[2f/a97eb6] process > stringtie [ 74%] 135 of 183

executor >  local (184)
[21/9e8980] process > stringtie [ 74%] 136 of 184

executor >  local (185)
[d2/5b9a32] process > stringtie [ 74%] 137 of 185

executor >  local (186)
[57/5ae8e7] process > stringtie [ 74%] 138 of 186

executor >  local (187)
[a8/453f51] process > stringtie [ 74%] 139 of 187

executor >  local (188)
[05/4a910f] process > stringtie [ 74%] 140 of 188

executor >  local (189)
[d1/e53694] process > stringtie [ 75%] 141 of 189

executor >  local (190)
[36/9892fd] process > stringtie [ 75%] 142 of 190

executor >  local (191)
[80/e6a0ff] process > stringtie [ 75%] 143 of 191

executor >  local (192)
[b8/f690fa] process > stringtie [ 75%] 144 of 192

executor >  local (194)
[f7/74b200] process > stringtie [ 75%] 146 of 194

executor >  local (195)
[fd/cb7c9f] process > stringtie [ 75%] 147 of 195

executor >  local (196)
[c8/385024] process > stringtie [ 76%] 148 of 196

executor >  local (197)
[51/22ffab] process > stringtie [ 75%] 148 of 197

executor >  local (197)
[09/b7fec4] process > stringtie [ 76%] 149 of 197

executor >  local (198)
[ca/c2cf1c] process > stringtie [ 76%] 150 of 198

executor >  local (199)
[be/385e0b] process > stringtie [ 76%] 151 of 199

executor >  local (200)
[2b/96c686] process > stringtie [ 76%] 152 of 200

executor >  local (201)
[2b/28cec9] process > stringtie [ 76%] 152 of 201

executor >  local (201)
[19/ba0981] process > stringtie [ 76%] 153 of 201

executor >  local (202)
[95/014d77] process > stringtie [ 76%] 154 of 202

executor >  local (203)
[ce/402bd5] process > stringtie [ 76%] 155 of 203

executor >  local (204)
[26/ce032c] process > stringtie [ 76%] 156 of 204

executor >  local (205)
[e4/fe3598] process > stringtie [ 77%] 157 of 205

executor >  local (206)
[52/f178c0] process > stringtie [ 77%] 158 of 206

executor >  local (207)
[3c/dab18f] process > stringtie [ 76%] 158 of 207

executor >  local (207)
[43/340261] process > stringtie [ 77%] 159 of 207

executor >  local (207)
[6d/5e7afc] process > stringtie [ 78%] 161 of 207

executor >  local (207)
[11/f656fd] process > stringtie [ 78%] 162 of 207

executor >  local (207)
[2b/ebac37] process > stringtie [ 79%] 163 of 207

executor >  local (207)
[c4/909bfa] process > stringtie [ 79%] 164 of 207

executor >  local (207)
[e7/5e5f1a] process > stringtie [ 80%] 165 of 207

executor >  local (207)
[f0/c2b661] process > stringtie [ 80%] 166 of 207

executor >  local (207)
[e9/2ff17c] process > stringtie [ 81%] 167 of 207

executor >  local (207)
[31/cd71ed] process > stringtie [ 81%] 168 of 207

executor >  local (207)
[84/53237e] process > stringtie [ 82%] 169 of 207

executor >  local (207)
[90/57e8d9] process > stringtie [ 82%] 170 of 207

executor >  local (207)
[3b/510189] process > stringtie [ 83%] 171 of 207

executor >  local (207)
[6f/3431c7] process > stringtie [ 83%] 172 of 207

executor >  local (207)
[2a/c438e6] process > stringtie [ 84%] 173 of 207

executor >  local (207)
[1f/bf7d71] process > stringtie [ 84%] 174 of 207

executor >  local (207)
[f6/a5a631] process > stringtie [ 85%] 175 of 207

executor >  local (207)
[e8/2e2154] process > stringtie [ 85%] 176 of 207

executor >  local (207)
[31/709a8f] process > stringtie [ 86%] 177 of 207

executor >  local (207)
[96/9845d8] process > stringtie [ 86%] 178 of 207

executor >  local (207)
[22/8da6aa] process > stringtie [ 86%] 179 of 207

executor >  local (207)
[00/ab1120] process > stringtie [ 87%] 180 of 207

executor >  local (207)
[f7/ae9395] process > stringtie [ 87%] 181 of 207

executor >  local (207)
[1a/a9c51d] process > stringtie [ 88%] 182 of 207

executor >  local (207)
[57/5ae8e7] process > stringtie [ 88%] 183 of 207

executor >  local (207)
[51/22ffab] process > stringtie [ 89%] 184 of 207

executor >  local (207)
[8f/0edbe3] process > stringtie [ 89%] 185 of 207

executor >  local (207)
[92/c388af] process > stringtie [ 90%] 186 of 207

executor >  local (207)
[2b/28cec9] process > stringtie [ 90%] 187 of 207

executor >  local (207)
[32/3ac298] process > stringtie [ 91%] 188 of 207

executor >  local (207)
[2b/96c686] process > stringtie [ 91%] 189 of 207

executor >  local (207)
[a4/93566a] process > stringtie [ 92%] 190 of 207

executor >  local (207)
[fd/b41532] process > stringtie [ 92%] 191 of 207

executor >  local (207)
[6f/32f516] process > stringtie [ 93%] 192 of 207

executor >  local (207)
[b8/08921b] process > stringtie [ 93%] 193 of 207

executor >  local (207)
[0a/2b9f4f] process > stringtie [ 94%] 194 of 207

executor >  local (207)
[51/cafa47] process > stringtie [ 94%] 195 of 207

executor >  local (207)
[7b/f569ca] process > stringtie [ 95%] 196 of 207

executor >  local (207)
[ad/5229e3] process > stringtie [ 95%] 197 of 207

executor >  local (207)
[3c/dab18f] process > stringtie [ 96%] 198 of 207

executor >  local (207)
[6f/3f2d4c] process > stringtie [ 96%] 199 of 207

executor >  local (207)
[30/d08776] process > stringtie [ 97%] 200 of 207

executor >  local (207)
[71/16f69a] process > stringtie [ 97%] 201 of 207

executor >  local (207)
[c5/e73185] process > stringtie [ 98%] 202 of 207

executor >  local (207)
[82/e2bf73] process > stringtie [ 98%] 203 of 207

executor >  local (207)
[c8/597abd] process > stringtie [ 99%] 204 of 207

executor >  local (207)
[42/bc8547] process > stringtie [ 99%] 205 of 207

executor >  local (207)
[a3/1c308b] process > stringtie [100%] 206 of 207

executor >  local (207)
[1e/5df264] process > stringtie [100%] 207 of 207 ✔
Done!

executor >  local (207)
[1e/5df264] process > stringtie [100%] 207 of 207 ✔
Completed at: 20-Oct-2020 17:35:47
Duration    : 10m
CPU hours   : 6.9
Succeeded   : 207

