N E X T F L O W  ~  version 19.03.0-edge
Launching `/gpfs/projects/bsc83/Projects/Ebola/code/ebola/BroadAnnotation/99_cpc2.nf` [festering_williams] - revision: 2f7d9f7fc6
WARN: There's no process matching config selector: gffCompare
==============================================
Quantification and Filtering
==============================================
WARN: Access to undefined parameter `mrnas_predicted` -- Initialise it to a default value eg. `params.mrnas_predicted = some_value`
executor >  local (4)
[6a/c5bca2] process > expression_stringtie [  0%] 0 of 4

executor >  local (48)
[ef/f777bc] process > expression_stringtie [  0%] 0 of 48

executor >  local (49)
[79/0fdb46] process > expression_stringtie [  2%] 1 of 49

executor >  local (50)
[4b/ef5a9d] process > expression_stringtie [  4%] 2 of 50

executor >  local (51)
[d5/e4468c] process > expression_stringtie [  6%] 3 of 51

executor >  local (52)
[a3/86d372] process > expression_stringtie [  8%] 4 of 52

executor >  local (53)
[3f/0130ce] process > expression_stringtie [  9%] 5 of 53

executor >  local (54)
[03/bea060] process > expression_stringtie [ 11%] 6 of 54

executor >  local (55)
[ef/f777bc] process > expression_stringtie [ 13%] 7 of 55

executor >  local (56)
[00/53288f] process > expression_stringtie [ 14%] 8 of 56

executor >  local (57)
[bd/b38f72] process > expression_stringtie [ 16%] 9 of 57

executor >  local (58)
[39/b83bbe] process > expression_stringtie [ 17%] 10 of 58

executor >  local (60)
[c0/9d60cb] process > expression_stringtie [ 20%] 12 of 60

executor >  local (61)
[17/8a203e] process > expression_stringtie [ 21%] 13 of 61

executor >  local (62)
[7c/623908] process > expression_stringtie [ 23%] 14 of 62

executor >  local (63)
[96/9dad18] process > expression_stringtie [ 24%] 15 of 63

executor >  local (64)
[aa/f398a4] process > expression_stringtie [ 25%] 16 of 64

executor >  local (65)
[47/204b4f] process > expression_stringtie [ 26%] 17 of 65

executor >  local (66)
[ce/bb1e62] process > expression_stringtie [ 27%] 18 of 66

executor >  local (67)
[25/1d4d3f] process > expression_stringtie [ 28%] 19 of 67

executor >  local (68)
[db/383cc0] process > expression_stringtie [ 29%] 20 of 68

executor >  local (69)
[9f/1a439b] process > expression_stringtie [ 30%] 21 of 69

executor >  local (70)
[57/862f37] process > expression_stringtie [ 31%] 22 of 70

executor >  local (71)
[6c/43df13] process > expression_stringtie [ 32%] 23 of 71

executor >  local (72)
[6c/5d6a51] process > expression_stringtie [ 33%] 24 of 72

executor >  local (73)
[76/a7ce8e] process > expression_stringtie [ 34%] 25 of 73

executor >  local (74)
[56/1428e9] process > expression_stringtie [ 35%] 26 of 74

executor >  local (75)
[d1/af81c1] process > expression_stringtie [ 36%] 27 of 75

executor >  local (76)
[01/486e45] process > expression_stringtie [ 37%] 28 of 76

executor >  local (77)
[1e/c456c9] process > expression_stringtie [ 38%] 29 of 77

executor >  local (78)
[e8/61b521] process > expression_stringtie [ 38%] 30 of 78

executor >  local (80)
[08/398302] process > expression_stringtie [ 40%] 32 of 80

executor >  local (81)
[d5/5ed178] process > expression_stringtie [ 41%] 33 of 81

executor >  local (82)
[06/4fcb28] process > expression_stringtie [ 41%] 34 of 82

executor >  local (83)
[81/eae3a8] process > expression_stringtie [ 42%] 35 of 83

executor >  local (84)
[3d/b4c477] process > expression_stringtie [ 43%] 36 of 84

executor >  local (85)
[f0/6c0dcc] process > expression_stringtie [ 44%] 37 of 85

executor >  local (86)
[bf/29c208] process > expression_stringtie [ 44%] 38 of 86

executor >  local (87)
[f3/06e9a1] process > expression_stringtie [ 45%] 39 of 87

executor >  local (88)
[08/e1c7a3] process > expression_stringtie [ 45%] 40 of 88

executor >  local (89)
[b4/405354] process > expression_stringtie [ 46%] 41 of 89

executor >  local (90)
[18/127315] process > expression_stringtie [ 47%] 42 of 90

executor >  local (91)
[ec/44e0b6] process > expression_stringtie [ 47%] 43 of 91

executor >  local (92)
[f3/f77cf8] process > expression_stringtie [ 48%] 44 of 92

executor >  local (93)
[c0/f476e6] process > expression_stringtie [ 48%] 45 of 93

executor >  local (94)
[6c/3c5239] process > expression_stringtie [ 49%] 46 of 94

executor >  local (95)
[d9/0b284c] process > expression_stringtie [ 49%] 47 of 95

executor >  local (96)
[b9/7799d1] process > expression_stringtie [ 50%] 48 of 96

executor >  local (97)
[b9/0c485f] process > expression_stringtie [ 51%] 49 of 97

executor >  local (98)
[56/d01d7d] process > expression_stringtie [ 51%] 50 of 98

executor >  local (99)
[e1/814db6] process > expression_stringtie [ 52%] 51 of 99

executor >  local (100)
[1a/69b8ef] process > expression_stringtie [ 52%] 52 of 100

executor >  local (101)
[92/75e05b] process > expression_stringtie [ 52%] 53 of 101

executor >  local (102)
[4a/e3259c] process > expression_stringtie [ 53%] 54 of 102

executor >  local (103)
[f2/aecd32] process > expression_stringtie [ 53%] 55 of 103

executor >  local (104)
[d1/2b485e] process > expression_stringtie [ 54%] 56 of 104

executor >  local (106)
[d1/706cb9] process > expression_stringtie [ 55%] 58 of 106

executor >  local (107)
[0a/f291a1] process > expression_stringtie [ 55%] 59 of 107

executor >  local (108)
[0a/48b0eb] process > expression_stringtie [ 56%] 60 of 108

executor >  local (109)
[e6/097f87] process > expression_stringtie [ 56%] 61 of 109

executor >  local (110)
[bf/1f2f9b] process > expression_stringtie [ 56%] 62 of 110

executor >  local (111)
[68/9f1e9a] process > expression_stringtie [ 57%] 63 of 111

executor >  local (112)
[2b/4b38b2] process > expression_stringtie [ 57%] 64 of 112

executor >  local (113)
[37/3b4e95] process > expression_stringtie [ 58%] 65 of 113

executor >  local (114)
[c3/b428f6] process > expression_stringtie [ 58%] 66 of 114

executor >  local (115)
[64/38f1c2] process > expression_stringtie [ 58%] 67 of 115

executor >  local (116)
[7c/5d2d95] process > expression_stringtie [ 59%] 68 of 116

executor >  local (117)
[7c/5d2d95] process > expression_stringtie [ 59%] 69 of 117

executor >  local (118)
[b8/8818a0] process > expression_stringtie [ 59%] 70 of 118

executor >  local (119)
[23/d5ec2e] process > expression_stringtie [ 60%] 71 of 119

executor >  local (120)
[b9/521e9b] process > expression_stringtie [ 60%] 72 of 120

executor >  local (121)
[23/122f26] process > expression_stringtie [ 60%] 73 of 121

executor >  local (122)
[84/7bae07] process > expression_stringtie [ 61%] 74 of 122

executor >  local (123)
[50/2839d6] process > expression_stringtie [ 61%] 75 of 123

executor >  local (124)
[d6/f1a6e6] process > expression_stringtie [ 61%] 76 of 124

executor >  local (125)
[83/4b2152] process > expression_stringtie [ 62%] 77 of 125

executor >  local (126)
[1d/8caea2] process > expression_stringtie [ 62%] 78 of 126

executor >  local (128)
[3d/5b1ff4] process > expression_stringtie [ 63%] 80 of 128

executor >  local (129)
[4b/7407af] process > expression_stringtie [ 63%] 81 of 129

executor >  local (130)
[fb/abb909] process > expression_stringtie [ 63%] 82 of 130

executor >  local (131)
[8d/dc8d4a] process > expression_stringtie [ 63%] 83 of 131

executor >  local (132)
[a2/1d4ece] process > expression_stringtie [ 64%] 84 of 132

executor >  local (133)
[54/42652d] process > expression_stringtie [ 64%] 85 of 133

executor >  local (134)
[22/e33c7c] process > expression_stringtie [ 64%] 86 of 134

executor >  local (135)
[25/20a898] process > expression_stringtie [ 64%] 87 of 135

executor >  local (136)
[35/ddf3d8] process > expression_stringtie [ 65%] 88 of 136

executor >  local (137)
[b0/217a92] process > expression_stringtie [ 65%] 89 of 137

executor >  local (137)
[bf/29c208] process > expression_stringtie [ 66%] 90 of 137

executor >  local (138)
[8f/351ad2] process > expression_stringtie [ 65%] 90 of 138

executor >  local (139)
[7c/fbc80a] process > expression_stringtie [ 65%] 91 of 139

executor >  local (140)
[81/4e8b5b] process > expression_stringtie [ 66%] 92 of 140

executor >  local (141)
[18/79173a] process > expression_stringtie [ 66%] 93 of 141

executor >  local (142)
[96/30d2f0] process > expression_stringtie [ 66%] 94 of 142

executor >  local (143)
[70/d9cefe] process > expression_stringtie [ 66%] 95 of 143

executor >  local (144)
[ec/a51525] process > expression_stringtie [ 67%] 96 of 144

executor >  local (145)
[71/b0be9d] process > expression_stringtie [ 67%] 97 of 145

executor >  local (146)
[48/59bd78] process > expression_stringtie [ 67%] 98 of 146

executor >  local (147)
[ed/767132] process > expression_stringtie [ 67%] 99 of 147

executor >  local (148)
[c2/d609f5] process > expression_stringtie [ 68%] 100 of 148

executor >  local (149)
[35/84bdf9] process > expression_stringtie [ 68%] 101 of 149

executor >  local (150)
[54/f4d695] process > expression_stringtie [ 68%] 102 of 150

executor >  local (151)
[ae/0efa23] process > expression_stringtie [ 68%] 103 of 151

executor >  local (152)
[46/6bfb2f] process > expression_stringtie [ 68%] 104 of 152

executor >  local (153)
[28/abbfbe] process > expression_stringtie [ 69%] 105 of 153

executor >  local (154)
[ec/b1941d] process > expression_stringtie [ 69%] 106 of 154

executor >  local (155)
[9f/3f392d] process > expression_stringtie [ 69%] 107 of 155

executor >  local (156)
[25/fc4971] process > expression_stringtie [ 69%] 108 of 156

executor >  local (157)
[50/4561b6] process > expression_stringtie [ 69%] 109 of 157

executor >  local (158)
[7f/09bb3d] process > expression_stringtie [ 70%] 110 of 158

executor >  local (159)
[a3/546498] process > expression_stringtie [ 70%] 111 of 159

executor >  local (160)
[8b/eb0273] process > expression_stringtie [ 70%] 112 of 160

executor >  local (161)
[40/1e5b33] process > expression_stringtie [ 70%] 113 of 161

executor >  local (162)
[31/7960bf] process > expression_stringtie [ 70%] 114 of 162

executor >  local (163)
[6c/cc82df] process > expression_stringtie [ 71%] 115 of 163

executor >  local (164)
[54/53807d] process > expression_stringtie [ 71%] 116 of 164

executor >  local (165)
[c5/8f7b20] process > expression_stringtie [ 71%] 117 of 165

executor >  local (166)
[36/ee3812] process > expression_stringtie [ 71%] 118 of 166

executor >  local (167)
[c7/fc4162] process > expression_stringtie [ 71%] 119 of 167

executor >  local (168)
[b7/308da2] process > expression_stringtie [ 71%] 120 of 168

executor >  local (169)
[cb/44852f] process > expression_stringtie [ 72%] 121 of 169

executor >  local (170)
[b0/79b50f] process > expression_stringtie [ 72%] 122 of 170

executor >  local (171)
[55/df8230] process > expression_stringtie [ 72%] 123 of 171

executor >  local (172)
[22/d88b1c] process > expression_stringtie [ 72%] 124 of 172

executor >  local (173)
[11/3fa93b] process > expression_stringtie [ 72%] 125 of 173

executor >  local (174)
[be/8a7682] process > expression_stringtie [ 72%] 126 of 174

executor >  local (175)
[fc/e03cbc] process > expression_stringtie [ 73%] 127 of 175

executor >  local (176)
[cc/b3d8d8] process > expression_stringtie [ 73%] 128 of 176

executor >  local (177)
[10/ea1750] process > expression_stringtie [ 73%] 129 of 177

executor >  local (178)
[99/047e42] process > expression_stringtie [ 73%] 130 of 178

executor >  local (179)
[df/472fb9] process > expression_stringtie [ 73%] 131 of 179

executor >  local (180)
[dc/4cc00d] process > expression_stringtie [ 73%] 132 of 180

executor >  local (182)
[26/aad766] process > expression_stringtie [ 74%] 134 of 182

executor >  local (183)
[be/077b52] process > expression_stringtie [ 74%] 135 of 183

executor >  local (184)
[36/65ba9d] process > expression_stringtie [ 74%] 136 of 184

executor >  local (185)
[74/ffaf08] process > expression_stringtie [ 74%] 137 of 185

executor >  local (186)
[7e/632e61] process > expression_stringtie [ 74%] 138 of 186

executor >  local (187)
[fb/abb909] process > expression_stringtie [ 74%] 139 of 187

executor >  local (188)
[0e/5952f8] process > expression_stringtie [ 74%] 140 of 188

executor >  local (189)
[5f/de04a3] process > expression_stringtie [ 75%] 141 of 189

executor >  local (190)
[1f/495a76] process > expression_stringtie [ 75%] 142 of 190

executor >  local (192)
[f7/2970de] process > expression_stringtie [ 75%] 144 of 192

executor >  local (192)
[c3/b428f6] process > expression_stringtie [ 76%] 145 of 192

executor >  local (193)
[2f/bab08b] process > expression_stringtie [ 75%] 145 of 193

executor >  local (194)
[b1/d799a9] process > expression_stringtie [ 75%] 146 of 194

executor >  local (195)
[61/ad46dd] process > expression_stringtie [ 75%] 147 of 195

executor >  local (196)
[87/601f94] process > expression_stringtie [ 76%] 148 of 196

executor >  local (197)
[13/958641] process > expression_stringtie [ 76%] 149 of 197

executor >  local (198)
[f4/800533] process > expression_stringtie [ 76%] 150 of 198

executor >  local (199)
[91/82f6c7] process > expression_stringtie [ 76%] 151 of 199

executor >  local (200)
[c6/6060f2] process > expression_stringtie [ 76%] 152 of 200

executor >  local (200)
[83/4b2152] process > expression_stringtie [ 77%] 153 of 200

executor >  local (200)
[be/8a7682] process > expression_stringtie [ 77%] 154 of 200

executor >  local (200)
[22/d88b1c] process > expression_stringtie [ 78%] 155 of 200

executor >  local (200)
[7c/fbc80a] process > expression_stringtie [ 78%] 156 of 200

executor >  local (200)
[ae/0efa23] process > expression_stringtie [ 79%] 157 of 200

executor >  local (200)
[35/84bdf9] process > expression_stringtie [ 79%] 158 of 200

executor >  local (200)
[cb/44852f] process > expression_stringtie [ 80%] 159 of 200

executor >  local (200)
[96/30d2f0] process > expression_stringtie [ 80%] 160 of 200

executor >  local (200)
[6c/cc82df] process > expression_stringtie [ 81%] 161 of 200

executor >  local (200)
[36/ee3812] process > expression_stringtie [ 82%] 163 of 200

executor >  local (200)
[31/7960bf] process > expression_stringtie [ 82%] 164 of 200

executor >  local (200)
[7f/09bb3d] process > expression_stringtie [ 83%] 165 of 200

executor >  local (200)
[c5/8f7b20] process > expression_stringtie [ 83%] 166 of 200

executor >  local (200)
[b0/217a92] process > expression_stringtie [ 84%] 167 of 200

executor >  local (200)
[dc/4cc00d] process > expression_stringtie [ 84%] 168 of 200

executor >  local (200)
[50/4561b6] process > expression_stringtie [ 85%] 169 of 200

executor >  local (200)
[46/6bfb2f] process > expression_stringtie [ 85%] 170 of 200

executor >  local (200)
[ec/b1941d] process > expression_stringtie [ 86%] 171 of 200

executor >  local (200)
[87/601f94] process > expression_stringtie [ 86%] 172 of 200

executor >  local (200)
[55/df8230] process > expression_stringtie [ 87%] 173 of 200

executor >  local (200)
[f4/800533] process > expression_stringtie [ 88%] 175 of 200

executor >  local (200)
[c7/fc4162] process > expression_stringtie [ 88%] 176 of 200

executor >  local (200)
[90/608aca] process > expression_stringtie [ 89%] 177 of 200

executor >  local (200)
[be/077b52] process > expression_stringtie [ 89%] 178 of 200

executor >  local (200)
[25/fc4971] process > expression_stringtie [ 90%] 179 of 200

executor >  local (200)
[cc/b3d8d8] process > expression_stringtie [ 91%] 181 of 200

executor >  local (200)
[df/472fb9] process > expression_stringtie [ 91%] 182 of 200

executor >  local (200)
[40/1e5b33] process > expression_stringtie [ 92%] 183 of 200

executor >  local (200)
[c6/6060f2] process > expression_stringtie [ 92%] 184 of 200

executor >  local (200)
[7e/632e61] process > expression_stringtie [ 93%] 185 of 200

executor >  local (200)
[26/aad766] process > expression_stringtie [ 93%] 186 of 200

executor >  local (200)
[91/82f6c7] process > expression_stringtie [ 94%] 187 of 200

executor >  local (200)
[b1/d799a9] process > expression_stringtie [ 94%] 188 of 200

executor >  local (200)
[99/047e42] process > expression_stringtie [ 95%] 189 of 200

executor >  local (200)
[61/ad46dd] process > expression_stringtie [ 95%] 190 of 200

executor >  local (200)
[27/023fd6] process > expression_stringtie [ 96%] 191 of 200

executor >  local (200)
[f7/2970de] process > expression_stringtie [ 96%] 192 of 200

executor >  local (200)
[1f/495a76] process > expression_stringtie [ 97%] 193 of 200

executor >  local (200)
[10/ea1750] process > expression_stringtie [ 97%] 194 of 200

executor >  local (200)
[54/f4d695] process > expression_stringtie [ 98%] 195 of 200

executor >  local (200)
[5f/de04a3] process > expression_stringtie [ 98%] 196 of 200

executor >  local (200)
[0e/5952f8] process > expression_stringtie [ 99%] 197 of 200

executor >  local (200)
[74/ffaf08] process > expression_stringtie [ 99%] 198 of 200

executor >  local (200)
[36/65ba9d] process > expression_stringtie [100%] 199 of 200

executor >  local (201)
[2f/bab08b] process > expression_stringtie [100%] 200 of 200 ✔
[ef/4e6f39] process > filterExpression     [  0%] 0 of 1

executor >  local (202)
[2f/bab08b] process > expression_stringtie [100%] 200 of 200 ✔
[ef/4e6f39] process > filterExpression     [100%] 1 of 1 ✔
[e5/0a9e7a] process > gtf2bed              [  0%] 0 of 1

executor >  local (203)
[2f/bab08b] process > expression_stringtie [100%] 200 of 200 ✔
[ef/4e6f39] process > filterExpression     [100%] 1 of 1 ✔
[e5/0a9e7a] process > gtf2bed              [100%] 1 of 1 ✔
[27/bb8d43] process > getFasta             [  0%] 0 of 1

executor >  local (206)
[2f/bab08b] process > expression_stringtie [100%] 200 of 200 ✔
[ef/4e6f39] process > filterExpression     [100%] 1 of 1 ✔
[e5/0a9e7a] process > gtf2bed              [100%] 1 of 1 ✔
[27/bb8d43] process > getFasta             [100%] 1 of 1 ✔
[87/78768f] process > CPC2                 [  0%] 0 of 1
[cf/88937c] process > CNIT                 [  0%] 0 of 1
[c9/8aa69f] process > CPAT                 [  0%] 0 of 1

executor >  local (206)
[2f/bab08b] process > expression_stringtie [100%] 200 of 200 ✔
[ef/4e6f39] process > filterExpression     [100%] 1 of 1 ✔
[e5/0a9e7a] process > gtf2bed              [100%] 1 of 1 ✔
[27/bb8d43] process > getFasta             [100%] 1 of 1 ✔
[87/78768f] process > CPC2                 [100%] 1 of 1 ✔
[cf/88937c] process > CNIT                 [  0%] 0 of 1
[c9/8aa69f] process > CPAT                 [  0%] 0 of 1

executor >  local (206)
[2f/bab08b] process > expression_stringtie [100%] 200 of 200 ✔
[ef/4e6f39] process > filterExpression     [100%] 1 of 1 ✔
[e5/0a9e7a] process > gtf2bed              [100%] 1 of 1 ✔
[27/bb8d43] process > getFasta             [100%] 1 of 1 ✔
[87/78768f] process > CPC2                 [100%] 1 of 1 ✔
[cf/88937c] process > CNIT                 [  0%] 0 of 1
[c9/8aa69f] process > CPAT                 [100%] 1 of 1 ✔

executor >  local (207)
[2f/bab08b] process > expression_stringtie [100%] 200 of 200 ✔
[ef/4e6f39] process > filterExpression     [100%] 1 of 1 ✔
[e5/0a9e7a] process > gtf2bed              [100%] 1 of 1 ✔
[27/bb8d43] process > getFasta             [100%] 1 of 1 ✔
[87/78768f] process > CPC2                 [100%] 1 of 1 ✔
[cf/88937c] process > CNIT                 [100%] 1 of 1 ✔
[c9/8aa69f] process > CPAT                 [100%] 1 of 1 ✔
[0a/29c498] process > getFinalAnnotation   [  0%] 0 of 1

executor >  local (207)
[2f/bab08b] process > expression_stringtie [100%] 200 of 200 ✔
[ef/4e6f39] process > filterExpression     [100%] 1 of 1 ✔
[e5/0a9e7a] process > gtf2bed              [100%] 1 of 1 ✔
[27/bb8d43] process > getFasta             [100%] 1 of 1 ✔
[87/78768f] process > CPC2                 [100%] 1 of 1 ✔
[cf/88937c] process > CNIT                 [100%] 1 of 1 ✔
[c9/8aa69f] process > CPAT                 [100%] 1 of 1 ✔
[0a/29c498] process > getFinalAnnotation   [100%] 1 of 1, failed: 1 ✘
ERROR ~ Error executing process > 'getFinalAnnotation (1)'

Caused by:
  Process `getFinalAnnotation (1)` terminated with an error exit status (1)

Command executed:

  Rscript 03_concordant_and_merge.R cpc2_pred.txt cpat_pred.ORF_prob.tsv CNCI2.index candidates.gtf rheMac10_EBOV-Kikwit_UCSC.gtf rheMac10_EBOV_and_novel.gtf rheMac10_EBOV_and_novel_genenames.gtf

Command exit status:
  1

Command output:
  [99856] "ENSMMUG00000011860.4" "ENSMMUG00000011860.4" "ENSMMUG00000011860.4"
  [99859] "ENSMMUG00000011860.4" "ENSMMUG00000011860.4" "ENSMMUG00000011860.4"
  [99862] "ENSMMUG00000008967.4" "ENSMMUG00000008967.4" "ENSMMUG00000008967.4"
  [99865] "ENSMMUG00000008967.4" "ENSMMUG00000008967.4" "ENSMMUG00000008967.4"
  [99868] "ENSMMUG00000008967.4" "ENSMMUG00000008967.4" "ENSMMUG00000008967.4"
  [99871] "ENSMMUG00000008967.4" "ENSMMUG00000008967.4" "ENSMMUG00000008967.4"
  [99874] "ENSMMUG00000008967.4" "ENSMMUG00000008967.4" "ENSMMUG00000008967.4"
  [99877] "ENSMMUG00000008967.4" "ENSMMUG00000008967.4" "ENSMMUG00000008967.4"
  [99880] "ENSMMUG00000008967.4" "ENSMMUG00000008967.4" "ENSMMUG00000008967.4"
  [99883] "ENSMMUG00000008967.4" "ENSMMUG00000008967.4" "ENSMMUG00000008967.4"
  [99886] "ENSMMUG00000008967.4" "ENSMMUG00000008967.4" "ENSMMUG00000008967.4"
  [99889] "ENSMMUG00000008967.4" "ENSMMUG00000008967.4" "ENSMMUG00000008967.4"
  [99892] "ENSMMUG00000008967.4" "ENSMMUG00000008967.4" "ENSMMUG00000008967.4"
  [99895] "ENSMMUG00000008967.4" "ENSMMUG00000008967.4" "ENSMMUG00000008967.4"
  [99898] "ENSMMUG00000008967.4" "ENSMMUG00000008967.4" "ENSMMUG00000063853.1"
  [99901] "ENSMMUG00000063853.1" "ENSMMUG00000063853.1" "ENSMMUG00000058261.1"
  [99904] "ENSMMUG00000058261.1" "ENSMMUG00000058261.1" "ENSMMUG00000058261.1"
  [99907] "ENSMMUG00000058261.1" "ENSMMUG00000058261.1" "ENSMMUG00000058261.1"
  [99910] "ENSMMUG00000058261.1" "ENSMMUG00000058261.1" "ENSMMUG00000058261.1"
  [99913] "ENSMMUG00000017674.4" "ENSMMUG00000017674.4" "ENSMMUG00000017674.4"
  [99916] "ENSMMUG00000017674.4" "ENSMMUG00000017674.4" "ENSMMUG00000017674.4"
  [99919] "ENSMMUG00000017674.4" "ENSMMUG00000017674.4" "ENSMMUG00000017674.4"
  [99922] "ENSMMUG00000017674.4" "ENSMMUG00000017674.4" "ENSMMUG00000017674.4"
  [99925] "ENSMMUG00000017674.4" "ENSMMUG00000017674.4" "ENSMMUG00000017674.4"
  [99928] "ENSMMUG00000017674.4" "ENSMMUG00000017674.4" "ENSMMUG00000017674.4"
  [99931] "ENSMMUG00000017674.4" "ENSMMUG00000017674.4" "ENSMMUG00000017674.4"
  [99934] "ENSMMUG00000017674.4" "ENSMMUG00000017674.4" "ENSMMUG00000017674.4"
  [99937] "ENSMMUG00000017674.4" "ENSMMUG00000017674.4" "ENSMMUG00000017674.4"
  [99940] "ENSMMUG00000017674.4" "ENSMMUG00000017674.4" "ENSMMUG00000017674.4"
  [99943] "ENSMMUG00000017674.4" "ENSMMUG00000017674.4" "ENSMMUG00000017674.4"
  [99946] "ENSMMUG00000017674.4" "ENSMMUG00000017674.4" "ENSMMUG00000017674.4"
  [99949] "ENSMMUG00000017674.4" "ENSMMUG00000017674.4" "ENSMMUG00000017674.4"
  [99952] "ENSMMUG00000017674.4" "ENSMMUG00000017674.4" "ENSMMUG00000017674.4"
  [99955] "ENSMMUG00000017674.4" "ENSMMUG00000017674.4" "ENSMMUG00000017674.4"
  [99958] "ENSMMUG00000017674.4" "ENSMMUG00000017674.4" "ENSMMUG00000017674.4"
  [99961] "ENSMMUG00000017674.4" "ENSMMUG00000017674.4" "ENSMMUG00000017674.4"
  [99964] "ENSMMUG00000017674.4" "ENSMMUG00000017674.4" "ENSMMUG00000017674.4"
  [99967] "ENSMMUG00000017674.4" "ENSMMUG00000017674.4" "ENSMMUG00000017674.4"
  [99970] "ENSMMUG00000017674.4" "ENSMMUG00000017674.4" "ENSMMUG00000017674.4"
  [99973] "ENSMMUG00000017674.4" "ENSMMUG00000017674.4" "ENSMMUG00000017674.4"
  [99976] "ENSMMUG00000017674.4" "ENSMMUG00000017674.4" "ENSMMUG00000051252.1"
  [99979] "ENSMMUG00000051252.1" "ENSMMUG00000026815.3" "ENSMMUG00000026815.3"
  [99982] "ENSMMUG00000050852.1" "ENSMMUG00000050852.1" "ENSMMUG00000021535.4"
  [99985] "ENSMMUG00000021535.4" "ENSMMUG00000021535.4" "ENSMMUG00000021535.4"
  [99988] "ENSMMUG00000021535.4" "ENSMMUG00000021535.4" "ENSMMUG00000021535.4"
  [99991] "ENSMMUG00000021535.4" "ENSMMUG00000021535.4" "ENSMMUG00000021535.4"
  [99994] "ENSMMUG00000021535.4" "ENSMMUG00000021535.4" "ENSMMUG00000021535.4"
  [99997] "ENSMMUG00000021535.4" "ENSMMUG00000021535.4" "ENSMMUG00000021535.4"
   [ reached getOption("max.print") -- omitted 1312178 entries ]
  [1] "---1 "

Command error:
  Attaching package: ‘S4Vectors’
  
  The following object is masked from ‘package:base’:
  
      expand.grid
  
  Loading required package: IRanges
  Loading required package: GenomeInfoDb
  
  Attaching package: ‘dplyr’
  
  The following objects are masked from ‘package:GenomicRanges’:
  
      intersect, setdiff, union
  
  The following object is masked from ‘package:GenomeInfoDb’:
  
      intersect
  
  The following objects are masked from ‘package:IRanges’:
  
      collapse, desc, intersect, setdiff, slice, union
  
  The following objects are masked from ‘package:S4Vectors’:
  
      first, intersect, rename, setdiff, setequal, union
  
  The following objects are masked from ‘package:BiocGenerics’:
  
      combine, intersect, setdiff, union
  
  The following objects are masked from ‘package:stats’:
  
      filter, lag
  
  The following objects are masked from ‘package:base’:
  
      intersect, setdiff, setequal, union
  
  `summarise()` ungrouping output (override with `.groups` argument)
  `summarise()` ungrouping output (override with `.groups` argument)
  `summarise()` ungrouping output (override with `.groups` argument)
  Warning message:
  In .Seqinfo.mergexy(x, y) :
    Each of the 2 combined objects has sequence levels not in the other:
    - in 'x': chr1_NW_021160098v1_random, chr1_NW_021160106v1_random, chr1_NW_021160108v1_random, chr1_NW_021160111v1_random, chr1_NW_021160114v1_random, chr2_NW_021160115v1_random, chr2_NW_021160123v1_random, chr3_NW_021160133v1_random, chr3_NW_021160137v1_random, chr3_NW_021160139v1_random, chr3_NW_021160142v1_random, chr3_NW_021160144v1_random, chr4_NW_021160145v1_random, chr4_NW_021160152v1_random, chr4_NW_021160153v1_random, chr4_NW_021160157v1_random, chr4_NW_021160159v1_random, chr5_NW_021160167v1_random, chr5_NW_021160176v1_random, chr6_NW_021160179v1_random, chr6_NW_021160184v1_random, chr6_NW_021160186v1_random, chr6_NW_021160188v1_random, chr7_NW_021160199v1_random, chr7_NW_021160200v1_random, chr7_NW_021160204v1_random, chr8_NW_021160212v1_random, chr8_NW_021160221v1_random, chr8_NW_021160222v1_random, chr9_NW_021160226v1_random, chr9_NW_021160239v1_random, chr10_NW_021160244v1_random, chr10_NW_021160245v1_r [... truncated]
  Error in `[[<-`(`*tmp*`, name, value = "-unknown") : 
    1 elements in value to replace 0 elements
  Calls: $<- -> $<- -> [[<- -> [[<-
  Execution halted

Work dir:
  /gpfs/projects/bsc83/Data/Ebola/work/0a/29c49807370126ab34cf6309966b3d

Tip: view the complete command output by changing to the process work dir and entering the command `cat .command.out`

 -- Check '.nextflow.log' file for details
Oops .. something went wrong

executor >  local (207)
[2f/bab08b] process > expression_stringtie [100%] 200 of 200 ✔
[ef/4e6f39] process > filterExpression     [100%] 1 of 1 ✔
[e5/0a9e7a] process > gtf2bed              [100%] 1 of 1 ✔
[27/bb8d43] process > getFasta             [100%] 1 of 1 ✔
[87/78768f] process > CPC2                 [100%] 1 of 1 ✔
[cf/88937c] process > CNIT                 [100%] 1 of 1 ✔
[c9/8aa69f] process > CPAT                 [100%] 1 of 1 ✔
[0a/29c498] process > getFinalAnnotation   [100%] 1 of 1, failed: 1 ✘
ERROR ~ Error executing process > 'getFinalAnnotation (1)'

Caused by:
  Process `getFinalAnnotation (1)` terminated with an error exit status (1)

Command executed:

  Rscript 03_concordant_and_merge.R cpc2_pred.txt cpat_pred.ORF_prob.tsv CNCI2.index candidates.gtf rheMac10_EBOV-Kikwit_UCSC.gtf rheMac10_EBOV_and_novel.gtf rheMac10_EBOV_and_novel_genenames.gtf

Command exit status:
  1

Command output:
  [99856] "ENSMMUG00000011860.4" "ENSMMUG00000011860.4" "ENSMMUG00000011860.4"
  [99859] "ENSMMUG00000011860.4" "ENSMMUG00000011860.4" "ENSMMUG00000011860.4"
  [99862] "ENSMMUG00000008967.4" "ENSMMUG00000008967.4" "ENSMMUG00000008967.4"
  [99865] "ENSMMUG00000008967.4" "ENSMMUG00000008967.4" "ENSMMUG00000008967.4"
  [99868] "ENSMMUG00000008967.4" "ENSMMUG00000008967.4" "ENSMMUG00000008967.4"
  [99871] "ENSMMUG00000008967.4" "ENSMMUG00000008967.4" "ENSMMUG00000008967.4"
  [99874] "ENSMMUG00000008967.4" "ENSMMUG00000008967.4" "ENSMMUG00000008967.4"
  [99877] "ENSMMUG00000008967.4" "ENSMMUG00000008967.4" "ENSMMUG00000008967.4"
  [99880] "ENSMMUG00000008967.4" "ENSMMUG00000008967.4" "ENSMMUG00000008967.4"
  [99883] "ENSMMUG00000008967.4" "ENSMMUG00000008967.4" "ENSMMUG00000008967.4"
  [99886] "ENSMMUG00000008967.4" "ENSMMUG00000008967.4" "ENSMMUG00000008967.4"
  [99889] "ENSMMUG00000008967.4" "ENSMMUG00000008967.4" "ENSMMUG00000008967.4"
  [99892] "ENSMMUG00000008967.4" "ENSMMUG00000008967.4" "ENSMMUG00000008967.4"
  [99895] "ENSMMUG00000008967.4" "ENSMMUG00000008967.4" "ENSMMUG00000008967.4"
  [99898] "ENSMMUG00000008967.4" "ENSMMUG00000008967.4" "ENSMMUG00000063853.1"
  [99901] "ENSMMUG00000063853.1" "ENSMMUG00000063853.1" "ENSMMUG00000058261.1"
  [99904] "ENSMMUG00000058261.1" "ENSMMUG00000058261.1" "ENSMMUG00000058261.1"
  [99907] "ENSMMUG00000058261.1" "ENSMMUG00000058261.1" "ENSMMUG00000058261.1"
  [99910] "ENSMMUG00000058261.1" "ENSMMUG00000058261.1" "ENSMMUG00000058261.1"
  [99913] "ENSMMUG00000017674.4" "ENSMMUG00000017674.4" "ENSMMUG00000017674.4"
  [99916] "ENSMMUG00000017674.4" "ENSMMUG00000017674.4" "ENSMMUG00000017674.4"
  [99919] "ENSMMUG00000017674.4" "ENSMMUG00000017674.4" "ENSMMUG00000017674.4"
  [99922] "ENSMMUG00000017674.4" "ENSMMUG00000017674.4" "ENSMMUG00000017674.4"
  [99925] "ENSMMUG00000017674.4" "ENSMMUG00000017674.4" "ENSMMUG00000017674.4"
  [99928] "ENSMMUG00000017674.4" "ENSMMUG00000017674.4" "ENSMMUG00000017674.4"
  [99931] "ENSMMUG00000017674.4" "ENSMMUG00000017674.4" "ENSMMUG00000017674.4"
  [99934] "ENSMMUG00000017674.4" "ENSMMUG00000017674.4" "ENSMMUG00000017674.4"
  [99937] "ENSMMUG00000017674.4" "ENSMMUG00000017674.4" "ENSMMUG00000017674.4"
  [99940] "ENSMMUG00000017674.4" "ENSMMUG00000017674.4" "ENSMMUG00000017674.4"
  [99943] "ENSMMUG00000017674.4" "ENSMMUG00000017674.4" "ENSMMUG00000017674.4"
  [99946] "ENSMMUG00000017674.4" "ENSMMUG00000017674.4" "ENSMMUG00000017674.4"
  [99949] "ENSMMUG00000017674.4" "ENSMMUG00000017674.4" "ENSMMUG00000017674.4"
  [99952] "ENSMMUG00000017674.4" "ENSMMUG00000017674.4" "ENSMMUG00000017674.4"
  [99955] "ENSMMUG00000017674.4" "ENSMMUG00000017674.4" "ENSMMUG00000017674.4"
  [99958] "ENSMMUG00000017674.4" "ENSMMUG00000017674.4" "ENSMMUG00000017674.4"
  [99961] "ENSMMUG00000017674.4" "ENSMMUG00000017674.4" "ENSMMUG00000017674.4"
  [99964] "ENSMMUG00000017674.4" "ENSMMUG00000017674.4" "ENSMMUG00000017674.4"
  [99967] "ENSMMUG00000017674.4" "ENSMMUG00000017674.4" "ENSMMUG00000017674.4"
  [99970] "ENSMMUG00000017674.4" "ENSMMUG00000017674.4" "ENSMMUG00000017674.4"
  [99973] "ENSMMUG00000017674.4" "ENSMMUG00000017674.4" "ENSMMUG00000017674.4"
  [99976] "ENSMMUG00000017674.4" "ENSMMUG00000017674.4" "ENSMMUG00000051252.1"
  [99979] "ENSMMUG00000051252.1" "ENSMMUG00000026815.3" "ENSMMUG00000026815.3"
  [99982] "ENSMMUG00000050852.1" "ENSMMUG00000050852.1" "ENSMMUG00000021535.4"
  [99985] "ENSMMUG00000021535.4" "ENSMMUG00000021535.4" "ENSMMUG00000021535.4"
  [99988] "ENSMMUG00000021535.4" "ENSMMUG00000021535.4" "ENSMMUG00000021535.4"
  [99991] "ENSMMUG00000021535.4" "ENSMMUG00000021535.4" "ENSMMUG00000021535.4"
  [99994] "ENSMMUG00000021535.4" "ENSMMUG00000021535.4" "ENSMMUG00000021535.4"
  [99997] "ENSMMUG00000021535.4" "ENSMMUG00000021535.4" "ENSMMUG00000021535.4"
   [ reached getOption("max.print") -- omitted 1312178 entries ]
  [1] "---1 "

Command error:
  Attaching package: ‘S4Vectors’
  
  The following object is masked from ‘package:base’:
  
      expand.grid
  
  Loading required package: IRanges
  Loading required package: GenomeInfoDb
  
  Attaching package: ‘dplyr’
  
  The following objects are masked from ‘package:GenomicRanges’:
  
      intersect, setdiff, union
  
  The following object is masked from ‘package:GenomeInfoDb’:
  
      intersect
  
  The following objects are masked from ‘package:IRanges’:
  
      collapse, desc, intersect, setdiff, slice, union
  
  The following objects are masked from ‘package:S4Vectors’:
  
      first, intersect, rename, setdiff, setequal, union
  
  The following objects are masked from ‘package:BiocGenerics’:
  
      combine, intersect, setdiff, union
  
  The following objects are masked from ‘package:stats’:
  
      filter, lag
  
  The following objects are masked from ‘package:base’:
  
      intersect, setdiff, setequal, union
  
  `summarise()` ungrouping output (override with `.groups` argument)
  `summarise()` ungrouping output (override with `.groups` argument)
  `summarise()` ungrouping output (override with `.groups` argument)
  Warning message:
  In .Seqinfo.mergexy(x, y) :
    Each of the 2 combined objects has sequence levels not in the other:
    - in 'x': chr1_NW_021160098v1_random, chr1_NW_021160106v1_random, chr1_NW_021160108v1_random, chr1_NW_021160111v1_random, chr1_NW_021160114v1_random, chr2_NW_021160115v1_random, chr2_NW_021160123v1_random, chr3_NW_021160133v1_random, chr3_NW_021160137v1_random, chr3_NW_021160139v1_random, chr3_NW_021160142v1_random, chr3_NW_021160144v1_random, chr4_NW_021160145v1_random, chr4_NW_021160152v1_random, chr4_NW_021160153v1_random, chr4_NW_021160157v1_random, chr4_NW_021160159v1_random, chr5_NW_021160167v1_random, chr5_NW_021160176v1_random, chr6_NW_021160179v1_random, chr6_NW_021160184v1_random, chr6_NW_021160186v1_random, chr6_NW_021160188v1_random, chr7_NW_021160199v1_random, chr7_NW_021160200v1_random, chr7_NW_021160204v1_random, chr8_NW_021160212v1_random, chr8_NW_021160221v1_random, chr8_NW_021160222v1_random, chr9_NW_021160226v1_random, chr9_NW_021160239v1_random, chr10_NW_021160244v1_random, chr10_NW_021160245v1_r [... truncated]
  Error in `[[<-`(`*tmp*`, name, value = "-unknown") : 
    1 elements in value to replace 0 elements
  Calls: $<- -> $<- -> [[<- -> [[<-
  Execution halted

Work dir:
  /gpfs/projects/bsc83/Data/Ebola/work/0a/29c49807370126ab34cf6309966b3d

Tip: view the complete command output by changing to the process work dir and entering the command `cat .command.out`

 -- Check '.nextflow.log' file for details
