N E X T F L O W  ~  version 19.03.0-edge
Launching `/gpfs/projects/bsc83/Projects/Ebola/code/ebola/BroadAnnotation/99_cpc2.nf` [mad_joliot] - revision: e8c2f9d705
WARN: There's no process matching config selector: gffCompare
==============================================
Quantification and Filtering
==============================================
WARN: Access to undefined parameter `mrnas_predicted` -- Initialise it to a default value eg. `params.mrnas_predicted = some_value`
executor >  local (1)
[1b/5c96c2] process > prefilter [  0%] 0 of 1
Oops .. something went wrong

executor >  local (1)
[1b/5c96c2] process > prefilter [100%] 1 of 1, failed: 1 ✘
ERROR ~ Error executing process > 'prefilter'

Caused by:
  Process `prefilter` terminated with an error exit status (2)

Command executed:

  Rscript 01_prefilter_script.R merged.annotated.gtf stringtie_merged_reference_guided.gtf rheMac10_EBOV-Kikwit_UCSC.gtf prefilter_candidates.gtf

Command exit status:
  2

Command output:
  Fatal error: cannot open file '01_prefilter_script.R': No such file or directory

Command error:
  WARNING: seccomp requested but not enabled, seccomp library is missing or too old

Work dir:
  /gpfs/projects/bsc83/Data/Ebola/work/1b/5c96c2132c9e7e87a990828e20257a

Tip: you can try to figure out what's wrong by changing to the process work dir and showing the script file named `.command.sh`

 -- Check '.nextflow.log' file for details
