N E X T F L O W  ~  version 19.03.0-edge
Launching `/gpfs/projects/bsc83/Projects/Ebola/code/ebola/BroadAnnotation/05_requantify_broad.nf` [friendly_nobel] - revision: 5339e33a0b
WARN: There's no process matching config selector: runRSeQC
==============================================
Merge stringtie assemblies and perform prediction
==============================================
WARN: The `into` operator should be used to connect two or more target channels -- consider to replace it with `.set { bams }`
WARN: Input `set` must define at least two component -- Check process `stringtie`
executor >  local (27)
[6f/885cfd] process > stringtie [  0%] 0 of 27

executor >  local (48)
[e8/65560b] process > stringtie [  0%] 0 of 48

executor >  local (49)
[b7/7a67ca] process > stringtie [  2%] 1 of 49

executor >  local (50)
[4b/87ccd5] process > stringtie [  4%] 2 of 50

executor >  local (51)
[f5/c411ef] process > stringtie [  6%] 3 of 51

executor >  local (52)
[10/1adfc4] process > stringtie [  8%] 4 of 52

executor >  local (53)
[88/54bd15] process > stringtie [  9%] 5 of 53

executor >  local (54)
[b7/5c09c4] process > stringtie [ 11%] 6 of 54

executor >  local (55)
[d1/a9ad99] process > stringtie [ 13%] 7 of 55

executor >  local (56)
[22/4a858e] process > stringtie [ 14%] 8 of 56

executor >  local (57)
[22/dc328f] process > stringtie [ 16%] 9 of 57

executor >  local (58)
[d6/d2603f] process > stringtie [ 17%] 10 of 58

executor >  local (59)
[91/65dbbb] process > stringtie [ 19%] 11 of 59

executor >  local (60)
[19/5de055] process > stringtie [ 20%] 12 of 60

executor >  local (61)
[d9/c31df2] process > stringtie [ 21%] 13 of 61

executor >  local (62)
[db/013734] process > stringtie [ 23%] 14 of 62

executor >  local (63)
[03/c4b826] process > stringtie [ 24%] 15 of 63

executor >  local (64)
[03/c4b826] process > stringtie [ 25%] 16 of 64

executor >  local (65)
[a3/75480e] process > stringtie [ 26%] 17 of 65

executor >  local (66)
[0d/ca2bf8] process > stringtie [ 27%] 18 of 66

executor >  local (67)
[6a/dcff05] process > stringtie [ 28%] 19 of 67

executor >  local (68)
[be/59a82e] process > stringtie [ 29%] 20 of 68

executor >  local (69)
[c1/084126] process > stringtie [ 30%] 21 of 69

executor >  local (70)
[17/51a2f7] process > stringtie [ 31%] 22 of 70

executor >  local (71)
[07/c30000] process > stringtie [ 32%] 23 of 71

executor >  local (72)
[81/005526] process > stringtie [ 33%] 24 of 72

executor >  local (73)
[4f/ccdeb4] process > stringtie [ 34%] 25 of 73

executor >  local (74)
[40/0ca61c] process > stringtie [ 35%] 26 of 74

executor >  local (74)
[10/1adfc4] process > stringtie [ 36%] 27 of 74

executor >  local (75)
[9b/61d13e] process > stringtie [ 36%] 27 of 75

executor >  local (76)
[55/f3070d] process > stringtie [ 37%] 28 of 76

executor >  local (77)
[18/f3256d] process > stringtie [ 38%] 29 of 77

executor >  local (78)
[89/5ce9d8] process > stringtie [ 38%] 30 of 78

executor >  local (79)
[c0/403e27] process > stringtie [ 39%] 31 of 79

executor >  local (80)
[a6/0a88e0] process > stringtie [ 40%] 32 of 80

executor >  local (81)
[77/5c125b] process > stringtie [ 41%] 33 of 81

executor >  local (81)
[22/4a858e] process > stringtie [ 42%] 34 of 81

executor >  local (82)
[3f/96b131] process > stringtie [ 41%] 34 of 82

executor >  local (83)
[74/4b06aa] process > stringtie [ 42%] 35 of 83

executor >  local (84)
[16/178d5d] process > stringtie [ 43%] 36 of 84

executor >  local (85)
[21/5294f1] process > stringtie [ 44%] 37 of 85

executor >  local (86)
[89/de3520] process > stringtie [ 44%] 38 of 86

executor >  local (87)
[5d/6577b0] process > stringtie [ 45%] 39 of 87

executor >  local (88)
[39/6250fd] process > stringtie [ 45%] 40 of 88

executor >  local (89)
[1a/49ae6f] process > stringtie [ 46%] 41 of 89

executor >  local (90)
[db/9652ab] process > stringtie [ 47%] 42 of 90

executor >  local (91)
[61/4ade21] process > stringtie [ 47%] 43 of 91

executor >  local (92)
[77/c09917] process > stringtie [ 48%] 44 of 92

executor >  local (93)
[40/9dab6f] process > stringtie [ 48%] 45 of 93

executor >  local (94)
[9c/82273c] process > stringtie [ 49%] 46 of 94

executor >  local (95)
[e2/2199fc] process > stringtie [ 49%] 47 of 95

executor >  local (96)
[7f/4c499f] process > stringtie [ 50%] 48 of 96

executor >  local (97)
[e6/8900e7] process > stringtie [ 51%] 49 of 97

executor >  local (98)
[ed/9a09a6] process > stringtie [ 51%] 50 of 98

executor >  local (99)
[ee/3f5de3] process > stringtie [ 52%] 51 of 99

executor >  local (100)
[3f/1e26fc] process > stringtie [ 52%] 52 of 100

executor >  local (101)
[2e/af94a3] process > stringtie [ 52%] 53 of 101

executor >  local (101)
[59/7490bb] process > stringtie [ 53%] 54 of 101

executor >  local (102)
[77/666894] process > stringtie [ 53%] 54 of 102

executor >  local (103)
[e6/3e30ba] process > stringtie [ 53%] 55 of 103

executor >  local (104)
[89/071648] process > stringtie [ 54%] 56 of 104

executor >  local (105)
[34/1f79c5] process > stringtie [ 54%] 57 of 105

executor >  local (106)
[3d/deb6b9] process > stringtie [ 55%] 58 of 106

executor >  local (107)
[07/c30000] process > stringtie [ 55%] 59 of 107

executor >  local (108)
[c1/084126] process > stringtie [ 56%] 60 of 108

executor >  local (110)
[92/d65765] process > stringtie [ 56%] 62 of 110

executor >  local (111)
[54/1f87cd] process > stringtie [ 57%] 63 of 111

executor >  local (112)
[07/4200ee] process > stringtie [ 57%] 64 of 112

executor >  local (112)
[24/d9279b] process > stringtie [ 58%] 65 of 112

executor >  local (113)
[4d/690c9a] process > stringtie [ 58%] 65 of 113

executor >  local (114)
[e0/71e1cf] process > stringtie [ 58%] 66 of 114

executor >  local (115)
[d8/39da6d] process > stringtie [ 58%] 67 of 115

executor >  local (116)
[f8/b65aed] process > stringtie [ 59%] 68 of 116

executor >  local (117)
[27/afa5f5] process > stringtie [ 59%] 69 of 117

executor >  local (118)
[4b/87ccd5] process > stringtie [ 59%] 70 of 118

executor >  local (119)
[17/dcb10f] process > stringtie [ 60%] 71 of 119

executor >  local (120)
[e0/c91305] process > stringtie [ 60%] 72 of 120

executor >  local (121)
[7d/cf4e9b] process > stringtie [ 60%] 73 of 121

executor >  local (122)
[b4/ea42c0] process > stringtie [ 61%] 74 of 122

executor >  local (123)
[96/5464fb] process > stringtie [ 61%] 75 of 123

executor >  local (124)
[3e/a2bde3] process > stringtie [ 61%] 76 of 124

executor >  local (125)
[3e/701340] process > stringtie [ 62%] 77 of 125

executor >  local (126)
[d8/7ee2d3] process > stringtie [ 62%] 78 of 126

executor >  local (127)
[b8/ac08e3] process > stringtie [ 62%] 79 of 127

executor >  local (129)
[9d/75a92b] process > stringtie [ 63%] 81 of 129

executor >  local (131)
[53/9766d0] process > stringtie [ 63%] 83 of 131

executor >  local (132)
[3e/a2bde3] process > stringtie [ 64%] 84 of 132

executor >  local (133)
[4d/dbd4ef] process > stringtie [ 64%] 85 of 133

executor >  local (134)
[77/5c125b] process > stringtie [ 64%] 86 of 134

executor >  local (135)
[b3/3bbabc] process > stringtie [ 64%] 87 of 135

executor >  local (136)
[a5/b4fa09] process > stringtie [ 65%] 88 of 136

executor >  local (137)
[a5/b4fa09] process > stringtie [ 65%] 89 of 137

executor >  local (138)
[92/41c722] process > stringtie [ 65%] 90 of 138

executor >  local (139)
[ab/0c8727] process > stringtie [ 65%] 91 of 139

executor >  local (140)
[05/d190a4] process > stringtie [ 66%] 92 of 140

executor >  local (141)
[b1/429e99] process > stringtie [ 66%] 93 of 141

executor >  local (142)
[4f/ccdeb4] process > stringtie [ 66%] 94 of 142

executor >  local (143)
[e1/72de86] process > stringtie [ 66%] 95 of 143

executor >  local (144)
[8b/cb559d] process > stringtie [ 67%] 96 of 144

executor >  local (145)
[a1/74c8ba] process > stringtie [ 67%] 97 of 145

executor >  local (146)
[e3/09dda0] process > stringtie [ 67%] 98 of 146

executor >  local (147)
[6e/ca960b] process > stringtie [ 67%] 99 of 147

executor >  local (148)
[a1/74c8ba] process > stringtie [ 68%] 100 of 148

executor >  local (149)
[3e/701340] process > stringtie [ 68%] 101 of 149

executor >  local (150)
[e2/2199fc] process > stringtie [ 68%] 102 of 150

executor >  local (151)
[3d/deb6b9] process > stringtie [ 68%] 103 of 151

executor >  local (152)
[18/f3256d] process > stringtie [ 68%] 104 of 152

executor >  local (153)
[f2/5392d1] process > stringtie [ 69%] 105 of 153

executor >  local (154)
[cb/5e0b82] process > stringtie [ 69%] 106 of 154

executor >  local (155)
[24/f1dd37] process > stringtie [ 69%] 107 of 155

executor >  local (156)
[c0/403e27] process > stringtie [ 69%] 108 of 156

executor >  local (157)
[99/7b044e] process > stringtie [ 69%] 109 of 157

executor >  local (158)
[69/174bcd] process > stringtie [ 70%] 110 of 158

executor >  local (160)
[2b/e44764] process > stringtie [ 70%] 112 of 160

executor >  local (161)
[1d/884644] process > stringtie [ 70%] 113 of 161

executor >  local (162)
[29/6f6690] process > stringtie [ 70%] 114 of 162

executor >  local (164)
[10/e9496b] process > stringtie [ 71%] 116 of 164

executor >  local (165)
[cb/5e0b82] process > stringtie [ 71%] 117 of 165

executor >  local (166)
[30/380e5e] process > stringtie [ 71%] 118 of 166

executor >  local (167)
[77/c09917] process > stringtie [ 71%] 119 of 167

executor >  local (168)
[44/cab3bb] process > stringtie [ 71%] 120 of 168

executor >  local (169)
[96/5464fb] process > stringtie [ 72%] 121 of 169

executor >  local (170)
[e0/c91305] process > stringtie [ 72%] 122 of 170

executor >  local (171)
[17/dcb10f] process > stringtie [ 72%] 123 of 171

executor >  local (172)
[5b/69b29f] process > stringtie [ 72%] 124 of 172

executor >  local (173)
[5d/6577b0] process > stringtie [ 72%] 125 of 173

executor >  local (175)
[07/4200ee] process > stringtie [ 73%] 127 of 175

executor >  local (176)
[3f/81b557] process > stringtie [ 73%] 128 of 176

executor >  local (177)
[6e/24ce34] process > stringtie [ 72%] 128 of 177

executor >  local (177)
[f2/b10bad] process > stringtie [ 73%] 129 of 177

executor >  local (178)
[cc/75e72c] process > stringtie [ 73%] 130 of 178

executor >  local (179)
[93/4e5b69] process > stringtie [ 73%] 131 of 179

executor >  local (180)
[66/dd272c] process > stringtie [ 73%] 132 of 180

executor >  local (181)
[82/1492cc] process > stringtie [ 73%] 133 of 181

executor >  local (182)
[3f/b538f1] process > stringtie [ 74%] 134 of 182

executor >  local (183)
[e6/3e30ba] process > stringtie [ 74%] 135 of 183

executor >  local (184)
[5e/ed593c] process > stringtie [ 74%] 136 of 184

executor >  local (185)
[78/15f765] process > stringtie [ 74%] 137 of 185

executor >  local (186)
[f7/4f32ef] process > stringtie [ 74%] 138 of 186

executor >  local (187)
[af/6eed9e] process > stringtie [ 74%] 139 of 187

executor >  local (188)
[42/27f0b6] process > stringtie [ 74%] 140 of 188

executor >  local (189)
[d8/39da6d] process > stringtie [ 75%] 141 of 189

executor >  local (190)
[e0/71e1cf] process > stringtie [ 75%] 142 of 190

executor >  local (191)
[f4/ea2534] process > stringtie [ 75%] 143 of 191

executor >  local (193)
[c3/d41eb6] process > stringtie [ 75%] 145 of 193

executor >  local (194)
[36/30b0d5] process > stringtie [ 75%] 146 of 194

executor >  local (195)
[53/9766d0] process > stringtie [ 75%] 147 of 195

executor >  local (196)
[4d/dbd4ef] process > stringtie [ 76%] 148 of 196

executor >  local (197)
[3c/1ad393] process > stringtie [ 76%] 149 of 197

executor >  local (198)
[f6/2ee479] process > stringtie [ 76%] 150 of 198

executor >  local (199)
[ea/ee11f1] process > stringtie [ 76%] 151 of 199

executor >  local (201)
[ac/a50ec5] process > stringtie [ 76%] 153 of 201

executor >  local (202)
[8d/b39a9f] process > stringtie [ 76%] 154 of 202

executor >  local (203)
[c8/d82842] process > stringtie [ 76%] 155 of 203

executor >  local (204)
[a9/1faef2] process > stringtie [ 76%] 156 of 204

executor >  local (205)
[eb/004214] process > stringtie [ 77%] 157 of 205

executor >  local (206)
[7d/3efd46] process > stringtie [ 77%] 158 of 206

executor >  local (207)
[3f/81b557] process > stringtie [ 77%] 160 of 207

executor >  local (207)
[f8/b65aed] process > stringtie [ 78%] 161 of 207

executor >  local (207)
[cc/75e72c] process > stringtie [ 78%] 162 of 207

executor >  local (207)
[5b/69b29f] process > stringtie [ 79%] 163 of 207

executor >  local (207)
[9b/9d7ffc] process > stringtie [ 79%] 164 of 207

executor >  local (207)
[6b/f531cd] process > stringtie [ 80%] 165 of 207

executor >  local (207)
[e6/19a751] process > stringtie [ 80%] 166 of 207

executor >  local (207)
[52/c716ad] process > stringtie [ 81%] 167 of 207

executor >  local (207)
[6e/ca960b] process > stringtie [ 81%] 168 of 207

executor >  local (207)
[93/4e5b69] process > stringtie [ 82%] 169 of 207

executor >  local (207)
[42/27f0b6] process > stringtie [ 82%] 170 of 207

executor >  local (207)
[ab/0c8727] process > stringtie [ 83%] 171 of 207

executor >  local (207)
[b1/429e99] process > stringtie [ 83%] 172 of 207

executor >  local (207)
[24/f1dd37] process > stringtie [ 84%] 173 of 207

executor >  local (207)
[47/759e95] process > stringtie [ 84%] 174 of 207

executor >  local (207)
[e1/72de86] process > stringtie [ 85%] 175 of 207

executor >  local (207)
[1d/304454] process > stringtie [ 85%] 176 of 207

executor >  local (207)
[62/7710af] process > stringtie [ 86%] 177 of 207

executor >  local (207)
[11/7949f6] process > stringtie [ 86%] 178 of 207

executor >  local (207)
[99/7b044e] process > stringtie [ 87%] 180 of 207

executor >  local (207)
[c4/b3672f] process > stringtie [ 87%] 181 of 207

executor >  local (207)
[1b/b29d0d] process > stringtie [ 88%] 182 of 207

executor >  local (207)
[30/380e5e] process > stringtie [ 88%] 183 of 207

executor >  local (207)
[45/f9bf7c] process > stringtie [ 89%] 184 of 207

executor >  local (207)
[32/5795d9] process > stringtie [ 89%] 185 of 207

executor >  local (207)
[af/6eed9e] process > stringtie [ 90%] 186 of 207

executor >  local (207)
[af/367450] process > stringtie [ 91%] 188 of 207

executor >  local (207)
[f4/ea2534] process > stringtie [ 91%] 189 of 207

executor >  local (207)
[1d/884644] process > stringtie [ 92%] 191 of 207

executor >  local (207)
[2f/3c4607] process > stringtie [ 93%] 192 of 207

executor >  local (207)
[d0/5a8907] process > stringtie [ 93%] 193 of 207

executor >  local (207)
[82/1492cc] process > stringtie [ 94%] 194 of 207

executor >  local (207)
[be/2b7c44] process > stringtie [ 94%] 195 of 207

executor >  local (207)
[bf/dbacc1] process > stringtie [ 95%] 196 of 207

executor >  local (207)
[ac/a50ec5] process > stringtie [ 95%] 197 of 207

executor >  local (207)
[f6/2ee479] process > stringtie [ 96%] 198 of 207

executor >  local (207)
[6d/fec27b] process > stringtie [ 96%] 199 of 207

executor >  local (207)
[dc/510fe1] process > stringtie [ 97%] 200 of 207

executor >  local (207)
[93/f9a658] process > stringtie [ 97%] 201 of 207

executor >  local (207)
[dc/215fa5] process > stringtie [ 98%] 202 of 207

executor >  local (207)
[d0/9e58f4] process > stringtie [ 98%] 203 of 207

executor >  local (207)
[3c/1ad393] process > stringtie [ 99%] 204 of 207

executor >  local (207)
[36/30b0d5] process > stringtie [ 99%] 205 of 207

executor >  local (207)
[b2/635dcf] process > stringtie [100%] 206 of 207

executor >  local (207)
[ea/ee11f1] process > stringtie [100%] 207 of 207 ✔
Done!

executor >  local (207)
[ea/ee11f1] process > stringtie [100%] 207 of 207 ✔
Completed at: 20-Oct-2020 11:10:12
Duration    : 4m 49s
CPU hours   : 3.2
Succeeded   : 207

