N E X T F L O W  ~  version 19.03.0-edge
Launching `/gpfs/projects/bsc83/Projects/Ebola/code/ebola/nextflow_pipelines/Annotation.nf` [hopeful_brown] - revision: 405f69576f
WARN: There's no process matching config selector: FPKM
==============================================
Novel lncRNAs annotatiin pipeline
==============================================
[SRP016501-rhesus, Brain, D00, c, 1, SRP016501-rhesus_Brain_D00_c_l1, [/gpfs/projects/bsc83/Data/Ebola/00_RawData/extrenal_rhesus_RNA-Seq/SRP016501-rhesus/01_fastq/Brain/D000/c/SRP016501-rhesus_Brain_D00_c_l1.1.fastq.gz, /gpfs/projects/bsc83/Data/Ebola/00_RawData/extrenal_rhesus_RNA-Seq/SRP016501-rhesus/01_fastq/Brain/D000/c/SRP016501-rhesus_Brain_D00_c_l1.2.fastq.gz]]
[SRP016501-rhesus, Brain, D00, b, 1, SRP016501-rhesus_Brain_D00_b_l1, [/gpfs/projects/bsc83/Data/Ebola/00_RawData/extrenal_rhesus_RNA-Seq/SRP016501-rhesus/01_fastq/Brain/D000/b/SRP016501-rhesus_Brain_D00_b_l1.1.fastq.gz, /gpfs/projects/bsc83/Data/Ebola/00_RawData/extrenal_rhesus_RNA-Seq/SRP016501-rhesus/01_fastq/Brain/D000/b/SRP016501-rhesus_Brain_D00_b_l1.2.fastq.gz]]
[SRP016501-rhesus, Brain, D00, a, 1, SRP016501-rhesus_Brain_D00_a_l1, [/gpfs/projects/bsc83/Data/Ebola/00_RawData/extrenal_rhesus_RNA-Seq/SRP016501-rhesus/01_fastq/Brain/D000/a/SRP016501-rhesus_Brain_D00_a_l1.1.fastq.gz, /gpfs/projects/bsc83/Data/Ebola/00_RawData/extrenal_rhesus_RNA-Seq/SRP016501-rhesus/01_fastq/Brain/D000/a/SRP016501-rhesus_Brain_D00_a_l1.2.fastq.gz]]
[SRP016501-rhesus, Lung, D00, a, 1, SRP016501-rhesus_Lung_D00_a_l1, [/gpfs/projects/bsc83/Data/Ebola/00_RawData/extrenal_rhesus_RNA-Seq/SRP016501-rhesus/01_fastq/Lung/D000/a/SRP016501-rhesus_Lung_D00_a_l1.1.fastq.gz, /gpfs/projects/bsc83/Data/Ebola/00_RawData/extrenal_rhesus_RNA-Seq/SRP016501-rhesus/01_fastq/Lung/D000/a/SRP016501-rhesus_Lung_D00_a_l1.2.fastq.gz]]
[SRP016501-rhesus, Liver, D00, a, 1, SRP016501-rhesus_Liver_D00_a_l1, [/gpfs/projects/bsc83/Data/Ebola/00_RawData/extrenal_rhesus_RNA-Seq/SRP016501-rhesus/01_fastq/Liver/D000/a/SRP016501-rhesus_Liver_D00_a_l1.1.fastq.gz, /gpfs/projects/bsc83/Data/Ebola/00_RawData/extrenal_rhesus_RNA-Seq/SRP016501-rhesus/01_fastq/Liver/D000/a/SRP016501-rhesus_Liver_D00_a_l1.2.fastq.gz]]
[SRP016501-rhesus, Spleen, D00, c, 1, SRP016501-rhesus_Spleen_D00_c_l1, [/gpfs/projects/bsc83/Data/Ebola/00_RawData/extrenal_rhesus_RNA-Seq/SRP016501-rhesus/01_fastq/Spleen/D000/c/SRP016501-rhesus_Spleen_D00_c_l1.1.fastq.gz, /gpfs/projects/bsc83/Data/Ebola/00_RawData/extrenal_rhesus_RNA-Seq/SRP016501-rhesus/01_fastq/Spleen/D000/c/SRP016501-rhesus_Spleen_D00_c_l1.2.fastq.gz]]
[SRP016501-rhesus, Spleen, D00, a, 1, SRP016501-rhesus_Spleen_D00_a_l1, [/gpfs/projects/bsc83/Data/Ebola/00_RawData/extrenal_rhesus_RNA-Seq/SRP016501-rhesus/01_fastq/Spleen/D000/a/SRP016501-rhesus_Spleen_D00_a_l1.1.fastq.gz, /gpfs/projects/bsc83/Data/Ebola/00_RawData/extrenal_rhesus_RNA-Seq/SRP016501-rhesus/01_fastq/Spleen/D000/a/SRP016501-rhesus_Spleen_D00_a_l1.2.fastq.gz]]
[SRP016501-rhesus, Colon, D00, c, 1, SRP016501-rhesus_Colon_D00_c_l1, [/gpfs/projects/bsc83/Data/Ebola/00_RawData/extrenal_rhesus_RNA-Seq/SRP016501-rhesus/01_fastq/Colon/D000/c/SRP016501-rhesus_Colon_D00_c_l1.1.fastq.gz, /gpfs/projects/bsc83/Data/Ebola/00_RawData/extrenal_rhesus_RNA-Seq/SRP016501-rhesus/01_fastq/Colon/D000/c/SRP016501-rhesus_Colon_D00_c_l1.2.fastq.gz]]
[SRP016501-rhesus, Colon, D00, b, 1, SRP016501-rhesus_Colon_D00_b_l1, [/gpfs/projects/bsc83/Data/Ebola/00_RawData/extrenal_rhesus_RNA-Seq/SRP016501-rhesus/01_fastq/Colon/D000/b/SRP016501-rhesus_Colon_D00_b_l1.1.fastq.gz, /gpfs/projects/bsc83/Data/Ebola/00_RawData/extrenal_rhesus_RNA-Seq/SRP016501-rhesus/01_fastq/Colon/D000/b/SRP016501-rhesus_Colon_D00_b_l1.2.fastq.gz]]
[SRP016501-rhesus, Kidney, D00, b, 1, SRP016501-rhesus_Kidney_D00_b_l1, [/gpfs/projects/bsc83/Data/Ebola/00_RawData/extrenal_rhesus_RNA-Seq/SRP016501-rhesus/01_fastq/Kidney/D000/b/SRP016501-rhesus_Kidney_D00_b_l1.1.fastq.gz, /gpfs/projects/bsc83/Data/Ebola/00_RawData/extrenal_rhesus_RNA-Seq/SRP016501-rhesus/01_fastq/Kidney/D000/b/SRP016501-rhesus_Kidney_D00_b_l1.2.fastq.gz]]
[SRP016501-rhesus, Kidney, D00, a, 1, SRP016501-rhesus_Kidney_D00_a_l1, [/gpfs/projects/bsc83/Data/Ebola/00_RawData/extrenal_rhesus_RNA-Seq/SRP016501-rhesus/01_fastq/Kidney/D000/a/SRP016501-rhesus_Kidney_D00_a_l1.1.fastq.gz, /gpfs/projects/bsc83/Data/Ebola/00_RawData/extrenal_rhesus_RNA-Seq/SRP016501-rhesus/01_fastq/Kidney/D000/a/SRP016501-rhesus_Kidney_D00_a_l1.2.fastq.gz]]
[SRP016501-rhesus, skm, D00, c, 1, SRP016501-rhesus_skm_D00_c_l1, [/gpfs/projects/bsc83/Data/Ebola/00_RawData/extrenal_rhesus_RNA-Seq/SRP016501-rhesus/01_fastq/skm/D000/c/SRP016501-rhesus_skm_D00_c_l1.1.fastq.gz, /gpfs/projects/bsc83/Data/Ebola/00_RawData/extrenal_rhesus_RNA-Seq/SRP016501-rhesus/01_fastq/skm/D000/c/SRP016501-rhesus_skm_D00_c_l1.2.fastq.gz]]
[SRP016501-rhesus, skm, D00, b, 1, SRP016501-rhesus_skm_D00_b_l1, [/gpfs/projects/bsc83/Data/Ebola/00_RawData/extrenal_rhesus_RNA-Seq/SRP016501-rhesus/01_fastq/skm/D000/b/SRP016501-rhesus_skm_D00_b_l1.1.fastq.gz, /gpfs/projects/bsc83/Data/Ebola/00_RawData/extrenal_rhesus_RNA-Seq/SRP016501-rhesus/01_fastq/skm/D000/b/SRP016501-rhesus_skm_D00_b_l1.2.fastq.gz]]
[SRP016501-rhesus, skm, D00, a, 1, SRP016501-rhesus_skm_D00_a_l1, [/gpfs/projects/bsc83/Data/Ebola/00_RawData/extrenal_rhesus_RNA-Seq/SRP016501-rhesus/01_fastq/skm/D000/a/SRP016501-rhesus_skm_D00_a_l1.1.fastq.gz, /gpfs/projects/bsc83/Data/Ebola/00_RawData/extrenal_rhesus_RNA-Seq/SRP016501-rhesus/01_fastq/skm/D000/a/SRP016501-rhesus_skm_D00_a_l1.2.fastq.gz]]
[SRP016501-rhesus, Testes, D00, c, 1, SRP016501-rhesus_Testes_D00_c_l1, [/gpfs/projects/bsc83/Data/Ebola/00_RawData/extrenal_rhesus_RNA-Seq/SRP016501-rhesus/01_fastq/Testes/D000/c/SRP016501-rhesus_Testes_D00_c_l1.1.fastq.gz, /gpfs/projects/bsc83/Data/Ebola/00_RawData/extrenal_rhesus_RNA-Seq/SRP016501-rhesus/01_fastq/Testes/D000/c/SRP016501-rhesus_Testes_D00_c_l1.2.fastq.gz]]
==============================================
Preliminary Files preparation
==============================================
[SRP016501-rhesus, Testes, D00, b, 1, SRP016501-rhesus_Testes_D00_b_l1, [/gpfs/projects/bsc83/Data/Ebola/00_RawData/extrenal_rhesus_RNA-Seq/SRP016501-rhesus/01_fastq/Testes/D000/b/SRP016501-rhesus_Testes_D00_b_l1.1.fastq.gz, /gpfs/projects/bsc83/Data/Ebola/00_RawData/extrenal_rhesus_RNA-Seq/SRP016501-rhesus/01_fastq/Testes/D000/b/SRP016501-rhesus_Testes_D00_b_l1.2.fastq.gz]]
[SRP016501-rhesus, Testes, D00, a, 1, SRP016501-rhesus_Testes_D00_a_l1, [/gpfs/projects/bsc83/Data/Ebola/00_RawData/extrenal_rhesus_RNA-Seq/SRP016501-rhesus/01_fastq/Testes/D000/a/SRP016501-rhesus_Testes_D00_a_l1.1.fastq.gz, /gpfs/projects/bsc83/Data/Ebola/00_RawData/extrenal_rhesus_RNA-Seq/SRP016501-rhesus/01_fastq/Testes/D000/a/SRP016501-rhesus_Testes_D00_a_l1.2.fastq.gz]]
[SRP016501-rhesus, Heart, D00, c, 1, SRP016501-rhesus_Heart_D00_c_l1, [/gpfs/projects/bsc83/Data/Ebola/00_RawData/extrenal_rhesus_RNA-Seq/SRP016501-rhesus/01_fastq/Heart/D000/c/SRP016501-rhesus_Heart_D00_c_l1.1.fastq.gz, /gpfs/projects/bsc83/Data/Ebola/00_RawData/extrenal_rhesus_RNA-Seq/SRP016501-rhesus/01_fastq/Heart/D000/c/SRP016501-rhesus_Heart_D00_c_l1.2.fastq.gz]]
[SRP016501-rhesus, Heart, D00, b, 1, SRP016501-rhesus_Heart_D00_b_l1, [/gpfs/projects/bsc83/Data/Ebola/00_RawData/extrenal_rhesus_RNA-Seq/SRP016501-rhesus/01_fastq/Heart/D000/b/SRP016501-rhesus_Heart_D00_b_l1.1.fastq.gz, /gpfs/projects/bsc83/Data/Ebola/00_RawData/extrenal_rhesus_RNA-Seq/SRP016501-rhesus/01_fastq/Heart/D000/b/SRP016501-rhesus_Heart_D00_b_l1.2.fastq.gz]]
[SRP016501-rhesus, Heart, D00, a, 1, SRP016501-rhesus_Heart_D00_a_l1, [/gpfs/projects/bsc83/Data/Ebola/00_RawData/extrenal_rhesus_RNA-Seq/SRP016501-rhesus/01_fastq/Heart/D000/a/SRP016501-rhesus_Heart_D00_a_l1.1.fastq.gz, /gpfs/projects/bsc83/Data/Ebola/00_RawData/extrenal_rhesus_RNA-Seq/SRP016501-rhesus/01_fastq/Heart/D000/a/SRP016501-rhesus_Heart_D00_a_l1.2.fastq.gz]]
[RhesusmacaqueChinese, Wholeblood, D00, HCT22012, 4, RhesusmacaqueChinese_Wholeblood_D00_HCT22012_l4, [/gpfs/projects/bsc83/Data/Ebola/00_RawData/extrenal_rhesus_RNA-Seq/nhprt-wholeblood-chineserhesus/01_fastq/blood/D000/HCT22012/RhesusmacaqueChinese_Wholeblood_D00_HCT22012_l4.1.fastq.gz, /gpfs/projects/bsc83/Data/Ebola/00_RawData/extrenal_rhesus_RNA-Seq/nhprt-wholeblood-chineserhesus/01_fastq/blood/D000/HCT22012/RhesusmacaqueChinese_Wholeblood_D00_HCT22012_l4.2.fastq.gz]]
[RhesusmacaqueChinese, Wholeblood, D00, HCT22012, 3, RhesusmacaqueChinese_Wholeblood_D00_HCT22012_l3, [/gpfs/projects/bsc83/Data/Ebola/00_RawData/extrenal_rhesus_RNA-Seq/nhprt-wholeblood-chineserhesus/01_fastq/blood/D000/HCT22012/RhesusmacaqueChinese_Wholeblood_D00_HCT22012_l3.1.fastq.gz, /gpfs/projects/bsc83/Data/Ebola/00_RawData/extrenal_rhesus_RNA-Seq/nhprt-wholeblood-chineserhesus/01_fastq/blood/D000/HCT22012/RhesusmacaqueChinese_Wholeblood_D00_HCT22012_l3.2.fastq.gz]]
[RhesusmacaqueChinese, Wholeblood, D00, HCT22012, 1, RhesusmacaqueChinese_Wholeblood_D00_HCT22012_l1, [/gpfs/projects/bsc83/Data/Ebola/00_RawData/extrenal_rhesus_RNA-Seq/nhprt-wholeblood-chineserhesus/01_fastq/blood/D000/HCT22012/RhesusmacaqueChinese_Wholeblood_D00_HCT22012_l1.1.fastq.gz, /gpfs/projects/bsc83/Data/Ebola/00_RawData/extrenal_rhesus_RNA-Seq/nhprt-wholeblood-chineserhesus/01_fastq/blood/D000/HCT22012/RhesusmacaqueChinese_Wholeblood_D00_HCT22012_l1.2.fastq.gz]]
[RhesusmacaqueChinese, Wholeblood, D00, HCT22012, 6, RhesusmacaqueChinese_Wholeblood_D00_HCT22012_l6, [/gpfs/projects/bsc83/Data/Ebola/00_RawData/extrenal_rhesus_RNA-Seq/nhprt-wholeblood-chineserhesus/01_fastq/blood/D000/HCT22012/RhesusmacaqueChinese_Wholeblood_D00_HCT22012_l6.1.fastq.gz, /gpfs/projects/bsc83/Data/Ebola/00_RawData/extrenal_rhesus_RNA-Seq/nhprt-wholeblood-chineserhesus/01_fastq/blood/D000/HCT22012/RhesusmacaqueChinese_Wholeblood_D00_HCT22012_l6.2.fastq.gz]]
[RhesusmacaqueChinese, Wholeblood, D00, HCT22012, 7, RhesusmacaqueChinese_Wholeblood_D00_HCT22012_l7, [/gpfs/projects/bsc83/Data/Ebola/00_RawData/extrenal_rhesus_RNA-Seq/nhprt-wholeblood-chineserhesus/01_fastq/blood/D000/HCT22012/RhesusmacaqueChinese_Wholeblood_D00_HCT22012_l7.1.fastq.gz, /gpfs/projects/bsc83/Data/Ebola/00_RawData/extrenal_rhesus_RNA-Seq/nhprt-wholeblood-chineserhesus/01_fastq/blood/D000/HCT22012/RhesusmacaqueChinese_Wholeblood_D00_HCT22012_l7.2.fastq.gz]]
[RhesusmacaqueChinese, Wholeblood, D00, HCT22012, 2, RhesusmacaqueChinese_Wholeblood_D00_HCT22012_l2, [/gpfs/projects/bsc83/Data/Ebola/00_RawData/extrenal_rhesus_RNA-Seq/nhprt-wholeblood-chineserhesus/01_fastq/blood/D000/HCT22012/RhesusmacaqueChinese_Wholeblood_D00_HCT22012_l2.1.fastq.gz, /gpfs/projects/bsc83/Data/Ebola/00_RawData/extrenal_rhesus_RNA-Seq/nhprt-wholeblood-chineserhesus/01_fastq/blood/D000/HCT22012/RhesusmacaqueChinese_Wholeblood_D00_HCT22012_l2.2.fastq.gz]]
[RhesusmacaqueChinese, Wholeblood, D00, HCT22012, 5, RhesusmacaqueChinese_Wholeblood_D00_HCT22012_l5, [/gpfs/projects/bsc83/Data/Ebola/00_RawData/extrenal_rhesus_RNA-Seq/nhprt-wholeblood-chineserhesus/01_fastq/blood/D000/HCT22012/RhesusmacaqueChinese_Wholeblood_D00_HCT22012_l5.1.fastq.gz, /gpfs/projects/bsc83/Data/Ebola/00_RawData/extrenal_rhesus_RNA-Seq/nhprt-wholeblood-chineserhesus/01_fastq/blood/D000/HCT22012/RhesusmacaqueChinese_Wholeblood_D00_HCT22012_l5.2.fastq.gz]]
[RhesusmacaqueChinese, Wholeblood, D00, HCT22012, 8, RhesusmacaqueChinese_Wholeblood_D00_HCT22012_l8, [/gpfs/projects/bsc83/Data/Ebola/00_RawData/extrenal_rhesus_RNA-Seq/nhprt-wholeblood-chineserhesus/01_fastq/blood/D000/HCT22012/RhesusmacaqueChinese_Wholeblood_D00_HCT22012_l8.1.fastq.gz, /gpfs/projects/bsc83/Data/Ebola/00_RawData/extrenal_rhesus_RNA-Seq/nhprt-wholeblood-chineserhesus/01_fastq/blood/D000/HCT22012/RhesusmacaqueChinese_Wholeblood_D00_HCT22012_l8.2.fastq.gz]]
==============================================
RNA-Seq Analysis
==============================================
==============================================
lncRNA Annotation w/ FeelNC
==============================================
Done!
Completed at: 25-May-2020 14:53:29
Duration    : 1.1s
CPU hours   : (a few seconds)
Succeeded   : 0

