N E X T F L O W  ~  version 19.03.0-edge
Launching `/gpfs/projects/bsc83/Projects/Ebola/code/ebola/nextflow_pipelines/Annotation.nf` [silly_edison] - revision: eae4efd812
WARN: There's no process matching config selector: FPKM
==============================================
Novel lncRNAs annotatiin pipeline
==============================================
==============================================
Preliminary Files preparation
==============================================
[Zyagen, Ovary, D000, 160421, 3, Zyagen_Ovary_D000_160421_l3, [/gpfs/projects/bsc83/Data/Ebola/01_bulk_RNA-Seq_lncRNAs_annotation/02_RNA-Seq_BatchZyagen/01_fastq/Zyagen/Ovary/D000/160421/Zyagen_Ovary_D000_160421_l3.1.fq.gz, /gpfs/projects/bsc83/Data/Ebola/01_bulk_RNA-Seq_lncRNAs_annotation/02_RNA-Seq_BatchZyagen/01_fastq/Zyagen/Ovary/D000/160421/Zyagen_Ovary_D000_160421_l3.2.fq.gz]]
[Zyagen, Ovary, D000, 160421, 1, Zyagen_Ovary_D000_160421_l1, [/gpfs/projects/bsc83/Data/Ebola/01_bulk_RNA-Seq_lncRNAs_annotation/02_RNA-Seq_BatchZyagen/01_fastq/Zyagen/Ovary/D000/160421/Zyagen_Ovary_D000_160421_l1.1.fq.gz, /gpfs/projects/bsc83/Data/Ebola/01_bulk_RNA-Seq_lncRNAs_annotation/02_RNA-Seq_BatchZyagen/01_fastq/Zyagen/Ovary/D000/160421/Zyagen_Ovary_D000_160421_l1.2.fq.gz]]
[Zyagen, Ovary, D000, 160421, 2, Zyagen_Ovary_D000_160421_l2, [/gpfs/projects/bsc83/Data/Ebola/01_bulk_RNA-Seq_lncRNAs_annotation/02_RNA-Seq_BatchZyagen/01_fastq/Zyagen/Ovary/D000/160421/Zyagen_Ovary_D000_160421_l2.1.fq.gz, /gpfs/projects/bsc83/Data/Ebola/01_bulk_RNA-Seq_lncRNAs_annotation/02_RNA-Seq_BatchZyagen/01_fastq/Zyagen/Ovary/D000/160421/Zyagen_Ovary_D000_160421_l2.2.fq.gz]]
[Zyagen, Ovary, D000, 160421, 4, Zyagen_Ovary_D000_160421_l4, [/gpfs/projects/bsc83/Data/Ebola/01_bulk_RNA-Seq_lncRNAs_annotation/02_RNA-Seq_BatchZyagen/01_fastq/Zyagen/Ovary/D000/160421/Zyagen_Ovary_D000_160421_l4.1.fq.gz, /gpfs/projects/bsc83/Data/Ebola/01_bulk_RNA-Seq_lncRNAs_annotation/02_RNA-Seq_BatchZyagen/01_fastq/Zyagen/Ovary/D000/160421/Zyagen_Ovary_D000_160421_l4.2.fq.gz]]
[Zyagen, Testis, D000, 160421, 3, Zyagen_Testis_D000_160421_l3, [/gpfs/projects/bsc83/Data/Ebola/01_bulk_RNA-Seq_lncRNAs_annotation/02_RNA-Seq_BatchZyagen/01_fastq/Zyagen/Testis/D000/160421/Zyagen_Testis_D000_160421_l3.1.fq.gz, /gpfs/projects/bsc83/Data/Ebola/01_bulk_RNA-Seq_lncRNAs_annotation/02_RNA-Seq_BatchZyagen/01_fastq/Zyagen/Testis/D000/160421/Zyagen_Testis_D000_160421_l3.2.fq.gz]]
[Zyagen, Testis, D000, 160421, 4, Zyagen_Testis_D000_160421_l4, [/gpfs/projects/bsc83/Data/Ebola/01_bulk_RNA-Seq_lncRNAs_annotation/02_RNA-Seq_BatchZyagen/01_fastq/Zyagen/Testis/D000/160421/Zyagen_Testis_D000_160421_l4.1.fq.gz, /gpfs/projects/bsc83/Data/Ebola/01_bulk_RNA-Seq_lncRNAs_annotation/02_RNA-Seq_BatchZyagen/01_fastq/Zyagen/Testis/D000/160421/Zyagen_Testis_D000_160421_l4.2.fq.gz]]
[Zyagen, Testis, D000, 160421, 2, Zyagen_Testis_D000_160421_l2, [/gpfs/projects/bsc83/Data/Ebola/01_bulk_RNA-Seq_lncRNAs_annotation/02_RNA-Seq_BatchZyagen/01_fastq/Zyagen/Testis/D000/160421/Zyagen_Testis_D000_160421_l2.1.fq.gz, /gpfs/projects/bsc83/Data/Ebola/01_bulk_RNA-Seq_lncRNAs_annotation/02_RNA-Seq_BatchZyagen/01_fastq/Zyagen/Testis/D000/160421/Zyagen_Testis_D000_160421_l2.2.fq.gz]]
[Zyagen, Testis, D000, 160421, 1, Zyagen_Testis_D000_160421_l1, [/gpfs/projects/bsc83/Data/Ebola/01_bulk_RNA-Seq_lncRNAs_annotation/02_RNA-Seq_BatchZyagen/01_fastq/Zyagen/Testis/D000/160421/Zyagen_Testis_D000_160421_l1.1.fq.gz, /gpfs/projects/bsc83/Data/Ebola/01_bulk_RNA-Seq_lncRNAs_annotation/02_RNA-Seq_BatchZyagen/01_fastq/Zyagen/Testis/D000/160421/Zyagen_Testis_D000_160421_l1.2.fq.gz]]
[Zyagen, Brain, D000, 160421, 3, Zyagen_Brain_D000_160421_l3, [/gpfs/projects/bsc83/Data/Ebola/01_bulk_RNA-Seq_lncRNAs_annotation/02_RNA-Seq_BatchZyagen/01_fastq/Zyagen/Brain/D000/160421/Zyagen_Brain_D000_160421_l3.1.fq.gz, /gpfs/projects/bsc83/Data/Ebola/01_bulk_RNA-Seq_lncRNAs_annotation/02_RNA-Seq_BatchZyagen/01_fastq/Zyagen/Brain/D000/160421/Zyagen_Brain_D000_160421_l3.2.fq.gz]]
[Zyagen, Brain, D000, 160421, 2, Zyagen_Brain_D000_160421_l2, [/gpfs/projects/bsc83/Data/Ebola/01_bulk_RNA-Seq_lncRNAs_annotation/02_RNA-Seq_BatchZyagen/01_fastq/Zyagen/Brain/D000/160421/Zyagen_Brain_D000_160421_l2.1.fq.gz, /gpfs/projects/bsc83/Data/Ebola/01_bulk_RNA-Seq_lncRNAs_annotation/02_RNA-Seq_BatchZyagen/01_fastq/Zyagen/Brain/D000/160421/Zyagen_Brain_D000_160421_l2.2.fq.gz]]
[Zyagen, Brain, D000, 160421, 4, Zyagen_Brain_D000_160421_l4, [/gpfs/projects/bsc83/Data/Ebola/01_bulk_RNA-Seq_lncRNAs_annotation/02_RNA-Seq_BatchZyagen/01_fastq/Zyagen/Brain/D000/160421/Zyagen_Brain_D000_160421_l4.1.fq.gz, /gpfs/projects/bsc83/Data/Ebola/01_bulk_RNA-Seq_lncRNAs_annotation/02_RNA-Seq_BatchZyagen/01_fastq/Zyagen/Brain/D000/160421/Zyagen_Brain_D000_160421_l4.2.fq.gz]]
[Zyagen, Brain, D000, 160421, 1, Zyagen_Brain_D000_160421_l1, [/gpfs/projects/bsc83/Data/Ebola/01_bulk_RNA-Seq_lncRNAs_annotation/02_RNA-Seq_BatchZyagen/01_fastq/Zyagen/Brain/D000/160421/Zyagen_Brain_D000_160421_l1.1.fq.gz, /gpfs/projects/bsc83/Data/Ebola/01_bulk_RNA-Seq_lncRNAs_annotation/02_RNA-Seq_BatchZyagen/01_fastq/Zyagen/Brain/D000/160421/Zyagen_Brain_D000_160421_l1.2.fq.gz]]
[Zyagen, Brain, D000, 190507, 2, Zyagen_Brain_D000_190507_l2, [/gpfs/projects/bsc83/Data/Ebola/01_bulk_RNA-Seq_lncRNAs_annotation/02_RNA-Seq_BatchZyagen/01_fastq/Zyagen/Brain/D000/190507/Zyagen_Brain_D000_190507_l2.1.fq.gz, /gpfs/projects/bsc83/Data/Ebola/01_bulk_RNA-Seq_lncRNAs_annotation/02_RNA-Seq_BatchZyagen/01_fastq/Zyagen/Brain/D000/190507/Zyagen_Brain_D000_190507_l2.2.fq.gz]]
[Zyagen, Brain, D000, 190507, 1, Zyagen_Brain_D000_190507_l1, [/gpfs/projects/bsc83/Data/Ebola/01_bulk_RNA-Seq_lncRNAs_annotation/02_RNA-Seq_BatchZyagen/01_fastq/Zyagen/Brain/D000/190507/Zyagen_Brain_D000_190507_l1.1.fq.gz, /gpfs/projects/bsc83/Data/Ebola/01_bulk_RNA-Seq_lncRNAs_annotation/02_RNA-Seq_BatchZyagen/01_fastq/Zyagen/Brain/D000/190507/Zyagen_Brain_D000_190507_l1.2.fq.gz]]
[Zyagen, Brain, D000, 190507, 3, Zyagen_Brain_D000_190507_l3, [/gpfs/projects/bsc83/Data/Ebola/01_bulk_RNA-Seq_lncRNAs_annotation/02_RNA-Seq_BatchZyagen/01_fastq/Zyagen/Brain/D000/190507/Zyagen_Brain_D000_190507_l3.1.fq.gz, /gpfs/projects/bsc83/Data/Ebola/01_bulk_RNA-Seq_lncRNAs_annotation/02_RNA-Seq_BatchZyagen/01_fastq/Zyagen/Brain/D000/190507/Zyagen_Brain_D000_190507_l3.2.fq.gz]]
[Zyagen, Brain, D000, 190507, 4, Zyagen_Brain_D000_190507_l4, [/gpfs/projects/bsc83/Data/Ebola/01_bulk_RNA-Seq_lncRNAs_annotation/02_RNA-Seq_BatchZyagen/01_fastq/Zyagen/Brain/D000/190507/Zyagen_Brain_D000_190507_l4.1.fq.gz, /gpfs/projects/bsc83/Data/Ebola/01_bulk_RNA-Seq_lncRNAs_annotation/02_RNA-Seq_BatchZyagen/01_fastq/Zyagen/Brain/D000/190507/Zyagen_Brain_D000_190507_l4.2.fq.gz]]
[Zyagen, Liver, D000, 160421, 4, Zyagen_Liver_D000_160421_l4, [/gpfs/projects/bsc83/Data/Ebola/01_bulk_RNA-Seq_lncRNAs_annotation/02_RNA-Seq_BatchZyagen/01_fastq/Zyagen/Liver/D000/160421/Zyagen_Liver_D000_160421_l4.1.fq.gz, /gpfs/projects/bsc83/Data/Ebola/01_bulk_RNA-Seq_lncRNAs_annotation/02_RNA-Seq_BatchZyagen/01_fastq/Zyagen/Liver/D000/160421/Zyagen_Liver_D000_160421_l4.2.fq.gz]]
[Zyagen, Liver, D000, 160421, 2, Zyagen_Liver_D000_160421_l2, [/gpfs/projects/bsc83/Data/Ebola/01_bulk_RNA-Seq_lncRNAs_annotation/02_RNA-Seq_BatchZyagen/01_fastq/Zyagen/Liver/D000/160421/Zyagen_Liver_D000_160421_l2.1.fq.gz, /gpfs/projects/bsc83/Data/Ebola/01_bulk_RNA-Seq_lncRNAs_annotation/02_RNA-Seq_BatchZyagen/01_fastq/Zyagen/Liver/D000/160421/Zyagen_Liver_D000_160421_l2.2.fq.gz]]
[Zyagen, Liver, D000, 160421, 3, Zyagen_Liver_D000_160421_l3, [/gpfs/projects/bsc83/Data/Ebola/01_bulk_RNA-Seq_lncRNAs_annotation/02_RNA-Seq_BatchZyagen/01_fastq/Zyagen/Liver/D000/160421/Zyagen_Liver_D000_160421_l3.1.fq.gz, /gpfs/projects/bsc83/Data/Ebola/01_bulk_RNA-Seq_lncRNAs_annotation/02_RNA-Seq_BatchZyagen/01_fastq/Zyagen/Liver/D000/160421/Zyagen_Liver_D000_160421_l3.2.fq.gz]]
[Zyagen, Liver, D000, 160421, 1, Zyagen_Liver_D000_160421_l1, [/gpfs/projects/bsc83/Data/Ebola/01_bulk_RNA-Seq_lncRNAs_annotation/02_RNA-Seq_BatchZyagen/01_fastq/Zyagen/Liver/D000/160421/Zyagen_Liver_D000_160421_l1.1.fq.gz, /gpfs/projects/bsc83/Data/Ebola/01_bulk_RNA-Seq_lncRNAs_annotation/02_RNA-Seq_BatchZyagen/01_fastq/Zyagen/Liver/D000/160421/Zyagen_Liver_D000_160421_l1.2.fq.gz]]
[Zyagen, Liver, D000, 190507, 1, Zyagen_Liver_D000_190507_l1, [/gpfs/projects/bsc83/Data/Ebola/01_bulk_RNA-Seq_lncRNAs_annotation/02_RNA-Seq_BatchZyagen/01_fastq/Zyagen/Liver/D000/190507/Zyagen_Liver_D000_190507_l1.1.fq.gz, /gpfs/projects/bsc83/Data/Ebola/01_bulk_RNA-Seq_lncRNAs_annotation/02_RNA-Seq_BatchZyagen/01_fastq/Zyagen/Liver/D000/190507/Zyagen_Liver_D000_190507_l1.2.fq.gz]]
[Zyagen, Liver, D000, 190507, 4, Zyagen_Liver_D000_190507_l4, [/gpfs/projects/bsc83/Data/Ebola/01_bulk_RNA-Seq_lncRNAs_annotation/02_RNA-Seq_BatchZyagen/01_fastq/Zyagen/Liver/D000/190507/Zyagen_Liver_D000_190507_l4.1.fq.gz, /gpfs/projects/bsc83/Data/Ebola/01_bulk_RNA-Seq_lncRNAs_annotation/02_RNA-Seq_BatchZyagen/01_fastq/Zyagen/Liver/D000/190507/Zyagen_Liver_D000_190507_l4.2.fq.gz]]
[Zyagen, Liver, D000, 190507, 3, Zyagen_Liver_D000_190507_l3, [/gpfs/projects/bsc83/Data/Ebola/01_bulk_RNA-Seq_lncRNAs_annotation/02_RNA-Seq_BatchZyagen/01_fastq/Zyagen/Liver/D000/190507/Zyagen_Liver_D000_190507_l3.1.fq.gz, /gpfs/projects/bsc83/Data/Ebola/01_bulk_RNA-Seq_lncRNAs_annotation/02_RNA-Seq_BatchZyagen/01_fastq/Zyagen/Liver/D000/190507/Zyagen_Liver_D000_190507_l3.2.fq.gz]]
[Zyagen, Liver, D000, 190507, 2, Zyagen_Liver_D000_190507_l2, [/gpfs/projects/bsc83/Data/Ebola/01_bulk_RNA-Seq_lncRNAs_annotation/02_RNA-Seq_BatchZyagen/01_fastq/Zyagen/Liver/D000/190507/Zyagen_Liver_D000_190507_l2.1.fq.gz, /gpfs/projects/bsc83/Data/Ebola/01_bulk_RNA-Seq_lncRNAs_annotation/02_RNA-Seq_BatchZyagen/01_fastq/Zyagen/Liver/D000/190507/Zyagen_Liver_D000_190507_l2.2.fq.gz]]
[Zyagen, Spleen, D000, 160421, 4, Zyagen_Spleen_D000_160421_l4, [/gpfs/projects/bsc83/Data/Ebola/01_bulk_RNA-Seq_lncRNAs_annotation/02_RNA-Seq_BatchZyagen/01_fastq/Zyagen/Spleen/D000/160421/Zyagen_Spleen_D000_160421_l4.1.fq.gz, /gpfs/projects/bsc83/Data/Ebola/01_bulk_RNA-Seq_lncRNAs_annotation/02_RNA-Seq_BatchZyagen/01_fastq/Zyagen/Spleen/D000/160421/Zyagen_Spleen_D000_160421_l4.2.fq.gz]]
[Zyagen, Spleen, D000, 160421, 2, Zyagen_Spleen_D000_160421_l2, [/gpfs/projects/bsc83/Data/Ebola/01_bulk_RNA-Seq_lncRNAs_annotation/02_RNA-Seq_BatchZyagen/01_fastq/Zyagen/Spleen/D000/160421/Zyagen_Spleen_D000_160421_l2.1.fq.gz, /gpfs/projects/bsc83/Data/Ebola/01_bulk_RNA-Seq_lncRNAs_annotation/02_RNA-Seq_BatchZyagen/01_fastq/Zyagen/Spleen/D000/160421/Zyagen_Spleen_D000_160421_l2.2.fq.gz]]
[Zyagen, Spleen, D000, 160421, 3, Zyagen_Spleen_D000_160421_l3, [/gpfs/projects/bsc83/Data/Ebola/01_bulk_RNA-Seq_lncRNAs_annotation/02_RNA-Seq_BatchZyagen/01_fastq/Zyagen/Spleen/D000/160421/Zyagen_Spleen_D000_160421_l3.1.fq.gz, /gpfs/projects/bsc83/Data/Ebola/01_bulk_RNA-Seq_lncRNAs_annotation/02_RNA-Seq_BatchZyagen/01_fastq/Zyagen/Spleen/D000/160421/Zyagen_Spleen_D000_160421_l3.2.fq.gz]]
[Zyagen, Spleen, D000, 160421, 1, Zyagen_Spleen_D000_160421_l1, [/gpfs/projects/bsc83/Data/Ebola/01_bulk_RNA-Seq_lncRNAs_annotation/02_RNA-Seq_BatchZyagen/01_fastq/Zyagen/Spleen/D000/160421/Zyagen_Spleen_D000_160421_l1.1.fq.gz, /gpfs/projects/bsc83/Data/Ebola/01_bulk_RNA-Seq_lncRNAs_annotation/02_RNA-Seq_BatchZyagen/01_fastq/Zyagen/Spleen/D000/160421/Zyagen_Spleen_D000_160421_l1.2.fq.gz]]
[Zyagen, Spleen, D000, 190507, 1, Zyagen_Spleen_D000_190507_l1, [/gpfs/projects/bsc83/Data/Ebola/01_bulk_RNA-Seq_lncRNAs_annotation/02_RNA-Seq_BatchZyagen/01_fastq/Zyagen/Spleen/D000/190507/Zyagen_Spleen_D000_190507_l1.1.fq.gz, /gpfs/projects/bsc83/Data/Ebola/01_bulk_RNA-Seq_lncRNAs_annotation/02_RNA-Seq_BatchZyagen/01_fastq/Zyagen/Spleen/D000/190507/Zyagen_Spleen_D000_190507_l1.2.fq.gz]]
[Zyagen, Spleen, D000, 190507, 3, Zyagen_Spleen_D000_190507_l3, [/gpfs/projects/bsc83/Data/Ebola/01_bulk_RNA-Seq_lncRNAs_annotation/02_RNA-Seq_BatchZyagen/01_fastq/Zyagen/Spleen/D000/190507/Zyagen_Spleen_D000_190507_l3.1.fq.gz, /gpfs/projects/bsc83/Data/Ebola/01_bulk_RNA-Seq_lncRNAs_annotation/02_RNA-Seq_BatchZyagen/01_fastq/Zyagen/Spleen/D000/190507/Zyagen_Spleen_D000_190507_l3.2.fq.gz]]
[Zyagen, Spleen, D000, 190507, 2, Zyagen_Spleen_D000_190507_l2, [/gpfs/projects/bsc83/Data/Ebola/01_bulk_RNA-Seq_lncRNAs_annotation/02_RNA-Seq_BatchZyagen/01_fastq/Zyagen/Spleen/D000/190507/Zyagen_Spleen_D000_190507_l2.1.fq.gz, /gpfs/projects/bsc83/Data/Ebola/01_bulk_RNA-Seq_lncRNAs_annotation/02_RNA-Seq_BatchZyagen/01_fastq/Zyagen/Spleen/D000/190507/Zyagen_Spleen_D000_190507_l2.2.fq.gz]]
[Zyagen, Spleen, D000, 190507, 4, Zyagen_Spleen_D000_190507_l4, [/gpfs/projects/bsc83/Data/Ebola/01_bulk_RNA-Seq_lncRNAs_annotation/02_RNA-Seq_BatchZyagen/01_fastq/Zyagen/Spleen/D000/190507/Zyagen_Spleen_D000_190507_l4.1.fq.gz, /gpfs/projects/bsc83/Data/Ebola/01_bulk_RNA-Seq_lncRNAs_annotation/02_RNA-Seq_BatchZyagen/01_fastq/Zyagen/Spleen/D000/190507/Zyagen_Spleen_D000_190507_l4.2.fq.gz]]
[Zyagen, SpinalCord, D000, 190507, 2, Zyagen_SpinalCord_D000_190507_l2, [/gpfs/projects/bsc83/Data/Ebola/01_bulk_RNA-Seq_lncRNAs_annotation/02_RNA-Seq_BatchZyagen/01_fastq/Zyagen/SpinalCord/D000/190507/Zyagen_SpinalCord_D000_190507_l2.1.fq.gz, /gpfs/projects/bsc83/Data/Ebola/01_bulk_RNA-Seq_lncRNAs_annotation/02_RNA-Seq_BatchZyagen/01_fastq/Zyagen/SpinalCord/D000/190507/Zyagen_SpinalCord_D000_190507_l2.2.fq.gz]]
[Zyagen, SpinalCord, D000, 190507, 3, Zyagen_SpinalCord_D000_190507_l3, [/gpfs/projects/bsc83/Data/Ebola/01_bulk_RNA-Seq_lncRNAs_annotation/02_RNA-Seq_BatchZyagen/01_fastq/Zyagen/SpinalCord/D000/190507/Zyagen_SpinalCord_D000_190507_l3.1.fq.gz, /gpfs/projects/bsc83/Data/Ebola/01_bulk_RNA-Seq_lncRNAs_annotation/02_RNA-Seq_BatchZyagen/01_fastq/Zyagen/SpinalCord/D000/190507/Zyagen_SpinalCord_D000_190507_l3.2.fq.gz]]
[Zyagen, SpinalCord, D000, 190507, 4, Zyagen_SpinalCord_D000_190507_l4, [/gpfs/projects/bsc83/Data/Ebola/01_bulk_RNA-Seq_lncRNAs_annotation/02_RNA-Seq_BatchZyagen/01_fastq/Zyagen/SpinalCord/D000/190507/Zyagen_SpinalCord_D000_190507_l4.1.fq.gz, /gpfs/projects/bsc83/Data/Ebola/01_bulk_RNA-Seq_lncRNAs_annotation/02_RNA-Seq_BatchZyagen/01_fastq/Zyagen/SpinalCord/D000/190507/Zyagen_SpinalCord_D000_190507_l4.2.fq.gz]]
[Zyagen, SpinalCord, D000, 190507, 1, Zyagen_SpinalCord_D000_190507_l1, [/gpfs/projects/bsc83/Data/Ebola/01_bulk_RNA-Seq_lncRNAs_annotation/02_RNA-Seq_BatchZyagen/01_fastq/Zyagen/SpinalCord/D000/190507/Zyagen_SpinalCord_D000_190507_l1.1.fq.gz, /gpfs/projects/bsc83/Data/Ebola/01_bulk_RNA-Seq_lncRNAs_annotation/02_RNA-Seq_BatchZyagen/01_fastq/Zyagen/SpinalCord/D000/190507/Zyagen_SpinalCord_D000_190507_l1.2.fq.gz]]
[Zyagen, Kidney, D000, 160421, 4, Zyagen_Kidney_D000_160421_l4, [/gpfs/projects/bsc83/Data/Ebola/01_bulk_RNA-Seq_lncRNAs_annotation/02_RNA-Seq_BatchZyagen/01_fastq/Zyagen/Kidney/D000/160421/Zyagen_Kidney_D000_160421_l4.1.fq.gz, /gpfs/projects/bsc83/Data/Ebola/01_bulk_RNA-Seq_lncRNAs_annotation/02_RNA-Seq_BatchZyagen/01_fastq/Zyagen/Kidney/D000/160421/Zyagen_Kidney_D000_160421_l4.2.fq.gz]]
[Zyagen, Kidney, D000, 160421, 2, Zyagen_Kidney_D000_160421_l2, [/gpfs/projects/bsc83/Data/Ebola/01_bulk_RNA-Seq_lncRNAs_annotation/02_RNA-Seq_BatchZyagen/01_fastq/Zyagen/Kidney/D000/160421/Zyagen_Kidney_D000_160421_l2.1.fq.gz, /gpfs/projects/bsc83/Data/Ebola/01_bulk_RNA-Seq_lncRNAs_annotation/02_RNA-Seq_BatchZyagen/01_fastq/Zyagen/Kidney/D000/160421/Zyagen_Kidney_D000_160421_l2.2.fq.gz]]
[Zyagen, Kidney, D000, 160421, 1, Zyagen_Kidney_D000_160421_l1, [/gpfs/projects/bsc83/Data/Ebola/01_bulk_RNA-Seq_lncRNAs_annotation/02_RNA-Seq_BatchZyagen/01_fastq/Zyagen/Kidney/D000/160421/Zyagen_Kidney_D000_160421_l1.1.fq.gz, /gpfs/projects/bsc83/Data/Ebola/01_bulk_RNA-Seq_lncRNAs_annotation/02_RNA-Seq_BatchZyagen/01_fastq/Zyagen/Kidney/D000/160421/Zyagen_Kidney_D000_160421_l1.2.fq.gz]]
[Zyagen, Kidney, D000, 160421, 3, Zyagen_Kidney_D000_160421_l3, [/gpfs/projects/bsc83/Data/Ebola/01_bulk_RNA-Seq_lncRNAs_annotation/02_RNA-Seq_BatchZyagen/01_fastq/Zyagen/Kidney/D000/160421/Zyagen_Kidney_D000_160421_l3.1.fq.gz, /gpfs/projects/bsc83/Data/Ebola/01_bulk_RNA-Seq_lncRNAs_annotation/02_RNA-Seq_BatchZyagen/01_fastq/Zyagen/Kidney/D000/160421/Zyagen_Kidney_D000_160421_l3.2.fq.gz]]
[Zyagen, Kidney, D000, 190507, 1, Zyagen_Kidney_D000_190507_l1, [/gpfs/projects/bsc83/Data/Ebola/01_bulk_RNA-Seq_lncRNAs_annotation/02_RNA-Seq_BatchZyagen/01_fastq/Zyagen/Kidney/D000/190507/Zyagen_Kidney_D000_190507_l1.1.fq.gz, /gpfs/projects/bsc83/Data/Ebola/01_bulk_RNA-Seq_lncRNAs_annotation/02_RNA-Seq_BatchZyagen/01_fastq/Zyagen/Kidney/D000/190507/Zyagen_Kidney_D000_190507_l1.2.fq.gz]]
[Zyagen, Kidney, D000, 190507, 3, Zyagen_Kidney_D000_190507_l3, [/gpfs/projects/bsc83/Data/Ebola/01_bulk_RNA-Seq_lncRNAs_annotation/02_RNA-Seq_BatchZyagen/01_fastq/Zyagen/Kidney/D000/190507/Zyagen_Kidney_D000_190507_l3.1.fq.gz, /gpfs/projects/bsc83/Data/Ebola/01_bulk_RNA-Seq_lncRNAs_annotation/02_RNA-Seq_BatchZyagen/01_fastq/Zyagen/Kidney/D000/190507/Zyagen_Kidney_D000_190507_l3.2.fq.gz]]
[Zyagen, Kidney, D000, 190507, 4, Zyagen_Kidney_D000_190507_l4, [/gpfs/projects/bsc83/Data/Ebola/01_bulk_RNA-Seq_lncRNAs_annotation/02_RNA-Seq_BatchZyagen/01_fastq/Zyagen/Kidney/D000/190507/Zyagen_Kidney_D000_190507_l4.1.fq.gz, /gpfs/projects/bsc83/Data/Ebola/01_bulk_RNA-Seq_lncRNAs_annotation/02_RNA-Seq_BatchZyagen/01_fastq/Zyagen/Kidney/D000/190507/Zyagen_Kidney_D000_190507_l4.2.fq.gz]]
[Zyagen, Kidney, D000, 190507, 2, Zyagen_Kidney_D000_190507_l2, [/gpfs/projects/bsc83/Data/Ebola/01_bulk_RNA-Seq_lncRNAs_annotation/02_RNA-Seq_BatchZyagen/01_fastq/Zyagen/Kidney/D000/190507/Zyagen_Kidney_D000_190507_l2.1.fq.gz, /gpfs/projects/bsc83/Data/Ebola/01_bulk_RNA-Seq_lncRNAs_annotation/02_RNA-Seq_BatchZyagen/01_fastq/Zyagen/Kidney/D000/190507/Zyagen_Kidney_D000_190507_l2.2.fq.gz]]
[Zyagen, LN, D000, 160421, 4, Zyagen_LN_D000_160421_l4, [/gpfs/projects/bsc83/Data/Ebola/01_bulk_RNA-Seq_lncRNAs_annotation/02_RNA-Seq_BatchZyagen/01_fastq/Zyagen/LN/D000/160421/Zyagen_LN_D000_160421_l4.1.fq.gz, /gpfs/projects/bsc83/Data/Ebola/01_bulk_RNA-Seq_lncRNAs_annotation/02_RNA-Seq_BatchZyagen/01_fastq/Zyagen/LN/D000/160421/Zyagen_LN_D000_160421_l4.2.fq.gz]]
[Zyagen, LN, D000, 160421, 1, Zyagen_LN_D000_160421_l1, [/gpfs/projects/bsc83/Data/Ebola/01_bulk_RNA-Seq_lncRNAs_annotation/02_RNA-Seq_BatchZyagen/01_fastq/Zyagen/LN/D000/160421/Zyagen_LN_D000_160421_l1.1.fq.gz, /gpfs/projects/bsc83/Data/Ebola/01_bulk_RNA-Seq_lncRNAs_annotation/02_RNA-Seq_BatchZyagen/01_fastq/Zyagen/LN/D000/160421/Zyagen_LN_D000_160421_l1.2.fq.gz]]
[Zyagen, LN, D000, 160421, 2, Zyagen_LN_D000_160421_l2, [/gpfs/projects/bsc83/Data/Ebola/01_bulk_RNA-Seq_lncRNAs_annotation/02_RNA-Seq_BatchZyagen/01_fastq/Zyagen/LN/D000/160421/Zyagen_LN_D000_160421_l2.1.fq.gz, /gpfs/projects/bsc83/Data/Ebola/01_bulk_RNA-Seq_lncRNAs_annotation/02_RNA-Seq_BatchZyagen/01_fastq/Zyagen/LN/D000/160421/Zyagen_LN_D000_160421_l2.2.fq.gz]]
[Zyagen, LN, D000, 160421, 3, Zyagen_LN_D000_160421_l3, [/gpfs/projects/bsc83/Data/Ebola/01_bulk_RNA-Seq_lncRNAs_annotation/02_RNA-Seq_BatchZyagen/01_fastq/Zyagen/LN/D000/160421/Zyagen_LN_D000_160421_l3.1.fq.gz, /gpfs/projects/bsc83/Data/Ebola/01_bulk_RNA-Seq_lncRNAs_annotation/02_RNA-Seq_BatchZyagen/01_fastq/Zyagen/LN/D000/160421/Zyagen_LN_D000_160421_l3.2.fq.gz]]
[Zyagen, LN, D000, 190507, 2, Zyagen_LN_D000_190507_l2, [/gpfs/projects/bsc83/Data/Ebola/01_bulk_RNA-Seq_lncRNAs_annotation/02_RNA-Seq_BatchZyagen/01_fastq/Zyagen/LN/D000/190507/Zyagen_LN_D000_190507_l2.1.fq.gz, /gpfs/projects/bsc83/Data/Ebola/01_bulk_RNA-Seq_lncRNAs_annotation/02_RNA-Seq_BatchZyagen/01_fastq/Zyagen/LN/D000/190507/Zyagen_LN_D000_190507_l2.2.fq.gz]]
[Zyagen, LN, D000, 190507, 3, Zyagen_LN_D000_190507_l3, [/gpfs/projects/bsc83/Data/Ebola/01_bulk_RNA-Seq_lncRNAs_annotation/02_RNA-Seq_BatchZyagen/01_fastq/Zyagen/LN/D000/190507/Zyagen_LN_D000_190507_l3.1.fq.gz, /gpfs/projects/bsc83/Data/Ebola/01_bulk_RNA-Seq_lncRNAs_annotation/02_RNA-Seq_BatchZyagen/01_fastq/Zyagen/LN/D000/190507/Zyagen_LN_D000_190507_l3.2.fq.gz]]
[Zyagen, LN, D000, 190507, 1, Zyagen_LN_D000_190507_l1, [/gpfs/projects/bsc83/Data/Ebola/01_bulk_RNA-Seq_lncRNAs_annotation/02_RNA-Seq_BatchZyagen/01_fastq/Zyagen/LN/D000/190507/Zyagen_LN_D000_190507_l1.1.fq.gz, /gpfs/projects/bsc83/Data/Ebola/01_bulk_RNA-Seq_lncRNAs_annotation/02_RNA-Seq_BatchZyagen/01_fastq/Zyagen/LN/D000/190507/Zyagen_LN_D000_190507_l1.2.fq.gz]]
[Zyagen, LN, D000, 190507, 4, Zyagen_LN_D000_190507_l4, [/gpfs/projects/bsc83/Data/Ebola/01_bulk_RNA-Seq_lncRNAs_annotation/02_RNA-Seq_BatchZyagen/01_fastq/Zyagen/LN/D000/190507/Zyagen_LN_D000_190507_l4.1.fq.gz, /gpfs/projects/bsc83/Data/Ebola/01_bulk_RNA-Seq_lncRNAs_annotation/02_RNA-Seq_BatchZyagen/01_fastq/Zyagen/LN/D000/190507/Zyagen_LN_D000_190507_l4.2.fq.gz]]
[Zyagen, Skin, D000, 190507, 3, Zyagen_Skin_D000_190507_l3, [/gpfs/projects/bsc83/Data/Ebola/01_bulk_RNA-Seq_lncRNAs_annotation/02_RNA-Seq_BatchZyagen/01_fastq/Zyagen/Skin/D000/190507/Zyagen_Skin_D000_190507_l3.1.fq.gz, /gpfs/projects/bsc83/Data/Ebola/01_bulk_RNA-Seq_lncRNAs_annotation/02_RNA-Seq_BatchZyagen/01_fastq/Zyagen/Skin/D000/190507/Zyagen_Skin_D000_190507_l3.2.fq.gz]]
[Zyagen, Skin, D000, 190507, 2, Zyagen_Skin_D000_190507_l2, [/gpfs/projects/bsc83/Data/Ebola/01_bulk_RNA-Seq_lncRNAs_annotation/02_RNA-Seq_BatchZyagen/01_fastq/Zyagen/Skin/D000/190507/Zyagen_Skin_D000_190507_l2.1.fq.gz, /gpfs/projects/bsc83/Data/Ebola/01_bulk_RNA-Seq_lncRNAs_annotation/02_RNA-Seq_BatchZyagen/01_fastq/Zyagen/Skin/D000/190507/Zyagen_Skin_D000_190507_l2.2.fq.gz]]
[Zyagen, Skin, D000, 190507, 1, Zyagen_Skin_D000_190507_l1, [/gpfs/projects/bsc83/Data/Ebola/01_bulk_RNA-Seq_lncRNAs_annotation/02_RNA-Seq_BatchZyagen/01_fastq/Zyagen/Skin/D000/190507/Zyagen_Skin_D000_190507_l1.1.fq.gz, /gpfs/projects/bsc83/Data/Ebola/01_bulk_RNA-Seq_lncRNAs_annotation/02_RNA-Seq_BatchZyagen/01_fastq/Zyagen/Skin/D000/190507/Zyagen_Skin_D000_190507_l1.2.fq.gz]]
[Zyagen, Skin, D000, 190507, 4, Zyagen_Skin_D000_190507_l4, [/gpfs/projects/bsc83/Data/Ebola/01_bulk_RNA-Seq_lncRNAs_annotation/02_RNA-Seq_BatchZyagen/01_fastq/Zyagen/Skin/D000/190507/Zyagen_Skin_D000_190507_l4.1.fq.gz, /gpfs/projects/bsc83/Data/Ebola/01_bulk_RNA-Seq_lncRNAs_annotation/02_RNA-Seq_BatchZyagen/01_fastq/Zyagen/Skin/D000/190507/Zyagen_Skin_D000_190507_l4.2.fq.gz]]
[Zyagen, Adrenal, D000, 160421, 4, Zyagen_Adrenal_D000_160421_l4, [/gpfs/projects/bsc83/Data/Ebola/01_bulk_RNA-Seq_lncRNAs_annotation/02_RNA-Seq_BatchZyagen/01_fastq/Zyagen/Adrenal/D000/160421/Zyagen_Adrenal_D000_160421_l4.1.fq.gz, /gpfs/projects/bsc83/Data/Ebola/01_bulk_RNA-Seq_lncRNAs_annotation/02_RNA-Seq_BatchZyagen/01_fastq/Zyagen/Adrenal/D000/160421/Zyagen_Adrenal_D000_160421_l4.2.fq.gz]]
[Zyagen, Adrenal, D000, 160421, 2, Zyagen_Adrenal_D000_160421_l2, [/gpfs/projects/bsc83/Data/Ebola/01_bulk_RNA-Seq_lncRNAs_annotation/02_RNA-Seq_BatchZyagen/01_fastq/Zyagen/Adrenal/D000/160421/Zyagen_Adrenal_D000_160421_l2.1.fq.gz, /gpfs/projects/bsc83/Data/Ebola/01_bulk_RNA-Seq_lncRNAs_annotation/02_RNA-Seq_BatchZyagen/01_fastq/Zyagen/Adrenal/D000/160421/Zyagen_Adrenal_D000_160421_l2.2.fq.gz]]
[Zyagen, Adrenal, D000, 160421, 1, Zyagen_Adrenal_D000_160421_l1, [/gpfs/projects/bsc83/Data/Ebola/01_bulk_RNA-Seq_lncRNAs_annotation/02_RNA-Seq_BatchZyagen/01_fastq/Zyagen/Adrenal/D000/160421/Zyagen_Adrenal_D000_160421_l1.1.fq.gz, /gpfs/projects/bsc83/Data/Ebola/01_bulk_RNA-Seq_lncRNAs_annotation/02_RNA-Seq_BatchZyagen/01_fastq/Zyagen/Adrenal/D000/160421/Zyagen_Adrenal_D000_160421_l1.2.fq.gz]]
[Zyagen, Adrenal, D000, 160421, 3, Zyagen_Adrenal_D000_160421_l3, [/gpfs/projects/bsc83/Data/Ebola/01_bulk_RNA-Seq_lncRNAs_annotation/02_RNA-Seq_BatchZyagen/01_fastq/Zyagen/Adrenal/D000/160421/Zyagen_Adrenal_D000_160421_l3.1.fq.gz, /gpfs/projects/bsc83/Data/Ebola/01_bulk_RNA-Seq_lncRNAs_annotation/02_RNA-Seq_BatchZyagen/01_fastq/Zyagen/Adrenal/D000/160421/Zyagen_Adrenal_D000_160421_l3.2.fq.gz]]
[Zyagen, Adrenal, D000, 190507, 3, Zyagen_Adrenal_D000_190507_l3, [/gpfs/projects/bsc83/Data/Ebola/01_bulk_RNA-Seq_lncRNAs_annotation/02_RNA-Seq_BatchZyagen/01_fastq/Zyagen/Adrenal/D000/190507/Zyagen_Adrenal_D000_190507_l3.1.fq.gz, /gpfs/projects/bsc83/Data/Ebola/01_bulk_RNA-Seq_lncRNAs_annotation/02_RNA-Seq_BatchZyagen/01_fastq/Zyagen/Adrenal/D000/190507/Zyagen_Adrenal_D000_190507_l3.2.fq.gz]]
[Zyagen, Adrenal, D000, 190507, 1, Zyagen_Adrenal_D000_190507_l1, [/gpfs/projects/bsc83/Data/Ebola/01_bulk_RNA-Seq_lncRNAs_annotation/02_RNA-Seq_BatchZyagen/01_fastq/Zyagen/Adrenal/D000/190507/Zyagen_Adrenal_D000_190507_l1.1.fq.gz, /gpfs/projects/bsc83/Data/Ebola/01_bulk_RNA-Seq_lncRNAs_annotation/02_RNA-Seq_BatchZyagen/01_fastq/Zyagen/Adrenal/D000/190507/Zyagen_Adrenal_D000_190507_l1.2.fq.gz]]
[Zyagen, Adrenal, D000, 190507, 2, Zyagen_Adrenal_D000_190507_l2, [/gpfs/projects/bsc83/Data/Ebola/01_bulk_RNA-Seq_lncRNAs_annotation/02_RNA-Seq_BatchZyagen/01_fastq/Zyagen/Adrenal/D000/190507/Zyagen_Adrenal_D000_190507_l2.1.fq.gz, /gpfs/projects/bsc83/Data/Ebola/01_bulk_RNA-Seq_lncRNAs_annotation/02_RNA-Seq_BatchZyagen/01_fastq/Zyagen/Adrenal/D000/190507/Zyagen_Adrenal_D000_190507_l2.2.fq.gz]]
[Zyagen, Adrenal, D000, 190507, 4, Zyagen_Adrenal_D000_190507_l4, [/gpfs/projects/bsc83/Data/Ebola/01_bulk_RNA-Seq_lncRNAs_annotation/02_RNA-Seq_BatchZyagen/01_fastq/Zyagen/Adrenal/D000/190507/Zyagen_Adrenal_D000_190507_l4.1.fq.gz, /gpfs/projects/bsc83/Data/Ebola/01_bulk_RNA-Seq_lncRNAs_annotation/02_RNA-Seq_BatchZyagen/01_fastq/Zyagen/Adrenal/D000/190507/Zyagen_Adrenal_D000_190507_l4.2.fq.gz]]
[Batch01, Liver, D07, RA0700, 2, Batch01_Liver_D07_RA0700_l2, [/gpfs/projects/bsc83/Data/Ebola/01_bulk_RNA-Seq_lncRNAs_annotation/02_RNA-Seq_BatchZyagen/01_fastq/Batch01/Liver/D07/RA0700/Batch01_Liver_D07_RA0700_l2.1.fq.gz, /gpfs/projects/bsc83/Data/Ebola/01_bulk_RNA-Seq_lncRNAs_annotation/02_RNA-Seq_BatchZyagen/01_fastq/Batch01/Liver/D07/RA0700/Batch01_Liver_D07_RA0700_l2.2.fq.gz]]
[Batch01, Liver, D07, RA0700, 1, Batch01_Liver_D07_RA0700_l1, [/gpfs/projects/bsc83/Data/Ebola/01_bulk_RNA-Seq_lncRNAs_annotation/02_RNA-Seq_BatchZyagen/01_fastq/Batch01/Liver/D07/RA0700/Batch01_Liver_D07_RA0700_l1.1.fq.gz, /gpfs/projects/bsc83/Data/Ebola/01_bulk_RNA-Seq_lncRNAs_annotation/02_RNA-Seq_BatchZyagen/01_fastq/Batch01/Liver/D07/RA0700/Batch01_Liver_D07_RA0700_l1.2.fq.gz]]
[Batch01, Liver, D03, RA1834, 1, Batch01_Liver_D03_RA1834_l1, [/gpfs/projects/bsc83/Data/Ebola/01_bulk_RNA-Seq_lncRNAs_annotation/02_RNA-Seq_BatchZyagen/01_fastq/Batch01/Liver/D03/RA1834/Batch01_Liver_D03_RA1834_l1.1.fq.gz, /gpfs/projects/bsc83/Data/Ebola/01_bulk_RNA-Seq_lncRNAs_annotation/02_RNA-Seq_BatchZyagen/01_fastq/Batch01/Liver/D03/RA1834/Batch01_Liver_D03_RA1834_l1.2.fq.gz]]
[Batch01, Liver, D08, RA1779, 1, Batch01_Liver_D08_RA1779_l1, [/gpfs/projects/bsc83/Data/Ebola/01_bulk_RNA-Seq_lncRNAs_annotation/02_RNA-Seq_BatchZyagen/01_fastq/Batch01/Liver/D08/RA1779/Batch01_Liver_D08_RA1779_l1.1.fq.gz, /gpfs/projects/bsc83/Data/Ebola/01_bulk_RNA-Seq_lncRNAs_annotation/02_RNA-Seq_BatchZyagen/01_fastq/Batch01/Liver/D08/RA1779/Batch01_Liver_D08_RA1779_l1.2.fq.gz]]
[Batch01, Liver, D08, RA1779, 2, Batch01_Liver_D08_RA1779_l2, [/gpfs/projects/bsc83/Data/Ebola/01_bulk_RNA-Seq_lncRNAs_annotation/02_RNA-Seq_BatchZyagen/01_fastq/Batch01/Liver/D08/RA1779/Batch01_Liver_D08_RA1779_l2.1.fq.gz, /gpfs/projects/bsc83/Data/Ebola/01_bulk_RNA-Seq_lncRNAs_annotation/02_RNA-Seq_BatchZyagen/01_fastq/Batch01/Liver/D08/RA1779/Batch01_Liver_D08_RA1779_l2.2.fq.gz]]
[Batch01, Liver, D04, RA0850, 2, Batch01_Liver_D04_RA0850_l2, [/gpfs/projects/bsc83/Data/Ebola/01_bulk_RNA-Seq_lncRNAs_annotation/02_RNA-Seq_BatchZyagen/01_fastq/Batch01/Liver/D04/RA0850/Batch01_Liver_D04_RA0850_l2.1.fq.gz, /gpfs/projects/bsc83/Data/Ebola/01_bulk_RNA-Seq_lncRNAs_annotation/02_RNA-Seq_BatchZyagen/01_fastq/Batch01/Liver/D04/RA0850/Batch01_Liver_D04_RA0850_l2.2.fq.gz]]
[Batch01, Liver, D04, RA0850, 1, Batch01_Liver_D04_RA0850_l1, [/gpfs/projects/bsc83/Data/Ebola/01_bulk_RNA-Seq_lncRNAs_annotation/02_RNA-Seq_BatchZyagen/01_fastq/Batch01/Liver/D04/RA0850/Batch01_Liver_D04_RA0850_l1.1.fq.gz, /gpfs/projects/bsc83/Data/Ebola/01_bulk_RNA-Seq_lncRNAs_annotation/02_RNA-Seq_BatchZyagen/01_fastq/Batch01/Liver/D04/RA0850/Batch01_Liver_D04_RA0850_l1.2.fq.gz]]
[Batch01, Liver, D04, RA0717, 1, Batch01_Liver_D04_RA0717_l1, [/gpfs/projects/bsc83/Data/Ebola/01_bulk_RNA-Seq_lncRNAs_annotation/02_RNA-Seq_BatchZyagen/01_fastq/Batch01/Liver/D04/RA0717/Batch01_Liver_D04_RA0717_l1.1.fq.gz, /gpfs/projects/bsc83/Data/Ebola/01_bulk_RNA-Seq_lncRNAs_annotation/02_RNA-Seq_BatchZyagen/01_fastq/Batch01/Liver/D04/RA0717/Batch01_Liver_D04_RA0717_l1.2.fq.gz]]
[Batch01, Liver, D04, RA0717, 2, Batch01_Liver_D04_RA0717_l2, [/gpfs/projects/bsc83/Data/Ebola/01_bulk_RNA-Seq_lncRNAs_annotation/02_RNA-Seq_BatchZyagen/01_fastq/Batch01/Liver/D04/RA0717/Batch01_Liver_D04_RA0717_l2.1.fq.gz, /gpfs/projects/bsc83/Data/Ebola/01_bulk_RNA-Seq_lncRNAs_annotation/02_RNA-Seq_BatchZyagen/01_fastq/Batch01/Liver/D04/RA0717/Batch01_Liver_D04_RA0717_l2.2.fq.gz]]
[Batch01, Liver, D06, RA1803, 1, Batch01_Liver_D06_RA1803_l1, [/gpfs/projects/bsc83/Data/Ebola/01_bulk_RNA-Seq_lncRNAs_annotation/02_RNA-Seq_BatchZyagen/01_fastq/Batch01/Liver/D06/RA1803/Batch01_Liver_D06_RA1803_l1.1.fq.gz, /gpfs/projects/bsc83/Data/Ebola/01_bulk_RNA-Seq_lncRNAs_annotation/02_RNA-Seq_BatchZyagen/01_fastq/Batch01/Liver/D06/RA1803/Batch01_Liver_D06_RA1803_l1.2.fq.gz]]
[Batch01, Liver, D06, RA1803, 2, Batch01_Liver_D06_RA1803_l2, [/gpfs/projects/bsc83/Data/Ebola/01_bulk_RNA-Seq_lncRNAs_annotation/02_RNA-Seq_BatchZyagen/01_fastq/Batch01/Liver/D06/RA1803/Batch01_Liver_D06_RA1803_l2.1.fq.gz, /gpfs/projects/bsc83/Data/Ebola/01_bulk_RNA-Seq_lncRNAs_annotation/02_RNA-Seq_BatchZyagen/01_fastq/Batch01/Liver/D06/RA1803/Batch01_Liver_D06_RA1803_l2.2.fq.gz]]
[Batch01, Blood, D07, RA0700, 2, Batch01_Blood_D07_RA0700_l2, [/gpfs/projects/bsc83/Data/Ebola/01_bulk_RNA-Seq_lncRNAs_annotation/02_RNA-Seq_BatchZyagen/01_fastq/Batch01/Blood/D07/RA0700/Batch01_Blood_D07_RA0700_l2.1.fq.gz, /gpfs/projects/bsc83/Data/Ebola/01_bulk_RNA-Seq_lncRNAs_annotation/02_RNA-Seq_BatchZyagen/01_fastq/Batch01/Blood/D07/RA0700/Batch01_Blood_D07_RA0700_l2.2.fq.gz]]
[Batch01, Blood, D07, RA0700, 1, Batch01_Blood_D07_RA0700_l1, [/gpfs/projects/bsc83/Data/Ebola/01_bulk_RNA-Seq_lncRNAs_annotation/02_RNA-Seq_BatchZyagen/01_fastq/Batch01/Blood/D07/RA0700/Batch01_Blood_D07_RA0700_l1.1.fq.gz, /gpfs/projects/bsc83/Data/Ebola/01_bulk_RNA-Seq_lncRNAs_annotation/02_RNA-Seq_BatchZyagen/01_fastq/Batch01/Blood/D07/RA0700/Batch01_Blood_D07_RA0700_l1.2.fq.gz]]
[Batch01, Blood, D-04, RA0700, 1, Batch01_Blood_D-04_RA0700_l1, [/gpfs/projects/bsc83/Data/Ebola/01_bulk_RNA-Seq_lncRNAs_annotation/02_RNA-Seq_BatchZyagen/01_fastq/Batch01/Blood/D-04/RA0700/Batch01_Blood_D-04_RA0700_l1.1.fq.gz, /gpfs/projects/bsc83/Data/Ebola/01_bulk_RNA-Seq_lncRNAs_annotation/02_RNA-Seq_BatchZyagen/01_fastq/Batch01/Blood/D-04/RA0700/Batch01_Blood_D-04_RA0700_l1.2.fq.gz]]
[Batch01, Blood, D-04, RA0700, 2, Batch01_Blood_D-04_RA0700_l2, [/gpfs/projects/bsc83/Data/Ebola/01_bulk_RNA-Seq_lncRNAs_annotation/02_RNA-Seq_BatchZyagen/01_fastq/Batch01/Blood/D-04/RA0700/Batch01_Blood_D-04_RA0700_l2.1.fq.gz, /gpfs/projects/bsc83/Data/Ebola/01_bulk_RNA-Seq_lncRNAs_annotation/02_RNA-Seq_BatchZyagen/01_fastq/Batch01/Blood/D-04/RA0700/Batch01_Blood_D-04_RA0700_l2.2.fq.gz]]
[Batch01, Blood, D06, RA1818, 2, Batch01_Blood_D06_RA1818_l2, [/gpfs/projects/bsc83/Data/Ebola/01_bulk_RNA-Seq_lncRNAs_annotation/02_RNA-Seq_BatchZyagen/01_fastq/Batch01/Blood/D06/RA1818/Batch01_Blood_D06_RA1818_l2.1.fq.gz, /gpfs/projects/bsc83/Data/Ebola/01_bulk_RNA-Seq_lncRNAs_annotation/02_RNA-Seq_BatchZyagen/01_fastq/Batch01/Blood/D06/RA1818/Batch01_Blood_D06_RA1818_l2.2.fq.gz]]
[Batch01, Blood, D06, RA1818, 1, Batch01_Blood_D06_RA1818_l1, [/gpfs/projects/bsc83/Data/Ebola/01_bulk_RNA-Seq_lncRNAs_annotation/02_RNA-Seq_BatchZyagen/01_fastq/Batch01/Blood/D06/RA1818/Batch01_Blood_D06_RA1818_l1.1.fq.gz, /gpfs/projects/bsc83/Data/Ebola/01_bulk_RNA-Seq_lncRNAs_annotation/02_RNA-Seq_BatchZyagen/01_fastq/Batch01/Blood/D06/RA1818/Batch01_Blood_D06_RA1818_l1.2.fq.gz]]
[Batch01, Blood, D00, RA1082, 2, Batch01_Blood_D00_RA1082_l2, [/gpfs/projects/bsc83/Data/Ebola/01_bulk_RNA-Seq_lncRNAs_annotation/02_RNA-Seq_BatchZyagen/01_fastq/Batch01/Blood/D00/RA1082/Batch01_Blood_D00_RA1082_l2.1.fq.gz, /gpfs/projects/bsc83/Data/Ebola/01_bulk_RNA-Seq_lncRNAs_annotation/02_RNA-Seq_BatchZyagen/01_fastq/Batch01/Blood/D00/RA1082/Batch01_Blood_D00_RA1082_l2.2.fq.gz]]
[Batch01, Blood, D00, RA1082, 1, Batch01_Blood_D00_RA1082_l1, [/gpfs/projects/bsc83/Data/Ebola/01_bulk_RNA-Seq_lncRNAs_annotation/02_RNA-Seq_BatchZyagen/01_fastq/Batch01/Blood/D00/RA1082/Batch01_Blood_D00_RA1082_l1.1.fq.gz, /gpfs/projects/bsc83/Data/Ebola/01_bulk_RNA-Seq_lncRNAs_annotation/02_RNA-Seq_BatchZyagen/01_fastq/Batch01/Blood/D00/RA1082/Batch01_Blood_D00_RA1082_l1.2.fq.gz]]
[Batch01, Blood, D-21, RA1082, 1, Batch01_Blood_D-21_RA1082_l1, [/gpfs/projects/bsc83/Data/Ebola/01_bulk_RNA-Seq_lncRNAs_annotation/02_RNA-Seq_BatchZyagen/01_fastq/Batch01/Blood/D-21/RA1082/Batch01_Blood_D-21_RA1082_l1.1.fq.gz, /gpfs/projects/bsc83/Data/Ebola/01_bulk_RNA-Seq_lncRNAs_annotation/02_RNA-Seq_BatchZyagen/01_fastq/Batch01/Blood/D-21/RA1082/Batch01_Blood_D-21_RA1082_l1.2.fq.gz]]
[Batch01, Blood, D-21, RA1082, 2, Batch01_Blood_D-21_RA1082_l2, [/gpfs/projects/bsc83/Data/Ebola/01_bulk_RNA-Seq_lncRNAs_annotation/02_RNA-Seq_BatchZyagen/01_fastq/Batch01/Blood/D-21/RA1082/Batch01_Blood_D-21_RA1082_l2.1.fq.gz, /gpfs/projects/bsc83/Data/Ebola/01_bulk_RNA-Seq_lncRNAs_annotation/02_RNA-Seq_BatchZyagen/01_fastq/Batch01/Blood/D-21/RA1082/Batch01_Blood_D-21_RA1082_l2.2.fq.gz]]
[Batch01, Blood, D-30, RA0700, 1, Batch01_Blood_D-30_RA0700_l1, [/gpfs/projects/bsc83/Data/Ebola/01_bulk_RNA-Seq_lncRNAs_annotation/02_RNA-Seq_BatchZyagen/01_fastq/Batch01/Blood/D-30/RA0700/Batch01_Blood_D-30_RA0700_l1.1.fq.gz, /gpfs/projects/bsc83/Data/Ebola/01_bulk_RNA-Seq_lncRNAs_annotation/02_RNA-Seq_BatchZyagen/01_fastq/Batch01/Blood/D-30/RA0700/Batch01_Blood_D-30_RA0700_l1.2.fq.gz]]
[Batch01, Blood, D-30, RA0700, 2, Batch01_Blood_D-30_RA0700_l2, [/gpfs/projects/bsc83/Data/Ebola/01_bulk_RNA-Seq_lncRNAs_annotation/02_RNA-Seq_BatchZyagen/01_fastq/Batch01/Blood/D-30/RA0700/Batch01_Blood_D-30_RA0700_l2.1.fq.gz, /gpfs/projects/bsc83/Data/Ebola/01_bulk_RNA-Seq_lncRNAs_annotation/02_RNA-Seq_BatchZyagen/01_fastq/Batch01/Blood/D-30/RA0700/Batch01_Blood_D-30_RA0700_l2.2.fq.gz]]
[Batch01, Blood, D-07, RA1082, 1, Batch01_Blood_D-07_RA1082_l1, [/gpfs/projects/bsc83/Data/Ebola/01_bulk_RNA-Seq_lncRNAs_annotation/02_RNA-Seq_BatchZyagen/01_fastq/Batch01/Blood/D-07/RA1082/Batch01_Blood_D-07_RA1082_l1.1.fq.gz, /gpfs/projects/bsc83/Data/Ebola/01_bulk_RNA-Seq_lncRNAs_annotation/02_RNA-Seq_BatchZyagen/01_fastq/Batch01/Blood/D-07/RA1082/Batch01_Blood_D-07_RA1082_l1.2.fq.gz]]
[Batch01, Blood, D-07, RA1082, 2, Batch01_Blood_D-07_RA1082_l2, [/gpfs/projects/bsc83/Data/Ebola/01_bulk_RNA-Seq_lncRNAs_annotation/02_RNA-Seq_BatchZyagen/01_fastq/Batch01/Blood/D-07/RA1082/Batch01_Blood_D-07_RA1082_l2.1.fq.gz, /gpfs/projects/bsc83/Data/Ebola/01_bulk_RNA-Seq_lncRNAs_annotation/02_RNA-Seq_BatchZyagen/01_fastq/Batch01/Blood/D-07/RA1082/Batch01_Blood_D-07_RA1082_l2.2.fq.gz]]
==============================================
RNA-Seq Analysis
==============================================
WARN: Access to undefined parameter `prefix` -- Initialise it to a default value eg. `params.prefix = some_value`
==============================================
lncRNA Annotation w/ FeelNC
==============================================
executor >  local (2)
[6b/b97630] process > merge_assemblies  [  0%] 0 of 1
[8f/e8a906] process > merge_annotations [  0%] 0 of 1

executor >  local (4)
[6b/b97630] process > merge_assemblies     [  0%] 0 of 1
[8f/e8a906] process > merge_annotations    [100%] 1 of 1 ✔
[f3/3e45f8] process > convert_gtf_to_bed12 [  0%] 0 of 1
[51/484b4d] process > extract_exons_ss     [  0%] 0 of 1

executor >  local (4)
[6b/b97630] process > merge_assemblies     [  0%] 0 of 1
[8f/e8a906] process > merge_annotations    [100%] 1 of 1 ✔
[f3/3e45f8] process > convert_gtf_to_bed12 [100%] 1 of 1 ✔
[51/484b4d] process > extract_exons_ss     [  0%] 0 of 1

executor >  local (6)
[6b/b97630] process > merge_assemblies      [100%] 1 of 1 ✔
[8f/e8a906] process > merge_annotations     [100%] 1 of 1 ✔
[f3/3e45f8] process > convert_gtf_to_bed12  [100%] 1 of 1 ✔
[51/484b4d] process > extract_exons_ss      [  0%] 0 of 1
[fc/917b4d] process > create_dictionary     [  0%] 0 of 1
[49/281fa5] process > create_hisat2_indexes [  0%] 0 of 1

executor >  local (6)
[6b/b97630] process > merge_assemblies      [100%] 1 of 1 ✔
[8f/e8a906] process > merge_annotations     [100%] 1 of 1 ✔
[f3/3e45f8] process > convert_gtf_to_bed12  [100%] 1 of 1 ✔
[51/484b4d] process > extract_exons_ss      [100%] 1 of 1 ✔
[fc/917b4d] process > create_dictionary     [  0%] 0 of 1
[49/281fa5] process > create_hisat2_indexes [  0%] 0 of 1

executor >  local (6)
[6b/b97630] process > merge_assemblies      [100%] 1 of 1 ✔
[8f/e8a906] process > merge_annotations     [100%] 1 of 1 ✔
[f3/3e45f8] process > convert_gtf_to_bed12  [100%] 1 of 1 ✔
[51/484b4d] process > extract_exons_ss      [100%] 1 of 1 ✔
[fc/917b4d] process > create_dictionary     [100%] 1 of 1 ✔
[49/281fa5] process > create_hisat2_indexes [  0%] 0 of 1
