N E X T F L O W  ~  version 19.03.0-edge
Launching `/gpfs/projects/bsc83/Projects/Ebola/code/ebola/BroadAnnotation/04_rseqc.nf` [friendly_kalman] - revision: fbaa8b41ff
WARN: There's no process matching config selector: feelnc_filter
==============================================
Merge stringtie assemblies and perform prediction
==============================================
WARN: The `into` operator should be used to connect two or more target channels -- consider to replace it with `.set { bams }`
Completed at: 06-Oct-2020 12:40:36
Duration    : 15.1s
CPU hours   : (a few seconds)
Succeeded   : 0


------------------------------------------------------------
Sender: LSF System <perf@s01r1b22>
Subject: Job 1810617: <NextflowannotationPipeline> in cluster <mn3> Done

Job <NextflowannotationPipeline> was submitted from host <login1> by user <bsc83024> in cluster <mn3>.
Job was executed on host(s) <s01r1b22>, in queue <sequential>, as user <bsc83024> in cluster <mn3>.
</home/bsc83/bsc83024> was used as the home directory.
</gpfs/projects/bsc83/Projects/Ebola/code/ebola/BroadAnnotation/00_Nord3/.> was used as the working directory.
Started at Tue Oct  6 12:40:08 2020
Results reported on Tue Oct  6 12:40:38 2020

Your job looked like:

------------------------------------------------------------
# LSBATCH: User input
#!/bin/bash
#BSUB -J NextflowannotationPipeline
#BSUB -cwd .
#BSUB -W 48:01
#BSUB -e err/Nextflow-%J.err
#BSUB -o out/Nextflow-%J.out

module load java/1.8.0u66
module load intel/2017.1
module load nextflow/19.03.0

module load singularity/3.2.0


nextflow run /gpfs/projects/bsc83/Projects/Ebola/code/ebola/BroadAnnotation/04_rseqc.nf \
                  -w /gpfs/projects/bsc83/Data/Ebola/work/ \
                  -c ../configs/nextflow.config.rnaseq

------------------------------------------------------------

Successfully completed.

Resource usage summary:

    CPU time :               24.50 sec.
    Max Memory :             977 MB
    Average Memory :         105.00 MB
    Total Requested Memory : 1750.00 MB
    Delta Memory :           773.00 MB
    (Delta: the difference between Total Requested Memory and Max Memory.)
    Max Processes :          5
    Max Threads :            38

The output (if any) is above this job summary.



PS:

Read file <err/Nextflow-1810617.err> for stderr output of this job.

