N E X T F L O W  ~  version 19.03.0-edge
Launching `/gpfs/projects/bsc83/Projects/Ebola/code/ebola/BroadAnnotation/99_cpc2.nf` [boring_laplace] - revision: 1f974e7455
WARN: There's no process matching config selector: stringtie
==============================================
Quantification and Filtering
==============================================
WARN: Access to undefined parameter `mrnas_predicted` -- Initialise it to a default value eg. `params.mrnas_predicted = some_value`
executor >  local (1)
[b9/e59f0b] process > novelANDconcordant [  0%] 0 of 1

executor >  local (1)
[b9/e59f0b] process > novelANDconcordant [100%] 1 of 1, failed: 1
ERROR ~ Error executing process > 'novelANDconcordant'

Caused by:
  Process `novelANDconcordant` terminated with an error exit status (127)

Command executed:

  Rscript 03_prefilter_script.R merged.annotated.gtf stringtie_merged_reference_guided.gtf rheMac10_EBOV-Kikwit_UCSC.gtf candidates.gtf

Command exit status:
  127

Command output:
  (empty)

Command error:
  WARNING: seccomp requested but not enabled, seccomp library is missing or too old
  FATAL: kernel too old

Work dir:
  /gpfs/projects/bsc83/Data/Ebola/work/b9/e59f0b8f61bfba8f1a02832a62771d

Tip: you can replicate the issue by changing to the process work dir and entering the command `bash .command.run`

 -- Check '.nextflow.log' file for details
Oops .. something went wrong

executor >  local (1)
[b9/e59f0b] process > novelANDconcordant [100%] 1 of 1, failed: 1 ✘
ERROR ~ Error executing process > 'novelANDconcordant'

Caused by:
  Process `novelANDconcordant` terminated with an error exit status (127)

Command executed:

  Rscript 03_prefilter_script.R merged.annotated.gtf stringtie_merged_reference_guided.gtf rheMac10_EBOV-Kikwit_UCSC.gtf candidates.gtf

Command exit status:
  127

Command output:
  (empty)

Command error:
  WARNING: seccomp requested but not enabled, seccomp library is missing or too old
  FATAL: kernel too old

Work dir:
  /gpfs/projects/bsc83/Data/Ebola/work/b9/e59f0b8f61bfba8f1a02832a62771d

Tip: you can replicate the issue by changing to the process work dir and entering the command `bash .command.run`

 -- Check '.nextflow.log' file for details

------------------------------------------------------------
Sender: LSF System <perf@s01r1b22>
Subject: Job 1801350: <NextflowannotationPipeline> in cluster <mn3> Exited

Job <NextflowannotationPipeline> was submitted from host <login1> by user <bsc83024> in cluster <mn3>.
Job was executed on host(s) <s01r1b22>, in queue <sequential>, as user <bsc83024> in cluster <mn3>.
</home/bsc83/bsc83024> was used as the home directory.
</gpfs/projects/bsc83/Projects/Ebola/code/ebola/BroadAnnotation/00_Nord3/.> was used as the working directory.
Started at Mon Oct  5 17:02:50 2020
Results reported on Mon Oct  5 17:03:14 2020

Your job looked like:

------------------------------------------------------------
# LSBATCH: User input
#!/bin/bash
#BSUB -J NextflowannotationPipeline
#BSUB -cwd .
#BSUB -W 48:01
#BSUB -e err/Nextflow-%J.err
#BSUB -o out/Nextflow-%J.out

module load java/1.8.0u66
module load intel/2017.1
module load nextflow/19.03.0

module load singularity/3.2.0


nextflow run /gpfs/projects/bsc83/Projects/Ebola/code/ebola/BroadAnnotation/99_cpc2.nf                 -w /gpfs/projects/bsc83/Data/Ebola/work/                   -c ../configs/nextflow.config.01b_filter.config

------------------------------------------------------------

Exited with exit code 1.

Resource usage summary:

    CPU time :               21.19 sec.
    Max Memory :             581 MB
    Average Memory :         115.00 MB
    Total Requested Memory : 1750.00 MB
    Delta Memory :           1169.00 MB
    (Delta: the difference between Total Requested Memory and Max Memory.)
    Max Processes :          5
    Max Threads :            38

The output (if any) is above this job summary.



PS:

Read file <err/Nextflow-1801350.err> for stderr output of this job.

