N E X T F L O W  ~  version 19.03.0-edge
Launching `/gpfs/projects/bsc83/Projects/Ebola/code/ebola/BroadAnnotation/00_prepare_ref.nf` [dreamy_church] - revision: b041c63d15
WARN: There's no process matching config selector: runRSeQC
WARN: Access to undefined parameter `scripts` -- Initialise it to a default value eg. `params.scripts = some_value`
executor >  local (1)
[66/5ccfc3] process > merge_assemblies [  0%] 0 of 1


executor >  local (1)
[66/5ccfc3] process > merge_assemblies [100%] 1 of 1, failed: 1
WARN: Killing pending tasks (1)

executor >  local (1)
[66/5ccfc3] process > merge_assemblies [100%] 1 of 1, failed: 1
WARN: Killing pending tasks (1)

------------------------------------------------------------
Sender: LSF System <perf@s01r1b23>
Subject: Job 1778348: <NextflowannotationPipeline> in cluster <mn3> Exited

Job <NextflowannotationPipeline> was submitted from host <login1> by user <bsc83024> in cluster <mn3>.
Job was executed on host(s) <s01r1b23>, in queue <sequential>, as user <bsc83024> in cluster <mn3>.
</home/bsc83/bsc83024> was used as the home directory.
</gpfs/projects/bsc83/Projects/Ebola/code/ebola/BroadAnnotation/00_Nord3/.> was used as the working directory.
Started at Thu Oct  1 11:24:34 2020
Results reported on Thu Oct  1 11:27:20 2020

Your job looked like:

------------------------------------------------------------
# LSBATCH: User input
#!/bin/bash
#BSUB -J NextflowannotationPipeline
#BSUB -cwd .
#BSUB -W 48:01
#BSUB -e err/Nextflow-%J.err
#BSUB -o out/Nextflow-%J.out

module load java/1.8.0u66
module load intel/2017.1
module load nextflow/19.03.0

module load singularity/3.2.0


nextflow run /gpfs/projects/bsc83/Projects/Ebola/code/ebola/BroadAnnotation/00_prepare_ref.nf \
                  -w /gpfs/projects/bsc83/Data/Ebola/work/ \
                  -c ../configs/nextflow.config.rnaseq

------------------------------------------------------------

TERM_OWNER: job killed by owner.
Exited with exit code 1.

Resource usage summary:

    CPU time :               32.27 sec.
    Max Memory :             617 MB
    Average Memory :         434.50 MB
    Total Requested Memory : 1750.00 MB
    Delta Memory :           1133.00 MB
    (Delta: the difference between Total Requested Memory and Max Memory.)
    Max Processes :          13
    Max Threads :            60

The output (if any) is above this job summary.



PS:

Read file <err/Nextflow-1778348.err> for stderr output of this job.

