N E X T F L O W  ~  version 19.03.0-edge
Launching `/gpfs/projects/bsc83/Projects/Ebola/code/ebola/BroadAnnotation/05_requantify_broad_htseq.nf` [irreverent_nobel] - revision: e5c07f2b66
==============================================
Merge stringtie assemblies and perform prediction
==============================================
WARN: The `into` operator should be used to connect two or more target channels -- consider to replace it with `.set { bams }`
WARN: Input `set` must define at least two component -- Check process `stringtie`
executor >  local (1)
[73/fac925] process > stringtie [  0%] 0 of 1

executor >  local (1)
[73/fac925] process > stringtie [100%] 1 of 1, failed: 1
ERROR ~ Error executing process > 'stringtie (1)'

Caused by:
  Process `stringtie (1)` terminated with an error exit status (127)

Command executed:

  htseq-count A0358_S67_L001_deduplicated.bam prefilter_candidates.gtf

Command exit status:
  127

Command output:
  (empty)

Command error:
  .command.sh: line 2: htseq-count: command not found

Work dir:
  /gpfs/projects/bsc83/Data/Ebola/work/73/fac925f6d4880a1454acb7af76e59d

Tip: when you have fixed the problem you can continue the execution appending to the nextflow command line the option `-resume`

 -- Check '.nextflow.log' file for details
Oops .. something went wrong

executor >  local (1)
[73/fac925] process > stringtie [100%] 1 of 1, failed: 1
ERROR ~ Error executing process > 'stringtie (1)'

Caused by:
  Process `stringtie (1)` terminated with an error exit status (127)

Command executed:

  htseq-count A0358_S67_L001_deduplicated.bam prefilter_candidates.gtf

Command exit status:
  127

Command output:
  (empty)

Command error:
  .command.sh: line 2: htseq-count: command not found

Work dir:
  /gpfs/projects/bsc83/Data/Ebola/work/73/fac925f6d4880a1454acb7af76e59d

Tip: when you have fixed the problem you can continue the execution appending to the nextflow command line the option `-resume`

 -- Check '.nextflow.log' file for details

------------------------------------------------------------
Sender: LSF System <perf@s01r1b11>
Subject: Job 1942050: <NextflowannotationPipeline> in cluster <mn3> Exited

Job <NextflowannotationPipeline> was submitted from host <login1> by user <bsc83024> in cluster <mn3>.
Job was executed on host(s) <s01r1b11>, in queue <sequential>, as user <bsc83024> in cluster <mn3>.
</home/bsc83/bsc83024> was used as the home directory.
</gpfs/projects/bsc83/Projects/Ebola/code/ebola/BroadAnnotation/00_Nord3/.> was used as the working directory.
Started at Tue Oct 20 11:57:57 2020
Results reported on Tue Oct 20 12:31:45 2020

Your job looked like:

------------------------------------------------------------
# LSBATCH: User input
#!/bin/bash
#BSUB -J NextflowannotationPipeline
#BSUB -cwd .
#BSUB -W 48:01
#BSUB -e err/Nextflow-%J.err
#BSUB -o out/Nextflow-%J.out

module load java/1.8.0u66
module load intel/2017.1
module load nextflow/19.03.0

module load singularity/3.2.0
module load python

nextflow run /gpfs/projects/bsc83/Projects/Ebola/code/ebola/BroadAnnotation/05_requantify_broad_htseq.nf \
                  -w /gpfs/projects/bsc83/Data/Ebola/work/

------------------------------------------------------------

Exited with exit code 1.

Resource usage summary:

    CPU time :               31.43 sec.
    Max Memory :             596 MB
    Average Memory :         103.44 MB
    Total Requested Memory : 1750.00 MB
    Delta Memory :           1154.00 MB
    (Delta: the difference between Total Requested Memory and Max Memory.)
    Max Processes :          6
    Max Threads :            43

The output (if any) is above this job summary.



PS:

Read file <err/Nextflow-1942050.err> for stderr output of this job.

