Sender: LSF System <perf@s01r1b17>
Subject: Job 1770666: <NextflowannotationPipeline> in cluster <mn3> Exited

Job <NextflowannotationPipeline> was submitted from host <login1> by user <bsc83024> in cluster <mn3>.
Job was executed on host(s) <s01r1b17>, in queue <sequential>, as user <bsc83024> in cluster <mn3>.
</home/bsc83/bsc83024> was used as the home directory.
</gpfs/projects/bsc83/Projects/Ebola/code/ebola/BroadAnnotation/00_Nord3/.> was used as the working directory.
Started at Wed Sep 30 15:01:27 2020
Results reported on Wed Sep 30 17:36:05 2020

Your job looked like:

------------------------------------------------------------
# LSBATCH: User input
#!/bin/bash
#BSUB -J NextflowannotationPipeline
#BSUB -cwd .
#BSUB -W 48:01
#BSUB -e err/Nextflow-%J.err
#BSUB -o out/Nextflow-%J.out

module load java/1.8.0u66
module load intel/2017.1
module load nextflow/19.03.0

module load singularity/3.2.0


nextflow run /gpfs/projects/bsc83/Projects/Ebola/code/ebola/BroadAnnotation/01_prediction.nf \
                  -w /gpfs/projects/bsc83/Data/Ebola/work/ \
                  -c ../configs/nextflow.config.rnaseq

------------------------------------------------------------

Exited with exit code 1.

Resource usage summary:

    CPU time :               7053.12 sec.
    Max Memory :             15997 MB
    Average Memory :         5034.14 MB
    Total Requested Memory : 1750.00 MB
    Delta Memory :           -14247.00 MB
    (Delta: the difference between Total Requested Memory and Max Memory.)
    Max Processes :          17
    Max Threads :            78

The output (if any) follows:

N E X T F L O W  ~  version 19.03.0-edge
Launching `/gpfs/projects/bsc83/Projects/Ebola/code/ebola/BroadAnnotation/01_prediction.nf` [grave_jepsen] - revision: d72dcf2a08
WARN: There's no process matching config selector: runRSeQC
==============================================
Merge stringtie assemblies and perform prediction
==============================================
==============================================
lncRNA Annotation w/ FeelNC
==============================================
executor >  local (1)
[c5/97353d] process > feelnc_filter [  0%] 0 of 1

executor >  local (1)
[c5/97353d] process > feelnc_filter [  0%] 0 of 1 ✔

executor >  local (2)
[c5/97353d] process > feelnc_filter [100%] 1 of 1 ✔
[b2/7cb8ca] process > feelnc_codpot [  0%] 0 of 1
Oops .. something went wrong

executor >  local (2)
[c5/97353d] process > feelnc_filter [100%] 1 of 1 ✔
[b2/7cb8ca] process > feelnc_codpot [100%] 1 of 1, failed: 1 ✘
ERROR ~ Error executing process > 'feelnc_codpot (1)'

Caused by:
  Process `feelnc_codpot (1)` terminated with an error exit status (2)

Command executed:

  FEELnc_codpot.pl -i candidate_lncRNA.gtf -a Macaca_mulatta.Mmul_10.100_known_lncrna.gtf -l Macaca_mulatta.Mmul_10.100_known_proteincoding.gtf                    -g rheMac10_EBOV-Kikwit.fa --proc 16

Command exit status:
  2

Command output:
  (empty)

Command error:
  ExtractFromFeature::feature2seq: your seq chr1:148621145-148624479 returns an empty string!...Check 'chr' prefix between your annotation and genome files or remove your genome index file ('rheMac10_EBOV-Kikwit.fa.index')...
  ExtractFromFeature::feature2seq: your seq chr7:154474520-154475229 returns an empty string!...Check 'chr' prefix between your annotation and genome files or remove your genome index file ('rheMac10_EBOV-Kikwit.fa.index')...
  ExtractFromFeature::feature2seq: your seq chr8:144602856-144603468 returns an empty string!...Check 'chr' prefix between your annotation and genome files or remove your genome index file ('rheMac10_EBOV-Kikwit.fa.index')...
  ExtractFromFeature::feature2seq: your seq chr3:162118639-162118820 returns an empty string!...Check 'chr' prefix between your annotation and genome files or remove your genome index file ('rheMac10_EBOV-Kikwit.fa.index')...
  ExtractFromFeature::feature2seq: your seq chr2:89232541-89232844 returns an empty string!...Check 'chr' prefix between your annotation and genome files or remove your genome index file ('rheMac10_EBOV-Kikwit.fa.index')...
  ExtractFromFeature::feature2seq: your seq chr16:14051551-14057396 returns an empty string!...Check 'chr' prefix between your annotation and genome files or remove your genome index file ('rheMac10_EBOV-Kikwit.fa.index')...
  ExtractFromFeature::feature2seq: your seq chr14:21150029-21153873 returns an empty string!...Check 'chr' prefix between your annotation and genome files or remove your genome index file ('rheMac10_EBOV-Kikwit.fa.index')...
  ExtractFromFeature::feature2seq: your seq chr19:19649872-19650517 returns an empty string!...Check 'chr' prefix between your annotation and genome files or remove your genome index file ('rheMac10_EBOV-Kikwit.fa.index')...
  ExtractFromFeature::feature2seq: your seq chr8:144052985-144053353 returns an empty string!...Check 'chr' prefix between your annotation and genome files or remove your genome index file ('rheMac10_EBOV-Kikwit.fa.index')...
  ExtractFromFeature::feature2seq: your seq chr7:136395781-136396563 returns an empty string!...Check 'chr' prefix between your annotation and genome files or remove your genome index file ('rheMac10_EBOV-Kikwit.fa.index')...
  ExtractFromFeature::feature2seq: your seq chr1:94464045-94479194 returns an empty string!...Check 'chr' prefix between your annotation and genome files or remove your genome index file ('rheMac10_EBOV-Kikwit.fa.index')...
  	Extracting ORFs/cDNAs 6900/115019...
  ExtractFromFeature::feature2seq: your seq chr1:175939662-175939703 returns an empty string!...Check 'chr' prefix between your annotation and genome files or remove your genome index file ('rheMac10_EBOV-Kikwit.fa.index')...
  ExtractFromFeature::feature2seq: your seq chr15:106195833-106197167 returns an empty string!...Check 'chr' prefix between your annotation and genome files or remove your genome index file ('rheMac10_EBOV-Kikwit.fa.index')...
  ExtractFromFeature::feature2seq: your seq chr5:47999918-48001401 returns an empty string!...Check 'chr' prefix between your annotation and genome files or remove your genome index file ('rheMac10_EBOV-Kikwit.fa.index')...
  
  	Extracted '6900' ORF/cDNAs sequences on '115019'.
  > Run random Forest on '/tmp//29422_candidate_lncRNA.gtf.test_rna.fa'
  	1. Compute the size of each sequence and ORF
  	2. Compute the kmer ratio for each kmer and put the output file name in a list
  	3. Compute the kmer score for each kmer size on learning and test ORF
  	4. Merge the score and size files into one file for each type
  	5. Make the model on learning sequences and apply it on test sequences
  		Running 10-fold cross-validation on learning
  
    |                                                                            
    |                                                                      |   0%
    |                                                                            
    |=======                                                               |  10%
    |                                                                            
    |==============                                                        |  20%
    |                                                                            
    |=====================                                                 |  30%
    |                                                                            
    |============================                                          |  40%
    |                                                                            
    |===================================                                   |  50%
    |                                                                            
    |==========================================                            |  60%
    |                                                                            
    |=================================================                     |  70%
    |                                                                            
    |========================================================              |  80%
    |                                                                            
    |===============================================================       |  90%
    |                                                                            
    |======================================================================| 100%
  		10-fold cross-validation step is finish. Best threshold found: '0.5488'.
  		Write the coding label for '29422_candidate_lncRNA.gtf.modelTest.out' in './feelnc_codpot_out/candidate_lncRNA.gtf_RF.txt'.
  Parsing random forest output: GTF file with the new transcripts 'candidate_lncRNA.gtf' is empty... exiting

Work dir:
  /gpfs/projects/bsc83/Data/Ebola/work/b2/7cb8cac522d705ce12b44f19a7d27a

Tip: you can replicate the issue by changing to the process work dir and entering the command `bash .command.run`

 -- Check '.nextflow.log' file for details


PS:

Read file <err/Nextflow-1770666.err> for stderr output of this job.

