
------------------------------------------------------------
Sender: LSF System <perf@s01r1b22>
Subject: Job 1801349: <NextflowannotationPipeline> in cluster <mn3> Exited

Job <NextflowannotationPipeline> was submitted from host <login1> by user <bsc83024> in cluster <mn3>.
Job was executed on host(s) <s01r1b22>, in queue <sequential>, as user <bsc83024> in cluster <mn3>.
</home/bsc83/bsc83024> was used as the home directory.
</gpfs/projects/bsc83/Projects/Ebola/code/ebola/BroadAnnotation/00_Nord3/.> was used as the working directory.
Started at Mon Oct  5 17:01:23 2020
Results reported on Mon Oct  5 17:01:31 2020

Your job looked like:

------------------------------------------------------------
# LSBATCH: User input
#!/bin/bash
#BSUB -J NextflowannotationPipeline
#BSUB -cwd .
#BSUB -W 48:01
#BSUB -e err/Nextflow-%J.err
#BSUB -o out/Nextflow-%J.out

module load java/1.8.0u66
module load intel/2017.1
module load nextflow/19.03.0

module load singularity/3.2.0


nextflow run /gpfs/projects/bsc83/Projects/Ebola/code/ebola/BroadAnnotation/99_cpc2.nf                 -w /gpfs/projects/bsc83/Data/Ebola/work/                   -c

------------------------------------------------------------

Exited with exit code 1.

Resource usage summary:

    CPU time :               4.84 sec.
    Max Memory :             164 MB
    Average Memory :         118.00 MB
    Total Requested Memory : 1750.00 MB
    Delta Memory :           1586.00 MB
    (Delta: the difference between Total Requested Memory and Max Memory.)
    Max Processes :          5
    Max Threads :            38

The output (if any) is above this job summary.



PS:

Read file <err/Nextflow-1801349.err> for stderr output of this job.

