N E X T F L O W  ~  version 19.03.0-edge
Launching `/gpfs/projects/bsc83/Projects/Ebola/code/ebola/BroadAnnotation/01_prediction.nf` [modest_poincare] - revision: 1d20e08bb1
WARN: There's no process matching config selector: runRSeQC
==============================================
Merge stringtie assemblies and perform prediction
==============================================
==============================================
lncRNA Annotation w/ FeelNC
==============================================
executor >  local (1)
[b8/c013f5] process > gffCompare2 [  0%] 0 of 1

executor >  local (2)
[b8/c013f5] process > gffCompare2   [  0%] 0 of 1
[a1/40734a] process > feelnc_filter [  0%] 0 of 1

executor >  local (2)
[b8/c013f5] process > gffCompare2   [100%] 1 of 1 ✔
[a1/40734a] process > feelnc_filter [  0%] 0 of 1

executor >  local (2)
[b8/c013f5] process > gffCompare2   [100%] 1 of 1 ✔
[a1/40734a] process > feelnc_filter [100%] 1 of 1 ✔

executor >  local (3)
[b8/c013f5] process > gffCompare2   [100%] 1 of 1 ✔
[a1/40734a] process > feelnc_filter [100%] 1 of 1 ✔
[1a/6d6bcf] process > feelnc_codpot [  0%] 0 of 1

executor >  local (3)
[b8/c013f5] process > gffCompare2   [100%] 1 of 1 ✔
[a1/40734a] process > feelnc_filter [100%] 1 of 1 ✔
[1a/6d6bcf] process > feelnc_codpot [100%] 1 of 1, failed: 1 ✘
ERROR ~ Error executing process > 'feelnc_codpot (1)'

Caused by:
  Process `feelnc_codpot (1)` terminated with an error exit status (25)

Command executed:

  FEELnc_codpot.pl -i candidate_lncRNA.gtf -a Macaca_mulatta.Mmul_10.100_known_lncrna.gtf -l Macaca_mulatta.Mmul_10.100_known_proteincoding.gtf                    -g rheMac10_EBOV-Kikwit_UCSC.fa --proc 16

Command exit status:
  25

Command output:
  (empty)

Command error:
  ExtractFromFeature::feature2seq: your seq 10:2443450-2444087 returns an empty string!...Check 'chr' prefix between your annotation and genome files or remove your genome index file ('rheMac10_EBOV-Kikwit_UCSC.fa.index')...
  ExtractFromFeature::feature2seq: your seq 3:1111345-1112278 returns an empty string!...Check 'chr' prefix between your annotation and genome files or remove your genome index file ('rheMac10_EBOV-Kikwit_UCSC.fa.index')...
  ExtractFromFeature::feature2seq: your seq 5:6219066-6219852 returns an empty string!...Check 'chr' prefix between your annotation and genome files or remove your genome index file ('rheMac10_EBOV-Kikwit_UCSC.fa.index')...
  ExtractFromFeature::feature2seq: your seq 11:44555543-44555732 returns an empty string!...Check 'chr' prefix between your annotation and genome files or remove your genome index file ('rheMac10_EBOV-Kikwit_UCSC.fa.index')...
  ExtractFromFeature::feature2seq: your seq 10:38955834-38955923 returns an empty string!...Check 'chr' prefix between your annotation and genome files or remove your genome index file ('rheMac10_EBOV-Kikwit_UCSC.fa.index')...
  ExtractFromFeature::feature2seq: your seq 6:160965940-160965962 returns an empty string!...Check 'chr' prefix between your annotation and genome files or remove your genome index file ('rheMac10_EBOV-Kikwit_UCSC.fa.index')...
  ExtractFromFeature::feature2seq: your seq 4:98382633-98382640 returns an empty string!...Check 'chr' prefix between your annotation and genome files or remove your genome index file ('rheMac10_EBOV-Kikwit_UCSC.fa.index')...
  ExtractFromFeature::feature2seq: your seq 8:5792263-5793233 returns an empty string!...Check 'chr' prefix between your annotation and genome files or remove your genome index file ('rheMac10_EBOV-Kikwit_UCSC.fa.index')...
  ExtractFromFeature::feature2seq: your seq 8:47728602-47728713 returns an empty string!...Check 'chr' prefix between your annotation and genome files or remove your genome index file ('rheMac10_EBOV-Kikwit_UCSC.fa.index')...
  ExtractFromFeature::feature2seq: your seq 16:16542008-16542163 returns an empty string!...Check 'chr' prefix between your annotation and genome files or remove your genome index file ('rheMac10_EBOV-Kikwit_UCSC.fa.index')...
  ExtractFromFeature::feature2seq: your seq 15:62278654-62279979 returns an empty string!...Check 'chr' prefix between your annotation and genome files or remove your genome index file ('rheMac10_EBOV-Kikwit_UCSC.fa.index')...
  ExtractFromFeature::feature2seq: your seq 11:21700078-21701340 returns an empty string!...Check 'chr' prefix between your annotation and genome files or remove your genome index file ('rheMac10_EBOV-Kikwit_UCSC.fa.index')...
  ExtractFromFeature::feature2seq: your seq 2:59937590-59938898 returns an empty string!...Check 'chr' prefix between your annotation and genome files or remove your genome index file ('rheMac10_EBOV-Kikwit_UCSC.fa.index')...
  ExtractFromFeature::feature2seq: your seq 15:112035778-112037952 returns an empty string!...Check 'chr' prefix between your annotation and genome files or remove your genome index file ('rheMac10_EBOV-Kikwit_UCSC.fa.index')...
  ExtractFromFeature::feature2seq: your seq 12:127177854-127178617 returns an empty string!...Check 'chr' prefix between your annotation and genome files or remove your genome index file ('rheMac10_EBOV-Kikwit_UCSC.fa.index')...
  ExtractFromFeature::feature2seq: your seq X:40714525-40715402 returns an empty string!...Check 'chr' prefix between your annotation and genome files or remove your genome index file ('rheMac10_EBOV-Kikwit_UCSC.fa.index')...
  ExtractFromFeature::feature2seq: your seq 7:157790783-157791763 returns an empty string!...Check 'chr' prefix between your annotation and genome files or remove your genome index file ('rheMac10_EBOV-Kikwit_UCSC.fa.index')...
  ExtractFromFeature::feature2seq: your seq 1:49354343-49355310 returns an empty string!...Check 'chr' prefix between your annotation and genome files or remove your genome index file ('rheMac10_EBOV-Kikwit_UCSC.fa.index')...
  ExtractFromFeature::feature2seq: your seq 4:163341377-163341573 returns an empty string!...Check 'chr' prefix between your annotation and genome files or remove your genome index file ('rheMac10_EBOV-Kikwit_UCSC.fa.index')...
  ExtractFromFeature::feature2seq: your seq 19:47639990-47640141 returns an empty string!...Check 'chr' prefix between your annotation and genome files or remove your genome index file ('rheMac10_EBOV-Kikwit_UCSC.fa.index')...
  ExtractFromFeature::feature2seq: your seq 2:54877091-54877567 returns an empty string!...Check 'chr' prefix between your annotation and genome files or remove your genome index file ('rheMac10_EBOV-Kikwit_UCSC.fa.index')...
  ExtractFromFeature::feature2seq: your seq 8:11859099-11859207 returns an empty string!...Check 'chr' prefix between your annotation and genome files or remove your genome index file ('rheMac10_EBOV-Kikwit_UCSC.fa.index')...
  ExtractFromFeature::feature2seq: your seq 10:89594790-89595564 returns an empty string!...Check 'chr' prefix between your annotation and genome files or remove your genome index file ('rheMac10_EBOV-Kikwit_UCSC.fa.index')...
  ExtractFromFeature::feature2seq: your seq 12:61806263-61806332 returns an empty string!...Check 'chr' prefix between your annotation and genome files or remove your genome index file ('rheMac10_EBOV-Kikwit_UCSC.fa.index')...
  ExtractFromFeature::feature2seq: your seq 8:81082078-81082836 returns an empty string!...Check 'chr' prefix between your annotation and genome files or remove your genome index file ('rheMac10_EBOV-Kikwit_UCSC.fa.index')...
  ExtractFromFeature::feature2seq: your seq 3:23980071-23983104 returns an empty string!...Check 'chr' prefix between your annotation and genome files or remove your genome index file ('rheMac10_EBOV-Kikwit_UCSC.fa.index')...
  ExtractFromFeature::feature2seq: your seq X:147917547-147917788 returns an empty string!...Check 'chr' prefix between your annotation and genome files or remove your genome index file ('rheMac10_EBOV-Kikwit_UCSC.fa.index')...
  ExtractFromFeature::feature2seq: your seq 10:53610580-53610991 returns an empty string!...Check 'chr' prefix between your annotation and genome files or remove your genome index file ('rheMac10_EBOV-Kikwit_UCSC.fa.index')...
  ExtractFromFeature::feature2seq: your seq 14:31665541-31666446 returns an empty string!...Check 'chr' prefix between your annotation and genome files or remove your genome index file ('rheMac10_EBOV-Kikwit_UCSC.fa.index')...
  ExtractFromFeature::feature2seq: your seq 15:96141272-96142059 returns an empty string!...Check 'chr' prefix between your annotation and genome files or remove your genome index file ('rheMac10_EBOV-Kikwit_UCSC.fa.index')...
  ExtractFromFeature::feature2seq: your seq 7:120890269-120890405 returns an empty string!...Check 'chr' prefix between your annotation and genome files or remove your genome index file ('rheMac10_EBOV-Kikwit_UCSC.fa.index')...
  ExtractFromFeature::feature2seq: your seq 10:34012823-34012923 returns an empty string!...Check 'chr' prefix between your annotation and genome files or remove your genome index file ('rheMac10_EBOV-Kikwit_UCSC.fa.index')...
  ExtractFromFeature::feature2seq: your seq 18:1672342-1672464 returns an empty string!...Check 'chr' prefix between your annotation and genome files or remove your genome index file ('rheMac10_EBOV-Kikwit_UCSC.fa.index')...
  ExtractFromFeature::feature2seq: your seq 7:63907788-63909216 returns an empty string!...Check 'chr' prefix between your annotation and genome files or remove your genome index file ('rheMac10_EBOV-Kikwit_UCSC.fa.index')...
  ExtractFromFeature::feature2seq: your seq 20:73851263-73852234 returns an empty string!...Check 'chr' prefix between your annotation and genome files or remove your genome index file ('rheMac10_EBOV-Kikwit_UCSC.fa.index')...
  ExtractFromFeature::feature2seq: your seq 13:5502882-5506380 returns an empty string!...Check 'chr' prefix between your annotation and genome files or remove your genome index file ('rheMac10_EBOV-Kikwit_UCSC.fa.index')...
  ExtractFromFeature::feature2seq: your seq 14:6474544-6475072 returns an empty string!...Check 'chr' prefix between your annotation and genome files or remove your genome index file ('rheMac10_EBOV-Kikwit_UCSC.fa.index')...
  ExtractFromFeature::feature2seq: your seq 1:53005178-53005387 returns an empty string!...Check 'chr' prefix between your annotation and genome files or remove your genome index file ('rheMac10_EBOV-Kikwit_UCSC.fa.index')...
  ExtractFromFeature::feature2seq: your seq 4:116227217-116229540 returns an empty string!...Check 'chr' prefix between your annotation and genome files or remove your genome index file ('rheMac10_EBOV-Kikwit_UCSC.fa.index')...
  ExtractFromFeature::feature2seq: your seq 2:62240052-62240722 returns an empty string!...Check 'chr' prefix between your annotation and genome files or remove your genome index file ('rheMac10_EBOV-Kikwit_UCSC.fa.index')...
  ExtractFromFeature::feature2seq: your seq 14:34600013-34600996 returns an empty string!...Check 'chr' prefix between your annotation and genome files or remove your genome index file ('rheMac10_EBOV-Kikwit_UCSC.fa.index')...
  ExtractFromFeature::feature2seq: your seq 6:122288517-122289050 returns an empty string!...Check 'chr' prefix between your annotation and genome files or remove your genome index file ('rheMac10_EBOV-Kikwit_UCSC.fa.index')...
  ExtractFromFeature::feature2seq: your seq 10:55125605-55126139 returns an empty string!...Check 'chr' prefix between your annotation and genome files or remove your genome index file ('rheMac10_EBOV-Kikwit_UCSC.fa.index')...
  ExtractFromFeature::feature2seq: your seq 1:142134390-142134614 returns an empty string!...Check 'chr' prefix between your annotation and genome files or remove your genome index file ('rheMac10_EBOV-Kikwit_UCSC.fa.index')...
  ExtractFromFeature::feature2seq: your seq 16:16620984-16621924 returns an empty string!...Check 'chr' prefix between your annotation and genome files or remove your genome index file ('rheMac10_EBOV-Kikwit_UCSC.fa.index')...
  ExtractFromFeature::feature2seq: your seq 11:65113632-65113940 returns an empty string!...Check 'chr' prefix between your annotation and genome files or remove your genome index file ('rheMac10_EBOV-Kikwit_UCSC.fa.index')...
  ExtractFromFeature::feature2seq: your seq 1:160098215-160100213 returns an empty string!...Check 'chr' prefix between your annotation and genome files or remove your genome index file ('rheMac10_EBOV-Kikwit_UCSC.fa.index')...
  ExtractFromFeature::feature2seq: your seq 1:62734313-62734536 returns an empty string!...Check 'chr' prefix between your annotation and genome files or remove your genome index file ('rheMac10_EBOV-Kikwit_UCSC.fa.index')...
  ExtractFromFeature::feature2seq: your seq 6:125101852-125102221 returns an empty string!...Check 'chr' prefix between your annotation and genome files or remove your genome index file ('rheMac10_EBOV-Kikwit_UCSC.fa.index')...
  The number of complete ORF found with computeORF mode is *0* transcripts... That's not enough to train the program

Work dir:
  /gpfs/projects/bsc83/Data/Ebola/work/1a/6d6bcf897cca03b34b5a6618501bb3

Tip: you can try to figure out what's wrong by changing to the process work dir and showing the script file named `.command.sh`

 -- Check '.nextflow.log' file for details
Oops .. something went wrong

executor >  local (3)
[b8/c013f5] process > gffCompare2   [100%] 1 of 1 ✔
[a1/40734a] process > feelnc_filter [100%] 1 of 1 ✔
[1a/6d6bcf] process > feelnc_codpot [100%] 1 of 1, failed: 1 ✘
ERROR ~ Error executing process > 'feelnc_codpot (1)'

Caused by:
  Process `feelnc_codpot (1)` terminated with an error exit status (25)

Command executed:

  FEELnc_codpot.pl -i candidate_lncRNA.gtf -a Macaca_mulatta.Mmul_10.100_known_lncrna.gtf -l Macaca_mulatta.Mmul_10.100_known_proteincoding.gtf                    -g rheMac10_EBOV-Kikwit_UCSC.fa --proc 16

Command exit status:
  25

Command output:
  (empty)

Command error:
  ExtractFromFeature::feature2seq: your seq 10:2443450-2444087 returns an empty string!...Check 'chr' prefix between your annotation and genome files or remove your genome index file ('rheMac10_EBOV-Kikwit_UCSC.fa.index')...
  ExtractFromFeature::feature2seq: your seq 3:1111345-1112278 returns an empty string!...Check 'chr' prefix between your annotation and genome files or remove your genome index file ('rheMac10_EBOV-Kikwit_UCSC.fa.index')...
  ExtractFromFeature::feature2seq: your seq 5:6219066-6219852 returns an empty string!...Check 'chr' prefix between your annotation and genome files or remove your genome index file ('rheMac10_EBOV-Kikwit_UCSC.fa.index')...
  ExtractFromFeature::feature2seq: your seq 11:44555543-44555732 returns an empty string!...Check 'chr' prefix between your annotation and genome files or remove your genome index file ('rheMac10_EBOV-Kikwit_UCSC.fa.index')...
  ExtractFromFeature::feature2seq: your seq 10:38955834-38955923 returns an empty string!...Check 'chr' prefix between your annotation and genome files or remove your genome index file ('rheMac10_EBOV-Kikwit_UCSC.fa.index')...
  ExtractFromFeature::feature2seq: your seq 6:160965940-160965962 returns an empty string!...Check 'chr' prefix between your annotation and genome files or remove your genome index file ('rheMac10_EBOV-Kikwit_UCSC.fa.index')...
  ExtractFromFeature::feature2seq: your seq 4:98382633-98382640 returns an empty string!...Check 'chr' prefix between your annotation and genome files or remove your genome index file ('rheMac10_EBOV-Kikwit_UCSC.fa.index')...
  ExtractFromFeature::feature2seq: your seq 8:5792263-5793233 returns an empty string!...Check 'chr' prefix between your annotation and genome files or remove your genome index file ('rheMac10_EBOV-Kikwit_UCSC.fa.index')...
  ExtractFromFeature::feature2seq: your seq 8:47728602-47728713 returns an empty string!...Check 'chr' prefix between your annotation and genome files or remove your genome index file ('rheMac10_EBOV-Kikwit_UCSC.fa.index')...
  ExtractFromFeature::feature2seq: your seq 16:16542008-16542163 returns an empty string!...Check 'chr' prefix between your annotation and genome files or remove your genome index file ('rheMac10_EBOV-Kikwit_UCSC.fa.index')...
  ExtractFromFeature::feature2seq: your seq 15:62278654-62279979 returns an empty string!...Check 'chr' prefix between your annotation and genome files or remove your genome index file ('rheMac10_EBOV-Kikwit_UCSC.fa.index')...
  ExtractFromFeature::feature2seq: your seq 11:21700078-21701340 returns an empty string!...Check 'chr' prefix between your annotation and genome files or remove your genome index file ('rheMac10_EBOV-Kikwit_UCSC.fa.index')...
  ExtractFromFeature::feature2seq: your seq 2:59937590-59938898 returns an empty string!...Check 'chr' prefix between your annotation and genome files or remove your genome index file ('rheMac10_EBOV-Kikwit_UCSC.fa.index')...
  ExtractFromFeature::feature2seq: your seq 15:112035778-112037952 returns an empty string!...Check 'chr' prefix between your annotation and genome files or remove your genome index file ('rheMac10_EBOV-Kikwit_UCSC.fa.index')...
  ExtractFromFeature::feature2seq: your seq 12:127177854-127178617 returns an empty string!...Check 'chr' prefix between your annotation and genome files or remove your genome index file ('rheMac10_EBOV-Kikwit_UCSC.fa.index')...
  ExtractFromFeature::feature2seq: your seq X:40714525-40715402 returns an empty string!...Check 'chr' prefix between your annotation and genome files or remove your genome index file ('rheMac10_EBOV-Kikwit_UCSC.fa.index')...
  ExtractFromFeature::feature2seq: your seq 7:157790783-157791763 returns an empty string!...Check 'chr' prefix between your annotation and genome files or remove your genome index file ('rheMac10_EBOV-Kikwit_UCSC.fa.index')...
  ExtractFromFeature::feature2seq: your seq 1:49354343-49355310 returns an empty string!...Check 'chr' prefix between your annotation and genome files or remove your genome index file ('rheMac10_EBOV-Kikwit_UCSC.fa.index')...
  ExtractFromFeature::feature2seq: your seq 4:163341377-163341573 returns an empty string!...Check 'chr' prefix between your annotation and genome files or remove your genome index file ('rheMac10_EBOV-Kikwit_UCSC.fa.index')...
  ExtractFromFeature::feature2seq: your seq 19:47639990-47640141 returns an empty string!...Check 'chr' prefix between your annotation and genome files or remove your genome index file ('rheMac10_EBOV-Kikwit_UCSC.fa.index')...
  ExtractFromFeature::feature2seq: your seq 2:54877091-54877567 returns an empty string!...Check 'chr' prefix between your annotation and genome files or remove your genome index file ('rheMac10_EBOV-Kikwit_UCSC.fa.index')...
  ExtractFromFeature::feature2seq: your seq 8:11859099-11859207 returns an empty string!...Check 'chr' prefix between your annotation and genome files or remove your genome index file ('rheMac10_EBOV-Kikwit_UCSC.fa.index')...
  ExtractFromFeature::feature2seq: your seq 10:89594790-89595564 returns an empty string!...Check 'chr' prefix between your annotation and genome files or remove your genome index file ('rheMac10_EBOV-Kikwit_UCSC.fa.index')...
  ExtractFromFeature::feature2seq: your seq 12:61806263-61806332 returns an empty string!...Check 'chr' prefix between your annotation and genome files or remove your genome index file ('rheMac10_EBOV-Kikwit_UCSC.fa.index')...
  ExtractFromFeature::feature2seq: your seq 8:81082078-81082836 returns an empty string!...Check 'chr' prefix between your annotation and genome files or remove your genome index file ('rheMac10_EBOV-Kikwit_UCSC.fa.index')...
  ExtractFromFeature::feature2seq: your seq 3:23980071-23983104 returns an empty string!...Check 'chr' prefix between your annotation and genome files or remove your genome index file ('rheMac10_EBOV-Kikwit_UCSC.fa.index')...
  ExtractFromFeature::feature2seq: your seq X:147917547-147917788 returns an empty string!...Check 'chr' prefix between your annotation and genome files or remove your genome index file ('rheMac10_EBOV-Kikwit_UCSC.fa.index')...
  ExtractFromFeature::feature2seq: your seq 10:53610580-53610991 returns an empty string!...Check 'chr' prefix between your annotation and genome files or remove your genome index file ('rheMac10_EBOV-Kikwit_UCSC.fa.index')...
  ExtractFromFeature::feature2seq: your seq 14:31665541-31666446 returns an empty string!...Check 'chr' prefix between your annotation and genome files or remove your genome index file ('rheMac10_EBOV-Kikwit_UCSC.fa.index')...
  ExtractFromFeature::feature2seq: your seq 15:96141272-96142059 returns an empty string!...Check 'chr' prefix between your annotation and genome files or remove your genome index file ('rheMac10_EBOV-Kikwit_UCSC.fa.index')...
  ExtractFromFeature::feature2seq: your seq 7:120890269-120890405 returns an empty string!...Check 'chr' prefix between your annotation and genome files or remove your genome index file ('rheMac10_EBOV-Kikwit_UCSC.fa.index')...
  ExtractFromFeature::feature2seq: your seq 10:34012823-34012923 returns an empty string!...Check 'chr' prefix between your annotation and genome files or remove your genome index file ('rheMac10_EBOV-Kikwit_UCSC.fa.index')...
  ExtractFromFeature::feature2seq: your seq 18:1672342-1672464 returns an empty string!...Check 'chr' prefix between your annotation and genome files or remove your genome index file ('rheMac10_EBOV-Kikwit_UCSC.fa.index')...
  ExtractFromFeature::feature2seq: your seq 7:63907788-63909216 returns an empty string!...Check 'chr' prefix between your annotation and genome files or remove your genome index file ('rheMac10_EBOV-Kikwit_UCSC.fa.index')...
  ExtractFromFeature::feature2seq: your seq 20:73851263-73852234 returns an empty string!...Check 'chr' prefix between your annotation and genome files or remove your genome index file ('rheMac10_EBOV-Kikwit_UCSC.fa.index')...
  ExtractFromFeature::feature2seq: your seq 13:5502882-5506380 returns an empty string!...Check 'chr' prefix between your annotation and genome files or remove your genome index file ('rheMac10_EBOV-Kikwit_UCSC.fa.index')...
  ExtractFromFeature::feature2seq: your seq 14:6474544-6475072 returns an empty string!...Check 'chr' prefix between your annotation and genome files or remove your genome index file ('rheMac10_EBOV-Kikwit_UCSC.fa.index')...
  ExtractFromFeature::feature2seq: your seq 1:53005178-53005387 returns an empty string!...Check 'chr' prefix between your annotation and genome files or remove your genome index file ('rheMac10_EBOV-Kikwit_UCSC.fa.index')...
  ExtractFromFeature::feature2seq: your seq 4:116227217-116229540 returns an empty string!...Check 'chr' prefix between your annotation and genome files or remove your genome index file ('rheMac10_EBOV-Kikwit_UCSC.fa.index')...
  ExtractFromFeature::feature2seq: your seq 2:62240052-62240722 returns an empty string!...Check 'chr' prefix between your annotation and genome files or remove your genome index file ('rheMac10_EBOV-Kikwit_UCSC.fa.index')...
  ExtractFromFeature::feature2seq: your seq 14:34600013-34600996 returns an empty string!...Check 'chr' prefix between your annotation and genome files or remove your genome index file ('rheMac10_EBOV-Kikwit_UCSC.fa.index')...
  ExtractFromFeature::feature2seq: your seq 6:122288517-122289050 returns an empty string!...Check 'chr' prefix between your annotation and genome files or remove your genome index file ('rheMac10_EBOV-Kikwit_UCSC.fa.index')...
  ExtractFromFeature::feature2seq: your seq 10:55125605-55126139 returns an empty string!...Check 'chr' prefix between your annotation and genome files or remove your genome index file ('rheMac10_EBOV-Kikwit_UCSC.fa.index')...
  ExtractFromFeature::feature2seq: your seq 1:142134390-142134614 returns an empty string!...Check 'chr' prefix between your annotation and genome files or remove your genome index file ('rheMac10_EBOV-Kikwit_UCSC.fa.index')...
  ExtractFromFeature::feature2seq: your seq 16:16620984-16621924 returns an empty string!...Check 'chr' prefix between your annotation and genome files or remove your genome index file ('rheMac10_EBOV-Kikwit_UCSC.fa.index')...
  ExtractFromFeature::feature2seq: your seq 11:65113632-65113940 returns an empty string!...Check 'chr' prefix between your annotation and genome files or remove your genome index file ('rheMac10_EBOV-Kikwit_UCSC.fa.index')...
  ExtractFromFeature::feature2seq: your seq 1:160098215-160100213 returns an empty string!...Check 'chr' prefix between your annotation and genome files or remove your genome index file ('rheMac10_EBOV-Kikwit_UCSC.fa.index')...
  ExtractFromFeature::feature2seq: your seq 1:62734313-62734536 returns an empty string!...Check 'chr' prefix between your annotation and genome files or remove your genome index file ('rheMac10_EBOV-Kikwit_UCSC.fa.index')...
  ExtractFromFeature::feature2seq: your seq 6:125101852-125102221 returns an empty string!...Check 'chr' prefix between your annotation and genome files or remove your genome index file ('rheMac10_EBOV-Kikwit_UCSC.fa.index')...
  The number of complete ORF found with computeORF mode is *0* transcripts... That's not enough to train the program

Work dir:
  /gpfs/projects/bsc83/Data/Ebola/work/1a/6d6bcf897cca03b34b5a6618501bb3

Tip: you can try to figure out what's wrong by changing to the process work dir and showing the script file named `.command.sh`

 -- Check '.nextflow.log' file for details

------------------------------------------------------------
Sender: LSF System <perf@s01r1b23>
Subject: Job 1778991: <NextflowannotationPipeline> in cluster <mn3> Exited

Job <NextflowannotationPipeline> was submitted from host <login1> by user <bsc83024> in cluster <mn3>.
Job was executed on host(s) <s01r1b23>, in queue <sequential>, as user <bsc83024> in cluster <mn3>.
</home/bsc83/bsc83024> was used as the home directory.
</gpfs/projects/bsc83/Projects/Ebola/code/ebola/BroadAnnotation/00_Nord3/.> was used as the working directory.
Started at Thu Oct  1 12:46:23 2020
Results reported on Thu Oct  1 14:30:02 2020

Your job looked like:

------------------------------------------------------------
# LSBATCH: User input
#!/bin/bash
#BSUB -J NextflowannotationPipeline
#BSUB -cwd .
#BSUB -W 48:01
#BSUB -e err/Nextflow-%J.err
#BSUB -o out/Nextflow-%J.out

module load java/1.8.0u66
module load intel/2017.1
module load nextflow/19.03.0

module load singularity/3.2.0


nextflow run /gpfs/projects/bsc83/Projects/Ebola/code/ebola/BroadAnnotation/01_prediction.nf \
                  -w /gpfs/projects/bsc83/Data/Ebola/work/ \
                  -c ../configs/nextflow.config.rnaseq

------------------------------------------------------------

Exited with exit code 1.

Resource usage summary:

    CPU time :               6529.73 sec.
    Max Memory :             15028 MB
    Average Memory :         6203.09 MB
    Total Requested Memory : 1750.00 MB
    Delta Memory :           -13278.00 MB
    (Delta: the difference between Total Requested Memory and Max Memory.)
    Max Processes :          22
    Max Threads :            80

The output (if any) is above this job summary.



PS:

Read file <err/Nextflow-1778991.err> for stderr output of this job.

