N E X T F L O W  ~  version 19.03.0-edge
Launching `/gpfs/projects/bsc83/Projects/Ebola/code/ebola/BroadAnnotation/03_rerun_assembly.nf` [small_heyrovsky] - revision: 266abf98cc
==============================================
Quantification and Filtering
==============================================
WARN: Access to undefined parameter `lnc_novel_compared_to_ref` -- Initialise it to a default value eg. `params.lnc_novel_compared_to_ref = some_value`
WARN: Access to undefined parameter `mrnas_predicted` -- Initialise it to a default value eg. `params.mrnas_predicted = some_value`
executor >  local (1)
[83/2da63e] process > DeNovoAssembly [  0%] 0 of 1

executor >  local (2)
[64/a90073] process > DeNovoAssembly [  0%] 0 of 2

executor >  local (3)
[ed/4aa71c] process > DeNovoAssembly [  0%] 0 of 3

executor >  local (4)
[f5/b35bee] process > DeNovoAssembly [  0%] 0 of 4

executor >  local (5)
[26/3e2a00] process > DeNovoAssembly [  0%] 0 of 5

executor >  local (7)
[41/c3b89e] process > DeNovoAssembly [  0%] 0 of 7

executor >  local (8)
[5f/f4ffe4] process > DeNovoAssembly [  0%] 0 of 8

executor >  local (9)
[58/8e8bc7] process > DeNovoAssembly [  0%] 0 of 9

executor >  local (10)
[01/c75941] process > DeNovoAssembly [  0%] 0 of 10

executor >  local (11)
[f3/b6408f] process > DeNovoAssembly [  0%] 0 of 11

executor >  local (12)
[7e/a86721] process > DeNovoAssembly [  0%] 0 of 12

executor >  local (13)
[e7/0739b7] process > DeNovoAssembly [  0%] 0 of 13

executor >  local (14)
[df/bedc9e] process > DeNovoAssembly [  0%] 0 of 14

executor >  local (15)
[55/0b7427] process > DeNovoAssembly [  0%] 0 of 15

executor >  local (16)
[5a/3e2336] process > DeNovoAssembly [  0%] 0 of 16

executor >  local (17)
[8d/29afc4] process > DeNovoAssembly [  0%] 0 of 17

executor >  local (17)
[83/2da63e] process > DeNovoAssembly [  6%] 1 of 17

executor >  local (18)
[13/64f729] process > DeNovoAssembly [ 11%] 2 of 18

executor >  local (19)
[c5/c18ead] process > DeNovoAssembly [ 16%] 3 of 19

executor >  local (20)
[92/9a30b1] process > DeNovoAssembly [ 20%] 4 of 20

executor >  local (21)
[b2/c96717] process > DeNovoAssembly [ 24%] 5 of 21

executor >  local (22)
[d1/1f69ee] process > DeNovoAssembly [ 27%] 6 of 22

executor >  local (23)
[d8/382e3b] process > DeNovoAssembly [ 26%] 6 of 23

executor >  local (23)
[d1/1f69ee] process > DeNovoAssembly [ 30%] 7 of 23

executor >  local (24)
[b8/f54042] process > DeNovoAssembly [ 29%] 7 of 24

executor >  local (24)
[d8/382e3b] process > DeNovoAssembly [ 33%] 8 of 24

executor >  local (25)
[a6/1c6acd] process > DeNovoAssembly [ 36%] 9 of 25

executor >  local (26)
[a6/1c6acd] process > DeNovoAssembly [ 38%] 10 of 26

executor >  local (27)
[f6/c7d083] process > DeNovoAssembly [ 41%] 11 of 27

executor >  local (28)
[0a/2b8f80] process > DeNovoAssembly [ 39%] 11 of 28

executor >  local (28)
[8d/29afc4] process > DeNovoAssembly [ 43%] 12 of 28

executor >  local (29)
[e1/87c3b5] process > DeNovoAssembly [ 41%] 12 of 29

executor >  local (29)
[e7/0739b7] process > DeNovoAssembly [ 45%] 13 of 29

executor >  local (30)
[7b/6440a4] process > DeNovoAssembly [ 43%] 13 of 30

executor >  local (30)
[ed/4aa71c] process > DeNovoAssembly [ 47%] 14 of 30

executor >  local (31)
[cd/3fda34] process > DeNovoAssembly [ 45%] 14 of 31

executor >  local (31)
[df/bedc9e] process > DeNovoAssembly [ 48%] 15 of 31

executor >  local (32)
[f7/98b658] process > DeNovoAssembly [ 47%] 15 of 32

executor >  local (32)
[f6/c7d083] process > DeNovoAssembly [ 50%] 16 of 32

executor >  local (33)
[ef/714a31] process > DeNovoAssembly [ 48%] 16 of 33

executor >  local (33)
[0a/2b8f80] process > DeNovoAssembly [ 52%] 17 of 33

executor >  local (34)
[f4/2e903c] process > DeNovoAssembly [ 50%] 17 of 34

executor >  local (34)
[c5/c18ead] process > DeNovoAssembly [ 53%] 18 of 34

executor >  local (35)
[f7/3e0b4a] process > DeNovoAssembly [ 54%] 19 of 35

executor >  local (36)
[ad/d23306] process > DeNovoAssembly [ 53%] 19 of 36

executor >  local (36)
[13/64f729] process > DeNovoAssembly [ 56%] 20 of 36

executor >  local (37)
[16/488240] process > DeNovoAssembly [ 57%] 21 of 37

executor >  local (38)
[53/0dfa75] process > DeNovoAssembly [ 55%] 21 of 38

executor >  local (38)
[b2/c96717] process > DeNovoAssembly [ 58%] 22 of 38

executor >  local (39)
[cd/a42b2a] process > DeNovoAssembly [ 59%] 23 of 39

executor >  local (40)
[6e/bba6e2] process > DeNovoAssembly [ 57%] 23 of 40

executor >  local (40)
[5b/36102c] process > DeNovoAssembly [ 60%] 24 of 40

executor >  local (41)
[2a/bb0520] process > DeNovoAssembly [ 59%] 24 of 41

executor >  local (41)
[f7/98b658] process > DeNovoAssembly [ 61%] 25 of 41

executor >  local (42)
[5e/628b04] process > DeNovoAssembly [ 60%] 25 of 42

executor >  local (42)
[b8/f54042] process > DeNovoAssembly [ 62%] 26 of 42

executor >  local (43)
[2a/aa5eb3] process > DeNovoAssembly [ 63%] 27 of 43

executor >  local (44)
[5e/628b04] process > DeNovoAssembly [ 64%] 28 of 44

executor >  local (45)
[6d/43b6ab] process > DeNovoAssembly [ 62%] 28 of 45

executor >  local (45)
[16/488240] process > DeNovoAssembly [ 64%] 29 of 45

executor >  local (46)
[dc/ac9a07] process > DeNovoAssembly [ 65%] 30 of 46

executor >  local (47)
[78/50f841] process > DeNovoAssembly [ 64%] 30 of 47

executor >  local (47)
[f3/b6408f] process > DeNovoAssembly [ 66%] 31 of 47

executor >  local (48)
[92/9a30b1] process > DeNovoAssembly [ 67%] 32 of 48

executor >  local (49)
[46/7c8025] process > DeNovoAssembly [ 67%] 33 of 49

executor >  local (50)
[8f/916cdf] process > DeNovoAssembly [ 66%] 33 of 50

executor >  local (50)
[cd/3fda34] process > DeNovoAssembly [ 68%] 34 of 50

executor >  local (51)
[70/96632b] process > DeNovoAssembly [ 67%] 34 of 51

executor >  local (51)
[ad/d23306] process > DeNovoAssembly [ 69%] 35 of 51

executor >  local (52)
[cd/a42b2a] process > DeNovoAssembly [ 69%] 36 of 52

executor >  local (53)
[ef/dffc6e] process > DeNovoAssembly [ 68%] 36 of 53

executor >  local (53)
[78/50f841] process > DeNovoAssembly [ 70%] 37 of 53

executor >  local (54)
[51/feee52] process > DeNovoAssembly [ 69%] 37 of 54

executor >  local (54)
[2a/aa5eb3] process > DeNovoAssembly [ 70%] 38 of 54

executor >  local (55)
[10/7f9ee7] process > DeNovoAssembly [ 69%] 38 of 55

executor >  local (55)
[7b/6440a4] process > DeNovoAssembly [ 71%] 39 of 55

executor >  local (56)
[38/ab51a1] process > DeNovoAssembly [ 70%] 39 of 56

executor >  local (56)
[6e/bba6e2] process > DeNovoAssembly [ 71%] 40 of 56

executor >  local (57)
[b5/ce26a0] process > DeNovoAssembly [ 70%] 40 of 57

executor >  local (57)
[2a/bb0520] process > DeNovoAssembly [ 72%] 41 of 57

executor >  local (58)
[d8/3f7b96] process > DeNovoAssembly [ 71%] 41 of 58

executor >  local (58)
[ef/dffc6e] process > DeNovoAssembly [ 72%] 42 of 58

executor >  local (59)
[76/9fde97] process > DeNovoAssembly [ 71%] 42 of 59

executor >  local (59)
[70/96632b] process > DeNovoAssembly [ 73%] 43 of 59

executor >  local (60)
[7a/d642cb] process > DeNovoAssembly [ 72%] 43 of 60

executor >  local (60)
[f7/fb71e1] process > DeNovoAssembly [ 73%] 44 of 60

executor >  local (61)
[7a/d642cb] process > DeNovoAssembly [ 74%] 45 of 61

executor >  local (62)
[5d/5cf022] process > DeNovoAssembly [ 74%] 46 of 62

executor >  local (63)
[dd/cd9a0d] process > DeNovoAssembly [ 73%] 46 of 63

executor >  local (63)
[2c/4dc6f3] process > DeNovoAssembly [ 75%] 47 of 63

executor >  local (64)
[30/89a9ed] process > DeNovoAssembly [ 73%] 47 of 64

executor >  local (64)
[ef/714a31] process > DeNovoAssembly [ 75%] 48 of 64

executor >  local (65)
[fd/7e52ec] process > DeNovoAssembly [ 74%] 48 of 65

executor >  local (65)
[5d/5cf022] process > DeNovoAssembly [ 75%] 49 of 65

executor >  local (66)
[bd/85dd69] process > DeNovoAssembly [ 76%] 50 of 66

executor >  local (67)
[46/7c8025] process > DeNovoAssembly [ 76%] 51 of 67

executor >  local (68)
[de/0fb297] process > DeNovoAssembly [ 75%] 51 of 68

executor >  local (68)
[8f/916cdf] process > DeNovoAssembly [ 76%] 52 of 68

executor >  local (69)
[79/da78c5] process > DeNovoAssembly [ 75%] 52 of 69

executor >  local (69)
[dc/ac9a07] process > DeNovoAssembly [ 77%] 53 of 69

executor >  local (70)
[f7/3e0b4a] process > DeNovoAssembly [ 77%] 54 of 70

executor >  local (71)
[8a/3a823f] process > DeNovoAssembly [ 76%] 54 of 71

executor >  local (71)
[dd/cd9a0d] process > DeNovoAssembly [ 77%] 55 of 71

executor >  local (72)
[7d/126923] process > DeNovoAssembly [ 76%] 55 of 72

executor >  local (72)
[6d/43b6ab] process > DeNovoAssembly [ 78%] 56 of 72

executor >  local (73)
[5e/b84278] process > DeNovoAssembly [ 77%] 56 of 73

executor >  local (73)
[fd/7e52ec] process > DeNovoAssembly [ 78%] 57 of 73

executor >  local (74)
[2e/9893f5] process > DeNovoAssembly [ 77%] 57 of 74

executor >  local (74)
[79/da78c5] process > DeNovoAssembly [ 78%] 58 of 74

executor >  local (74)
[bd/85dd69] process > DeNovoAssembly [ 80%] 59 of 74

executor >  local (75)
[e3/354b33] process > DeNovoAssembly [ 79%] 59 of 75

executor >  local (76)
[8a/b742a2] process > DeNovoAssembly [ 78%] 59 of 76

executor >  local (76)
[76/9fde97] process > DeNovoAssembly [ 79%] 60 of 76

executor >  local (77)
[47/a9c2b9] process > DeNovoAssembly [ 78%] 60 of 77

executor >  local (77)
[d4/ea4289] process > DeNovoAssembly [ 79%] 61 of 77

executor >  local (78)
[0c/9b96bf] process > DeNovoAssembly [ 79%] 62 of 78

executor >  local (79)
[d7/14f1f1] process > DeNovoAssembly [ 80%] 63 of 79

executor >  local (80)
[b5/e0032e] process > DeNovoAssembly [ 79%] 63 of 80

executor >  local (80)
[5c/0f0786] process > DeNovoAssembly [ 80%] 64 of 80

executor >  local (81)
[a9/539b0d] process > DeNovoAssembly [ 79%] 64 of 81

executor >  local (81)
[53/34e31a] process > DeNovoAssembly [ 80%] 65 of 81

executor >  local (82)
[f2/1d48ff] process > DeNovoAssembly [ 79%] 65 of 82

executor >  local (82)
[d7/14f1f1] process > DeNovoAssembly [ 80%] 66 of 82

executor >  local (83)
[64/4ceac9] process > DeNovoAssembly [ 80%] 66 of 83

executor >  local (83)
[e3/354b33] process > DeNovoAssembly [ 81%] 67 of 83

executor >  local (84)
[71/dcf70f] process > DeNovoAssembly [ 80%] 67 of 84

executor >  local (84)
[7d/126923] process > DeNovoAssembly [ 81%] 68 of 84

executor >  local (85)
[3f/cdece6] process > DeNovoAssembly [ 80%] 68 of 85

executor >  local (85)
[30/89a9ed] process > DeNovoAssembly [ 81%] 69 of 85

executor >  local (86)
[e7/cc37b5] process > DeNovoAssembly [ 81%] 70 of 86

executor >  local (87)
[b7/48c2b6] process > DeNovoAssembly [ 82%] 71 of 87

executor >  local (88)
[b7/fbb847] process > DeNovoAssembly [ 81%] 71 of 88

executor >  local (88)
[b5/ce26a0] process > DeNovoAssembly [ 82%] 72 of 88

executor >  local (89)
[b5/61a803] process > DeNovoAssembly [ 82%] 73 of 89

executor >  local (90)
[51/feee52] process > DeNovoAssembly [ 82%] 74 of 90

executor >  local (91)
[1d/1304c9] process > DeNovoAssembly [ 81%] 74 of 91

executor >  local (91)
[8a/3a823f] process > DeNovoAssembly [ 82%] 75 of 91

executor >  local (92)
[49/126b5b] process > DeNovoAssembly [ 82%] 75 of 92

executor >  local (92)
[3f/cdece6] process > DeNovoAssembly [ 83%] 76 of 92

executor >  local (93)
[6b/52ed48] process > DeNovoAssembly [ 82%] 76 of 93

executor >  local (93)
[a9/539b0d] process > DeNovoAssembly [ 83%] 77 of 93

executor >  local (94)
[e4/384de4] process > DeNovoAssembly [ 82%] 77 of 94

executor >  local (94)
[f2/1d48ff] process > DeNovoAssembly [ 83%] 78 of 94

executor >  local (95)
[c1/5aad7e] process > DeNovoAssembly [ 82%] 78 of 95

executor >  local (95)
[b5/61a803] process > DeNovoAssembly [ 83%] 79 of 95

executor >  local (96)
[d4/c46468] process > DeNovoAssembly [ 82%] 79 of 96

executor >  local (96)
[8a/b742a2] process > DeNovoAssembly [ 83%] 80 of 96

executor >  local (97)
[2e/9893f5] process > DeNovoAssembly [ 84%] 81 of 97

executor >  local (98)
[49/05858c] process > DeNovoAssembly [ 83%] 81 of 98

executor >  local (98)
[64/4ceac9] process > DeNovoAssembly [ 84%] 82 of 98

executor >  local (99)
[f3/230be2] process > DeNovoAssembly [ 83%] 82 of 99

executor >  local (99)
[49/05858c] process > DeNovoAssembly [ 84%] 83 of 99

executor >  local (100)
[85/df71c8] process > DeNovoAssembly [ 83%] 83 of 100

executor >  local (100)
[b7/48c2b6] process > DeNovoAssembly [ 84%] 84 of 100

executor >  local (101)
[9d/07a572] process > DeNovoAssembly [ 84%] 85 of 101

executor >  local (102)
[25/1b3648] process > DeNovoAssembly [ 83%] 85 of 102

executor >  local (102)
[6b/52ed48] process > DeNovoAssembly [ 84%] 86 of 102

executor >  local (103)
[71/dcf70f] process > DeNovoAssembly [ 84%] 87 of 103

executor >  local (104)
[25/1b3648] process > DeNovoAssembly [ 85%] 88 of 104

executor >  local (105)
[ed/beb84e] process > DeNovoAssembly [ 84%] 88 of 105

executor >  local (105)
[47/a9c2b9] process > DeNovoAssembly [ 85%] 89 of 105

executor >  local (106)
[45/06802c] process > DeNovoAssembly [ 84%] 89 of 106

executor >  local (106)
[55/32f48a] process > DeNovoAssembly [ 85%] 90 of 106

executor >  local (107)
[a8/75dc70] process > DeNovoAssembly [ 84%] 90 of 107

executor >  local (107)
[c1/5aad7e] process > DeNovoAssembly [ 85%] 91 of 107

executor >  local (108)
[7b/9513c7] process > DeNovoAssembly [ 84%] 91 of 108

executor >  local (108)
[fd/b98488] process > DeNovoAssembly [ 85%] 92 of 108

executor >  local (109)
[a8/8df9e3] process > DeNovoAssembly [ 84%] 92 of 109

executor >  local (109)
[b0/07dbc8] process > DeNovoAssembly [ 85%] 93 of 109

executor >  local (110)
[41/4483d0] process > DeNovoAssembly [ 85%] 93 of 110

executor >  local (110)
[9d/07a572] process > DeNovoAssembly [ 85%] 94 of 110

executor >  local (111)
[02/057da9] process > DeNovoAssembly [ 85%] 94 of 111

executor >  local (111)
[e4/384de4] process > DeNovoAssembly [ 86%] 95 of 111

executor >  local (112)
[b5/e0032e] process > DeNovoAssembly [ 86%] 96 of 112

executor >  local (113)
[70/511cc2] process > DeNovoAssembly [ 85%] 96 of 113

executor >  local (113)
[41/4483d0] process > DeNovoAssembly [ 86%] 97 of 113

executor >  local (114)
[95/2cdb7f] process > DeNovoAssembly [ 85%] 97 of 114

executor >  local (114)
[b7/fbb847] process > DeNovoAssembly [ 86%] 98 of 114

executor >  local (115)
[b6/865c18] process > DeNovoAssembly [ 85%] 98 of 115

executor >  local (115)
[85/df71c8] process > DeNovoAssembly [ 86%] 99 of 115

executor >  local (116)
[1d/1304c9] process > DeNovoAssembly [ 86%] 100 of 116

executor >  local (117)
[8e/f15c14] process > DeNovoAssembly [ 86%] 101 of 117

executor >  local (118)
[1d/a20e6b] process > DeNovoAssembly [ 86%] 101 of 118

executor >  local (118)
[49/126b5b] process > DeNovoAssembly [ 86%] 102 of 118

executor >  local (119)
[d1/74cb34] process > DeNovoAssembly [ 86%] 102 of 119

executor >  local (119)
[1d/a20e6b] process > DeNovoAssembly [ 87%] 103 of 119

executor >  local (120)
[8e/f15c14] process > DeNovoAssembly [ 87%] 104 of 120

executor >  local (121)
[82/aac4c0] process > DeNovoAssembly [ 86%] 104 of 121

executor >  local (121)
[95/2cdb7f] process > DeNovoAssembly [ 87%] 105 of 121

executor >  local (122)
[ed/beb84e] process > DeNovoAssembly [ 87%] 106 of 122

executor >  local (123)
[b3/e79e1b] process > DeNovoAssembly [ 86%] 106 of 123

executor >  local (123)
[e7/cc37b5] process > DeNovoAssembly [ 87%] 107 of 123

executor >  local (124)
[4b/e54ca0] process > DeNovoAssembly [ 86%] 107 of 124

executor >  local (124)
[45/06802c] process > DeNovoAssembly [ 87%] 108 of 124

executor >  local (125)
[82/73541b] process > DeNovoAssembly [ 86%] 108 of 125

executor >  local (125)
[f3/230be2] process > DeNovoAssembly [ 87%] 109 of 125

executor >  local (126)
[a6/40ad0c] process > DeNovoAssembly [ 87%] 109 of 126

executor >  local (126)
[d4/c46468] process > DeNovoAssembly [ 87%] 110 of 126

executor >  local (127)
[2e/e33a63] process > DeNovoAssembly [ 87%] 110 of 127

executor >  local (127)
[6d/731a75] process > DeNovoAssembly [ 87%] 111 of 127

executor >  local (128)
[88/a14a95] process > DeNovoAssembly [ 87%] 111 of 128

executor >  local (128)
[d1/74cb34] process > DeNovoAssembly [ 88%] 112 of 128

executor >  local (128)
[a8/8df9e3] process > DeNovoAssembly [ 88%] 113 of 128

executor >  local (129)
[84/820ade] process > DeNovoAssembly [ 88%] 113 of 129

executor >  local (130)
[4b/e54ca0] process > DeNovoAssembly [ 88%] 114 of 130

executor >  local (131)
[89/133d63] process > DeNovoAssembly [ 87%] 114 of 131

executor >  local (131)
[b3/e79e1b] process > DeNovoAssembly [ 88%] 115 of 131

executor >  local (132)
[21/0b7fbd] process > DeNovoAssembly [ 88%] 116 of 132

executor >  local (132)
[a8/75dc70] process > DeNovoAssembly [ 89%] 117 of 132

executor >  local (133)
[19/f709f6] process > DeNovoAssembly [ 88%] 117 of 133

executor >  local (133)
[02/057da9] process > DeNovoAssembly [ 89%] 118 of 133

executor >  local (134)
[d5/1382a1] process > DeNovoAssembly [ 88%] 118 of 134

executor >  local (135)
[e5/76c31d] process > DeNovoAssembly [ 87%] 118 of 135

executor >  local (135)
[70/511cc2] process > DeNovoAssembly [ 88%] 119 of 135

executor >  local (136)
[c3/d9e758] process > DeNovoAssembly [ 88%] 119 of 136

executor >  local (136)
[33/6d235e] process > DeNovoAssembly [ 88%] 120 of 136

executor >  local (137)
[42/4228aa] process > DeNovoAssembly [ 88%] 120 of 137

executor >  local (137)
[7b/9513c7] process > DeNovoAssembly [ 88%] 121 of 137

executor >  local (138)
[39/11d641] process > DeNovoAssembly [ 88%] 121 of 138

executor >  local (138)
[82/73541b] process > DeNovoAssembly [ 88%] 122 of 138

executor >  local (138)
[e5/76c31d] process > DeNovoAssembly [ 89%] 123 of 138

executor >  local (139)
[bc/917e59] process > DeNovoAssembly [ 88%] 123 of 139

executor >  local (139)
[88/a14a95] process > DeNovoAssembly [ 89%] 124 of 139

executor >  local (140)
[8e/1f4c02] process > DeNovoAssembly [ 89%] 124 of 140

executor >  local (141)
[2e/e33a63] process > DeNovoAssembly [ 89%] 125 of 141

executor >  local (141)
[21/0b7fbd] process > DeNovoAssembly [ 89%] 126 of 141

executor >  local (142)
[12/2f7a47] process > DeNovoAssembly [ 89%] 126 of 142

executor >  local (142)
[84/820ade] process > DeNovoAssembly [ 89%] 127 of 142

executor >  local (143)
[50/550c98] process > DeNovoAssembly [ 89%] 127 of 143

executor >  local (144)
[c0/dc1cc6] process > DeNovoAssembly [ 88%] 127 of 144

executor >  local (144)
[82/aac4c0] process > DeNovoAssembly [ 89%] 128 of 144

executor >  local (145)
[89/8748c7] process > DeNovoAssembly [ 88%] 128 of 145

executor >  local (145)
[a6/40ad0c] process > DeNovoAssembly [ 89%] 129 of 145

executor >  local (145)
[bc/917e59] process > DeNovoAssembly [ 90%] 130 of 145

executor >  local (146)
[9c/2aa29b] process > DeNovoAssembly [ 89%] 130 of 146

executor >  local (147)
[a5/ccd0ba] process > DeNovoAssembly [ 88%] 130 of 147

executor >  local (147)
[33/f1adb0] process > DeNovoAssembly [ 89%] 131 of 147

executor >  local (147)
[89/8748c7] process > DeNovoAssembly [ 90%] 132 of 147

executor >  local (148)
[50/5026af] process > DeNovoAssembly [ 89%] 132 of 148

executor >  local (149)
[dc/3da2ee] process > DeNovoAssembly [ 89%] 133 of 149

executor >  local (149)
[b6/865c18] process > DeNovoAssembly [ 90%] 134 of 149

executor >  local (150)
[b3/c26ce9] process > DeNovoAssembly [ 89%] 134 of 150

executor >  local (151)
[54/2254ef] process > DeNovoAssembly [ 89%] 135 of 151

executor >  local (152)
[f4/07b767] process > DeNovoAssembly [ 89%] 136 of 152

executor >  local (153)
[48/74ead3] process > DeNovoAssembly [ 89%] 136 of 153

executor >  local (153)
[2b/23353d] process > DeNovoAssembly [ 90%] 137 of 153

executor >  local (154)
[df/31f81d] process > DeNovoAssembly [ 90%] 138 of 154

executor >  local (155)
[1c/d66fa1] process > DeNovoAssembly [ 89%] 138 of 155

executor >  local (155)
[19/f709f6] process > DeNovoAssembly [ 90%] 139 of 155

executor >  local (156)
[9e/7842b7] process > DeNovoAssembly [ 89%] 139 of 156

executor >  local (156)
[42/4228aa] process > DeNovoAssembly [ 90%] 140 of 156

executor >  local (157)
[33/01d70e] process > DeNovoAssembly [ 89%] 140 of 157

executor >  local (157)
[b3/c26ce9] process > DeNovoAssembly [ 90%] 141 of 157

executor >  local (157)
[89/133d63] process > DeNovoAssembly [ 90%] 142 of 157

executor >  local (158)
[b5/4d52bf] process > DeNovoAssembly [ 90%] 142 of 158

executor >  local (158)
[df/31f81d] process > DeNovoAssembly [ 91%] 143 of 158

executor >  local (159)
[64/841271] process > DeNovoAssembly [ 90%] 143 of 159

executor >  local (159)
[d5/1382a1] process > DeNovoAssembly [ 91%] 144 of 159

executor >  local (160)
[19/735922] process > DeNovoAssembly [ 90%] 144 of 160

executor >  local (161)
[46/b0e88b] process > DeNovoAssembly [ 90%] 145 of 161

executor >  local (162)
[54/2254ef] process > DeNovoAssembly [ 90%] 146 of 162

executor >  local (163)
[1c/4e5ff2] process > DeNovoAssembly [ 90%] 147 of 163

executor >  local (164)
[39/11d641] process > DeNovoAssembly [ 90%] 148 of 164

executor >  local (165)
[73/45bbad] process > DeNovoAssembly [ 90%] 148 of 165

executor >  local (165)
[1c/d66fa1] process > DeNovoAssembly [ 90%] 149 of 165

executor >  local (165)
[b7/89537f] process > DeNovoAssembly [ 91%] 150 of 165

executor >  local (166)
[8d/2c2c26] process > DeNovoAssembly [ 90%] 150 of 166

executor >  local (166)
[50/550c98] process > DeNovoAssembly [ 91%] 151 of 166

executor >  local (167)
[b0/356bbb] process > DeNovoAssembly [ 90%] 151 of 167

executor >  local (168)
[e8/2ec9c8] process > DeNovoAssembly [ 90%] 151 of 168

executor >  local (168)
[8d/2c2c26] process > DeNovoAssembly [ 90%] 152 of 168

executor >  local (168)
[e8/2ec9c8] process > DeNovoAssembly [ 91%] 153 of 168

executor >  local (169)
[a1/e38976] process > DeNovoAssembly [ 91%] 153 of 169

executor >  local (170)
[a5/ccd0ba] process > DeNovoAssembly [ 91%] 154 of 170

executor >  local (171)
[e6/6ebac4] process > DeNovoAssembly [ 91%] 155 of 171

executor >  local (171)
[9e/7842b7] process > DeNovoAssembly [ 91%] 156 of 171

executor >  local (172)
[ce/5c7c1f] process > DeNovoAssembly [ 91%] 156 of 172

executor >  local (172)
[c0/dc1cc6] process > DeNovoAssembly [ 91%] 157 of 172

executor >  local (173)
[a5/e2cbc5] process > DeNovoAssembly [ 91%] 157 of 173

executor >  local (174)
[50/5026af] process > DeNovoAssembly [ 91%] 158 of 174

executor >  local (175)
[33/01d70e] process > DeNovoAssembly [ 91%] 159 of 175

executor >  local (175)
[48/74ead3] process > DeNovoAssembly [ 91%] 160 of 175

executor >  local (176)
[fc/92aa99] process > DeNovoAssembly [ 91%] 160 of 176

executor >  local (177)
[3e/f0304a] process > DeNovoAssembly [ 91%] 161 of 177

executor >  local (178)
[1b/3a1d86] process > DeNovoAssembly [ 91%] 162 of 178

executor >  local (179)
[ce/5c7c1f] process > DeNovoAssembly [ 91%] 163 of 179

executor >  local (180)
[46/b0e88b] process > DeNovoAssembly [ 91%] 164 of 180

executor >  local (180)
[05/9145eb] process > DeNovoAssembly [ 92%] 165 of 180

executor >  local (181)
[46/494b1e] process > DeNovoAssembly [ 91%] 165 of 181

executor >  local (182)
[2e/5d69b2] process > DeNovoAssembly [ 91%] 165 of 182

executor >  local (182)
[19/735922] process > DeNovoAssembly [ 91%] 166 of 182

executor >  local (183)
[84/a79c3a] process > DeNovoAssembly [ 91%] 166 of 183

executor >  local (183)
[b0/356bbb] process > DeNovoAssembly [ 91%] 167 of 183

executor >  local (184)
[1c/4e5ff2] process > DeNovoAssembly [ 91%] 168 of 184

executor >  local (185)
[98/c0f5be] process > DeNovoAssembly [ 91%] 168 of 185

executor >  local (185)
[b5/4d52bf] process > DeNovoAssembly [ 91%] 169 of 185

executor >  local (186)
[e8/91f033] process > DeNovoAssembly [ 91%] 169 of 186

executor >  local (186)
[ad/86e311] process > DeNovoAssembly [ 91%] 170 of 186

executor >  local (186)
[a5/e2cbc5] process > DeNovoAssembly [ 92%] 171 of 186

executor >  local (187)
[a7/4aa9c5] process > DeNovoAssembly [ 91%] 171 of 187

executor >  local (187)
[64/841271] process > DeNovoAssembly [ 92%] 172 of 187

executor >  local (188)
[d3/e22a75] process > DeNovoAssembly [ 91%] 172 of 188

executor >  local (188)
[73/45bbad] process > DeNovoAssembly [ 92%] 173 of 188

executor >  local (189)
[d3/7a1b8c] process > DeNovoAssembly [ 92%] 173 of 189

executor >  local (189)
[a1/e38976] process > DeNovoAssembly [ 92%] 174 of 189

executor >  local (190)
[2a/7b22e6] process > DeNovoAssembly [ 92%] 174 of 190

executor >  local (191)
[e5/e2b883] process > DeNovoAssembly [ 91%] 174 of 191

executor >  local (191)
[d3/7a1b8c] process > DeNovoAssembly [ 92%] 175 of 191

executor >  local (191)
[3e/f0304a] process > DeNovoAssembly [ 92%] 176 of 191

executor >  local (192)
[ef/02df07] process > DeNovoAssembly [ 92%] 176 of 192

executor >  local (193)
[4e/802645] process > DeNovoAssembly [ 92%] 177 of 193

executor >  local (194)
[97/78dd8f] process > DeNovoAssembly [ 91%] 177 of 194

executor >  local (194)
[1b/3a1d86] process > DeNovoAssembly [ 92%] 178 of 194

executor >  local (195)
[1b/ee0799] process > DeNovoAssembly [ 91%] 178 of 195

executor >  local (195)
[8e/6420f2] process > DeNovoAssembly [ 92%] 179 of 195

executor >  local (195)
[cc/5bbf0b] process > DeNovoAssembly [ 92%] 180 of 195

executor >  local (196)
[65/95b3cb] process > DeNovoAssembly [ 92%] 180 of 196

executor >  local (197)
[8b/9bb7c7] process > DeNovoAssembly [ 92%] 181 of 197

executor >  local (197)
[e5/e2b883] process > DeNovoAssembly [ 92%] 182 of 197

executor >  local (198)
[cc/47ede2] process > DeNovoAssembly [ 92%] 182 of 198

executor >  local (199)
[a2/a25277] process > DeNovoAssembly [ 92%] 183 of 199

executor >  local (199)
[aa/f0a392] process > DeNovoAssembly [ 92%] 184 of 199

executor >  local (200)
[27/40fe34] process > DeNovoAssembly [ 92%] 184 of 200

executor >  local (200)
[2a/7b22e6] process > DeNovoAssembly [ 93%] 185 of 200

executor >  local (201)
[11/9431af] process > DeNovoAssembly [ 92%] 185 of 201

executor >  local (202)
[29/23fa39] process > DeNovoAssembly [ 92%] 185 of 202

executor >  local (202)
[fc/92aa99] process > DeNovoAssembly [ 92%] 186 of 202

executor >  local (203)
[a7/4aa9c5] process > DeNovoAssembly [ 92%] 187 of 203

executor >  local (204)
[d3/e22a75] process > DeNovoAssembly [ 92%] 188 of 204

executor >  local (205)
[ef/02df07] process > DeNovoAssembly [ 92%] 189 of 205

executor >  local (206)
[ff/5613e8] process > DeNovoAssembly [ 92%] 189 of 206

executor >  local (206)
[46/494b1e] process > DeNovoAssembly [ 92%] 190 of 206

executor >  local (206)
[ff/5613e8] process > DeNovoAssembly [ 93%] 191 of 206

executor >  local (207)
[74/f69581] process > DeNovoAssembly [ 92%] 191 of 207

executor >  local (207)
[27/860a4f] process > DeNovoAssembly [ 93%] 192 of 207

executor >  local (207)
[65/95b3cb] process > DeNovoAssembly [ 93%] 193 of 207

executor >  local (207)
[27/40fe34] process > DeNovoAssembly [ 94%] 194 of 207

executor >  local (207)
[1b/ee0799] process > DeNovoAssembly [ 94%] 195 of 207

executor >  local (207)
[11/9431af] process > DeNovoAssembly [ 95%] 196 of 207

executor >  local (207)
[84/a79c3a] process > DeNovoAssembly [ 95%] 197 of 207

executor >  local (207)
[74/f69581] process > DeNovoAssembly [ 96%] 198 of 207

executor >  local (207)
[cc/47ede2] process > DeNovoAssembly [ 96%] 199 of 207

executor >  local (207)
[8b/9bb7c7] process > DeNovoAssembly [ 97%] 200 of 207

executor >  local (207)
[e8/91f033] process > DeNovoAssembly [ 97%] 201 of 207

executor >  local (207)
[98/c0f5be] process > DeNovoAssembly [ 98%] 202 of 207

executor >  local (207)
[94/3c8401] process > DeNovoAssembly [ 98%] 203 of 207

executor >  local (207)
[97/78dd8f] process > DeNovoAssembly [ 99%] 204 of 207

executor >  local (207)
[29/23fa39] process > DeNovoAssembly [ 99%] 205 of 207

executor >  local (207)
[72/a1e69e] process > DeNovoAssembly [100%] 206 of 207

executor >  local (207)
[a2/a25277] process > DeNovoAssembly [100%] 207 of 207 ✔

executor >  local (207)
[a2/a25277] process > DeNovoAssembly [100%] 207 of 207 ✔
ERROR ~ Error executing process > 'StringTie_Merge_Reference_Guided'

Caused by:
  Process `StringTie_Merge_Reference_Guided` input file name collision -- There are multiple input files for each of the following file names: A0121_S163_L002_deduplicated.stringtie.gtf, A0253_S22_L001_deduplicated.stringtie.gtf, RA0449_PBMC_D003_S8_deduplicated.stringtie.gtf, A0338_S89_L001_deduplicated.stringtie.gtf, A0347_S80_L001_deduplicated.stringtie.gtf, A0037_S181_L002_deduplicated.stringtie.gtf, A0052_S177_L002_deduplicated.stringtie.gtf, A0297_S14_L001_deduplicated.stringtie.gtf, A0301_S189_L002_deduplicated.stringtie.gtf, A0359_S66_L001_deduplicated.stringtie.gtf, A0289_S125_L002_deduplicated.stringtie.gtf, A0206_S144_L002_deduplicated.stringtie.gtf, A0211_S106_L002_deduplicated.stringtie.gtf, A0349_S78_L001_deduplicated.stringtie.gtf, A0352_S75_L001_deduplicated.stringtie.gtf, A0022_S185_L002_deduplicated.stringtie.gtf, A0306_S11_L001_deduplicated.stringtie.gtf, A0341_S86_L001_deduplicated.stringtie.gtf, A0274_S129_L002_deduplicated.stringtie.gtf, H2O_QIA_S97_L002_deduplicated.stringtie.gtf, A0310_S46_L001_deduplicated.stringtie.gtf, A0373_S52_L001_deduplicated.stringtie.gtf, A0362_S63_L001_deduplicated.stringtie.gtf, A0321_S35_L001_deduplicated.stringtie.gtf, A0164_S153_L002_deduplicated.stringtie.gtf, A0319_S37_L001_deduplicated.stringtie.gtf, A0107_S166_L002_deduplicated.stringtie.gtf, A0246_S135_L002_deduplicated.stringtie.gtf, A0329_S27_L001_deduplicated.stringtie.gtf, A0303_S187_L002_deduplicated.stringtie.gtf, A0318_S38_L001_deduplicated.stringtie.gtf, H2O_KFF-190812_S14_deduplicated.stringtie.gtf, RA0700-Liver_S9_deduplicated.stringtie.gtf, NTC_H2O-G1_S25_L001_deduplicated.stringtie.gtf, A0316_S40_L001_deduplicated.stringtie.gtf, A0260_S132_L002_deduplicated.stringtie.gtf, A0351_S76_L001_deduplicated.stringtie.gtf, A0339_S88_L001_deduplicated.stringtie.gtf, RA1803-D006_S4_L001_deduplicated.stringtie.gtf, RA1082-Blood-BL_S5_deduplicated.stringtie.gtf, A0340_S87_L001_deduplicated.stringtie.gtf, RA0452_PBMC_D005_S10_deduplicated.stringtie.gtf, A0372_S53_L001_deduplicated.stringtie.gtf, RA1819_WB_D-28_S1_deduplicated.stringtie.gtf, RA1779-Liver_S7_deduplicated.stringtie.gtf, A0361_S64_L001_deduplicated.stringtie.gtf, A0162_S155_L002_deduplicated.stringtie.gtf, A0281_S20_L001_deduplicated.stringtie.gtf, A0307_S48_L001_deduplicated.stringtie.gtf, A0009_S139_L002_deduplicated.stringtie.gtf, RA0223-Liver_S8_deduplicated.stringtie.gtf, A0024_S183_L002_deduplicated.stringtie.gtf, A0248_S133_L002_deduplicated.stringtie.gtf, A0204_S146_L002_deduplicated.stringtie.gtf, A0092_S170_L002_deduplicated.stringtie.gtf, A0197_S107_L002_deduplicated.stringtie.gtf, A0134_S161_L002_deduplicated.stringtie.gtf, A0276_S127_L002_deduplicated.stringtie.gtf, A0336_S91_L001_deduplicated.stringtie.gtf, A0267_S21_L001_deduplicated.stringtie.gtf, A0312_S44_L001_deduplicated.stringtie.gtf, A0371_S54_L001_deduplicated.stringtie.gtf, A0360_S65_L001_deduplicated.stringtie.gtf, A0323_S33_L001_deduplicated.stringtie.gtf, A0001_S121_L002_deduplicated.stringtie.gtf, A0191_S148_L002_deduplicated.stringtie.gtf, A0093_S169_L002_deduplicated.stringtie.gtf, A0328_S28_L001_deduplicated.stringtie.gtf, A0298_S192_L002_deduplicated.stringtie.gtf, A0317_S39_L001_deduplicated.stringtie.gtf, A0305_S12_L001_deduplicated.stringtie.gtf, A0155_S110_L002_deduplicated.stringtie.gtf, A0320_S36_L001_deduplicated.stringtie.gtf, A0290_S124_L002_deduplicated.stringtie.gtf, A0008_S140_L002_deduplicated.stringtie.gtf, A0106_S167_L002_deduplicated.stringtie.gtf, RA0452-D005_S7_L001_deduplicated.stringtie.gtf, A0239_S23_L001_deduplicated.stringtie.gtf, A0335_S92_L001_deduplicated.stringtie.gtf, A0346_S81_L001_deduplicated.stringtie.gtf, RA0700-Blood-D7-NEC_S2_deduplicated.stringtie.gtf, A0192_S147_L002_deduplicated.stringtie.gtf, A0050_S179_L002_deduplicated.stringtie.gtf, A0368_S57_L001_deduplicated.stringtie.gtf, A0332_S95_L001_deduplicated.stringtie.gtf, RA1818-Blood-D6-NEC_S1_deduplicated.stringtie.gtf, A0326_S30_L001_deduplicated.stringtie.gtf, A0315_S41_L001_deduplicated.stringtie.gtf, A0357_S68_L001_deduplicated.stringtie.gtf, H2O_KFF_S3_L001_deduplicated.stringtie.gtf, A0219_S142_L002_deduplicated.stringtie.gtf, NTC_H2O-J2_S123_L002_deduplicated.stringtie.gtf, A0015_S120_L002_deduplicated.stringtie.gtf, RA0700-Blood-BL_S3_deduplicated.stringtie.gtf, A0348_S79_L001_deduplicated.stringtie.gtf, H2O_LC-190814_S15_deduplicated.stringtie.gtf, RA1819_WB_D000_S3_deduplicated.stringtie.gtf, A0085_S115_L002_deduplicated.stringtie.gtf, A0355_S70_L001_deduplicated.stringtie.gtf, A0218_S143_L002_deduplicated.stringtie.gtf, A0099_S114_L002_deduplicated.stringtie.gtf, A0094_S168_L002_deduplicated.stringtie.gtf, H2O_LC_S98_L002_deduplicated.stringtie.gtf, A0374_S51_L001_deduplicated.stringtie.gtf, A0363_S62_L001_deduplicated.stringtie.gtf, A0023_S184_L002_deduplicated.stringtie.gtf, NTC_H2O-M1_S122_L002_deduplicated.stringtie.gtf, RA0717-Liver_S10_deduplicated.stringtie.gtf, A0135_S160_L002_deduplicated.stringtie.gtf, A0071_S116_L002_deduplicated.stringtie.gtf, A0344_S83_L001_deduplicated.stringtie.gtf, A0354_S71_L001_deduplicated.stringtie.gtf, A0038_S180_L002_deduplicated.stringtie.gtf, A0365_S60_L001_deduplicated.stringtie.gtf, A0108_S165_L002_deduplicated.stringtie.gtf, A0275_S128_L002_deduplicated.stringtie.gtf, A0080_S171_L002_deduplicated.stringtie.gtf, A0327_S29_L001_deduplicated.stringtie.gtf, A0232_S138_L002_deduplicated.stringtie.gtf, A0122_S162_L002_deduplicated.stringtie.gtf, A0010_S19_L001_deduplicated.stringtie.gtf, NTC-H2O-H1_S73_L001_deduplicated.stringtie.gtf, NTC_H2O-M2_S18_L001_deduplicated.stringtie.gtf, A0302_S188_L002_deduplicated.stringtie.gtf, A0178_S150_L002_deduplicated.stringtie.gtf, A0150_S156_L002_deduplicated.stringtie.gtf, A0036_S182_L002_deduplicated.stringtie.gtf, A0183_S108_L002_deduplicated.stringtie.gtf, A0288_S126_L002_deduplicated.stringtie.gtf, A0370_S55_L001_deduplicated.stringtie.gtf, RA1325-D006_S5_L001_deduplicated.stringtie.gtf, RA1856_WB_D000_S6_deduplicated.stringtie.gtf, A0163_S154_L002_deduplicated.stringtie.gtf, A0079_S172_L002_deduplicated.stringtie.gtf, A0375_S50_L001_deduplicated.stringtie.gtf, RA1856_WB_D-14_S5_deduplicated.stringtie.gtf, A0364_S61_L001_deduplicated.stringtie.gtf, H2O_QIA-190813_S16_deduplicated.stringtie.gtf, A0141_S111_L002_deduplicated.stringtie.gtf, RA0717-D004_S104_L002_deduplicated.stringtie.gtf, A0051_S178_L002_deduplicated.stringtie.gtf, A0247_S134_L002_deduplicated.stringtie.gtf, A0313_S43_L001_deduplicated.stringtie.gtf, A0324_S32_L001_deduplicated.stringtie.gtf, A0029_S119_L002_deduplicated.stringtie.gtf, A0113_S113_L002_deduplicated.stringtie.gtf, NTC_H2O-B1_S17_L001_deduplicated.stringtie.gtf, A0367_S58_L001_deduplicated.stringtie.gtf, A0356_S69_L001_deduplicated.stringtie.gtf, A0299_S191_L002_deduplicated.stringtie.gtf, RA1325_PBMC_D006_S12_deduplicated.stringtie.gtf, A0190_S149_L002_deduplicated.stringtie.gtf, NTC_H2O-H2_S72_L001_deduplicated.stringtie.gtf, RA1074-D006_S6_L001_deduplicated.stringtie.gtf, RA1803-Liver_S12_deduplicated.stringtie.gtf, A0205_S145_L002_deduplicated.stringtie.gtf, A0043_S118_L002_deduplicated.stringtie.gtf, A0350_S77_L001_deduplicated.stringtie.gtf, RA1082-Blood-D0_S4_deduplicated.stringtie.gtf, A0057_S117_L002_deduplicated.stringtie.gtf, RA1074_PBMC_D006_S11_deduplicated.stringtie.gtf, A0261_S131_L002_deduplicated.stringtie.gtf, A0309_S10_L001_deduplicated.stringtie.gtf, A0169_S109_L002_deduplicated.stringtie.gtf, RA0449-D003_S105_L002_deduplicated.stringtie.gtf, A0064_S176_L002_deduplicated.stringtie.gtf, A0127_S112_L002_deduplicated.stringtie.gtf, RA1819_WB_D-14_S2_deduplicated.stringtie.gtf, A0148_S158_L002_deduplicated.stringtie.gtf, NTC_H2O-H3_S49_L001_deduplicated.stringtie.gtf, NTC_H2O-I1_S186_L002_deduplicated.stringtie.gtf, A0078_S173_L002_deduplicated.stringtie.gtf, RA0717_PBMC_D004_S9_deduplicated.stringtie.gtf, A0149_S157_L002_deduplicated.stringtie.gtf, A0262_S130_L002_deduplicated.stringtie.gtf, A0330_S26_L001_deduplicated.stringtie.gtf, A0065_S175_L002_deduplicated.stringtie.gtf, A0233_S137_L002_deduplicated.stringtie.gtf, RA0850-Liver_S11_deduplicated.stringtie.gtf, A0304_S13_L001_deduplicated.stringtie.gtf, A0300_S190_L002_deduplicated.stringtie.gtf, A0177_S151_L002_deduplicated.stringtie.gtf, A0369_S56_L001_deduplicated.stringtie.gtf, A0358_S67_L001_deduplicated.stringtie.gtf, A0308_S47_L001_deduplicated.stringtie.gtf, A0337_S90_L001_deduplicated.stringtie.gtf, RA0223_PBMC_D003_S7_deduplicated.stringtie.gtf, RA1856_WB_D-28_S4_deduplicated.stringtie.gtf, A0136_S159_L002_deduplicated.stringtie.gtf, A0366_S59_L001_deduplicated.stringtie.gtf, A0334_S93_L001_deduplicated.stringtie.gtf, A0225_S24_L001_deduplicated.stringtie.gtf, A0120_S164_L002_deduplicated.stringtie.gtf, A0345_S82_L001_deduplicated.stringtie.gtf, A0314_S42_L001_deduplicated.stringtie.gtf, A0066_S174_L002_deduplicated.stringtie.gtf, A0234_S136_L002_deduplicated.stringtie.gtf, A0331_S96_L001_deduplicated.stringtie.gtf, A0325_S31_L001_deduplicated.stringtie.gtf, A0220_S141_L002_deduplicated.stringtie.gtf, RA1803_PBMC_D006_S13_deduplicated.stringtie.gtf, A0353_S74_L001_deduplicated.stringtie.gtf, A0342_S85_L001_deduplicated.stringtie.gtf, A0295_S16_L001_deduplicated.stringtie.gtf, A0311_S45_L001_deduplicated.stringtie.gtf, A0176_S152_L002_deduplicated.stringtie.gtf, A0322_S34_L001_deduplicated.stringtie.gtf


Tip: view the complete command output by changing to the process work dir and entering the command `cat .command.out`

 -- Check '.nextflow.log' file for details
Oops .. something went wrong
Oops .. something went wrong

executor >  local (207)
[a2/a25277] process > DeNovoAssembly [100%] 207 of 207 ✔
ERROR ~ Error executing process > 'StringTie_Merge_Reference_Guided'

Caused by:
  Process `StringTie_Merge_Reference_Guided` input file name collision -- There are multiple input files for each of the following file names: A0121_S163_L002_deduplicated.stringtie.gtf, A0253_S22_L001_deduplicated.stringtie.gtf, RA0449_PBMC_D003_S8_deduplicated.stringtie.gtf, A0338_S89_L001_deduplicated.stringtie.gtf, A0347_S80_L001_deduplicated.stringtie.gtf, A0037_S181_L002_deduplicated.stringtie.gtf, A0052_S177_L002_deduplicated.stringtie.gtf, A0297_S14_L001_deduplicated.stringtie.gtf, A0301_S189_L002_deduplicated.stringtie.gtf, A0359_S66_L001_deduplicated.stringtie.gtf, A0289_S125_L002_deduplicated.stringtie.gtf, A0206_S144_L002_deduplicated.stringtie.gtf, A0211_S106_L002_deduplicated.stringtie.gtf, A0349_S78_L001_deduplicated.stringtie.gtf, A0352_S75_L001_deduplicated.stringtie.gtf, A0022_S185_L002_deduplicated.stringtie.gtf, A0306_S11_L001_deduplicated.stringtie.gtf, A0341_S86_L001_deduplicated.stringtie.gtf, A0274_S129_L002_deduplicated.stringtie.gtf, H2O_QIA_S97_L002_deduplicated.stringtie.gtf, A0310_S46_L001_deduplicated.stringtie.gtf, A0373_S52_L001_deduplicated.stringtie.gtf, A0362_S63_L001_deduplicated.stringtie.gtf, A0321_S35_L001_deduplicated.stringtie.gtf, A0164_S153_L002_deduplicated.stringtie.gtf, A0319_S37_L001_deduplicated.stringtie.gtf, A0107_S166_L002_deduplicated.stringtie.gtf, A0246_S135_L002_deduplicated.stringtie.gtf, A0329_S27_L001_deduplicated.stringtie.gtf, A0303_S187_L002_deduplicated.stringtie.gtf, A0318_S38_L001_deduplicated.stringtie.gtf, H2O_KFF-190812_S14_deduplicated.stringtie.gtf, RA0700-Liver_S9_deduplicated.stringtie.gtf, NTC_H2O-G1_S25_L001_deduplicated.stringtie.gtf, A0316_S40_L001_deduplicated.stringtie.gtf, A0260_S132_L002_deduplicated.stringtie.gtf, A0351_S76_L001_deduplicated.stringtie.gtf, A0339_S88_L001_deduplicated.stringtie.gtf, RA1803-D006_S4_L001_deduplicated.stringtie.gtf, RA1082-Blood-BL_S5_deduplicated.stringtie.gtf, A0340_S87_L001_deduplicated.stringtie.gtf, RA0452_PBMC_D005_S10_deduplicated.stringtie.gtf, A0372_S53_L001_deduplicated.stringtie.gtf, RA1819_WB_D-28_S1_deduplicated.stringtie.gtf, RA1779-Liver_S7_deduplicated.stringtie.gtf, A0361_S64_L001_deduplicated.stringtie.gtf, A0162_S155_L002_deduplicated.stringtie.gtf, A0281_S20_L001_deduplicated.stringtie.gtf, A0307_S48_L001_deduplicated.stringtie.gtf, A0009_S139_L002_deduplicated.stringtie.gtf, RA0223-Liver_S8_deduplicated.stringtie.gtf, A0024_S183_L002_deduplicated.stringtie.gtf, A0248_S133_L002_deduplicated.stringtie.gtf, A0204_S146_L002_deduplicated.stringtie.gtf, A0092_S170_L002_deduplicated.stringtie.gtf, A0197_S107_L002_deduplicated.stringtie.gtf, A0134_S161_L002_deduplicated.stringtie.gtf, A0276_S127_L002_deduplicated.stringtie.gtf, A0336_S91_L001_deduplicated.stringtie.gtf, A0267_S21_L001_deduplicated.stringtie.gtf, A0312_S44_L001_deduplicated.stringtie.gtf, A0371_S54_L001_deduplicated.stringtie.gtf, A0360_S65_L001_deduplicated.stringtie.gtf, A0323_S33_L001_deduplicated.stringtie.gtf, A0001_S121_L002_deduplicated.stringtie.gtf, A0191_S148_L002_deduplicated.stringtie.gtf, A0093_S169_L002_deduplicated.stringtie.gtf, A0328_S28_L001_deduplicated.stringtie.gtf, A0298_S192_L002_deduplicated.stringtie.gtf, A0317_S39_L001_deduplicated.stringtie.gtf, A0305_S12_L001_deduplicated.stringtie.gtf, A0155_S110_L002_deduplicated.stringtie.gtf, A0320_S36_L001_deduplicated.stringtie.gtf, A0290_S124_L002_deduplicated.stringtie.gtf, A0008_S140_L002_deduplicated.stringtie.gtf, A0106_S167_L002_deduplicated.stringtie.gtf, RA0452-D005_S7_L001_deduplicated.stringtie.gtf, A0239_S23_L001_deduplicated.stringtie.gtf, A0335_S92_L001_deduplicated.stringtie.gtf, A0346_S81_L001_deduplicated.stringtie.gtf, RA0700-Blood-D7-NEC_S2_deduplicated.stringtie.gtf, A0192_S147_L002_deduplicated.stringtie.gtf, A0050_S179_L002_deduplicated.stringtie.gtf, A0368_S57_L001_deduplicated.stringtie.gtf, A0332_S95_L001_deduplicated.stringtie.gtf, RA1818-Blood-D6-NEC_S1_deduplicated.stringtie.gtf, A0326_S30_L001_deduplicated.stringtie.gtf, A0315_S41_L001_deduplicated.stringtie.gtf, A0357_S68_L001_deduplicated.stringtie.gtf, H2O_KFF_S3_L001_deduplicated.stringtie.gtf, A0219_S142_L002_deduplicated.stringtie.gtf, NTC_H2O-J2_S123_L002_deduplicated.stringtie.gtf, A0015_S120_L002_deduplicated.stringtie.gtf, RA0700-Blood-BL_S3_deduplicated.stringtie.gtf, A0348_S79_L001_deduplicated.stringtie.gtf, H2O_LC-190814_S15_deduplicated.stringtie.gtf, RA1819_WB_D000_S3_deduplicated.stringtie.gtf, A0085_S115_L002_deduplicated.stringtie.gtf, A0355_S70_L001_deduplicated.stringtie.gtf, A0218_S143_L002_deduplicated.stringtie.gtf, A0099_S114_L002_deduplicated.stringtie.gtf, A0094_S168_L002_deduplicated.stringtie.gtf, H2O_LC_S98_L002_deduplicated.stringtie.gtf, A0374_S51_L001_deduplicated.stringtie.gtf, A0363_S62_L001_deduplicated.stringtie.gtf, A0023_S184_L002_deduplicated.stringtie.gtf, NTC_H2O-M1_S122_L002_deduplicated.stringtie.gtf, RA0717-Liver_S10_deduplicated.stringtie.gtf, A0135_S160_L002_deduplicated.stringtie.gtf, A0071_S116_L002_deduplicated.stringtie.gtf, A0344_S83_L001_deduplicated.stringtie.gtf, A0354_S71_L001_deduplicated.stringtie.gtf, A0038_S180_L002_deduplicated.stringtie.gtf, A0365_S60_L001_deduplicated.stringtie.gtf, A0108_S165_L002_deduplicated.stringtie.gtf, A0275_S128_L002_deduplicated.stringtie.gtf, A0080_S171_L002_deduplicated.stringtie.gtf, A0327_S29_L001_deduplicated.stringtie.gtf, A0232_S138_L002_deduplicated.stringtie.gtf, A0122_S162_L002_deduplicated.stringtie.gtf, A0010_S19_L001_deduplicated.stringtie.gtf, NTC-H2O-H1_S73_L001_deduplicated.stringtie.gtf, NTC_H2O-M2_S18_L001_deduplicated.stringtie.gtf, A0302_S188_L002_deduplicated.stringtie.gtf, A0178_S150_L002_deduplicated.stringtie.gtf, A0150_S156_L002_deduplicated.stringtie.gtf, A0036_S182_L002_deduplicated.stringtie.gtf, A0183_S108_L002_deduplicated.stringtie.gtf, A0288_S126_L002_deduplicated.stringtie.gtf, A0370_S55_L001_deduplicated.stringtie.gtf, RA1325-D006_S5_L001_deduplicated.stringtie.gtf, RA1856_WB_D000_S6_deduplicated.stringtie.gtf, A0163_S154_L002_deduplicated.stringtie.gtf, A0079_S172_L002_deduplicated.stringtie.gtf, A0375_S50_L001_deduplicated.stringtie.gtf, RA1856_WB_D-14_S5_deduplicated.stringtie.gtf, A0364_S61_L001_deduplicated.stringtie.gtf, H2O_QIA-190813_S16_deduplicated.stringtie.gtf, A0141_S111_L002_deduplicated.stringtie.gtf, RA0717-D004_S104_L002_deduplicated.stringtie.gtf, A0051_S178_L002_deduplicated.stringtie.gtf, A0247_S134_L002_deduplicated.stringtie.gtf, A0313_S43_L001_deduplicated.stringtie.gtf, A0324_S32_L001_deduplicated.stringtie.gtf, A0029_S119_L002_deduplicated.stringtie.gtf, A0113_S113_L002_deduplicated.stringtie.gtf, NTC_H2O-B1_S17_L001_deduplicated.stringtie.gtf, A0367_S58_L001_deduplicated.stringtie.gtf, A0356_S69_L001_deduplicated.stringtie.gtf, A0299_S191_L002_deduplicated.stringtie.gtf, RA1325_PBMC_D006_S12_deduplicated.stringtie.gtf, A0190_S149_L002_deduplicated.stringtie.gtf, NTC_H2O-H2_S72_L001_deduplicated.stringtie.gtf, RA1074-D006_S6_L001_deduplicated.stringtie.gtf, RA1803-Liver_S12_deduplicated.stringtie.gtf, A0205_S145_L002_deduplicated.stringtie.gtf, A0043_S118_L002_deduplicated.stringtie.gtf, A0350_S77_L001_deduplicated.stringtie.gtf, RA1082-Blood-D0_S4_deduplicated.stringtie.gtf, A0057_S117_L002_deduplicated.stringtie.gtf, RA1074_PBMC_D006_S11_deduplicated.stringtie.gtf, A0261_S131_L002_deduplicated.stringtie.gtf, A0309_S10_L001_deduplicated.stringtie.gtf, A0169_S109_L002_deduplicated.stringtie.gtf, RA0449-D003_S105_L002_deduplicated.stringtie.gtf, A0064_S176_L002_deduplicated.stringtie.gtf, A0127_S112_L002_deduplicated.stringtie.gtf, RA1819_WB_D-14_S2_deduplicated.stringtie.gtf, A0148_S158_L002_deduplicated.stringtie.gtf, NTC_H2O-H3_S49_L001_deduplicated.stringtie.gtf, NTC_H2O-I1_S186_L002_deduplicated.stringtie.gtf, A0078_S173_L002_deduplicated.stringtie.gtf, RA0717_PBMC_D004_S9_deduplicated.stringtie.gtf, A0149_S157_L002_deduplicated.stringtie.gtf, A0262_S130_L002_deduplicated.stringtie.gtf, A0330_S26_L001_deduplicated.stringtie.gtf, A0065_S175_L002_deduplicated.stringtie.gtf, A0233_S137_L002_deduplicated.stringtie.gtf, RA0850-Liver_S11_deduplicated.stringtie.gtf, A0304_S13_L001_deduplicated.stringtie.gtf, A0300_S190_L002_deduplicated.stringtie.gtf, A0177_S151_L002_deduplicated.stringtie.gtf, A0369_S56_L001_deduplicated.stringtie.gtf, A0358_S67_L001_deduplicated.stringtie.gtf, A0308_S47_L001_deduplicated.stringtie.gtf, A0337_S90_L001_deduplicated.stringtie.gtf, RA0223_PBMC_D003_S7_deduplicated.stringtie.gtf, RA1856_WB_D-28_S4_deduplicated.stringtie.gtf, A0136_S159_L002_deduplicated.stringtie.gtf, A0366_S59_L001_deduplicated.stringtie.gtf, A0334_S93_L001_deduplicated.stringtie.gtf, A0225_S24_L001_deduplicated.stringtie.gtf, A0120_S164_L002_deduplicated.stringtie.gtf, A0345_S82_L001_deduplicated.stringtie.gtf, A0314_S42_L001_deduplicated.stringtie.gtf, A0066_S174_L002_deduplicated.stringtie.gtf, A0234_S136_L002_deduplicated.stringtie.gtf, A0331_S96_L001_deduplicated.stringtie.gtf, A0325_S31_L001_deduplicated.stringtie.gtf, A0220_S141_L002_deduplicated.stringtie.gtf, RA1803_PBMC_D006_S13_deduplicated.stringtie.gtf, A0353_S74_L001_deduplicated.stringtie.gtf, A0342_S85_L001_deduplicated.stringtie.gtf, A0295_S16_L001_deduplicated.stringtie.gtf, A0311_S45_L001_deduplicated.stringtie.gtf, A0176_S152_L002_deduplicated.stringtie.gtf, A0322_S34_L001_deduplicated.stringtie.gtf


Tip: view the complete command output by changing to the process work dir and entering the command `cat .command.out`

 -- Check '.nextflow.log' file for details

------------------------------------------------------------
Sender: LSF System <perf@s01r1b16>
Subject: Job 1948220: <NextflowannotationPipeline> in cluster <mn3> Exited

Job <NextflowannotationPipeline> was submitted from host <login1> by user <bsc83024> in cluster <mn3>.
Job was executed on host(s) <s01r1b16>, in queue <sequential>, as user <bsc83024> in cluster <mn3>.
</home/bsc83/bsc83024> was used as the home directory.
</gpfs/projects/bsc83/Projects/Ebola/code/ebola/BroadAnnotation/00_Nord3/.> was used as the working directory.
Started at Wed Oct 21 13:08:59 2020
Results reported on Thu Oct 22 01:12:01 2020

Your job looked like:

------------------------------------------------------------
# LSBATCH: User input
#!/bin/bash
#BSUB -J NextflowannotationPipeline
#BSUB -cwd .
#BSUB -W 48:01
#BSUB -e err/Nextflow-%J.err
#BSUB -o out/Nextflow-%J.out

module load java/1.8.0u66
module load intel/2017.1
module load nextflow/19.03.0

module load singularity/3.2.0


nextflow run /gpfs/projects/bsc83/Projects/Ebola/code/ebola/BroadAnnotation/03_rerun_assembly.nf                 -w /gpfs/projects/bsc83/Data/Ebola/work/                   -c ../configs/nextflow.filtering.config

------------------------------------------------------------

Exited with exit code 1.

Resource usage summary:

    CPU time :               45659.04 sec.
    Max Memory :             5358 MB
    Average Memory :         3951.86 MB
    Total Requested Memory : 1750.00 MB
    Delta Memory :           -3608.00 MB
    (Delta: the difference between Total Requested Memory and Max Memory.)
    Max Processes :          148
    Max Threads :            354

The output (if any) is above this job summary.



PS:

Read file <err/Nextflow-1948220.err> for stderr output of this job.

