N E X T F L O W  ~  version 19.03.0-edge
Launching `/gpfs/projects/bsc83/Projects/Ebola/code/ebola/BroadAnnotation/99_cpc2.nf` [evil_booth] - revision: a06652f7f7
WARN: There's no process matching config selector: gffCompare
==============================================
Quantification and Filtering
==============================================
WARN: Access to undefined parameter `mrnas_predicted` -- Initialise it to a default value eg. `params.mrnas_predicted = some_value`
executor >  local (1)
[3b/8705a9] process > expression_stringtie [  0%] 0 of 1

executor >  local (2)
[ab/23434e] process > expression_stringtie [  0%] 0 of 2

executor >  local (4)
[46/0122ef] process > expression_stringtie [  0%] 0 of 4

executor >  local (5)
[67/dcf5e2] process > expression_stringtie [  0%] 0 of 5

executor >  local (6)
[78/b759a7] process > expression_stringtie [  0%] 0 of 6

executor >  local (7)
[83/43f87a] process > expression_stringtie [  0%] 0 of 7

executor >  local (9)
[61/f4d8ac] process > expression_stringtie [  0%] 0 of 9

executor >  local (11)
[59/1c2bd8] process > expression_stringtie [  0%] 0 of 11

executor >  local (12)
[61/33aca2] process > expression_stringtie [  0%] 0 of 12

executor >  local (13)
[49/b74586] process > expression_stringtie [  0%] 0 of 13

executor >  local (14)
[1c/bfb111] process > expression_stringtie [  0%] 0 of 14

executor >  local (16)
[1a/7f9f19] process > expression_stringtie [  0%] 0 of 16

executor >  local (17)
[3a/424267] process > expression_stringtie [  6%] 1 of 17

executor >  local (17)
[1a/7f9f19] process > expression_stringtie [ 12%] 2 of 17

executor >  local (18)
[e4/bf1711] process > expression_stringtie [ 11%] 2 of 18

executor >  local (19)
[55/432028] process > expression_stringtie [ 16%] 3 of 19

executor >  local (20)
[49/566f8d] process > expression_stringtie [ 20%] 4 of 20
Oops .. something went wrong

executor >  local (20)
[49/566f8d] process > expression_stringtie [ 20%] 4 of 20
WARN: Killing pending tasks (16)


executor >  local (20)
[3b/8705a9] process > expression_stringtie [ 25%] 5 of 20, failed: 1
WARN: Killing pending tasks (16)

executor >  local (20)
[ab/23434e] process > expression_stringtie [ 30%] 6 of 20, failed: 2
WARN: Killing pending tasks (16)

executor >  local (20)
[75/e34d6d] process > expression_stringtie [ 35%] 7 of 20, failed: 3
WARN: Killing pending tasks (16)

executor >  local (20)
[67/dcf5e2] process > expression_stringtie [ 40%] 8 of 20, failed: 4
WARN: Killing pending tasks (16)

executor >  local (20)
[78/b759a7] process > expression_stringtie [ 45%] 9 of 20, failed: 5
WARN: Killing pending tasks (16)

executor >  local (20)
[83/43f87a] process > expression_stringtie [ 50%] 10 of 20, failed: 6
WARN: Killing pending tasks (16)

executor >  local (20)
[a9/1c645f] process > expression_stringtie [ 55%] 11 of 20, failed: 7
WARN: Killing pending tasks (16)

executor >  local (20)
[61/f4d8ac] process > expression_stringtie [ 60%] 12 of 20, failed: 8
WARN: Killing pending tasks (16)

executor >  local (20)
[fd/c0ec11] process > expression_stringtie [ 65%] 13 of 20, failed: 9
WARN: Killing pending tasks (16)

executor >  local (20)
[59/1c2bd8] process > expression_stringtie [ 70%] 14 of 20, failed: 10
WARN: Killing pending tasks (16)

executor >  local (20)
[61/33aca2] process > expression_stringtie [ 75%] 15 of 20, failed: 11
WARN: Killing pending tasks (16)

executor >  local (20)
[49/b74586] process > expression_stringtie [ 80%] 16 of 20, failed: 12
WARN: Killing pending tasks (16)

executor >  local (20)
[1c/bfb111] process > expression_stringtie [ 85%] 17 of 20, failed: 13
WARN: Killing pending tasks (16)

executor >  local (20)
[3a/424267] process > expression_stringtie [ 90%] 18 of 20, failed: 14
WARN: Killing pending tasks (16)

executor >  local (20)
[55/432028] process > expression_stringtie [ 95%] 19 of 20, failed: 15
WARN: Killing pending tasks (16)

executor >  local (20)
[49/566f8d] process > expression_stringtie [100%] 20 of 20, failed: 16
WARN: Killing pending tasks (16)

------------------------------------------------------------
Sender: LSF System <perf@s01r1b11>
Subject: Job 1885360: <NextflowannotationPipeline> in cluster <mn3> Exited

Job <NextflowannotationPipeline> was submitted from host <login1> by user <bsc83024> in cluster <mn3>.
Job was executed on host(s) <s01r1b11>, in queue <sequential>, as user <bsc83024> in cluster <mn3>.
</home/bsc83/bsc83024> was used as the home directory.
</gpfs/projects/bsc83/Projects/Ebola/code/ebola/BroadAnnotation/00_Nord3/.> was used as the working directory.
Started at Sun Oct 11 10:06:10 2020
Results reported on Sun Oct 11 10:08:45 2020

Your job looked like:

------------------------------------------------------------
# LSBATCH: User input
#!/bin/bash
#BSUB -J NextflowannotationPipeline
#BSUB -cwd .
#BSUB -W 48:01
#BSUB -e err/Nextflow-%J.err
#BSUB -o out/Nextflow-%J.out

module load java/1.8.0u66
module load intel/2017.1
module load nextflow/19.03.0

module load singularity/3.2.0


nextflow run /gpfs/projects/bsc83/Projects/Ebola/code/ebola/BroadAnnotation/99_cpc2.nf                 -w /gpfs/projects/bsc83/Data/Ebola/work/                   -c ../configs/nextflow.config.01b_filter.config

------------------------------------------------------------

TERM_OWNER: job killed by owner.
Exited with exit code 1.

Resource usage summary:

    CPU time :               131.50 sec.
    Max Memory :             1616 MB
    Average Memory :         1383.40 MB
    Total Requested Memory : 1750.00 MB
    Delta Memory :           134.00 MB
    (Delta: the difference between Total Requested Memory and Max Memory.)
    Max Processes :          148
    Max Threads :            331

The output (if any) is above this job summary.



PS:

Read file <err/Nextflow-1885360.err> for stderr output of this job.

