N E X T F L O W  ~  version 19.03.0-edge
Launching `/gpfs/projects/bsc83/Projects/Ebola/code/ebola/BroadAnnotation/00_prepare_ref.nf` [golden_volhard] - revision: 159db8e8b0
WARN: There's no process matching config selector: runRSeQC
WARN: Access to undefined parameter `scripts` -- Initialise it to a default value eg. `params.scripts = some_value`
executor >  local (1)
[bd/9a39d1] process > merge_annotations [  0%] 0 of 1

executor >  local (1)
[bd/9a39d1] process > merge_annotations [100%] 1 of 1 ✔

executor >  local (1)
[bd/9a39d1] process > merge_annotations [100%] 1 of 1 ✔
Completed at: 01-Oct-2020 11:40:37
Duration    : 18.7s
CPU hours   : (a few seconds)
Succeeded   : 1


------------------------------------------------------------
Sender: LSF System <perf@s01r1b23>
Subject: Job 1778383: <NextflowannotationPipeline> in cluster <mn3> Done

Job <NextflowannotationPipeline> was submitted from host <login1> by user <bsc83024> in cluster <mn3>.
Job was executed on host(s) <s01r1b23>, in queue <sequential>, as user <bsc83024> in cluster <mn3>.
</home/bsc83/bsc83024> was used as the home directory.
</gpfs/projects/bsc83/Projects/Ebola/code/ebola/BroadAnnotation/00_Nord3/.> was used as the working directory.
Started at Thu Oct  1 11:40:05 2020
Results reported on Thu Oct  1 11:40:38 2020

Your job looked like:

------------------------------------------------------------
# LSBATCH: User input
#!/bin/bash
#BSUB -J NextflowannotationPipeline
#BSUB -cwd .
#BSUB -W 48:01
#BSUB -e err/Nextflow-%J.err
#BSUB -o out/Nextflow-%J.out

module load java/1.8.0u66
module load intel/2017.1
module load nextflow/19.03.0

module load singularity/3.2.0


nextflow run /gpfs/projects/bsc83/Projects/Ebola/code/ebola/BroadAnnotation/00_prepare_ref.nf \
                  -w /gpfs/projects/bsc83/Data/Ebola/work/ \
                  -c ../configs/nextflow.config.rnaseq

------------------------------------------------------------

Successfully completed.

Resource usage summary:

    CPU time :               20.82 sec.
    Max Memory :             648 MB
    Average Memory :         94.00 MB
    Total Requested Memory : 1750.00 MB
    Delta Memory :           1102.00 MB
    (Delta: the difference between Total Requested Memory and Max Memory.)
    Max Processes :          5
    Max Threads :            38

The output (if any) is above this job summary.



PS:

Read file <err/Nextflow-1778383.err> for stderr output of this job.

