N E X T F L O W  ~  version 19.03.0-edge
Launching `/gpfs/projects/bsc83/Projects/Ebola/code/ebola/BroadAnnotation/01_prediction.nf` [maniac_chandrasekhar] - revision: dd13134a6d
WARN: There's no process matching config selector: runRSeQC
==============================================
Merge stringtie assemblies and perform prediction
==============================================
==============================================
lncRNA Annotation w/ FeelNC
==============================================
executor >  local (1)
[0c/6ab04e] process > feelnc_codpot [  0%] 0 of 1

executor >  local (1)
[0c/6ab04e] process > feelnc_codpot [100%] 1 of 1, failed: 1 ✘
ERROR ~ Error executing process > 'feelnc_codpot (1)'

Caused by:
  Process `feelnc_codpot (1)` terminated with an error exit status (255)

Command executed:

  FEELnc_codpot.pl -i candidate_lncRNA.gtf -a Homo_sapiens.GRCh38.83_antisense.lincRNA_learning5k.fa -l Homo_sapiens.GRCh38.83_protein_coding_learning5k.fa                    -g rheMac10_EBOV-Kikwit_UCSC.fa --proc 16

Command exit status:
  255

Command output:
  (empty)

Command error:
  Parse input file:             [---------------------------------------------------------------------                               ]
  Parse input file:             [---------------------------------------------------------------------                               ]
  Parse input file:             [----------------------------------------------------------------------                              ]
  Parse input file:             [-----------------------------------------------------------------------                             ]
  Parse input file:             [-----------------------------------------------------------------------                             ]
  Parse input file:             [------------------------------------------------------------------------                            ]
  Parse input file:             [-------------------------------------------------------------------------                           ]
  Parse input file:             [-------------------------------------------------------------------------                           ]
  Parse input file:             [--------------------------------------------------------------------------                          ]
  Parse input file:             [---------------------------------------------------------------------------                         ]
  Parse input file:             [---------------------------------------------------------------------------                         ]
  Parse input file:             [----------------------------------------------------------------------------                        ]
  Parse input file:             [-----------------------------------------------------------------------------                       ]
  Parse input file:             [-----------------------------------------------------------------------------                       ]
  Parse input file:             [------------------------------------------------------------------------------                      ]
  Parse input file:             [-------------------------------------------------------------------------------                     ]
  Parse input file:             [-------------------------------------------------------------------------------                     ]
  Parse input file:             [--------------------------------------------------------------------------------                    ]
  Parse input file:             [---------------------------------------------------------------------------------                   ]
  Parse input file:             [---------------------------------------------------------------------------------                   ]
  Parse input file:             [----------------------------------------------------------------------------------                  ]
  Parse input file:             [-----------------------------------------------------------------------------------                 ]
  Parse input file:             [-----------------------------------------------------------------------------------                 ]
  Parse input file:             [------------------------------------------------------------------------------------                ]
  Parse input file:             [-------------------------------------------------------------------------------------               ]
  Parse input file:             [-------------------------------------------------------------------------------------               ]
  Parse input file:             [--------------------------------------------------------------------------------------              ]
  Parse input file:             [---------------------------------------------------------------------------------------             ]
  Parse input file:             [---------------------------------------------------------------------------------------             ]
  Parse input file:             [----------------------------------------------------------------------------------------            ]
  Parse input file:             [-----------------------------------------------------------------------------------------           ]
  Parse input file:             [-----------------------------------------------------------------------------------------           ]
  Parse input file:             [------------------------------------------------------------------------------------------          ]
  Parse input file:             [-------------------------------------------------------------------------------------------         ]
  Parse input file:             [-------------------------------------------------------------------------------------------         ]
  Parse input file:             [--------------------------------------------------------------------------------------------        ]
  Parse input file:             [---------------------------------------------------------------------------------------------       ]
  Parse input file:             [---------------------------------------------------------------------------------------------       ]
  Parse input file:             [----------------------------------------------------------------------------------------------      ]
  Parse input file:             [-----------------------------------------------------------------------------------------------     ]
  Parse input file:             [-----------------------------------------------------------------------------------------------     ]
  Parse input file:             [------------------------------------------------------------------------------------------------    ]
  Parse input file:             [-------------------------------------------------------------------------------------------------   ]
  Parse input file:             [-------------------------------------------------------------------------------------------------   ]
  Parse input file:             [--------------------------------------------------------------------------------------------------  ]
  Parse input file:             [--------------------------------------------------------------------------------------------------- ]
  Parse input file:             [----------------------------------------------------------------------------------------------------]
  Your input GTF file 'candidate_lncRNA.gtf' contains only *71* transcripts !
   Not enough to train the program (minimum == 100)...
    at /docker/FEELnc-master/lib/ExtractCdnaOrf.pm line 283.

Work dir:
  /gpfs/projects/bsc83/Data/Ebola/work/0c/6ab04ef0f9d4d222141bb7be221d6c

Tip: view the complete command output by changing to the process work dir and entering the command `cat .command.out`

 -- Check '.nextflow.log' file for details
Oops .. something went wrong

executor >  local (1)
[0c/6ab04e] process > feelnc_codpot [100%] 1 of 1, failed: 1 ✘
ERROR ~ Error executing process > 'feelnc_codpot (1)'

Caused by:
  Process `feelnc_codpot (1)` terminated with an error exit status (255)

Command executed:

  FEELnc_codpot.pl -i candidate_lncRNA.gtf -a Homo_sapiens.GRCh38.83_antisense.lincRNA_learning5k.fa -l Homo_sapiens.GRCh38.83_protein_coding_learning5k.fa                    -g rheMac10_EBOV-Kikwit_UCSC.fa --proc 16

Command exit status:
  255

Command output:
  (empty)

Command error:
  Parse input file:             [---------------------------------------------------------------------                               ]
  Parse input file:             [---------------------------------------------------------------------                               ]
  Parse input file:             [----------------------------------------------------------------------                              ]
  Parse input file:             [-----------------------------------------------------------------------                             ]
  Parse input file:             [-----------------------------------------------------------------------                             ]
  Parse input file:             [------------------------------------------------------------------------                            ]
  Parse input file:             [-------------------------------------------------------------------------                           ]
  Parse input file:             [-------------------------------------------------------------------------                           ]
  Parse input file:             [--------------------------------------------------------------------------                          ]
  Parse input file:             [---------------------------------------------------------------------------                         ]
  Parse input file:             [---------------------------------------------------------------------------                         ]
  Parse input file:             [----------------------------------------------------------------------------                        ]
  Parse input file:             [-----------------------------------------------------------------------------                       ]
  Parse input file:             [-----------------------------------------------------------------------------                       ]
  Parse input file:             [------------------------------------------------------------------------------                      ]
  Parse input file:             [-------------------------------------------------------------------------------                     ]
  Parse input file:             [-------------------------------------------------------------------------------                     ]
  Parse input file:             [--------------------------------------------------------------------------------                    ]
  Parse input file:             [---------------------------------------------------------------------------------                   ]
  Parse input file:             [---------------------------------------------------------------------------------                   ]
  Parse input file:             [----------------------------------------------------------------------------------                  ]
  Parse input file:             [-----------------------------------------------------------------------------------                 ]
  Parse input file:             [-----------------------------------------------------------------------------------                 ]
  Parse input file:             [------------------------------------------------------------------------------------                ]
  Parse input file:             [-------------------------------------------------------------------------------------               ]
  Parse input file:             [-------------------------------------------------------------------------------------               ]
  Parse input file:             [--------------------------------------------------------------------------------------              ]
  Parse input file:             [---------------------------------------------------------------------------------------             ]
  Parse input file:             [---------------------------------------------------------------------------------------             ]
  Parse input file:             [----------------------------------------------------------------------------------------            ]
  Parse input file:             [-----------------------------------------------------------------------------------------           ]
  Parse input file:             [-----------------------------------------------------------------------------------------           ]
  Parse input file:             [------------------------------------------------------------------------------------------          ]
  Parse input file:             [-------------------------------------------------------------------------------------------         ]
  Parse input file:             [-------------------------------------------------------------------------------------------         ]
  Parse input file:             [--------------------------------------------------------------------------------------------        ]
  Parse input file:             [---------------------------------------------------------------------------------------------       ]
  Parse input file:             [---------------------------------------------------------------------------------------------       ]
  Parse input file:             [----------------------------------------------------------------------------------------------      ]
  Parse input file:             [-----------------------------------------------------------------------------------------------     ]
  Parse input file:             [-----------------------------------------------------------------------------------------------     ]
  Parse input file:             [------------------------------------------------------------------------------------------------    ]
  Parse input file:             [-------------------------------------------------------------------------------------------------   ]
  Parse input file:             [-------------------------------------------------------------------------------------------------   ]
  Parse input file:             [--------------------------------------------------------------------------------------------------  ]
  Parse input file:             [--------------------------------------------------------------------------------------------------- ]
  Parse input file:             [----------------------------------------------------------------------------------------------------]
  Your input GTF file 'candidate_lncRNA.gtf' contains only *71* transcripts !
   Not enough to train the program (minimum == 100)...
    at /docker/FEELnc-master/lib/ExtractCdnaOrf.pm line 283.

Work dir:
  /gpfs/projects/bsc83/Data/Ebola/work/0c/6ab04ef0f9d4d222141bb7be221d6c

Tip: view the complete command output by changing to the process work dir and entering the command `cat .command.out`

 -- Check '.nextflow.log' file for details

------------------------------------------------------------
Sender: LSF System <perf@s01r1b12>
Subject: Job 1781015: <NextflowannotationPipeline> in cluster <mn3> Exited

Job <NextflowannotationPipeline> was submitted from host <login1> by user <bsc83024> in cluster <mn3>.
Job was executed on host(s) <s01r1b12>, in queue <sequential>, as user <bsc83024> in cluster <mn3>.
</home/bsc83/bsc83024> was used as the home directory.
</gpfs/projects/bsc83/Projects/Ebola/code/ebola/BroadAnnotation/00_Nord3/.> was used as the working directory.
Started at Fri Oct  2 09:37:03 2020
Results reported on Fri Oct  2 09:38:12 2020

Your job looked like:

------------------------------------------------------------
# LSBATCH: User input
#!/bin/bash
#BSUB -J NextflowannotationPipeline
#BSUB -cwd .
#BSUB -W 48:01
#BSUB -e err/Nextflow-%J.err
#BSUB -o out/Nextflow-%J.out

module load java/1.8.0u66
module load intel/2017.1
module load nextflow/19.03.0

module load singularity/3.2.0


nextflow run /gpfs/projects/bsc83/Projects/Ebola/code/ebola/BroadAnnotation/01_prediction.nf \
                  -w /gpfs/projects/bsc83/Data/Ebola/work/ \
                  -c ../configs/nextflow.config.rnaseq

------------------------------------------------------------

Exited with exit code 1.

Resource usage summary:

    CPU time :               61.23 sec.
    Max Memory :             702 MB
    Average Memory :         479.67 MB
    Total Requested Memory : 1750.00 MB
    Delta Memory :           1048.00 MB
    (Delta: the difference between Total Requested Memory and Max Memory.)
    Max Processes :          13
    Max Threads :            62

The output (if any) is above this job summary.



PS:

Read file <err/Nextflow-1781015.err> for stderr output of this job.

